Listening to port 4567
Connected!!!
EKF: 
ground_truth 0.6 0.6 5.19994 0 
estimate 0.312243 0.58034 1 1 
RMSE 0.287757 0.0196602 4.19994 1 
Lidar 0.312243 0.58034 0 1477010443000000 
ground_truth 0.859997 0.600045 5.19975 0.00179686 
estimate 0.362243 0.63034 1 1 
RMSE 0.406549 0.0255373 4.19984 0.999102 
Radar 1.01489 0.554329 4.89281 1477010443050000 
ground_truth 1.11998 0.600225 5.19943 0.00538996 
estimate 1.17229 0.48148 7.90962 -0.807837 
RMSE 0.333317 0.0716581 3.76928 0.941231 
Lidar 1.17385 0.481073 0 1477010443100000 
ground_truth 1.37996 0.600629 5.19898 0.0107781 
estimate 1.56777 0.441088 7.90962 -0.807837 
RMSE 0.303552 0.101067 3.53447 0.912124 
Radar 1.04751 0.38924 4.51132 1477010443150000 
ground_truth 1.6399 0.601347 5.19839 0.0179597 
estimate 1.65756 0.619719 4.98465 1.28786 
RMSE 0.27162 0.0907695 3.16277 0.994034 
Lidar 1.65063 0.62469 0 1477010443200000 
ground_truth 1.89982 0.60247 5.19766 0.0269323 
estimate 1.9068 0.684112 4.98465 1.28786 
RMSE 0.247971 0.089313 2.88851 1.04327 
Radar 1.6983 0.29828 5.20999 1477010443250000 
ground_truth 2.1597 0.604086 5.19678 0.0376932 
estimate 2.18304 0.666326 5.14438 0.801931 
RMSE 0.229746 0.0859691 2.67432 1.00815 
Lidar 2.18882 0.648739 0 1477010443300000 
ground_truth 2.41954 0.606284 5.19573 0.0502389 
estimate 2.44026 0.706423 5.14438 0.801931 
RMSE 0.215032 0.0878654 2.50166 0.979767 
Radar 2.04438 0.276002 5.04387 1477010443350000 
ground_truth 2.67932 0.609155 5.1945 0.0645654 
estimate 2.66807 0.690418 5.01771 0.560321 
RMSE 0.202769 0.0871565 2.35933 0.938399 
Lidar 2.65526 0.66598 0 1477010443400000 
ground_truth 2.93904 0.612786 5.19309 0.080668 
estimate 2.91895 0.718434 5.01771 0.560321 
RMSE 0.192468 0.0891784 2.23894 0.903072 
Radar 2.99092 0.217668 5.19181 1477010443450000 
ground_truth 3.19869 0.617267 5.19147 0.0985415 
estimate 3.07482 0.680498 4.68906 0.332197 
RMSE 0.187273 0.0871394 2.14011 0.863923 
Lidar 3.01222 0.637046 0 1477010443500000 
ground_truth 3.45825 0.622685 5.18963 0.11818 
estimate 3.30928 0.697107 4.68906 0.332197 
RMSE 0.184386 0.0861513 2.05409 0.829447 
Radar 3.59388 0.135452 5.16175 1477010443550000 
ground_truth 3.71772 0.62913 5.18754 0.139576 
estimate 3.73102 0.498591 5.2486 -0.310495 
RMSE 0.177191 0.0903434 1.97358 0.806624 
Lidar 3.89365 0.311793 0 1477010443600000 
ground_truth 3.97708 0.636689 5.18519 0.162724 
estimate 3.99345 0.483066 5.2486 -0.310495 
RMSE 0.170801 0.0962531 1.90186 0.787505 
Radar 4.25555 0.16484 5.43333 1477010443650000 
ground_truth 4.23632 0.645449 5.18256 0.187614 
estimate 4.28195 0.521682 5.31993 -0.162359 
RMSE 0.16543 0.0983272 1.83772 0.766149 
Lidar 4.30935 0.578564 0 1477010443700000 
ground_truth 4.49542 0.655498 5.17962 0.214238 
estimate 4.54795 0.513564 5.31993 -0.162359 
RMSE 0.160714 0.101602 1.77971 0.747772 
Radar 4.67026 0.14818 5.12085 1477010443750000 
ground_truth 4.75437 0.666921 5.17634 0.242587 
estimate 4.60327 0.684789 4.76788 0.307587 
RMSE 0.160165 0.098664 1.72941 0.725616 
Lidar 4.35143 0.899174 0 1477010443800000 
ground_truth 5.01315 0.679804 5.1727 0.272649 
estimate 4.84167 0.700169 4.76788 0.307587 
RMSE 0.160815 0.0960042 1.68339 0.70522 
Radar 5.25142 0.127163 4.82591 1477010443850000 
ground_truth 5.27175 0.694234 5.16867 0.304413 
estimate 5.27099 0.686262 5.26122 0.231919 
RMSE 0.156526 0.0934615 1.63863 0.686613 
Lidar 5.51894 0.648233 0 1477010443900000 
ground_truth 5.53013 0.710295 5.16422 0.337868 
estimate 5.53405 0.697858 5.26122 0.231919 
RMSE 0.152565 0.0911375 1.59729 0.669646 
Radar 5.26729 0.121683 5.42351 1477010443950000 
ground_truth 5.78828 0.728072 5.15932 0.372999 
estimate 5.89226 0.709101 5.50728 0.231006 
RMSE 0.150607 0.0890374 1.56064 0.654242 
Lidar 6.022 0.708619 0 1477010444000000 
ground_truth 6.04618 0.747647 5.15393 0.409793 
estimate 6.16763 0.720651 5.50728 0.231006 
RMSE 0.149405 0.0871804 1.52662 0.640336 
Radar 5.90575 0.0633 4.87968 1477010444050000 
ground_truth 6.30379 0.769103 5.14803 0.448233 
estimate 6.4011 0.822492 5.3983 0.465886 
RMSE 0.147523 0.0859878 1.49397 0.626271 
Lidar 6.34249 0.948833 0 1477010444100000 
ground_truth 6.5611 0.792523 5.14157 0.488305 
estimate 6.67102 0.845787 5.3983 0.465886 
RMSE 0.14615 0.0848766 1.46346 0.613102 
Radar 6.67392 0.125614 5.00687 1477010444150000 
ground_truth 6.81808 0.817988 5.13452 0.52999 
estimate 6.87521 0.804906 5.22636 0.297992 
RMSE 0.143652 0.0832029 1.43401 0.602504 
Lidar 6.78214 0.714036 0 1477010444200000 
ground_truth 7.07469 0.845578 5.12685 0.573269 
estimate 7.13652 0.819805 5.22636 0.297992 
RMSE 0.141383 0.0817435 1.40629 0.593266 
Radar 7.31844 0.0862923 4.64911 1477010444250000 
ground_truth 7.3309 0.875373 5.11851 0.618123 
estimate 7.2903 0.885281 4.94397 0.430799 
RMSE 0.13896 0.0802382 1.38042 0.583291 
Lidar 7.13735 0.957217 0 1477010444300000 
ground_truth 7.58668 0.907449 5.10946 0.664531 
estimate 7.5375 0.906821 4.94397 0.430799 
RMSE 0.136772 0.0787924 1.3559 0.574481 
Radar 8.12494 0.101047 5.46424 1477010444350000 
ground_truth 7.84199 0.941886 5.09966 0.712469 
estimate 7.79321 0.842046 4.96636 0.203739 
RMSE 0.134698 0.0796109 1.33255 0.572339 
Lidar 7.80533 0.719126 0 1477010444400000 
ground_truth 8.0968 0.978759 5.08907 0.761915 
estimate 8.04153 0.852233 4.96636 0.203739 
RMSE 0.132818 0.0816103 1.31034 0.571873 
Radar 8.45095 0.104862 4.75054 1477010444450000 
ground_truth 8.35106 1.01814 5.07766 0.812843 
estimate 8.27257 0.853305 4.92088 0.179747 
RMSE 0.131417 0.0855681 1.28934 0.57395 
Lidar 8.24796 0.840322 0 1477010444500000 
ground_truth 8.60472 1.06011 5.06537 0.865226 
estimate 8.51861 0.862292 4.92088 0.179747 
RMSE 0.13024 0.0911918 1.26929 0.577761 
Radar 8.57549 0.165312 5.5806 1477010444550000 
ground_truth 8.85775 1.10473 5.05216 0.919037 
estimate 8.75702 0.944412 4.90079 0.37222 
RMSE 0.129444 0.0940362 1.25019 0.576848 
Lidar 8.74615 1.04858 0 1477010444600000 
ground_truth 9.1101 1.15208 5.03798 0.974245 
estimate 9.00206 0.963023 4.90079 0.37222 
RMSE 0.128865 0.098153 1.23189 0.577604 
Radar 9.94666 0.115056 5.2408 1477010444650000 
ground_truth 9.36172 1.20223 5.0228 1.03082 
estimate 9.25068 1.00947 4.91021 0.44547 
RMSE 0.12839 0.10208 1.21432 0.577827 
Lidar 9.25579 1.04913 0 1477010444700000 
ground_truth 9.61255 1.25524 5.00656 1.08873 
estimate 9.49619 1.03175 4.91021 0.44547 
RMSE 0.128071 0.107324 1.19744 0.579744 
Radar 10.216 0.14981 5.31165 1477010444750000 
ground_truth 9.86254 1.31118 4.98922 1.14794 
estimate 9.86818 1.21567 5.24293 0.870694 
RMSE 0.126332 0.107021 1.18188 0.573669 
Lidar 10.0484 1.44598 0 1477010444800000 
ground_truth 10.1117 1.37011 4.97074 1.20841 
estimate 10.1303 1.2592 5.24293 0.870694 
RMSE 0.124696 0.107126 1.16707 0.568715 
Radar 10.6781 0.162309 4.80661 1477010444850000 
ground_truth 10.3598 1.4321 4.95106 1.2701 
estimate 10.3334 1.3672 5.08755 1.04025 
RMSE 0.123159 0.106253 1.15221 0.562582 
Lidar 10.2492 1.45907 0 1477010444900000 
ground_truth 10.6069 1.49721 4.93014 1.33298 
estimate 10.5878 1.41921 5.08755 1.04025 
RMSE 0.121647 0.105638 1.13799 0.55743 
Radar 11.0406 0.154906 4.56401 1477010444950000 
ground_truth 10.853 1.56549 4.90794 1.39701 
estimate 10.7964 1.46357 4.9673 1.02011 
RMSE 0.120479 0.105549 1.12407 0.553728 
Lidar 10.7313 1.45265 0 1477010445000000 
ground_truth 11.0979 1.637 4.8844 1.46213 
estimate 11.0448 1.51457 4.9673 1.02011 
RMSE 0.119318 0.105982 1.11068 0.551331 
Radar 11.5668 0.123838 5.14205 1477010445050000 
ground_truth 11.3416 1.71179 4.85948 1.52832 
estimate 11.4143 1.5858 5.28585 1.07329 
RMSE 0.118442 0.10649 1.09961 0.549284 
Lidar 11.587 1.61462 0 1477010445100000 
ground_truth 11.584 1.78992 4.83313 1.59551 
estimate 11.6786 1.63946 5.28585 1.07329 
RMSE 0.117953 0.107689 1.08918 0.548683 
Radar 11.5791 0.133321 4.86948 1477010445150000 
ground_truth 11.8251 1.87144 4.80531 1.66366 
estimate 11.8752 1.71489 5.10792 1.13051 
RMSE 0.116874 0.109014 1.07796 0.548343 
Lidar 11.7788 1.74591 0 1477010445200000 
ground_truth 12.0647 1.95639 4.77598 1.73273 
estimate 12.1306 1.77141 5.10792 1.13051 
RMSE 0.116004 0.111218 1.0673 0.54957 
Radar 12.3248 0.175289 5.27755 1477010445250000 
ground_truth 12.3029 2.04482 4.74508 1.80265 
estimate 12.3599 1.80963 5.03916 1.08237 
RMSE 0.115063 0.115253 1.05675 0.553751 
Lidar 12.3226 1.78353 0 1477010445300000 
ground_truth 12.5394 2.13677 4.71257 1.87338 
estimate 12.6118 1.86375 5.03916 1.08237 
RMSE 0.114337 0.120662 1.04675 0.55972 
Radar 12.6709 0.140728 5.31674 1477010445350000 
ground_truth 12.7743 2.23227 4.67842 1.94485 
estimate 12.7519 2.02391 4.74493 1.36125 
RMSE 0.11321 0.123078 1.03606 0.560218 
Lidar 12.5924 2.17509 0 1477010445400000 
ground_truth 13.0075 2.33137 4.64258 2.01701 
estimate 12.9892 2.09197 4.74493 1.36125 
RMSE 0.112102 0.126457 1.02575 0.562288 
Radar 13.4856 0.198883 5.44642 1477010445450000 
ground_truth 13.2388 2.43409 4.605 2.08981 
estimate 13.1691 2.26188 4.59428 1.62911 
RMSE 0.111425 0.127512 1.01564 0.560473 
Lidar 13.0875 2.40708 0 1477010445500000 
ground_truth 13.4682 2.54047 4.56565 2.16317 
estimate 13.3988 2.34333 4.59428 1.62911 
RMSE 0.110766 0.129205 1.00584 0.559977 
Radar 13.0871 0.241065 4.51275 1477010445550000 
ground_truth 13.6955 2.65053 4.52448 2.23703 
estimate 13.7141 2.50724 4.81917 1.84596 
RMSE 0.109746 0.129485 0.997125 0.557264 
Lidar 13.836 2.62479 0 1477010445600000 
ground_truth 13.9208 2.7643 4.48147 2.31134 
estimate 13.955 2.59954 4.81917 1.84596 
RMSE 0.108825 0.130225 0.988918 0.555701 
Radar 14.0988 0.19551 4.80612 1477010445650000 
ground_truth 14.1439 2.88179 4.43656 2.38601 
estimate 14.202 2.79498 4.83497 2.11725 
RMSE 0.108115 0.129566 0.981358 0.551817 
Lidar 14.2106 2.94205 0 1477010445700000 
ground_truth 14.3646 3.00303 4.38974 2.46099 
estimate 14.4437 2.90085 4.83497 2.11725 
RMSE 0.107666 0.129128 0.974374 0.548794 
Radar 14.8371 0.194676 5.23337 1477010445750000 
ground_truth 14.583 3.12802 4.34097 2.5362 
estimate 14.5932 2.96574 4.59225 2.00951 
RMSE 0.106726 0.129782 0.966363 0.548414 
Lidar 14.4616 2.90734 0 1477010445800000 
ground_truth 14.7989 3.25679 4.29021 2.61157 
estimate 14.8228 3.06622 4.59225 2.00951 
RMSE 0.105848 0.13107 0.958816 0.549383 
Radar 15.2004 0.263587 5.15707 1477010445850000 
ground_truth 15.0122 3.38932 4.23744 2.68703 
estimate 15.0416 3.30686 4.56369 2.37815 
RMSE 0.105017 0.130397 0.951604 0.54619 
Lidar 15.0261 3.5067 0 1477010445900000 
ground_truth 15.2228 3.52563 4.18263 2.76249 
estimate 15.2697 3.42577 4.56369 2.37815 
RMSE 0.104314 0.129947 0.944922 0.543887 
Radar 15.9183 0.263598 4.66589 1477010445950000 
ground_truth 15.4306 3.66572 4.12575 2.83789 
estimate 15.5085 3.66204 4.59147 2.68681 
RMSE 0.103935 0.128878 0.93904 0.539757 
Lidar 15.5236 3.82936 0 1477010446000000 
ground_truth 15.6355 3.80957 4.06678 2.91315 
estimate 15.7381 3.79638 4.59147 2.68681 
RMSE 0.103912 0.127845 0.933817 0.536158 
Radar 16.089 0.213597 4.78562 1477010446050000 
ground_truth 15.8375 3.95719 4.00571 2.98817 
estimate 15.9717 3.95967 4.6021 2.76295 
RMSE 0.104462 0.126827 0.929419 0.532642 
Lidar 15.9774 4.00094 0 1477010446100000 
ground_truth 16.0363 4.10854 3.94251 3.0629 
estimate 16.2018 4.09781 4.6021 2.76295 
RMSE 0.105687 0.12584 0.925807 0.529793 
Radar 16.8729 0.252565 4.40994 1477010446150000 
ground_truth 16.2319 4.26363 3.87716 3.13723 
estimate 16.3904 4.32213 4.49301 2.98958 
RMSE 0.106698 0.125078 0.921829 0.52602 
Lidar 16.3313 4.44499 0 1477010446200000 
ground_truth 16.4242 4.42242 3.80966 3.21109 
estimate 16.6151 4.47161 4.49301 2.98958 
RMSE 0.108463 0.124275 0.918677 0.522732 
Radar 17.3477 0.261345 4.72541 1477010446250000 
ground_truth 16.613 4.5849 3.74 3.28438 
estimate 16.7425 4.64267 4.23735 3.04634 
RMSE 0.108807 0.123546 0.913818 0.51963 
Lidar 16.6039 4.67344 0 1477010446300000 
ground_truth 16.7983 4.75103 3.66817 3.35704 
estimate 16.9544 4.79499 4.23735 3.04634 
RMSE 0.10965 0.12275 0.909696 0.51717 
Radar 17.6757 0.292764 3.91006 1477010446350000 
ground_truth 16.9799 4.92077 3.59416 3.42897 
estimate 17.0958 5.05601 4.05219 3.33224 
RMSE 0.109743 0.12294 0.904762 0.513541 
Lidar 16.9955 5.21099 0 1477010446400000 
ground_truth 17.1579 5.09409 3.51797 3.50008 
estimate 17.2984 5.22262 4.05219 3.33224 
RMSE 0.110245 0.123021 0.900543 0.510254 
Radar 17.9537 0.261769 4.23232 1477010446450000 
ground_truth 17.3319 5.27094 3.4396 3.57028 
estimate 17.4138 5.40827 3.82273 3.38231 
RMSE 0.109897 0.123235 0.895334 0.507139 
Lidar 17.2894 5.43542 0 1477010446500000 
ground_truth 17.5019 5.45128 3.35907 3.63949 
estimate 17.6049 5.57739 3.82273 3.38231 
RMSE 0.109804 0.123275 0.890772 0.504516 
Radar 18.2733 0.262734 4.05972 1477010446550000 
ground_truth 17.6679 5.63506 3.27637 3.70762 
estimate 17.7916 5.69631 3.81103 3.25032 
RMSE 0.110007 0.122637 0.88686 0.503899 
Lidar 17.7853 5.62476 0 1477010446600000 
ground_truth 17.8297 5.82221 3.19151 3.77458 
estimate 17.9822 5.85883 3.81103 3.25032 
RMSE 0.11069 0.12188 0.883787 0.50418 
Radar 18.9222 0.326645 3.86213 1477010446650000 
ground_truth 17.9872 6.01269 3.10453 3.84027 
estimate 18.1536 6.08256 3.76067 3.41132 
RMSE 0.111616 0.121334 0.881138 0.503251 
Lidar 18.1263 6.16985 0 1477010446700000 
ground_truth 18.1402 6.20641 3.01542 3.90462 
estimate 18.3416 6.25313 3.76067 3.41132 
RMSE 0.11326 0.120652 0.879487 0.503121 
Radar 19.3547 0.35846 4.07937 1477010446750000 
ground_truth 18.2888 6.40332 2.92421 3.96753 
estimate 18.4005 6.52168 3.42107 3.66902 
RMSE 0.11324 0.120622 0.87559 0.500999 
Lidar 18.2164 6.66138 0 1477010446800000 
ground_truth 18.4328 6.60333 2.83093 4.0289 
estimate 18.5716 6.70513 3.42107 3.66902 
RMSE 0.113604 0.1204 0.872521 0.499443 
Radar 19.6966 0.364545 3.87628 1477010446850000 
ground_truth 18.572 6.80638 2.7356 4.08867 
estimate 18.66 6.83563 3.20373 3.52975 
RMSE 0.113316 0.11968 0.86858 0.50024 
Lidar 18.5422 6.76013 0 1477010446900000 
ground_truth 18.7064 7.01237 2.63825 4.14672 
estimate 18.8202 7.01212 3.20373 3.52975 
RMSE 0.113322 0.11893 0.865446 0.501866 
Radar 20.1556 0.367622 4.11203 1477010446950000 
ground_truth 18.8359 7.22122 2.53893 4.20299 
estimate 19.0479 7.18648 3.38126 3.52416 
RMSE 0.115057 0.118257 0.865165 0.50443 
Lidar 19.1441 7.18344 0 1477010447000000 
ground_truth 18.9604 7.43283 2.43767 4.25737 
estimate 19.2169 7.36269 3.38126 3.52416 
RMSE 0.11781 0.117788 0.866164 0.507841 
Radar 19.9701 0.379671 3.50583 1477010447050000 
ground_truth 19.0798 7.64712 2.3345 4.3098 
estimate 19.2325 7.67489 2.97766 3.88185 
RMSE 0.118293 0.117116 0.86382 0.506953 
Lidar 19.0138 7.8688 0 1477010447100000 
ground_truth 19.1939 7.86397 2.22949 4.36017 
estimate 19.3814 7.86899 2.97766 3.88185 
RMSE 0.119354 0.116418 0.862534 0.506622 
Radar 20.7779 0.37828 3.78648 1477010447150000 
ground_truth 19.3028 8.08329 2.12266 4.40842 
estimate 19.3661 8.09003 2.54583 3.95272 
RMSE 0.118849 0.115734 0.858673 0.506052 
Lidar 19.132 8.12845 0 1477010447200000 
ground_truth 19.4062 8.30497 2.01409 4.45445 
estimate 19.4934 8.28766 2.54583 3.95272 
RMSE 0.118529 0.115074 0.85559 0.506002 
Radar 20.7048 0.405728 3.77514 1477010447250000 
ground_truth 19.5042 8.5289 1.90381 4.49819 
estimate 19.5079 8.41197 2.24909 3.75986 
RMSE 0.117847 0.115096 0.851463 0.509275 
Lidar 19.347 8.30741 0 1477010447300000 
ground_truth 19.5966 8.75494 1.7919 4.53956 
estimate 19.6203 8.59996 2.24909 3.75986 
RMSE 0.117203 0.115626 0.848013 0.513149 
Radar 21.3856 0.401578 3.38244 1477010447350000 
ground_truth 19.6835 8.983 1.67841 4.57848 
estimate 19.8445 8.83027 2.54301 3.87115 
RMSE 0.117786 0.116109 0.848201 0.515738 
Lidar 20.0039 8.8906 0 1477010447400000 
ground_truth 19.7645 9.21294 1.56341 4.61488 
estimate 19.9717 9.02383 2.54301 3.87115 
RMSE 0.119148 0.11717 0.849773 0.518822 
Radar 21.7806 0.450652 3.22397 1477010447450000 
ground_truth 19.8398 9.44463 1.44697 4.64869 
estimate 20.123 9.31719 2.60648 4.13364 
RMSE 0.122153 0.117288 0.853788 0.51878 
Lidar 20.1574 9.45949 0 1477010447500000 
ground_truth 19.9093 9.67795 1.32916 4.67984 
estimate 20.2533 9.52387 2.60648 4.13364 
RMSE 0.126672 0.11775 0.859514 0.519086 
Radar 21.9129 0.461931 2.96707 1477010447550000 
ground_truth 19.9728 9.91275 1.21005 4.70826 
estimate 20.2903 9.80402 2.36111 4.32686 
RMSE 0.130222 0.117657 0.863173 0.5178 
Lidar 20.1573 9.90876 0 1477010447600000 
ground_truth 20.0303 10.1489 1.08972 4.73389 
estimate 20.4084 10.0204 2.36111 4.32686 
RMSE 0.135271 0.117778 0.868526 0.516747 
Radar 22.3983 0.541745 3.37282 1477010447650000 
ground_truth 20.0818 10.3863 0.968259 4.75666 
estimate 20.3779 10.3324 1.97033 4.57841 
RMSE 0.137944 0.117287 0.870038 0.514345 
Lidar 20.166 10.4687 0 1477010447700000 
ground_truth 20.1271 10.6247 0.845742 4.77652 
estimate 20.4764 10.5613 1.97033 4.57841 
RMSE 0.141778 0.116854 0.873073 0.512059 
Radar 22.4479 0.502078 2.77693 1477010447750000 
ground_truth 20.1663 10.864 0.722256 4.7934 
estimate 20.4909 10.8812 1.74933 4.81766 
RMSE 0.144843 0.116263 0.874798 0.509418 
Lidar 20.371 11.0109 0 1477010447800000 
ground_truth 20.1993 11.1041 0.597892 4.80727 
estimate 20.5783 11.122 1.74933 4.81766 
RMSE 0.1491 0.115682 0.878062 0.506814 
Radar 23.0204 0.565755 3.01803 1477010447850000 
ground_truth 20.2261 11.3449 0.472738 4.81807 
estimate 20.5218 11.3569 1.37054 4.80185 
RMSE 0.151292 0.115103 0.878263 0.50425 
Lidar 20.3164 11.3483 0 1477010447900000 
ground_truth 20.2466 11.5861 0.346889 4.82575 
estimate 20.5903 11.597 1.37054 4.80185 
RMSE 0.154407 0.114531 0.879836 0.501728 
Radar 22.776 0.567455 2.08835 1477010447950000 
ground_truth 20.2608 11.8275 0.220439 4.83027 
estimate 20.6404 11.8804 1.32204 4.91575 
RMSE 0.158215 0.114084 0.882305 0.499311 
Lidar 20.6141 11.9422 0 1477010448000000 
ground_truth 20.2687 12.0692 0.093487 4.83159 
estimate 20.7065 12.1262 1.32204 4.91575 
RMSE 0.163297 0.113664 0.886356 0.496927 
Radar 23.2786 0.540021 3.0094 1477010448050000 
ground_truth 20.2701 12.3108 -0.0338694 4.82968 
estimate 20.5886 12.4234 0.838152 5.05089 
RMSE 0.165505 0.113653 0.886218 0.494989 
Lidar 20.3263 12.4966 0 1477010448100000 
ground_truth 20.2652 12.5522 -0.161529 4.82451 
estimate 20.6305 12.6759 0.838152 5.05089 
RMSE 0.168556 0.113754 0.887378 0.493103 
Radar 23.5919 0.557529 1.9646 1477010448150000 
ground_truth 20.254 12.7933 -0.28939 4.81605 
estimate 20.6005 12.9136 0.649082 5.01177 
RMSE 0.171127 0.113818 0.887879 0.491121 
Lidar 20.498 12.8924 0 1477010448200000 
ground_truth 20.2363 13.0339 -0.417348 4.80428 
estimate 20.633 13.1642 0.649082 5.01177 
RMSE 0.174621 0.113984 0.88973 0.489214 
Radar 24.2413 0.530035 2.16265 1477010448250000 
ground_truth 20.2122 13.2738 -0.545298 4.78918 
estimate 20.4712 13.3134 0.138272 4.74509 
RMSE 0.175597 0.113515 0.888025 0.486942 
Lidar 20.1943 13.1688 0 1477010448300000 
ground_truth 20.1818 13.5129 -0.673135 4.77072 
estimate 20.4781 13.5506 0.138272 4.74509 
RMSE 0.177094 0.113046 0.887346 0.484688 
Radar 24.0255 0.59787 2.13842 1477010448350000 
ground_truth 20.1449 13.7509 -0.800753 4.74892 
estimate 20.4189 13.8298 -0.0357557 4.85542 
RMSE 0.178222 0.11278 0.886301 0.482568 
Lidar 20.3245 13.8896 0 1477010448400000 
ground_truth 20.1017 13.9878 -0.928043 4.72374 
estimate 20.4171 14.0726 -0.0357557 4.85542 
RMSE 0.179941 0.112557 0.886355 0.480533 
Radar 24.4284 0.587035 1.74881 1477010448450000 
ground_truth 20.0521 14.2233 -1.0549 4.69521 
estimate 20.2942 14.3243 -0.354229 4.87893 
RMSE 0.180597 0.112458 0.884856 0.478682 
Lidar 20.1216 14.337 0 1477010448500000 
ground_truth 19.9962 14.4573 -1.18121 4.66331 
estimate 20.2765 14.5682 -0.354229 4.87893 
RMSE 0.18173 0.112444 0.884356 0.476975 
Radar 24.3813 0.632018 1.7308 1477010448550000 
ground_truth 19.934 14.6897 -1.30687 4.62805 
estimate 20.0618 14.796 -0.872279 4.83639 
RMSE 0.181323 0.112392 0.881383 0.475264 
Lidar 19.781 14.773 0 1477010448600000 
ground_truth 19.8655 14.9202 -1.43177 4.58944 
estimate 20.0182 15.0378 -0.872279 4.83639 
RMSE 0.181092 0.112439 0.879072 0.47374 
Radar 24.5168 0.60859 1.71283 1477010448650000 
ground_truth 19.7908 15.1486 -1.55581 4.54751 
estimate 19.9936 15.249 -0.822135 4.75577 
RMSE 0.181293 0.11234 0.877912 0.472076 
Lidar 20.0208 15.2053 0 1477010448700000 
ground_truth 19.7099 15.3749 -1.67887 4.50226 
estimate 19.9525 15.4868 -0.822135 4.75577 
RMSE 0.18191 0.112336 0.877731 0.470625 
Radar 25.2206 0.654048 0.480334 1477010448750000 
ground_truth 19.6229 15.5989 -1.80085 4.45372 
estimate 19.9121 15.6543 -0.820339 4.57087 
RMSE 0.183094 0.111972 0.878661 0.468735 
Lidar 19.9131 15.554 0 1477010448800000 
ground_truth 19.5298 15.8203 -1.92164 4.40193 
estimate 19.8711 15.8828 -0.820339 4.57087 
RMSE 0.185004 0.111645 0.880784 0.467004 
Radar 25.0031 0.647734 1.13996 1477010448850000 
ground_truth 19.4307 16.039 -2.04114 4.3469 
estimate 19.6836 16.0695 -1.2055 4.46078 
RMSE 0.185679 0.11121 0.880414 0.465154 
Lidar 19.4748 16.0098 0 1477010448900000 
ground_truth 19.3257 16.2549 -2.15925 4.28868 
estimate 19.6234 16.2925 -1.2055 4.46078 
RMSE 0.186889 0.110799 0.881051 0.463479 
Radar 24.9602 0.695945 1.21175 1477010448950000 
ground_truth 19.2148 16.4679 -2.27586 4.22731 
estimate 19.4291 16.4151 -1.55793 4.19652 
RMSE 0.187132 0.110444 0.879826 0.461568 
Lidar 19.238 16.2719 0 1477010449000000 
ground_truth 19.0981 16.6777 -2.39087 4.16284 
estimate 19.3512 16.6249 -1.55793 4.19652 
RMSE 0.187767 0.110094 0.879452 0.459682 
Radar 25.3368 0.698647 0.722698 1477010449050000 
ground_truth 18.9757 16.8841 -2.50418 4.0953 
estimate 19.1618 16.8364 -1.85105 4.20084 
RMSE 0.187753 0.10973 0.877848 0.457909 
Lidar 19.0029 16.8387 0 1477010449100000 
ground_truth 18.8477 17.0872 -2.61571 4.02476 
estimate 19.0693 17.0464 -1.85105 4.20084 
RMSE 0.18805 0.109348 0.876993 0.456333 
Radar 25.8559 0.754598 -0.0612346 1477010449150000 
ground_truth 18.7142 17.2866 -2.72534 3.95127 
estimate 18.8275 17.3087 -2.24349 4.33817 
RMSE 0.187571 0.108928 0.874541 0.455819 
Lidar 18.6148 17.3832 0 1477010449200000 
ground_truth 18.5752 17.4822 -2.83299 3.87489 
estimate 18.7153 17.5256 -2.24349 4.33817 
RMSE 0.187242 0.108564 0.872645 0.455879 
Radar 25.3807 0.735616 1.06382 1477010449250000 
ground_truth 18.4309 17.674 -2.93858 3.79568 
estimate 18.3967 17.6644 -2.78658 4.13263 
RMSE 0.186528 0.108139 0.869308 0.455064 
Lidar 18.1023 17.5529 0 1477010449300000 
ground_truth 18.2814 17.8617 -3.042 3.71372 
estimate 18.2573 17.871 -2.78658 4.13263 
RMSE 0.18581 0.107719 0.866199 0.454793 
Radar 25.2941 0.763391 0.672333 1477010449350000 
ground_truth 18.1268 18.0453 -3.14318 3.62906 
estimate 18.1557 18.0646 -2.68753 4.09842 
RMSE 0.185106 0.107314 0.863768 0.454907 
Lidar 18.2094 18.0461 0 1477010449400000 
ground_truth 17.9671 18.2246 -3.24204 3.5418 
estimate 18.0213 18.2695 -2.68753 4.09842 
RMSE 0.184454 0.106973 0.861812 0.455776 
Radar 25.3208 0.762942 -0.0928738 1477010449450000 
ground_truth 17.8026 18.3994 -3.3385 3.45199 
estimate 17.893 18.3688 -2.67146 3.82064 
RMSE 0.183918 0.106597 0.860493 0.455175 
Lidar 17.9018 18.2183 0 1477010449500000 
ground_truth 17.6334 18.5697 -3.43247 3.35973 
estimate 17.7595 18.5599 -2.67146 3.82064 
RMSE 0.183549 0.106196 0.859782 0.455218 
Radar 26.1624 0.765956 0.152289 1477010449550000 
ground_truth 17.4595 18.7353 -3.5239 3.26509 
estimate 17.5264 18.7315 -2.93318 3.76968 
RMSE 0.182949 0.105797 0.858074 0.455609 
Lidar 17.3845 18.7039 0 1477010449600000 
ground_truth 17.281 18.8962 -3.61271 3.16817 
estimate 17.3797 18.92 -2.93318 3.76968 
RMSE 0.182465 0.105421 0.856879 0.456871 
Radar 25.368 0.793358 -0.253429 1477010449650000 
ground_truth 17.0983 19.0521 -3.69883 3.06904 
estimate 17.2096 19.0169 -2.99483 3.52881 
RMSE 0.18204 0.105074 0.855847 0.456892 
Lidar 17.1762 18.8863 0 1477010449700000 
ground_truth 16.9113 19.203 -3.78221 2.9678 
estimate 17.0599 19.1934 -2.99483 3.52881 
RMSE 0.181817 0.10469 0.855364 0.457744 
Radar 26.0053 0.861368 -0.164065 1477010449750000 
ground_truth 16.7201 19.3488 -3.86278 2.86455 
estimate 16.7713 19.2388 -3.35992 3.1842 
RMSE 0.181205 0.10473 0.853319 0.456888 
Lidar 16.5734 19.052 0 1477010449800000 
ground_truth 16.5251 19.4894 -3.9405 2.75938 
estimate 16.6033 19.398 -3.35992 3.1842 
RMSE 0.18067 0.104639 0.851656 0.456664 
Radar 25.889 0.896317 -0.530322 1477010449850000 
ground_truth 16.3262 19.6246 -4.01531 2.65237 
estimate 16.3523 19.5819 -3.57839 3.2491 
RMSE 0.180032 0.104325 0.849396 0.457824 
Lidar 16.2338 19.6171 0 1477010449900000 
ground_truth 16.1237 19.7545 -4.08716 2.54364 
estimate 16.1733 19.7443 -3.57839 3.2491 
RMSE 0.179437 0.103956 0.847449 0.460066 
Radar 24.5786 0.838291 -0.8677 1477010449950000 
ground_truth 15.9176 19.8789 -4.15602 2.43329 
estimate 15.9655 19.8917 -3.65447 3.20954 
RMSE 0.178845 0.103592 0.845494 0.463069 
Lidar 15.9243 19.8703 0 1477010450000000 
ground_truth 15.7082 19.9978 -4.22185 2.32141 
estimate 15.7828 20.0522 -3.65447 3.20954 
RMSE 0.178324 0.103327 0.843856 0.467416 
Radar 25.1552 0.869372 -0.422421 1477010450050000 
ground_truth 15.4956 20.111 -4.28461 2.2081 
estimate 15.5313 20.2007 -3.83538 3.178 
RMSE 0.177725 0.103238 0.841739 0.472788 
Lidar 15.4332 20.1836 0 1477010450100000 
ground_truth 15.2799 20.2185 -4.34427 2.09347 
estimate 15.3395 20.3596 -3.83538 3.178 
RMSE 0.177176 0.103549 0.839883 0.479733 
Radar 25.7265 0.978244 -0.746329 1477010450150000 
ground_truth 15.0613 20.3203 -4.4008 1.97763 
estimate 15.17 20.4855 -3.77693 3.0913 
RMSE 0.176794 0.104099 0.838583 0.48694 
Lidar 15.2016 20.4385 0 1477010450200000 
ground_truth 14.84 20.4162 -4.4542 1.86068 
estimate 14.9811 20.6401 -3.77693 3.0913 
RMSE 0.176574 0.105384 0.837584 0.495842 
Radar 24.8149 0.934393 -1.0454 1477010450250000 
ground_truth 14.6161 20.5063 -4.50443 1.74272 
estimate 14.7404 20.718 -3.91329 2.88979 
RMSE 0.176271 0.106467 0.836153 0.503128 
Lidar 14.6665 20.6088 0 1477010450300000 
ground_truth 14.3897 20.5904 -4.55149 1.62386 
estimate 14.5447 20.8625 -3.91329 2.88979 
RMSE 0.176136 0.108438 0.834973 0.512109 
Radar 25.1535 0.988122 -1.29602 1477010450350000 
ground_truth 14.1611 20.6686 -4.59537 1.50421 
estimate 14.2267 20.8361 -4.2353 2.44022 
RMSE 0.175627 0.108941 0.832689 0.516115 
Lidar 14.0521 20.5924 0 1477010450400000 
ground_truth 13.9304 20.7408 -4.63606 1.38386 
estimate 14.0149 20.9581 -4.2353 2.44022 
RMSE 0.175176 0.110017 0.830554 0.521573 
Radar 25.0236 0.985547 -1.50011 1477010450450000 
ground_truth 13.6977 20.807 -4.67357 1.26294 
estimate 13.6652 20.9339 -4.59793 2.05556 
RMSE 0.174615 0.110137 0.827822 0.52383 
Lidar 13.4686 20.7253 0 1477010450500000 
ground_truth 13.4632 20.8671 -4.70789 1.14153 
estimate 13.4353 21.0366 -4.59793 2.05556 
RMSE 0.174054 0.110633 0.825142 0.527341 
Radar 24.6656 0.975748 -2.00913 1477010450550000 
ground_truth 13.2271 20.9211 -4.73904 1.01975 
estimate 13.165 21.0116 -4.70442 1.71944 
RMSE 0.173557 0.110513 0.822446 0.52865 
Lidar 13.1072 20.8294 0 1477010450600000 
ground_truth 12.9895 20.969 -4.76702 0.897694 
estimate 12.9297 21.0976 -4.70442 1.71944 
RMSE 0.17306 0.11064 0.819787 0.531075 
Radar 24.9733 1.01073 -1.83426 1477010450650000 
ground_truth 12.7506 21.0108 -4.79186 0.775469 
estimate 12.7681 21.1323 -4.511 1.58458 
RMSE 0.172507 0.110713 0.81745 0.533334 
Lidar 12.8729 21.0592 0 1477010450700000 
ground_truth 12.5106 21.0465 -4.81358 0.653175 
estimate 12.5425 21.2115 -4.511 1.58458 
RMSE 0.171972 0.111145 0.815186 0.536827 
Radar 24.5425 1.08233 -2.03069 1477010450750000 
ground_truth 12.2695 21.0761 -4.83219 0.530912 
estimate 12.2713 21.2162 -4.63108 1.38863 
RMSE 0.171423 0.111354 0.812744 0.539475 
Lidar 12.2062 21.11 0 1477010450800000 
ground_truth 12.0276 21.0996 -4.84773 0.408778 
estimate 12.0397 21.2857 -4.63108 1.38863 
RMSE 0.170883 0.111983 0.810351 0.543385 
Radar 24.4724 1.04012 -2.24199 1477010450850000 
ground_truth 11.785 21.117 -4.86022 0.286869 
estimate 11.7559 21.1531 -4.76852 0.857381 
RMSE 0.17036 0.111667 0.807831 0.54356 
Lidar 11.6814 20.8651 0 1477010450900000 
ground_truth 11.5418 21.1283 -4.86971 0.165281 
estimate 11.5175 21.196 -4.76852 0.857381 
RMSE 0.169838 0.111446 0.805343 0.544614 
Radar 23.6708 1.0622 -2.41489 1477010450950000 
ground_truth 11.2982 21.1335 -4.87623 0.0441057 
estimate 11.3137 21.1688 -4.67754 0.673076 
RMSE 0.169314 0.111134 0.80299 0.545179 
Lidar 11.363 21.0688 0 1477010451000000 
ground_truth 11.0544 21.1327 -4.87982 -0.076565 
estimate 11.0798 21.2024 -4.67754 0.673076 
RMSE 0.168802 0.110926 0.800666 0.546675 
Radar 23.1085 1.09641 -2.60844 1477010451050000 
ground_truth 10.8105 21.1259 -4.88053 -0.196643 
estimate 10.8642 21.1086 -4.62946 0.337924 
RMSE 0.168336 0.110594 0.798448 0.546602 
Lidar 10.8903 20.927 0 1477010451100000 
ground_truth 10.5666 21.1131 -4.8784 -0.31604 
estimate 10.6327 21.1255 -4.62946 0.337924 
RMSE 0.167902 0.11026 0.796248 0.54732 
Radar 23.3261 1.16045 -2.31884 1477010451150000 
ground_truth 10.3229 21.0943 -4.87349 -0.434674 
estimate 10.3137 21.1699 -4.85962 0.410055 
RMSE 0.167394 0.110083 0.793832 0.549608 
Lidar 10.189 21.209 0 1477010451200000 
ground_truth 10.0795 21.0697 -4.86585 -0.552463 
estimate 10.0708 21.1904 -4.85962 0.410055 
RMSE 0.16689 0.11015 0.791437 0.553019 
Radar 23.5158 1.13252 -2.69781 1477010451250000 
ground_truth 9.83658 21.0391 -4.85554 -0.669327 
estimate 9.89727 21.1156 -4.67687 0.159393 
RMSE 0.166456 0.109979 0.789185 0.555078 
Lidar 9.99634 20.9797 0 1477010451300000 
ground_truth 9.59422 21.0028 -4.84262 -0.785189 
estimate 9.66343 21.1235 -4.67687 0.159393 
RMSE 0.166046 0.110046 0.786937 0.558201 
Radar 23.102 1.15259 -2.34951 1477010451350000 
ground_truth 9.35258 20.9607 -4.82714 -0.899977 
estimate 9.47477 21.0263 -4.55801 -0.117401 
RMSE 0.16582 0.109836 0.784878 0.559793 
Lidar 9.53921 20.8762 0 1477010451400000 
ground_truth 9.11177 20.9128 -4.80919 -1.01362 
estimate 9.24687 21.0204 -4.55801 -0.117401 
RMSE 0.165656 0.109822 0.782804 0.562361 
Radar 23.0793 1.14018 -2.84906 1477010451450000 
ground_truth 8.87192 20.8594 -4.78881 -1.12605 
estimate 8.88884 20.9352 -4.90026 -0.326037 
RMSE 0.165176 0.109654 0.780558 0.564042 
Lidar 8.70331 20.8221 0 1477010451500000 
ground_truth 8.63315 20.8003 -4.76608 -1.2372 
estimate 8.64383 20.9189 -4.90026 -0.326037 
RMSE 0.164697 0.109708 0.778353 0.566675 
Radar 22.3004 1.11349 -2.998 1477010451550000 
ground_truth 8.39557 20.7358 -4.74108 -1.34701 
estimate 8.32624 20.73 -5.09113 -0.779997 
RMSE 0.164305 0.109391 0.776556 0.566676 
Lidar 8.22277 20.4839 0 1477010451600000 
ground_truth 8.1593 20.6657 -4.71387 -1.45542 
estimate 8.07169 20.691 -5.09113 -0.779997 
RMSE 0.163967 0.109093 0.774849 0.567361 
Radar 22.1131 1.1862 -3.20417 1477010451650000 
ground_truth 7.92445 20.5903 -4.68453 -1.56237 
estimate 7.84552 20.5687 -5.01647 -0.998992 
RMSE 0.163607 0.108793 0.77304 0.567338 
Lidar 7.88599 20.45 0 1477010451700000 
ground_truth 7.69111 20.5096 -4.65313 -1.66781 
estimate 7.59469 20.5188 -5.01647 -0.998992 
RMSE 0.163303 0.108486 0.771327 0.567966 
Radar 22.2583 1.18911 -3.51245 1477010451750000 
ground_truth 7.45939 20.4237 -4.61975 -1.7717 
estimate 7.27644 20.4371 -5.19383 -1.08229 
RMSE 0.163421 0.108184 0.770354 0.568725 
Lidar 7.18029 20.392 0 1477010451800000 
ground_truth 7.22939 20.3326 -4.58448 -1.87399 
estimate 7.01674 20.383 -5.19383 -1.08229 
RMSE 0.163738 0.107946 0.769544 0.570221 
Radar 21.333 1.2319 -3.3258 1477010451850000 
ground_truth 7.00119 20.2364 -4.54738 -1.97462 
estimate 6.78112 20.27 -5.13054 -1.23733 
RMSE 0.164107 0.107673 0.768628 0.57129 
Lidar 6.81542 20.1859 0 1477010451900000 
ground_truth 6.7749 20.1352 -4.50854 -2.07357 
estimate 6.52459 20.2081 -5.13054 -1.23733 
RMSE 0.164711 0.107511 0.767891 0.573101 
Radar 21.3 1.24122 -3.35883 1477010451950000 
ground_truth 6.55059 20.0292 -4.46805 -2.17079 
estimate 6.31798 20.0916 -4.99926 -1.38107 
RMSE 0.165162 0.107314 0.766784 0.574522 
Lidar 6.38914 20.0137 0 1477010452000000 
ground_truth 6.32834 19.9183 -4.42598 -2.26625 
estimate 6.06801 20.0225 -4.99926 -1.38107 
RMSE 0.165835 0.107297 0.765854 0.576686 
Radar 21.2882 1.2518 -3.50165 1477010452050000 
ground_truth 6.10823 19.8027 -4.38241 -2.35993 
estimate 5.83583 19.9028 -4.95249 -1.51428 
RMSE 0.166602 0.107259 0.764921 0.578496 
Lidar 5.86119 19.8306 0 1477010452100000 
ground_truth 5.89034 19.6824 -4.33744 -2.45178 
estimate 5.58821 19.8271 -4.95249 -1.51428 
RMSE 0.167635 0.107498 0.764186 0.581047 
Radar 20.2062 1.30633 -3.8691 1477010452150000 
ground_truth 5.67472 19.5577 -4.29114 -2.5418 
estimate 5.48499 19.6789 -4.57268 -1.70497 
RMSE 0.167762 0.107576 0.762399 0.582731 
Lidar 5.69089 19.5755 0 1477010452200000 
ground_truth 5.46145 19.4284 -4.24359 -2.62995 
estimate 5.25636 19.5936 -4.57268 -1.70497 
RMSE 0.167985 0.107968 0.760729 0.585107 
Radar 19.8966 1.26707 -3.80305 1477010452250000 
ground_truth 5.25059 19.2948 -4.19488 -2.71622 
estimate 5.08647 19.4801 -4.4182 -1.77946 
RMSE 0.167965 0.108528 0.758868 0.587547 
Lidar 5.17021 19.4397 0 1477010452300000 
ground_truth 5.04219 19.157 -4.1451 -2.80059 
estimate 4.86556 19.3911 -4.4182 -1.77946 
RMSE 0.168012 0.109577 0.757109 0.590696 
Radar 20.175 1.27537 -3.51253 1477010452350000 
ground_truth 4.8363 19.015 -4.09432 -2.88305 
estimate 4.74641 19.1702 -4.15056 -2.12653 
RMSE 0.167694 0.109868 0.755115 0.591696 
Lidar 4.89149 18.982 0 1477010452400000 
ground_truth 4.63297 18.8689 -4.04263 -2.96359 
estimate 4.53888 19.0638 -4.15056 -2.12653 
RMSE 0.167392 0.110488 0.753166 0.593253 
Radar 19.458 1.36444 -3.99074 1477010452450000 
ground_truth 4.43224 18.7188 -3.99012 -3.0422 
estimate 4.38789 18.9066 -4.00186 -2.26047 
RMSE 0.166984 0.111032 0.751192 0.594395 
Lidar 4.4685 18.834 0 1477010452500000 
ground_truth 4.23416 18.5648 -3.93685 -3.11888 
estimate 4.1878 18.7935 -4.00186 -2.26047 
RMSE 0.166582 0.111966 0.749248 0.596073 
Radar 19.0503 1.32192 -3.6392 1477010452550000 
ground_truth 4.03876 18.4071 -3.88293 -3.19362 
estimate 4.10106 18.5983 -3.70372 -2.47684 
RMSE 0.16621 0.11252 0.747416 0.596762 
Lidar 4.26269 18.481 0 1477010452600000 
ground_truth 3.84606 18.2457 -3.82841 -3.26644 
estimate 3.91588 18.4744 -3.70372 -2.47684 
RMSE 0.165857 0.113425 0.745541 0.597915 
Radar 19.1444 1.39096 -4.53568 1477010452650000 
ground_truth 3.65611 18.0807 -3.77339 -3.33732 
estimate 3.61877 18.2749 -3.99809 -2.6759 
RMSE 0.165453 0.113985 0.743801 0.598258 
Lidar 3.45919 18.167 0 1477010452700000 
ground_truth 3.46891 17.9122 -3.71795 -3.40627 
estimate 3.41886 18.1411 -3.99809 -2.6759 
RMSE 0.165069 0.114864 0.74217 0.599006 
Radar 18.4355 1.33532 -3.74495 1477010452750000 
ground_truth 3.28449 17.7402 -3.66215 -3.47331 
estimate 3.18033 17.901 -4.09969 -2.95559 
RMSE 0.164817 0.115143 0.74094 0.598621 
Lidar 3.12525 17.7493 0 1477010452800000 
ground_truth 3.10287 17.565 -3.60609 -3.53844 
estimate 2.97534 17.7532 -4.09969 -2.95559 
RMSE 0.16465 0.115627 0.739899 0.598543 
Radar 18.0842 1.42336 -4.42054 1477010452850000 
ground_truth 2.92405 17.3866 -3.54982 -3.60167 
estimate 2.84231 17.692 -3.91044 -2.72793 
RMSE 0.164338 0.11735 0.73848 0.600241 
Lidar 2.9449 17.8154 0 1477010452900000 
ground_truth 2.74805 17.2051 -3.49344 -3.66302 
estimate 2.64679 17.5556 -3.91044 -2.72793 
RMSE 0.164083 0.119651 0.737222 0.602379 
Radar 17.3991 1.38194 -4.60153 1477010452950000 
ground_truth 2.57486 17.0205 -3.437 -3.72251 
estimate 2.49365 17.2815 -3.79899 -3.08988 
RMSE 0.163774 0.120764 0.735829 0.602533 
Lidar 2.55407 17.0853 0 1477010453000000 
ground_truth 2.4045 16.833 -3.38059 -3.78014 
estimate 2.3037 17.127 -3.79899 -3.08988 
RMSE 0.163522 0.122228 0.734595 0.602999 
Radar 17.0798 1.42091 -3.82496 1477010453050000 
ground_truth 2.23695 16.6427 -3.32428 -3.83595 
estimate 2.17144 16.9152 -3.64724 -3.24071 
RMSE 0.163184 0.123417 0.733134 0.602961 
Lidar 2.25371 16.8334 0 1477010453100000 
ground_truth 2.07221 16.4497 -3.26812 -3.88995 
estimate 1.98908 16.7532 -3.64724 -3.24071 
RMSE 0.162887 0.124935 0.731816 0.603196 
Radar 16.1262 1.47283 -3.95475 1477010453150000 
ground_truth 1.91027 16.254 -3.21219 -3.94216 
estimate 1.84094 16.3909 -3.55726 -3.76736 
RMSE 0.162562 0.124996 0.730427 0.601847 
Lidar 1.88972 16.1054 0 1477010453200000 
ground_truth 1.75112 16.0557 -3.15656 -3.99261 
estimate 1.66307 16.2025 -3.55726 -3.76736 
RMSE 0.162283 0.125112 0.729187 0.60059 
Radar 16.3618 1.46403 -4.00339 1477010453250000 
ground_truth 1.59474 15.8549 -3.10129 -4.04132 
estimate 1.46964 16.0435 -3.59819 -3.6902 
RMSE 0.162123 0.125496 0.728243 0.599634 
Lidar 1.44745 16.0853 0 1477010453300000 
ground_truth 1.44111 15.6517 -3.04644 -4.08832 
estimate 1.28974 15.859 -3.59819 -3.6902 
RMSE 0.162073 0.126016 0.727497 0.598827 
Radar 15.6357 1.46766 -4.66234 1477010453350000 
ground_truth 1.29021 15.4463 -2.99207 -4.13364 
estimate 1.14038 15.573 -3.51783 -3.957 
RMSE 0.162017 0.126019 0.726665 0.597518 
Lidar 1.18395 15.4284 0 1477010453400000 
ground_truth 1.14201 15.2386 -2.93825 -4.1773 
estimate 0.964491 15.3752 -3.51783 -3.957 
RMSE 0.162094 0.126072 0.726035 0.596287 
Radar 15.5501 1.51746 -4.27372 1477010453450000 
ground_truth 0.996486 15.0288 -2.88503 -4.21933 
estimate 0.761436 15.1073 -3.58927 -4.14111 
RMSE 0.162517 0.125889 0.725933 0.594897 
Lidar 0.722706 15.0075 0 1477010453500000 
ground_truth 0.853604 14.8169 -2.83246 -4.25977 
estimate 0.581972 14.9003 -3.58927 -4.14111 
RMSE 0.163203 0.125722 0.726082 0.593548 
Radar 15.2483 1.5031 -4.04402 1477010453550000 
ground_truth 0.71333 14.603 -2.78061 -4.29864 
estimate 0.540524 14.698 -3.22628 -4.12864 
RMSE 0.16325 0.125595 0.725019 0.592268 
Lidar 0.737301 14.7047 0 1477010453600000 
ground_truth 0.575628 14.3872 -2.72952 -4.33598 
estimate 0.379209 14.4915 -3.22628 -4.12864 
RMSE 0.163421 0.125504 0.724119 0.591053 
Radar 14.2628 1.52014 -4.69806 1477010453650000 
ground_truth 0.440459 14.1696 -2.67925 -4.37181 
estimate 0.232546 14.2512 -3.18775 -4.21781 
RMSE 0.163655 0.125336 0.723265 0.58977 
Lidar 0.253435 14.2029 0 1477010453700000 
ground_truth 0.307779 13.9502 -2.62984 -4.40617 
estimate 0.0731587 14.0403 -3.18775 -4.21781 
RMSE 0.164055 0.125195 0.722587 0.588543 
Radar 13.9605 1.57315 -5.03236 1477010453750000 
ground_truth 0.177545 13.7292 -2.58135 -4.43909 
estimate 0.138608 13.7701 -2.59642 -4.37377 
RMSE 0.163698 0.124937 0.720921 0.587202 
Lidar 0.459172 13.6856 0 1477010453800000 
ground_truth 0.0497099 13.5065 -2.53381 -4.47061 
estimate 0.00878683 13.5514 -2.59642 -4.37377 
RMSE 0.163345 0.124688 0.719278 0.58589 
Radar 13.6378 1.56695 -4.9909 1477010453850000 
ground_truth -0.0757753 13.2823 -2.48728 -4.50075 
estimate -0.149607 13.3133 -2.67157 -4.42492 
RMSE 0.163048 0.12442 0.717742 0.584573 
Lidar -0.190344 13.2856 0 1477010453900000 
ground_truth -0.198962 13.0566 -2.44179 -4.52955 
estimate -0.283185 13.092 -2.67157 -4.42492 
RMSE 0.162776 0.12416 0.716276 0.583286 
Radar 13.1485 1.59172 -4.45625 1477010453950000 
ground_truth -0.319903 12.8295 -2.39739 -4.55704 
estimate -0.225898 12.8952 -2.16958 -4.36061 
RMSE 0.162531 0.123958 0.714818 0.582115 
Lidar 0.0462308 12.9301 0 1477010454000000 
ground_truth -0.438654 12.6011 -2.35412 -4.58326 
estimate -0.334377 12.6772 -2.16958 -4.36061 
RMSE 0.162315 0.123784 0.713314 0.580994 
Radar 12.3753 1.62616 -4.32808 1477010454050000 
ground_truth -0.555273 12.3714 -2.31202 -4.60823 
estimate -0.456718 12.4197 -2.20604 -4.46456 
RMSE 0.162085 0.123548 0.711748 0.57977 
Lidar -0.476482 12.3633 0 1477010454100000 
ground_truth -0.669818 12.1404 -2.27111 -4.63198 
estimate -0.56702 12.1964 -2.20604 -4.46456 
RMSE 0.161869 0.123329 0.710171 0.578583 
Radar 12.5584 1.64828 -4.43193 1477010454150000 
ground_truth -0.78235 11.9083 -2.23144 -4.65456 
estimate -0.638284 12.0002 -2.10337 -4.39368 
RMSE 0.161794 0.123207 0.708643 0.577558 
Lidar -0.582624 12.0386 0 1477010454200000 
ground_truth -0.892931 11.6751 -2.19304 -4.67598 
estimate -0.743452 11.7805 -2.10337 -4.39368 
RMSE 0.161742 0.123134 0.707098 0.576584 
Radar 11.7183 1.67918 -4.45955 1477010454250000 
ground_truth -1.00163 11.4409 -2.15594 -4.69628 
estimate -0.981979 11.494 -2.45411 -4.56935 
RMSE 0.16139 0.122913 0.705817 0.575374 
Lidar -1.17212 11.3988 0 1477010454300000 
ground_truth -1.1085 11.2057 -2.12017 -4.71549 
estimate -1.10468 11.2655 -2.45411 -4.56935 
RMSE 0.161036 0.122707 0.704614 0.574193 
Radar 10.9952 1.65196 -4.10274 1477010454350000 
ground_truth -1.21362 10.9695 -2.08575 -4.73364 
estimate -1.29561 11.0393 -2.63354 -4.56357 
RMSE 0.160775 0.122525 0.704005 0.573048 
Lidar -1.39289 11.0424 0 1477010454400000 
ground_truth -1.31706 10.7324 -2.05273 -4.75075 
estimate -1.42729 10.8111 -2.63354 -4.56357 
RMSE 0.16059 0.122369 0.703516 0.571934 
Radar 10.9783 1.68939 -4.76211 1477010454450000 
ground_truth -1.41889 10.4945 -2.02111 -4.76686 
estimate -1.53337 10.5157 -2.56621 -4.74038 
RMSE 0.160419 0.122111 0.702908 0.570697 
Lidar -1.49687 10.4198 0 1477010454500000 
ground_truth -1.51917 10.2559 -1.99093 -4.78198 
estimate -1.66168 10.2787 -2.56621 -4.74038 
RMSE 0.160346 0.121857 0.702407 0.569473 
Radar 10.147 1.72843 -4.75698 1477010454550000 
ground_truth -1.61797 10.0165 -1.96221 -4.79615 
estimate -1.7194 10.1223 -2.38055 -4.52817 
RMSE 0.16014 0.121793 0.701434 0.56852 
Lidar -1.61875 10.2374 0 1477010454600000 
ground_truth -1.71539 9.77637 -1.93498 -4.80939 
estimate -1.83842 9.89591 -2.38055 -4.52817 
RMSE 0.159999 0.121783 0.700539 0.567602 
Radar 10.0927 1.7297 -4.34381 1477010454650000 
ground_truth -1.81147 9.53564 -1.90924 -4.82172 
estimate -1.86526 9.68763 -2.13808 -4.4805 
RMSE 0.159697 0.121928 0.699207 0.56683 
Lidar -1.73381 9.71347 0 1477010454700000 
ground_truth -1.90631 9.29431 -1.88502 -4.83316 
estimate -1.97216 9.4636 -2.13808 -4.4805 
RMSE 0.159416 0.122167 0.697918 0.566094 
Radar 9.64457 1.80859 -4.63944 1477010454750000 
ground_truth -1.99998 9.05243 -1.86233 -4.84374 
estimate -2.02105 9.04612 -1.98549 -4.98932 
RMSE 0.159085 0.12191 0.69649 0.564977 
Lidar -1.93833 8.77028 0 1477010454800000 
ground_truth -2.09256 8.81003 -1.8412 -4.85347 
estimate -2.12032 8.79665 -1.98549 -4.98932 
RMSE 0.158761 0.121657 0.695088 0.563858 
Radar 9.34188 1.78279 -4.20313 1477010454850000 
ground_truth -2.18412 8.56717 -1.82164 -4.86238 
estimate -2.20196 8.54467 -1.93909 -4.99592 
RMSE 0.158433 0.121411 0.693674 0.562743 
Lidar -2.1768 8.5411 0 1477010454900000 
ground_truth -2.27474 8.32388 -1.80365 -4.87047 
estimate -2.29891 8.29488 -1.93909 -4.99592 
RMSE 0.15811 0.121172 0.692283 0.561628 
Radar 8.61525 1.88451 -4.31162 1477010454950000 
ground_truth -2.3645 8.0802 -1.78726 -4.87778 
estimate -2.32285 8.08973 -1.74706 -4.87848 
RMSE 0.157804 0.120922 0.69085 0.560462 
Lidar -2.21875 8.15339 0 1477010455000000 
ground_truth -2.45348 7.83617 -1.77248 -4.8843 
estimate -2.41021 7.84581 -1.74706 -4.87848 
RMSE 0.157503 0.120673 0.689423 0.559303 
Radar 8.82103 1.83142 -4.16877 1477010455050000 
ground_truth -2.54177 7.59184 -1.75931 -4.89006 
estimate -2.53845 7.6023 -1.8546 -4.8774 
RMSE 0.157178 0.120427 0.68803 0.558151 
Lidar -2.59674 7.60288 0 1477010455100000 
ground_truth -2.62944 7.34723 -1.74777 -4.89507 
estimate -2.63118 7.35843 -1.8546 -4.8774 
RMSE 0.156856 0.120182 0.686653 0.557008 
Radar 8.00597 1.96604 -3.62555 1477010455150000 
ground_truth -2.71658 7.10238 -1.73786 -4.89933 
estimate -2.75472 7.09372 -1.93564 -4.93221 
RMSE 0.156554 0.119937 0.685366 0.555874 
Lidar -2.79865 7.064 0 1477010455200000 
ground_truth -2.80326 6.85734 -1.72958 -4.90286 
estimate -2.8515 6.84711 -1.93564 -4.93221 
RMSE 0.156266 0.119695 0.684098 0.554746 
Radar 7.73077 1.9406 -4.03438 1477010455250000 
ground_truth -2.88957 6.61214 -1.72295 -4.90566 
estimate -2.8651 6.71105 -1.71687 -4.64145 
RMSE 0.155957 0.119618 0.682712 0.553877 
Lidar -2.74651 6.86867 0 1477010455300000 
ground_truth -2.97559 6.36681 -1.71797 -4.90774 
estimate -2.95095 6.47897 -1.71687 -4.64145 
RMSE 0.15565 0.119589 0.681334 0.553018 
Radar 6.86915 1.95532 -3.35666 1477010455350000 
ground_truth -3.0614 6.12139 -1.71464 -4.90911 
estimate -2.98129 6.23989 -1.57091 -4.6599 
RMSE 0.155421 0.119585 0.680026 0.552132 
Lidar -2.90217 6.22989 0 1477010455400000 
ground_truth -3.14709 5.87592 -1.71297 -4.90976 
estimate -3.05984 6.00689 -1.57091 -4.6599 
RMSE 0.155207 0.119632 0.678724 0.551253 
Radar 7.04054 2.09136 -3.61806 1477010455450000 
ground_truth -3.23274 5.63043 -1.71295 -4.9097 
estimate -3.15463 5.67377 -1.61365 -4.92324 
RMSE 0.154976 0.119425 0.677399 0.550155 
Lidar -3.1778 5.53101 0 1477010455500000 
ground_truth -3.31843 5.38496 -1.71458 -4.90893 
estimate -3.23532 5.42761 -1.61365 -4.92324 
RMSE 0.154757 0.119218 0.676084 0.549063 
Radar 6.09662 2.12286 -2.99148 1477010455550000 
ground_truth -3.40424 5.13955 -1.71787 -4.90745 
estimate -3.36312 5.14996 -1.73759 -5.00605 
RMSE 0.154473 0.118984 0.674748 0.548012 
Lidar -3.43031 5.10507 0 1477010455600000 
ground_truth -3.49026 4.89422 -1.72281 -4.90525 
estimate -3.45 4.89966 -1.73759 -5.00605 
RMSE 0.154189 0.11875 0.673419 0.546968 
Radar 6.01823 2.17684 -3.19097 1477010455650000 
ground_truth -3.57657 4.64902 -1.72939 -4.90233 
estimate -3.6018 4.59684 -1.90832 -5.14417 
RMSE 0.153894 0.118562 0.67219 0.546105 
Lidar -3.69435 4.52196 0 1477010455700000 
ground_truth -3.66325 4.40398 -1.73763 -4.89868 
estimate -3.69721 4.33963 -1.90832 -5.14417 
RMSE 0.153608 0.118399 0.670961 0.545253 
Radar 5.45231 2.26901 -2.36296 1477010455750000 
ground_truth -3.75039 4.15913 -1.74749 -4.8943 
estimate -3.8791 4.06775 -2.13574 -5.18275 
RMSE 0.153519 0.118306 0.670092 0.544489 
Lidar -4.00238 4.04684 0 1477010455800000 
ground_truth -3.83806 3.91452 -1.75899 -4.88918 
estimate -3.98589 3.80861 -2.13574 -5.18275 
RMSE 0.153498 0.11826 0.669203 0.54374 
Radar 5.78015 2.35065 -2.40935 1477010455850000 
ground_truth -3.92635 3.67019 -1.77212 -4.8833 
estimate -4.00522 3.63287 -1.90573 -4.96342 
RMSE 0.153279 0.118054 0.667962 0.542712 
Lidar -3.88053 3.75177 0 1477010455900000 
ground_truth -4.01533 3.42616 -1.78686 -4.87666 
estimate -4.10051 3.3847 -1.90573 -4.96342 
RMSE 0.153075 0.117855 0.666717 0.541694 
Radar 5.75128 2.39906 -1.5502 1477010455950000 
ground_truth -4.10509 3.18248 -1.8032 -4.86925 
estimate -4.17741 3.17081 -1.85738 -4.87327 
RMSE 0.152847 0.117631 0.665447 0.540655 
Lidar -4.15119 3.21968 0 1477010456000000 
ground_truth -4.19571 2.93919 -1.82113 -4.86104 
estimate -4.27028 2.92714 -1.85738 -4.87327 
RMSE 0.152625 0.117409 0.664179 0.539623 
Radar 5.15539 2.54841 -1.02706 1477010456050000 
ground_truth -4.28727 2.69633 -1.84065 -4.85202 
estimate -4.34722 2.62859 -1.81549 -5.01762 
RMSE 0.152379 0.11726 0.662917 0.538693 
Lidar -4.32451 2.55034 0 1477010456100000 
ground_truth -4.37985 2.45393 -1.86173 -4.84218 
estimate -4.43799 2.37771 -1.81549 -5.01762 
RMSE 0.152133 0.117132 0.661667 0.53778 
Radar 4.9986 2.64081 -0.775703 1477010456150000 
ground_truth -4.47352 2.21205 -1.88436 -4.83149 
estimate -4.56317 2.11244 -1.90598 -5.05548 
RMSE 0.151945 0.11707 0.660418 0.536941 
Lidar -4.61223 2.09192 0 1477010456200000 
ground_truth -4.56836 1.97072 -1.90853 -4.81994 
estimate -4.65847 1.85966 -1.90598 -5.05548 
RMSE 0.15176 0.117048 0.659176 0.536125 
Radar 4.7059 2.71934 0.36354 1477010456250000 
ground_truth -4.66444 1.72998 -1.93422 -4.80751 
estimate -4.80098 1.57701 -2.03014 -5.13405 
RMSE 0.151706 0.117204 0.657967 0.535493 
Lidar -4.86829 1.53442 0 1477010456300000 
ground_truth -4.76186 1.48989 -1.9614 -4.79417 
estimate -4.90249 1.32031 -2.03014 -5.13405 
RMSE 0.151666 0.117442 0.656751 0.534896 
Radar 5.18451 2.86092 0.871208 1477010456350000 
ground_truth -4.86066 1.25049 -1.99007 -4.7799 
estimate -4.8654 1.15546 -1.66562 -4.89247 
RMSE 0.151384 0.117367 0.655828 0.533945 
Lidar -4.66779 1.28643 0 1477010456400000 
ground_truth -4.96095 1.01182 -2.02019 -4.76468 
estimate -4.94868 0.91084 -1.66562 -4.89247 
RMSE 0.151105 0.11731 0.654968 0.533012 
Radar 5.10777 2.92274 1.07201 1477010456450000 
ground_truth -5.06277 0.77393 -2.05174 -4.74848 
estimate -4.959 0.731946 -1.47374 -4.7196 
RMSE 0.150958 0.117122 0.6547 0.532031 
Lidar -4.85498 0.825661 0 1477010456500000 
ground_truth -5.16621 0.536876 -2.08471 -4.73127 
estimate -5.03269 0.495966 -1.47374 -4.7196 
RMSE 0.150897 0.116932 0.654545 0.531052 
Radar 4.85074 3.10427 1.75578 1477010456550000 
ground_truth -5.27133 0.300706 -2.11906 -4.71303 
estimate -5.11327 0.258884 -1.49187 -4.7225 
RMSE 0.150924 0.116746 0.654447 0.530079 
Lidar -5.1231 0.257311 0 1477010456600000 
ground_truth -5.3782 0.0654719 -2.15477 -4.69374 
estimate -5.18786 0.0227585 -1.49187 -4.7225 
RMSE 0.151087 0.116561 0.654478 0.529114 
Radar 6.00513 3.19003 1.77637 1477010456650000 
ground_truth -5.4869 -0.168772 -2.1918 -4.67335 
estimate -5.27782 -0.213208 -1.53228 -4.72208 
RMSE 0.151338 0.11638 0.654496 0.528159 
Lidar -5.29972 -0.212982 0 1477010456700000 
ground_truth -5.59748 -0.401971 -2.23014 -4.65185 
estimate -5.35443 -0.449312 -1.53228 -4.72208 
RMSE 0.15177 0.116204 0.654659 0.527218 
Radar 5.64632 -3.11599 2.50614 1477010456750000 
ground_truth -5.71001 -0.634069 -2.26974 -4.62919 
estimate -5.60523 -0.586637 -1.9904 -4.46229 
RMSE 0.151627 0.116029 0.653691 0.526361 
Lidar -5.85359 -0.445801 0 1477010456800000 
ground_truth -5.82456 -0.865006 -2.31058 -4.60536 
estimate -5.70475 -0.809751 -1.9904 -4.46229 
RMSE 0.151524 0.115867 0.652797 0.525484 
Radar 5.35867 -3.00598 3.30434 1477010456850000 
ground_truth -5.94118 -1.09472 -2.35262 -4.58032 
estimate -5.83481 -1.13006 -2.07072 -4.71791 
RMSE 0.151387 0.115679 0.651845 0.524606 
Lidar -5.87835 -1.26863 0 1477010456900000 
ground_truth -6.05993 -1.32316 -2.39581 -4.55404 
estimate -5.93835 -1.36595 -2.07072 -4.71791 
RMSE 0.151291 0.1155 0.65097 0.52376 
Radar 5.88279 -2.87871 3.2551 1477010456950000 
ground_truth -6.18087 -1.55025 -2.44014 -4.52648 
estimate -6.13701 -1.56373 -2.3209 -4.61765 
RMSE 0.151044 0.115297 0.649849 0.522855 
Lidar -6.27263 -1.50938 0 1477010457000000 
ground_truth -6.30406 -1.77593 -2.48555 -4.49762 
estimate -6.25305 -1.79461 -2.3209 -4.61765 
RMSE 0.150806 0.115098 0.64877 0.521976 
Radar 6.36176 -2.86134 4.18697 1477010457050000 
ground_truth -6.42954 -2.00014 -2.532 -4.46742 
estimate -6.35713 -2.0714 -2.28943 -4.73838 
RMSE 0.150601 0.114973 0.647783 0.521302 
Lidar -6.34007 -2.13685 0 1477010457100000 
ground_truth -6.55738 -2.22281 -2.57946 -4.43585 
estimate -6.4716 -2.30832 -2.28943 -4.73838 
RMSE 0.150422 0.114882 0.646871 0.520693 
Radar 7.32369 -2.84014 3.85602 1477010457150000 
ground_truth -6.68761 -2.44386 -2.62788 -4.40288 
estimate -6.67133 -2.50424 -2.51364 -4.63057 
RMSE 0.150161 0.114736 0.64577 0.519954 
Lidar -6.79288 -2.4458 0 1477010457200000 
ground_truth -6.82029 -2.66323 -2.6772 -4.36847 
estimate -6.79701 -2.73577 -2.51364 -4.63057 
RMSE 0.149905 0.114616 0.644713 0.519275 
Radar 7.62876 -2.78321 4.24815 1477010457250000 
ground_truth -6.95546 -2.88084 -2.7274 -4.3326 
estimate -6.87224 -3.02236 -2.38094 -4.77538 
RMSE 0.149724 0.11472 0.643914 0.519029 
Lidar -6.8003 -3.10086 0 1477010457300000 
ground_truth -7.09316 -3.09663 -2.7784 -4.29523 
estimate -6.99128 -3.26113 -2.38094 -4.77538 
RMSE 0.149584 0.11493 0.643221 0.518899 
Radar 7.83203 -2.71786 4.17322 1477010457350000 
ground_truth -7.23344 -3.3105 -2.83017 -4.25632 
estimate -7.1148 -3.40279 -2.3927 -4.51998 
RMSE 0.149488 0.11486 0.642623 0.518232 
Lidar -7.12118 -3.26434 0 1477010457400000 
ground_truth -7.37632 -3.5224 -2.88265 -4.21586 
estimate -7.23444 -3.62879 -2.3927 -4.51998 
RMSE 0.149462 0.114832 0.642159 0.517646 
Radar 8.78236 -2.65716 4.41769 1477010457450000 
ground_truth -7.52184 -3.73223 -2.93579 -4.1738 
estimate -7.41015 -3.70474 -2.54018 -4.12535 
RMSE 0.149349 0.114646 0.641474 0.516764 
Lidar -7.49009 -3.49081 0 1477010457500000 
ground_truth -7.67004 -3.93992 -2.98953 -4.13012 
estimate -7.53715 -3.91101 -2.54018 -4.12535 
RMSE 0.149296 0.114462 0.640914 0.515878 
Radar 8.46643 -2.66525 4.6454 1477010457550000 
ground_truth -7.82094 -4.14538 -3.04381 -4.08479 
estimate -7.75334 -4.19171 -2.77472 -4.32111 
RMSE 0.149093 0.114298 0.640013 0.515182 
Lidar -7.88049 -4.29783 0 1477010457600000 
ground_truth -7.97457 -4.34854 -3.09857 -4.03778 
estimate -7.89208 -4.40776 -2.77472 -4.32111 
RMSE 0.148917 0.114156 0.639202 0.51457 
Radar 9.29152 -2.62635 4.65344 1477010457650000 
ground_truth -8.13095 -4.5493 -3.15376 -3.98906 
estimate -8.11083 -4.69567 -2.98518 -4.51009 
RMSE 0.148669 0.11428 0.638194 0.514593 
Lidar -8.22492 -4.79812 0 1477010457700000 
ground_truth -8.2901 -4.74759 -3.2093 -3.93862 
estimate -8.26009 -4.92118 -2.98518 -4.51009 
RMSE 0.148428 0.114532 0.637248 0.514795 
Radar 9.79884 -2.61129 4.32196 1477010457750000 
ground_truth -8.45204 -4.94331 -3.26514 -3.88641 
estimate -8.37892 -5.12987 -2.90513 -4.46587 
RMSE 0.148239 0.114851 0.636517 0.515027 
Lidar -8.33552 -5.1059 0 1477010457800000 
ground_truth -8.61678 -5.13637 -3.32121 -3.83242 
estimate -8.52417 -5.35316 -2.90513 -4.46587 
RMSE 0.148087 0.115344 0.635905 0.51547 
Radar 9.80209 -2.63074 4.40487 1477010457850000 
ground_truth -8.78433 -5.32669 -3.37745 -3.77663 
estimate -8.77057 -5.55216 -3.17114 -4.40198 
RMSE 0.147841 0.115887 0.634953 0.515876 
Lidar -8.91477 -5.51752 0 1477010457900000 
ground_truth -8.95469 -5.51417 -3.43377 -3.71901 
estimate -8.92913 -5.77226 -3.17114 -4.40198 
RMSE 0.147602 0.116649 0.634075 0.516523 
Radar 10.6846 -2.57959 4.69636 1477010457950000 
ground_truth -9.12788 -5.69872 -3.49012 -3.65955 
estimate -9.06552 -5.91416 -3.11283 -4.19631 
RMSE 0.1474 0.117115 0.633394 0.516591 
Lidar -9.03391 -5.80267 0 1477010458000000 
ground_truth -9.30388 -5.88026 -3.54643 -3.59823 
estimate -9.22116 -6.12398 -3.11283 -4.19631 
RMSE 0.147233 0.117759 0.632837 0.516882 
Radar 10.3939 -2.59306 4.47447 1477010458050000 
ground_truth -9.4827 -6.05868 -3.60261 -3.53503 
estimate -9.34848 -6.1235 -3.03836 -3.64324 
RMSE 0.147192 0.117624 0.632623 0.516066 
Lidar -9.30811 -5.82368 0 1477010458100000 
ground_truth -9.66432 -6.23389 -3.6586 -3.46994 
estimate -9.5004 -6.30566 -3.03836 -3.64324 
RMSE 0.14725 0.117502 0.632582 0.515312 
Radar 11.7165 -2.56253 4.72734 1477010458150000 
ground_truth -9.84874 -6.4058 -3.71431 -3.40295 
estimate -9.64125 -6.5174 -3.00925 -3.72103 
RMSE 0.147488 0.117483 0.632834 0.514789 
Lidar -9.62547 -6.55958 0 1477010458200000 
ground_truth -10.0359 -6.57431 -3.76969 -3.33404 
estimate -9.79172 -6.70346 -3.00925 -3.72103 
RMSE 0.147907 0.117523 0.633292 0.514423 
Radar 12.4184 -2.60434 5.08845 1477010458250000 
ground_truth -10.2259 -6.73933 -3.82463 -3.26321 
estimate -10.0586 -6.86663 -3.31544 -3.66087 
RMSE 0.147974 0.117557 0.632928 0.514086 
Lidar -10.2246 -6.83402 0 1477010458300000 
ground_truth -10.4186 -6.90075 -3.87907 -3.19046 
estimate -10.2244 -7.04968 -3.31544 -3.66087 
RMSE 0.148148 0.117672 0.632715 0.51395 
Radar 12.2265 -2.56061 5.05486 1477010458350000 
ground_truth -10.614 -7.05849 -3.93293 -3.11577 
estimate -10.5433 -7.25699 -3.7182 -3.72469 
RMSE 0.147963 0.118023 0.631808 0.514286 
Lidar -10.7616 -7.29159 0 1477010458400000 
ground_truth -10.8121 -7.21245 -3.98613 -3.03916 
estimate -10.7292 -7.44322 -3.7182 -3.72469 
RMSE 0.147799 0.118559 0.630972 0.51493 
Radar 12.8601 -2.58139 5.08645 1477010458450000 
ground_truth -11.0128 -7.36252 -4.03859 -2.96062 
estimate -11.0416 -7.60486 -4.05085 -3.66001 
RMSE 0.14757 0.119163 0.629957 0.515629 
Lidar -11.2219 -7.56979 0 1477010458500000 
ground_truth -11.2161 -7.50862 -4.09021 -2.88015 
estimate -11.2441 -7.78786 -4.05085 -3.66001 
RMSE 0.147342 0.120018 0.628951 0.516692 
Radar 13.2295 -2.55065 4.90432 1477010458550000 
ground_truth -11.422 -7.65064 -4.14093 -2.79777 
estimate -11.3011 -7.84997 -3.66788 -3.34205 
RMSE 0.147265 0.120355 0.628514 0.516782 
Lidar -11.0934 -7.6776 0 1477010458600000 
ground_truth -11.6304 -7.78849 -4.19066 -2.71349 
estimate -11.4844 -8.01707 -3.66788 -3.34205 
RMSE 0.147261 0.120853 0.628206 0.517176 
Radar 13.6423 -2.56294 4.89282 1477010458650000 
ground_truth -11.8413 -7.92208 -4.23932 -2.6273 
estimate -11.6097 -8.03467 -3.51505 -2.94884 
RMSE 0.147605 0.120828 0.628534 0.516673 
Lidar -11.5269 -7.8215 0 1477010458700000 
ground_truth -12.0546 -8.05131 -4.28682 -2.53924 
estimate -11.7855 -8.18211 -3.51505 -2.94884 
RMSE 0.148146 0.120861 0.629039 0.516369 
Radar 14.3095 -2.55814 4.49673 1477010458750000 
ground_truth -12.2702 -8.17609 -4.33309 -2.44932 
estimate -12.0143 -8.23009 -3.65469 -2.68725 
RMSE 0.148609 0.120708 0.629201 0.515727 
Lidar -12.09 -8.08828 0 1477010458800000 
ground_truth -12.4881 -8.29633 -4.37802 -2.35756 
estimate -12.1971 -8.36445 -3.65469 -2.68725 
RMSE 0.14927 0.120579 0.629519 0.515247 
Radar 14.807 -2.56912 5.27667 1477010458850000 
ground_truth -12.7082 -8.41193 -4.42156 -2.26399 
estimate -12.3976 -8.40033 -3.70164 -2.42822 
RMSE 0.150046 0.120391 0.629822 0.514521 
Lidar -12.4231 -8.2599 0 1477010458900000 
ground_truth -12.9304 -8.5228 -4.4636 -2.16863 
estimate -12.5827 -8.52174 -3.70164 -2.42822 
RMSE 0.151067 0.120203 0.630278 0.513921 
Radar 15.153 -2.57023 4.46958 1477010458950000 
ground_truth -13.1547 -8.62886 -4.50407 -2.07151 
estimate -12.9835 -8.6443 -4.26901 -2.43125 
RMSE 0.151134 0.120019 0.629433 0.513513 
Lidar -13.2911 -8.64594 0 1477010459000000 
ground_truth -13.381 -8.73002 -4.54289 -1.97267 
estimate -13.197 -8.76586 -4.26901 -2.43125 
RMSE 0.151247 0.119849 0.62864 0.513351 
Radar 16.1868 -2.5908 5.01852 1477010459050000 
ground_truth -13.6092 -8.82619 -4.57997 -1.87214 
estimate -13.3995 -8.75897 -4.24035 -2.09341 
RMSE 0.151463 0.119722 0.62795 0.512704 
Lidar -13.384 -8.57583 0 1477010459100000 
ground_truth -13.8392 -8.91729 -4.61524 -1.76997 
estimate -13.6116 -8.86364 -4.24035 -2.09341 
RMSE 0.151757 0.119574 0.627326 0.512227 
Radar 15.9458 -2.59682 4.2878 1477010459150000 
ground_truth -14.0709 -9.00324 -4.64861 -1.6662 
estimate -13.8946 -8.97834 -4.42719 -2.11979 
RMSE 0.151839 0.119398 0.626481 0.512057 
Lidar -13.9959 -8.99264 0 1477010459200000 
ground_truth -14.3043 -9.08395 -4.68001 -1.56086 
estimate -14.116 -9.08433 -4.42719 -2.11979 
RMSE 0.151964 0.119214 0.625676 0.512208 
Radar 16.9366 -2.59554 5.12891 1477010459250000 
ground_truth -14.5391 -9.15936 -4.70936 -1.45402 
estimate -14.3744 -9.18916 -4.52469 -2.11673 
RMSE 0.152004 0.119043 0.624802 0.512735 
Lidar -14.4273 -9.1875 0 1477010459300000 
ground_truth -14.7754 -9.22939 -4.73658 -1.34573 
estimate -14.6006 -9.29499 -4.52469 -2.11673 
RMSE 0.152079 0.118917 0.623959 0.51372 
Radar 17.3041 -2.57238 4.58709 1477010459350000 
ground_truth -15.013 -9.29397 -4.76161 -1.23603 
estimate -14.9238 -9.25371 -4.77964 -1.72981 
RMSE 0.151927 0.118757 0.62301 0.513661 
Lidar -15.062 -9.04396 0 1477010459400000 
ground_truth -15.2517 -9.35302 -4.78436 -1.125 
estimate -15.1628 -9.34021 -4.77964 -1.72981 
RMSE 0.151776 0.118579 0.622066 0.513961 
Radar 18.3825 -2.58614 4.68517 1477010459450000 
ground_truth -15.4916 -9.40649 -4.80476 -1.01269 
estimate -15.5116 -9.48474 -5.06852 -1.88246 
RMSE 0.15155 0.118478 0.621294 0.515406 
Lidar -15.6682 -9.56749 0 1477010459500000 
ground_truth -15.7324 -9.45431 -4.82275 -0.899159 
estimate -15.765 -9.57886 -5.06852 -1.88246 
RMSE 0.151333 0.118496 0.620505 0.517451 
Radar 18.4821 -2.6107 4.28658 1477010459550000 
ground_truth -15.9741 -9.49642 -4.83827 -0.784484 
estimate -16.0464 -9.64215 -5.14198 -1.80137 
RMSE 0.151157 0.118588 0.619796 0.51967 
Lidar -16.0862 -9.59819 0 1477010459600000 
ground_truth -16.2164 -9.53277 -4.85124 -0.668734 
estimate -16.3035 -9.73222 -5.14198 -1.80137 
RMSE 0.151006 0.118912 0.619072 0.522579 
Radar 18.8168 -2.65166 4.3787 1477010459650000 
ground_truth -16.4594 -9.5633 -4.8616 -0.55198 
estimate -16.5038 -9.63596 -4.99264 -1.31131 
RMSE 0.1508 0.118801 0.618189 0.523446 
Lidar -16.4229 -9.37029 0 1477010459700000 
ground_truth -16.7027 -9.58797 -4.8693 -0.434301 
estimate -16.7535 -9.70152 -4.99264 -1.31131 
RMSE 0.150601 0.118785 0.617305 0.524851 
Radar 18.5335 -2.61375 4.25211 1477010459750000 
ground_truth -16.9464 -9.60673 -4.87427 -0.315773 
estimate -17.0485 -9.6283 -5.11202 -0.946305 
RMSE 0.15048 0.118615 0.616524 0.525196 
Lidar -17.1132 -9.43043 0 1477010459800000 
ground_truth -17.1903 -9.61954 -4.87646 -0.196479 
estimate -17.3041 -9.67562 -5.11202 -0.946305 
RMSE 0.150385 0.118478 0.615745 0.526002 
Radar 20.1085 -2.57124 4.57915 1477010459850000 
ground_truth -17.4342 -9.62636 -4.87583 -0.0765024 
estimate -17.5535 -9.66189 -5.09589 -0.785748 
RMSE 0.150302 0.118319 0.614952 0.526637 
Lidar -17.5448 -9.57485 0 1477010459900000 
ground_truth -17.6781 -9.62717 -4.87232 0.0440703 
estimate -17.8083 -9.70117 -5.09589 -0.785748 
RMSE 0.150247 0.118213 0.614167 0.527784 
Radar 20.4243 -2.6638 4.17748 1477010459950000 
ground_truth -17.9216 -9.62194 -4.86588 0.165151 
estimate -18.0257 -9.60959 -4.99756 -0.441535 
RMSE 0.150133 0.118042 0.613307 0.528033 
Lidar -17.9724 -9.42299 0 1477010460000000 
ground_truth -18.1648 -9.61064 -4.85648 0.286648 
estimate -18.2756 -9.63166 -4.99756 -0.441535 
RMSE 0.150033 0.117874 0.612457 0.528728 
Radar 20.4843 -2.67648 3.99555 1477010460050000 
ground_truth -18.4074 -9.59325 -4.84408 0.40847 
estimate -18.4228 -9.6357 -4.72732 -0.394084 
RMSE 0.149816 0.117725 0.611596 0.529732 
Lidar -18.2763 -9.60997 0 1477010460100000 
ground_truth -18.6493 -9.56977 -4.82864 0.530522 
estimate -18.6591 -9.6554 -4.72732 -0.394084 
RMSE 0.149599 0.117644 0.610731 0.531306 
Radar 20.6091 -2.65784 4.30292 1477010460150000 
ground_truth -18.8904 -9.54017 -4.81012 0.652707 
estimate -18.9198 -9.60929 -4.79129 -0.220978 
RMSE 0.149391 0.117533 0.609846 0.532616 
Lidar -18.9545 -9.51544 0 1477010460200000 
ground_truth -19.1305 -9.50447 -4.78851 0.774927 
estimate -19.1594 -9.62034 -4.79129 -0.220978 
RMSE 0.149183 0.117528 0.608964 0.534534 
Radar 20.7641 -2.69174 4.20813 1477010460250000 
ground_truth -19.3694 -9.46265 -4.76378 0.897083 
estimate -19.3574 -9.41177 -4.68218 0.356617 
RMSE 0.148969 0.11739 0.608102 0.534551 
Lidar -19.2983 -9.09865 0 1477010460300000 
ground_truth -19.6069 -9.41472 -4.73591 1.01907 
estimate -19.5916 -9.39394 -4.68218 0.356617 
RMSE 0.148757 0.117227 0.607234 0.534963 
Radar 21.5791 -2.7216 3.64727 1477010460350000 
ground_truth -19.8431 -9.36071 -4.70487 1.1408 
estimate -19.8452 -9.20629 -4.73364 0.803244 
RMSE 0.148544 0.11735 0.606366 0.534501 
Lidar -19.8731 -8.96417 0 1477010460400000 
ground_truth -20.0775 -9.30061 -4.67066 1.26215 
estimate -20.0819 -9.16613 -4.73364 0.803244 
RMSE 0.148332 0.117402 0.605508 0.5343 
Radar 21.7788 -2.78143 3.68183 1477010460450000 
ground_truth -20.3102 -9.23446 -4.63328 1.38303 
estimate -20.2535 -9.31999 -4.56249 0.292942 
RMSE 0.148151 0.117324 0.604657 0.536702 
Lidar -20.1607 -9.59663 0 1477010460500000 
ground_truth -20.5409 -9.16227 -4.59271 1.50334 
estimate -20.4816 -9.30535 -4.56249 0.292942 
RMSE 0.147974 0.117405 0.6038 0.539808 
Radar 22.661 -2.69707 3.79466 1477010460550000 
ground_truth -20.7696 -9.08409 -4.54895 1.62296 
estimate -20.6891 -9.13593 -4.50805 0.699985 
RMSE 0.147827 0.117271 0.602948 0.541277 
Lidar -20.6596 -8.91527 0 1477010460600000 
ground_truth -20.9959 -8.99994 -4.50202 1.74179 
estimate -20.9145 -9.10093 -4.50805 0.699985 
RMSE 0.147681 0.117228 0.602096 0.543341 
Radar 23.1722 -2.76598 3.50623 1477010460650000 
ground_truth -21.2198 -8.90987 -4.45191 1.85972 
estimate -21.0903 -8.97725 -4.37758 0.933221 
RMSE 0.147633 0.117118 0.60126 0.544799 
Lidar -21.0195 -8.85081 0 1477010460700000 
ground_truth -21.4412 -8.81393 -4.39865 1.97666 
estimate -21.3091 -8.93059 -4.37758 0.933221 
RMSE 0.147592 0.117117 0.600416 0.546836 
Radar 23.5086 -2.76519 3.3332 1477010460750000 
ground_truth -21.6597 -8.71217 -4.34224 2.0925 
estimate -21.5177 -8.87898 -4.35029 0.946252 
RMSE 0.147576 0.117285 0.599574 0.549429 
Lidar -21.5029 -8.87191 0 1477010460800000 
ground_truth -21.8754 -8.60465 -4.2827 2.20712 
estimate -21.7352 -8.83166 -4.35029 0.946252 
RMSE 0.147556 0.117734 0.598747 0.552694 
Radar 23.1693 -2.81593 2.77502 1477010460850000 
ground_truth -22.0881 -8.49143 -4.22007 2.32043 
estimate -21.9637 -8.69635 -4.3792 1.17769 
RMSE 0.147497 0.118066 0.597972 0.555209 
Lidar -21.9793 -8.57089 0 1477010460900000 
ground_truth -22.2975 -8.37258 -4.15437 2.43232 
estimate -22.1826 -8.63747 -4.3792 1.17769 
RMSE 0.147416 0.118726 0.597258 0.558366 
Radar 23.4906 -2.80745 3.30506 1477010460950000 
ground_truth -22.5035 -8.24817 -4.08564 2.5427 
estimate -22.4767 -8.48557 -4.57675 1.42232 
RMSE 0.147219 0.119218 0.59699 0.560702 
Lidar -22.5838 -8.35296 0 1477010461000000 
ground_truth -22.7061 -8.11829 -4.01391 2.65145 
estimate -22.7055 -8.41445 -4.57675 1.42232 
RMSE 0.147015 0.120067 0.596898 0.563641 
Radar 23.9093 -2.77466 2.90501 1477010461050000 
ground_truth -22.9049 -7.98301 -3.93923 2.75848 
estimate -22.9557 -8.06675 -4.63281 2.14976 
RMSE 0.146837 0.119982 0.597186 0.56377 
Lidar -22.9861 -7.6724 0 1477010461100000 
ground_truth -23.1 -7.84243 -3.86163 2.8637 
estimate -23.1873 -7.95926 -4.63281 2.14976 
RMSE 0.146706 0.119973 0.597734 0.564238 
Radar 24.7121 -2.79819 2.37553 1477010461150000 
ground_truth -23.2911 -7.69663 -3.78118 2.967 
estimate -23.4432 -7.7339 -4.6965 2.45978 
RMSE 0.146721 0.119824 0.598834 0.564089 
Lidar -23.4777 -7.56583 0 1477010461200000 
ground_truth -23.4781 -7.54572 -3.69792 3.06828 
estimate -23.678 -7.61091 -4.6965 2.45978 
RMSE 0.146893 0.119709 0.600289 0.564215 
Radar 24.5005 -2.85095 2.95743 1477010461250000 
ground_truth -23.6609 -7.3898 -3.61191 3.16746 
estimate -23.7595 -7.43547 -4.2931 2.59772 
RMSE 0.146783 0.11957 0.600524 0.564231 
Lidar -23.5408 -7.36069 0 1477010461300000 
ground_truth -23.8393 -7.22897 -3.52321 3.26445 
estimate -23.9741 -7.30558 -4.2931 2.59772 
RMSE 0.146752 0.119474 0.601049 0.564534 
Radar 24.9317 -2.87494 2.63668 1477010461350000 
ground_truth -24.0132 -7.06336 -3.43189 3.35916 
estimate -24.0855 -7.21115 -4.02161 2.50447 
RMSE 0.146601 0.11956 0.601019 0.565522 
Lidar -23.9384 -7.26171 0 1477010461400000 
ground_truth -24.1825 -6.89307 -3.33801 3.45149 
estimate -24.2866 -7.08593 -4.02161 2.50447 
RMSE 0.146503 0.119818 0.601257 0.566899 
Radar 25.0718 -2.90236 2.27024 1477010461450000 
ground_truth -24.347 -6.71823 -3.24166 3.54138 
estimate -24.3927 -6.74407 -3.77187 3.07423 
RMSE 0.146325 0.119664 0.601077 0.566654 
Lidar -24.2574 -6.4352 0 1477010461500000 
ground_truth -24.5066 -6.53896 -3.14289 3.62873 
estimate -24.5813 -6.59036 -3.77187 3.07423 
RMSE 0.146179 0.119533 0.601154 0.566621 
Radar 25.808 -2.85952 1.9332 1477010461550000 
ground_truth -24.6612 -6.35538 -3.0418 3.71347 
estimate -24.5765 -6.4372 -3.26317 3.07278 
RMSE 0.146049 0.119448 0.600457 0.566833 
Lidar -24.3008 -6.43799 0 1477010461600000 
ground_truth -24.8107 -6.16764 -2.93846 3.79553 
estimate -24.7397 -6.28356 -3.26317 3.07278 
RMSE 0.1459 0.119439 0.599888 0.567307 
Radar 25.3337 -2.90212 1.88951 1477010461650000 
ground_truth -24.955 -5.97587 -2.83295 3.87484 
estimate -25.0031 -6.04298 -3.52677 3.30145 
RMSE 0.145727 0.11933 0.600158 0.567323 
Lidar -25.146 -5.91902 0 1477010461700000 
ground_truth -25.094 -5.7802 -2.72537 3.95132 
estimate -25.1794 -5.87791 -3.52677 3.30145 
RMSE 0.145599 0.119277 0.600783 0.567559 
Radar 25.3991 -2.94252 1.81437 1477010461750000 
ground_truth -25.2276 -5.58079 -2.61581 4.02492 
estimate -25.2891 -5.68434 -3.35151 3.37638 
RMSE 0.145441 0.119238 0.601181 0.567789 
Lidar -25.1941 -5.64372 0 1477010461800000 
ground_truth -25.3556 -5.37777 -2.50435 4.09557 
estimate -25.4567 -5.51552 -3.35151 3.37638 
RMSE 0.145341 0.119291 0.601964 0.568243 
Radar 26.1059 -2.93168 1.92108 1477010461850000 
ground_truth -25.4779 -5.1713 -2.39109 4.16322 
estimate -25.6024 -5.246 -3.29405 3.64125 
RMSE 0.14529 0.119195 0.602956 0.568125 
Lidar -25.5713 -5.10241 0 1477010461900000 
ground_truth -25.5946 -4.96152 -2.27613 4.22781 
estimate -25.7671 -5.06393 -3.29405 3.64125 
RMSE 0.145368 0.119154 0.604422 0.568175 
Radar 25.8634 -2.88519 1.92658 1477010461950000 
ground_truth -25.7055 -4.7486 -2.15956 4.2893 
estimate -25.8343 -4.88932 -3.03748 3.62165 
RMSE 0.145327 0.119216 0.605302 0.568459 
Lidar -25.6952 -4.89995 0 1477010462000000 
ground_truth -25.8105 -4.53268 -2.04149 4.34764 
estimate -25.9861 -4.70824 -3.03748 3.62165 
RMSE 0.145414 0.119398 0.606653 0.568928 
Radar 26.1896 -2.97252 1.63348 1477010462050000 
ground_truth -25.9096 -4.31392 -1.92202 4.40279 
estimate -26.0611 -4.41974 -2.83535 3.90416 
RMSE 0.145431 0.119365 0.607655 0.568756 
Lidar -25.9516 -4.26659 0 1477010462100000 
ground_truth -26.0027 -4.0925 -1.80125 4.45471 
estimate -26.2029 -4.22453 -2.83535 3.90416 
RMSE 0.1456 0.1194 0.609154 0.568709 
Radar 27.2593 -2.978 0.843194 1477010462150000 
ground_truth -26.0897 -3.86856 -1.67928 4.50337 
estimate -26.252 -3.88418 -2.59153 4.28591 
RMSE 0.145646 0.119247 0.610136 0.568078 
Lidar -26.1198 -3.67723 0 1477010462200000 
ground_truth -26.1706 -3.64227 -1.55623 4.54875 
estimate -26.3816 -3.66988 -2.59153 4.28591 
RMSE 0.145853 0.119101 0.61162 0.567499 
Radar 26.8438 -2.9974 0.594495 1477010462250000 
ground_truth -26.2453 -3.41381 -1.4322 4.59081 
estimate -26.2993 -3.36969 -2.03449 4.51182 
RMSE 0.14569 0.118968 0.611596 0.56678 
Lidar -25.9974 -3.24722 0 1477010462300000 
ground_truth -26.3138 -3.18332 -1.30729 4.62954 
estimate -26.4011 -3.1441 -2.03449 4.51182 
RMSE 0.14557 0.118831 0.611922 0.566081 
Radar 26.4694 -3.0276 0.430728 1477010462350000 
ground_truth -26.376 -2.95098 -1.18162 4.66493 
estimate -26.3673 -2.90216 -1.67814 4.55481 
RMSE 0.145383 0.118704 0.611653 0.56538 
Lidar -26.1741 -2.87885 0 1477010462400000 
ground_truth -26.4319 -2.71697 -1.05529 4.69696 
estimate -26.4512 -2.67442 -1.67814 4.55481 
RMSE 0.1452 0.118571 0.611682 0.564701 
Radar 26.6919 -3.01199 0.454246 1477010462450000 
ground_truth -26.4815 -2.48143 -0.928411 4.72562 
estimate -26.5924 -2.56699 -1.82877 4.2384 
RMSE 0.145123 0.118499 0.612594 0.564516 
Lidar -26.674 -2.73852 0 1477010462500000 
ground_truth -26.5247 -2.24456 -0.80109 4.75091 
estimate -26.6838 -2.35507 -1.82877 4.2384 
RMSE 0.14516 0.118479 0.61401 0.56439 
Radar 26.7127 -3.07702 0.496758 1477010462550000 
ground_truth -26.5616 -2.0065 -0.673434 4.77284 
estimate -26.7315 -2.15559 -1.71371 4.20567 
RMSE 0.145228 0.118567 0.615469 0.564397 
Lidar -26.6691 -2.17333 0 1477010462600000 
ground_truth -26.5921 -1.76744 -0.545553 4.79141 
estimate -26.8172 -1.94531 -1.71371 4.20567 
RMSE 0.145487 0.118755 0.617498 0.564452 
Radar 26.358 -3.09139 0.423345 1477010462650000 
ground_truth -26.6161 -1.52753 -0.417552 4.80664 
estimate -26.7232 -1.65136 -1.24124 4.42571 
RMSE 0.145402 0.118768 0.618107 0.564063 
Lidar -26.4671 -1.53207 0 1477010462700000 
ground_truth -26.6338 -1.28695 -0.289538 4.81852 
estimate -26.7853 -1.43007 -1.24124 4.42571 
RMSE 0.145418 0.118836 0.619176 0.563696 
Radar 26.5906 -3.05894 -0.249844 1477010462750000 
ground_truth -26.6451 -1.04586 -0.161616 4.8271 
estimate -26.7453 -1.18157 -0.972781 4.4973 
RMSE 0.145322 0.118881 0.619734 0.563229 
Lidar -26.5998 -1.14277 0 1477010462800000 
ground_truth -26.65 -0.804425 -0.0338883 4.83238 
estimate -26.7939 -0.956706 -0.972781 4.4973 
RMSE 0.145318 0.118977 0.620742 0.562771 
Radar 27.2525 -3.08003 -0.161527 1477010462850000 
ground_truth -26.6485 -0.562811 0.0935412 4.83439 
estimate -26.7984 -0.67559 -0.856662 4.64524 
RMSE 0.14533 0.118962 0.621786 0.562145 
Lidar -26.7355 -0.59539 0 1477010462900000 
ground_truth -26.6406 -0.321181 0.220572 4.83317 
estimate -26.8412 -0.443328 -0.856662 4.64524 
RMSE 0.145494 0.11897 0.62334 0.561521 
Radar 26.9891 -3.14289 -0.611633 1477010462950000 
ground_truth -26.6264 -0.0796947 0.347104 4.82874 
estimate -26.7073 -0.0992124 -0.39181 4.93942 
RMSE 0.145369 0.118826 0.623654 0.560848 
Lidar -26.4553 0.0602653 0 1477010463000000 
ground_truth -26.6059 0.161489 0.473041 4.82116 
estimate -26.7269 0.147759 -0.39181 4.93942 
RMSE 0.145313 0.11868 0.62437 0.560181 
Radar 26.9541 3.13651 -0.730319 1477010463050000 
ground_truth -26.5792 0.402213 0.598287 4.81045 
estimate -26.6944 0.469407 -0.254799 5.13582 
RMSE 0.145246 0.11858 0.625041 0.55972 
Lidar -26.6201 0.57588 0 1477010463100000 
ground_truth -26.5462 0.642323 0.722748 4.79667 
estimate -26.7072 0.726198 -0.254799 5.13582 
RMSE 0.145288 0.118506 0.626159 0.559281 
Radar 26.8268 3.12737 -0.525282 1477010463150000 
ground_truth -26.5069 0.881666 0.846334 4.77986 
estimate -26.7238 1.01508 -0.264985 5.22021 
RMSE 0.145508 0.118545 0.627819 0.559019 
Lidar -26.7293 1.06082 0 1477010463200000 
ground_truth -26.4616 1.12009 0.968955 4.76007 
estimate -26.737 1.27609 -0.264985 5.22021 
RMSE 0.14597 0.118652 0.630028 0.558797 
Radar 26.0865 3.0416 -0.379773 1477010463250000 
ground_truth -26.4101 1.35745 1.09053 4.73737 
estimate -26.6053 1.4897 0.116274 5.09556 
RMSE 0.146111 0.118687 0.631104 0.558392 
Lidar -26.3986 1.42212 0 1477010463300000 
ground_truth -26.3526 1.59361 1.21096 4.71181 
estimate -26.5995 1.74448 0.116274 5.09556 
RMSE 0.146443 0.118777 0.632656 0.558031 
Radar 26.5132 3.16286 -0.674688 1477010463350000 
ground_truth -26.2891 1.82841 1.33018 4.68345 
estimate -26.4971 1.91429 0.370236 4.87209 
RMSE 0.146625 0.118708 0.633662 0.557426 
Lidar -26.3594 1.79315 0 1477010463400000 
ground_truth -26.2197 2.06173 1.44811 4.65235 
estimate -26.4786 2.1579 0.370236 4.87209 
RMSE 0.147003 0.118658 0.635124 0.556852 
Radar 26.4109 3.07231 -1.06212 1477010463450000 
ground_truth -26.1444 2.29342 1.56467 4.61859 
estimate -26.3736 2.31217 0.597825 4.63715 
RMSE 0.147259 0.118517 0.636141 0.556175 
Lidar -26.2502 2.18481 0 1477010463500000 
ground_truth -26.0633 2.52336 1.67979 4.58223 
estimate -26.3437 2.54403 0.597825 4.63715 
RMSE 0.147728 0.118378 0.6376 0.555506 
Radar 26.1685 3.05439 -0.855942 1477010463550000 
ground_truth -25.9765 2.75141 1.79339 4.54334 
estimate -26.2109 2.78872 0.868504 4.6709 
RMSE 0.147999 0.118248 0.638452 0.554869 
Lidar -26.0641 2.80701 0 1477010463600000 
ground_truth -25.8841 2.97746 1.90543 4.502 
estimate -26.1674 3.02226 0.868504 4.6709 
RMSE 0.148474 0.118126 0.639714 0.55426 
Radar 26.4965 3.02722 -1.60779 1477010463650000 
ground_truth -25.7861 3.20139 2.01582 4.45828 
estimate -26.0047 3.32352 1.18241 4.84898 
RMSE 0.148683 0.118136 0.640251 0.553924 
Lidar -25.8345 3.42005 0 1477010463700000 
ground_truth -25.6826 3.42306 2.12452 4.41227 
estimate -25.9455 3.56596 1.18241 4.84898 
RMSE 0.149063 0.118202 0.641147 0.553672 
Radar 26.4473 2.99994 -1.43601 1477010463750000 
ground_truth -25.5737 3.64239 2.23146 4.36404 
estimate -25.7958 3.73696 1.42072 4.66105 
RMSE 0.149281 0.118151 0.641607 0.553199 
Lidar -25.6666 3.63509 0 1477010463800000 
ground_truth -25.4596 3.85924 2.3366 4.31367 
estimate -25.7248 3.97001 1.42072 4.66105 
RMSE 0.149665 0.118133 0.642403 0.552798 
Radar 25.7684 3.0197 -1.63152 1477010463850000 
ground_truth -25.3402 4.07353 2.43989 4.26125 
estimate -25.6931 4.11922 1.31716 4.44053 
RMSE 0.150477 0.118013 0.643976 0.552208 
Lidar -25.7492 3.99968 0 1477010463900000 
ground_truth -25.2157 4.28514 2.54127 4.20686 
estimate -25.6272 4.34125 1.31716 4.44053 
RMSE 0.151633 0.117905 0.645976 0.551668 
Radar 25.6284 2.99447 -1.70553 1477010463950000 
ground_truth -25.0863 4.49399 2.64071 4.15058 
estimate -25.3388 4.54874 1.90259 4.40232 
RMSE 0.151952 0.117795 0.646211 0.551149 
Lidar -25.0214 4.52803 0 1477010464000000 
ground_truth -24.9518 4.69998 2.73817 4.09251 
estimate -25.2437 4.76886 1.90259 4.40232 
RMSE 0.152436 0.117703 0.646725 0.550702 
Radar 24.6515 2.96589 -1.64191 1477010464050000 
ground_truth -24.8126 4.90303 2.83361 4.03273 
estimate -25.1023 4.94611 2.02427 4.28958 
RMSE 0.152905 0.117582 0.647158 0.550192 
Lidar -25.0363 4.88499 0 1477010464100000 
ground_truth -24.6686 5.10304 2.92701 3.97132 
estimate -25.0011 5.16059 2.02427 4.28958 
RMSE 0.153576 0.117477 0.647879 0.54976 
Radar 24.8606 2.94075 -1.97394 1477010464150000 
ground_truth -24.5201 5.29995 3.01833 3.90839 
estimate -24.7367 5.36594 2.45329 4.26558 
RMSE 0.153754 0.117382 0.647697 0.549386 
Lidar -24.5041 5.35293 0 1477010464200000 
ground_truth -24.367 5.49367 3.10754 3.84401 
estimate -24.6141 5.57922 2.45329 4.26558 
RMSE 0.15404 0.117318 0.647712 0.549121 
Radar 24.9946 2.93014 -2.49278 1477010464250000 
ground_truth -24.2095 5.68414 3.19464 3.77827 
estimate -24.3366 5.71789 2.8604 4.06936 
RMSE 0.153982 0.117192 0.647155 0.548659 
Lidar -24.1159 5.61152 0 1477010464300000 
ground_truth -24.0477 5.8713 3.27959 3.71127 
estimate -24.1936 5.92136 2.8604 4.06936 
RMSE 0.153964 0.11708 0.646716 0.548291 
Radar 25.0204 2.95025 -2.65249 1477010464350000 
ground_truth -23.8818 6.05508 3.36239 3.64309 
estimate -23.9948 6.05019 3.00705 3.87306 
RMSE 0.153881 0.116943 0.64619 0.547764 
Lidar -23.9153 5.94377 0 1477010464400000 
ground_truth -23.7117 6.23542 3.44302 3.57383 
estimate -23.8444 6.24384 3.00705 3.87306 
RMSE 0.153835 0.116808 0.645781 0.547317 
Radar 24.4151 2.87445 -1.95451 1477010464450000 
ground_truth -23.5377 6.41227 3.52148 3.50357 
estimate -23.6747 6.37711 3.05801 3.71425 
RMSE 0.153798 0.116685 0.645417 0.546776 
Lidar -23.6471 6.29102 0 1477010464500000 
ground_truth -23.3598 6.58559 3.59775 3.4324 
estimate -23.5218 6.56282 3.05801 3.71425 
RMSE 0.153818 0.116555 0.645192 0.546311 
Radar 24.6376 2.87303 -2.30561 1477010464550000 
ground_truth -23.1781 6.75533 3.67185 3.36041 
estimate -23.2209 6.79524 3.44728 3.83707 
RMSE 0.153654 0.116436 0.644537 0.54616 
Lidar -23.0099 6.86182 0 1477010464600000 
ground_truth -22.9928 6.92146 3.74376 3.28768 
estimate -23.0485 6.98709 3.44728 3.83707 
RMSE 0.1535 0.116344 0.643952 0.546168 
Radar 23.4984 2.89476 -2.54438 1477010464650000 
ground_truth -22.804 7.08393 3.8135 3.21431 
estimate -22.8032 7.13115 3.63925 3.71137 
RMSE 0.153323 0.116232 0.643265 0.54606 
Lidar -22.6991 7.063 0 1477010464700000 
ground_truth -22.6117 7.24273 3.88106 3.14038 
estimate -22.6212 7.31672 3.63925 3.71137 
RMSE 0.153148 0.116153 0.642632 0.546118 
Radar 23.4155 2.84865 -2.96974 1477010464750000 
ground_truth -22.4161 7.39782 3.94647 3.06598 
estimate -22.4677 7.42518 3.56438 3.50857 
RMSE 0.152993 0.116028 0.642156 0.545904 
Lidar -22.5083 7.31524 0 1477010464800000 
ground_truth -22.2173 7.54917 4.00974 2.99118 
estimate -22.2895 7.60061 3.56438 3.50857 
RMSE 0.152857 0.115921 0.641775 0.54584 
Radar 23.4113 2.79945 -3.47701 1477010464850000 
ground_truth -22.0154 7.69679 4.07087 2.91607 
estimate -22.1457 7.74254 3.47396 3.42048 
RMSE 0.152809 0.11581 0.641677 0.54575 
Lidar -22.1947 7.69478 0 1477010464900000 
ground_truth -21.8105 7.84064 4.12989 2.84074 
estimate -21.972 7.91356 3.47396 3.42048 
RMSE 0.15283 0.11573 0.64171 0.545829 
Radar 23.43 2.74571 -2.70768 1477010464950000 
ground_truth -21.6026 7.98072 4.18681 2.76526 
estimate -21.736 8.02498 3.63768 3.26371 
RMSE 0.152788 0.115618 0.641515 0.545726 
Lidar -21.6473 7.94 0 1477010465000000 
ground_truth -21.392 8.11703 4.24166 2.68971 
estimate -21.5541 8.18817 3.63768 3.26371 
RMSE 0.15281 0.115537 0.641432 0.545792 
Radar 23.2089 2.79945 -2.9496 1477010465050000 
ground_truth -21.1787 8.24957 4.29447 2.61417 
estimate -21.2539 8.13738 3.94886 2.70094 
RMSE 0.152679 0.115529 0.640918 0.545191 
Lidar -21.0853 7.83229 0 1477010465100000 
ground_truth -20.9628 8.37833 4.34526 2.53871 
estimate -21.0565 8.27242 3.94886 2.70094 
RMSE 0.152572 0.115509 0.640473 0.544631 
Radar 22.551 2.71718 -2.6054 1477010465150000 
ground_truth -20.7444 8.50333 4.39406 2.46341 
estimate -20.9386 8.44967 3.73974 2.81193 
RMSE 0.152678 0.115407 0.640504 0.54427 
Lidar -21.0519 8.50983 0 1477010465200000 
ground_truth -20.5237 8.62457 4.4409 2.38835 
estimate -20.7516 8.59027 3.73974 2.81193 
RMSE 0.152888 0.115289 0.640646 0.544029 
Radar 22.036 2.70046 -3.40066 1477010465250000 
ground_truth -20.3006 8.74206 4.48582 2.31358 
estimate -20.4184 8.71366 4.1242 2.76669 
RMSE 0.152819 0.115168 0.640158 0.543843 
Lidar -20.21 8.68914 0 1477010465300000 
ground_truth -20.0753 8.85583 4.52884 2.23919 
estimate -20.2122 8.852 4.1242 2.76669 
RMSE 0.152785 0.115039 0.639729 0.543807 
Radar 22.0803 2.72903 -2.81105 1477010465350000 
ground_truth -19.848 8.96589 4.57001 2.16524 
estimate -20.0296 8.93959 4.06211 2.63323 
RMSE 0.152855 0.114918 0.639465 0.54365 
Lidar -20.0633 8.86724 0 1477010465400000 
ground_truth -19.6186 9.07227 4.60937 2.09179 
estimate -19.8265 9.07125 4.06211 2.63323 
RMSE 0.152999 0.11479 0.639275 0.543645 
Radar 21.7757 2.72649 -2.79998 1477010465450000 
ground_truth -19.3873 9.17499 4.64694 2.01891 
estimate -19.5668 9.10551 4.21098 2.37707 
RMSE 0.153063 0.114709 0.638896 0.543304 
Lidar -19.4861 8.96665 0 1477010465500000 
ground_truth -19.1542 9.27409 4.68278 1.94666 
estimate -19.3562 9.22437 4.21098 2.37707 
RMSE 0.153189 0.114606 0.638575 0.54308 
Radar 21.1919 2.63907 -3.30678 1477010465550000 
ground_truth -18.9193 9.36959 4.71692 1.8751 
estimate -18.9531 9.28084 4.71737 2.21301 
RMSE 0.153028 0.114555 0.637869 0.542712 
Lidar -18.6786 9.19191 0 1477010465600000 
ground_truth -18.6827 9.46154 4.7494 1.80429 
estimate -18.7173 9.39149 4.71737 2.21301 
RMSE 0.152868 0.114476 0.637168 0.542454 
Radar 21.2718 2.70567 -3.3833 1477010465650000 
ground_truth -18.4446 9.54996 4.78028 1.73429 
estimate -18.4578 9.48828 4.77943 2.17656 
RMSE 0.152701 0.114387 0.636468 0.542254 
Lidar -18.4242 9.46852 0 1477010465700000 
ground_truth -18.2049 9.63492 4.80959 1.66514 
estimate -18.2188 9.59711 4.77943 2.17656 
RMSE 0.152535 0.114275 0.635771 0.542188 
Radar 20.15 2.6938 -3.97127 1477010465750000 
ground_truth -17.9639 9.71643 4.83737 1.59691 
estimate -17.8949 9.7137 5.00303 2.19698 
RMSE 0.152402 0.11415 0.635122 0.542321 
Lidar -17.7736 9.72478 0 1477010465800000 
ground_truth -17.7214 9.79457 4.86368 1.52964 
estimate -17.6447 9.82355 5.00303 2.19698 
RMSE 0.152278 0.114034 0.634462 0.542626 
Radar 19.9101 2.61668 -3.29532 1477010465850000 
ground_truth -17.4777 9.86936 4.88856 1.46338 
estimate -17.3735 9.91184 5.05829 2.14027 
RMSE 0.15219 0.113927 0.63382 0.542954 
Lidar -17.3436 9.88109 0 1477010465900000 
ground_truth -17.2328 9.94087 4.91205 1.39818 
estimate -17.1206 10.0189 5.05829 2.14027 
RMSE 0.152114 0.113861 0.633167 0.543466 
Radar 19.9648 2.60466 -3.6641 1477010465950000 
ground_truth -16.9868 10.0091 4.93421 1.33408 
estimate -16.8759 10.1337 5.03677 2.161 
RMSE 0.152037 0.113885 0.632498 0.544241 
Lidar -16.8876 10.145 0 1477010466000000 
ground_truth -16.7396 10.0743 4.95507 1.27113 
estimate -16.6241 10.2418 5.03677 2.161 
RMSE 0.151967 0.114029 0.631825 0.545226 
Radar 19.4316 2.59454 -3.65134 1477010466050000 
ground_truth -16.4915 10.1362 4.97469 1.20937 
estimate -16.4312 10.3331 4.8816 2.11685 
RMSE 0.151829 0.114272 0.631157 0.546267 
Lidar -16.5153 10.3091 0 1477010466100000 
ground_truth -16.2424 10.1952 4.99311 1.14883 
estimate -16.1871 10.4389 4.8816 2.11685 
RMSE 0.151687 0.114708 0.630498 0.547526 
Radar 19.2581 2.55982 -3.71646 1477010466150000 
ground_truth -15.9924 10.2511 5.01039 1.08956 
estimate -15.969 10.3962 4.81341 1.72605 
RMSE 0.151528 0.114782 0.629886 0.547732 
Lidar -16.006 10.1843 0 1477010466200000 
ground_truth -15.7416 10.3041 5.02655 1.03159 
estimate -15.7283 10.4825 4.81341 1.72605 
RMSE 0.151366 0.114956 0.629287 0.548089 
Radar 18.8573 2.55678 -3.53147 1477010466250000 
ground_truth -15.4899 10.3543 5.04166 0.974957 
estimate -15.5215 10.4128 4.72425 1.31583 
RMSE 0.151211 0.114865 0.628784 0.547729 
Lidar -15.5699 10.1904 0 1477010466300000 
ground_truth -15.2376 10.4016 5.05576 0.919692 
estimate -15.2853 10.4786 4.72425 1.31583 
RMSE 0.151066 0.114797 0.628299 0.54745 
Radar 17.9383 2.48774 -4.22288 1477010466350000 
ground_truth -14.9846 10.4462 5.06889 0.865828 
estimate -15.0027 10.5146 4.84637 1.23756 
RMSE 0.150907 0.114718 0.627713 0.547136 
Lidar -14.9365 10.4722 0 1477010466400000 
ground_truth -14.7309 10.4882 5.0811 0.813394 
estimate -14.7604 10.5765 4.84637 1.23756 
RMSE 0.150752 0.114668 0.627138 0.546903 
Radar 17.5963 2.56215 -3.31788 1477010466450000 
ground_truth -14.4766 10.5276 5.09243 0.762418 
estimate -14.473 10.4667 4.96479 0.786144 
RMSE 0.150592 0.114581 0.6265 0.546323 
Lidar -14.4088 10.222 0 1477010466500000 
ground_truth -14.2218 10.5645 5.10293 0.712926 
estimate -14.2248 10.506 4.96479 0.786144 
RMSE 0.150433 0.114491 0.625868 0.545755 
Radar 17.4348 2.49358 -3.80261 1477010466550000 
ground_truth -13.9665 10.5989 5.11263 0.664944 
estimate -13.9058 10.7073 5.15093 1.21223 
RMSE 0.1503 0.114478 0.625209 0.545758 
Lidar -13.8049 10.9383 0 1477010466600000 
ground_truth -13.7107 10.631 5.12159 0.618496 
estimate -13.6482 10.768 5.15093 1.21223 
RMSE 0.150169 0.114531 0.62455 0.545864 
Radar 17.1981 2.46371 -3.3139 1477010466650000 
ground_truth -13.4545 10.6608 5.12983 0.573603 
estimate -13.3762 10.7144 5.18895 0.912042 
RMSE 0.150053 0.114436 0.623898 0.54551 
Lidar -13.3556 10.5517 0 1477010466700000 
ground_truth -13.1979 10.6884 5.13741 0.530288 
estimate -13.1168 10.76 5.18895 0.912042 
RMSE 0.149942 0.114363 0.623247 0.545217 
Radar 16.8616 2.44537 -3.74352 1477010466750000 
ground_truth -12.9409 10.7138 5.14436 0.48857 
estimate -12.8993 10.8898 5.07865 1.1335 
RMSE 0.149797 0.114527 0.622601 0.545446 
Lidar -12.9591 11.0099 0 1477010466800000 
ground_truth -12.6836 10.7373 5.15071 0.448467 
estimate -12.6453 10.9465 5.07865 1.1335 
RMSE 0.14965 0.114807 0.621958 0.545775 
Radar 16.633 2.39881 -3.4553 1477010466850000 
ground_truth -12.426 10.7587 5.15651 0.409997 
estimate -12.3831 10.8407 5.1004 0.706265 
RMSE 0.149507 0.114748 0.621314 0.545373 
Lidar -12.3713 10.6091 0 1477010466900000 
ground_truth -12.1681 10.7783 5.16179 0.373177 
estimate -12.1281 10.8761 5.1004 0.706265 
RMSE 0.149362 0.114716 0.620672 0.545017 
Radar 16.1744 2.40076 -3.36125 1477010466950000 
ground_truth -11.91 10.7961 5.16658 0.338022 
estimate -11.9028 10.9691 5.02233 0.858194 
RMSE 0.149207 0.114868 0.620062 0.544966 
Lidar -11.9451 11.0515 0 1477010467000000 
ground_truth -11.6516 10.8121 5.17092 0.304546 
estimate -11.6517 11.012 5.02233 0.858194 
RMSE 0.149052 0.115109 0.619455 0.544984 
Radar 15.5125 2.35632 -3.45673 1477010467050000 
ground_truth -11.393 10.8265 5.17484 0.272761 
estimate -11.4229 11.0078 4.96347 0.734282 
RMSE 0.148904 0.115286 0.618888 0.544825 
Lidar -11.4548 10.9407 0 1477010467100000 
ground_truth -11.1342 10.8394 5.17836 0.242681 
estimate -11.1747 11.0446 4.96347 0.734282 
RMSE 0.148762 0.115543 0.618326 0.54472 
Radar 15.4675 2.39443 -4.4497 1477010467150000 
ground_truth -10.8753 10.8509 5.18153 0.214317 
estimate -10.7923 10.9168 5.31661 0.301657 
RMSE 0.148656 0.115463 0.617719 0.544173 
Lidar -10.6009 10.6823 0 1477010467200000 
ground_truth -10.6161 10.8609 5.18435 0.187679 
estimate -10.5265 10.9319 5.31661 0.301657 
RMSE 0.148559 0.115389 0.617112 0.543637 
Radar 15.1985 2.34779 -3.72809 1477010467250000 
ground_truth -10.3569 10.8697 5.18687 0.162776 
estimate -10.324 10.9171 5.15008 0.223275 
RMSE 0.148413 0.11529 0.61648 0.543086 
Lidar -10.4142 10.8747 0 1477010467300000 
ground_truth -10.0976 10.8772 5.1891 0.139618 
estimate -10.0665 10.9283 5.15008 0.223275 
RMSE 0.148268 0.115195 0.615851 0.542542 
Radar 14.9701 2.29374 -2.90921 1477010467350000 
ground_truth -9.83809 10.8837 5.19106 0.118212 
estimate -9.81946 11.007 5.12243 0.400805 
RMSE 0.148119 0.115213 0.615229 0.542138 
Lidar -9.83445 11.1032 0 1477010467400000 
ground_truth -9.57852 10.8891 5.19278 0.0985664 
estimate -9.56334 11.027 5.12243 0.400805 
RMSE 0.147969 0.115264 0.614609 0.541756 
Radar 14.5278 2.34866 -3.34851 1477010467450000 
ground_truth -9.31887 10.8936 5.19428 0.0806865 
estimate -9.30696 11.042 5.1231 0.38748 
RMSE 0.147819 0.115341 0.613991 0.541381 
Lidar -9.3066 11.0348 0 1477010467500000 
ground_truth -9.05915 10.8972 5.19557 0.0645787 
estimate -9.05081 11.0614 5.1231 0.38748 
RMSE 0.14767 0.115461 0.613375 0.541027 
Radar 13.8648 2.29853 -3.20344 1477010467550000 
ground_truth -8.79937 10.9001 5.19667 0.050248 
estimate -8.79232 11.0766 5.12924 0.376559 
RMSE 0.14752 0.115617 0.61276 0.540678 
Lidar -8.78899 11.0707 0 1477010467600000 
ground_truth -8.53953 10.9023 5.19759 0.0376992 
estimate -8.53585 11.0954 5.12924 0.376559 
RMSE 0.147371 0.115827 0.612148 0.540345 
Radar 13.3705 2.29307 -3.21572 1477010467650000 
ground_truth -8.27965 10.9039 5.19835 0.0269359 
estimate -8.41999 10.926 4.75947 -0.118466 
RMSE 0.147357 0.115714 0.611847 0.539839 
Lidar -8.62045 10.6577 0 1477010467700000 
ground_truth -8.01974 10.905 5.19896 0.0179617 
estimate -8.18201 10.9201 4.75947 -0.118466 
RMSE 0.147388 0.115599 0.611548 0.539329 
Radar 13.646 2.18959 -2.98721 1477010467750000 
ground_truth -7.75979 10.9057 5.19942 0.0107791 
estimate -7.76912 10.9497 5.21953 -0.02492 
RMSE 0.147241 0.1155 0.610934 0.538788 
Lidar -7.51971 11.0005 0 1477010467800000 
ground_truth -7.49981 10.9061 5.19975 0.00539029 
estimate -7.50814 10.9485 5.21953 -0.02492 
RMSE 0.147093 0.115399 0.610321 0.538249 
Radar 12.8856 2.1693 -2.77937 1477010467850000 
ground_truth -7.23983 10.9063 5.19994 0.00179692 
estimate -7.20971 10.8927 5.31803 -0.16826 
RMSE 0.146952 0.115285 0.609732 0.537763 
Lidar -7.15631 10.815 0 1477010467900000 
