Listening to port 4567
Connected!!!
EKF: 
ground_truth 0.6 0.6 5.19994 0 
estimate 0.312243 0.58034 1 1 
RMSE 0.287757 0.0196602 4.19994 1 
Lidar 0.312243 0.58034 0 1477010443000000 
ground_truth 0.859997 0.600045 5.19975 0.00179686 
estimate 0.812616 0.692064 7.1225 1.33983 
RMSE 0.206215 0.0665356 3.26623 1.18117 
Radar 1.01489 0.554329 4.89281 1477010443050000 
ground_truth 1.11998 0.600225 5.19943 0.00538996 
estimate 1.16874 0.759055 7.1225 1.33983 
RMSE 0.170711 0.106585 2.88875 1.23438 
Lidar 1.17385 0.481073 0 1477010443100000 
ground_truth 1.37996 0.600629 5.19898 0.0107781 
estimate 0.847895 0.321244 3.8674 2.64134 
RMSE 0.304349 0.167434 2.58881 1.69491 
Radar 1.04751 0.38924 4.51132 1477010443150000 
ground_truth 1.6399 0.601347 5.19839 0.0179597 
estimate 1.04127 0.453311 3.8674 2.64134 
RMSE 0.381807 0.163739 2.39079 1.91693 
Lidar 1.65063 0.62469 0 1477010443200000 
ground_truth 1.89982 0.60247 5.19766 0.0269323 
estimate 1.48348 0.520994 4.84872 1.71041 
RMSE 0.387777 0.153129 2.18712 1.88003 
Radar 1.6983 0.29828 5.20999 1477010443250000 
ground_truth 2.1597 0.604086 5.19678 0.0376932 
estimate 1.72591 0.606514 4.84872 1.71041 
RMSE 0.39468 0.141772 2.02915 1.85184 
Lidar 2.18882 0.648739 0 1477010443300000 
ground_truth 2.41954 0.606284 5.19573 0.0502389 
estimate 2.0158 0.639561 4.94111 1.35562 
RMSE 0.395823 0.133137 1.90023 1.79266 
Radar 2.04438 0.276002 5.04387 1477010443350000 
ground_truth 2.67932 0.609155 5.1945 0.0645654 
estimate 2.26286 0.707342 4.94111 1.35562 
RMSE 0.39817 0.129719 1.79354 1.74407 
Lidar 2.65526 0.66598 0 1477010443400000 
ground_truth 2.93904 0.612786 5.19309 0.080668 
estimate 2.64516 0.703604 5.17536 0.846472 
RMSE 0.389001 0.126369 1.70152 1.6722 
Radar 2.99092 0.217668 5.19181 1477010443450000 
ground_truth 3.19869 0.617267 5.19147 0.0985415 
estimate 2.90392 0.745928 5.17536 0.846472 
RMSE 0.381398 0.126579 1.62234 1.61024 
Lidar 3.01222 0.637046 0 1477010443500000 
ground_truth 3.45825 0.622685 5.18963 0.11818 
estimate 3.28403 0.662982 5.3197 0.230687 
RMSE 0.368608 0.121748 1.55372 1.54203 
Radar 3.59388 0.135452 5.16175 1477010443550000 
ground_truth 3.71772 0.62913 5.18754 0.139576 
estimate 3.55002 0.674517 5.3197 0.230687 
RMSE 0.357188 0.117647 1.49322 1.48175 
Lidar 3.89365 0.311793 0 1477010443600000 
ground_truth 3.97708 0.636689 5.18519 0.162724 
estimate 3.87716 0.671864 5.43804 0.147126 
RMSE 0.34523 0.113756 1.44049 1.42786 
Radar 4.25555 0.16484 5.43333 1477010443650000 
ground_truth 4.23632 0.645449 5.18256 0.187614 
estimate 4.14906 0.67922 5.43804 0.147126 
RMSE 0.334284 0.110244 1.39321 1.37948 
Lidar 4.30935 0.578564 0 1477010443700000 
ground_truth 4.49542 0.655498 5.17962 0.214238 
estimate 4.42745 0.677645 5.32054 0.0936299 
RMSE 0.324115 0.106887 1.34943 1.33602 
Radar 4.67026 0.14818 5.12085 1477010443750000 
ground_truth 4.75437 0.666921 5.17634 0.242587 
estimate 4.69347 0.682326 5.32054 0.0936299 
RMSE 0.314784 0.103763 1.3096 1.29663 
Lidar 4.35143 0.899174 0 1477010443800000 
ground_truth 5.01315 0.679804 5.1727 0.272649 
estimate 4.96102 0.668808 5.11791 0.00977721 
RMSE 0.306162 0.100873 1.27277 1.26162 
Radar 5.25142 0.127163 4.82591 1477010443850000 
ground_truth 5.27175 0.694234 5.16867 0.304413 
estimate 5.21692 0.669296 5.11791 0.00977721 
RMSE 0.298262 0.098349 1.23888 1.22983 
Lidar 5.51894 0.648233 0 1477010443900000 
ground_truth 5.53013 0.710295 5.16422 0.337868 
estimate 5.46851 0.669125 5.27099 0.0274593 
RMSE 0.291036 0.0962998 1.20775 1.2007 
Radar 5.26729 0.121683 5.42351 1477010443950000 
ground_truth 5.78828 0.728072 5.15932 0.372999 
estimate 5.73206 0.670498 5.27099 0.0274593 
RMSE 0.284287 0.094815 1.17889 1.17419 
Lidar 6.022 0.708619 0 1477010444000000 
ground_truth 6.04618 0.747647 5.15393 0.409793 
estimate 5.97447 0.574888 5.10726 -0.241 
RMSE 0.278171 0.0996889 1.15183 1.15555 
Radar 5.90575 0.0633 4.87968 1477010444050000 
ground_truth 6.30379 0.769103 5.14803 0.448233 
estimate 6.22983 0.562838 5.10726 -0.241 
RMSE 0.272493 0.106563 1.12654 1.13925 
Lidar 6.34249 0.948833 0 1477010444100000 
ground_truth 6.5611 0.792523 5.14157 0.488305 
estimate 6.48869 0.637051 5.07288 -0.0255095 
RMSE 0.267165 0.109039 1.10291 1.12019 
Radar 6.67392 0.125614 5.00687 1477010444150000 
ground_truth 6.81808 0.817988 5.13452 0.52999 
estimate 6.74234 0.635775 5.07288 -0.0255095 
RMSE 0.262205 0.112881 1.0807 1.10316 
Lidar 6.78214 0.714036 0 1477010444200000 
ground_truth 7.07469 0.845578 5.12685 0.573269 
estimate 7.00123 0.626026 4.89479 -0.0619847 
RMSE 0.257517 0.118769 1.06069 1.08889 
Radar 7.31844 0.0862923 4.64911 1477010444250000 
ground_truth 7.3309 0.875373 5.11851 0.618123 
estimate 7.24597 0.622926 4.89479 -0.0619847 
RMSE 0.253231 0.126269 1.04175 1.07652 
Lidar 7.13735 0.957217 0 1477010444300000 
ground_truth 7.58668 0.907449 5.10946 0.664531 
estimate 7.58257 0.668042 5.21765 0.0570079 
RMSE 0.248669 0.13199 1.02319 1.06334 
Radar 8.12494 0.101047 5.46424 1477010444350000 
ground_truth 7.84199 0.941886 5.09966 0.712469 
estimate 7.84345 0.670893 5.21765 0.0570079 
RMSE 0.244344 0.139115 1.00563 1.05191 
Lidar 7.80533 0.719126 0 1477010444400000 
ground_truth 8.0968 0.978759 5.08907 0.761915 
estimate 8.10287 0.726769 5.00559 0.161418 
RMSE 0.24024 0.144307 0.988844 1.04003 
Radar 8.45095 0.104862 4.75054 1477010444450000 
ground_truth 8.35106 1.01814 5.07766 0.812843 
estimate 8.35315 0.73484 5.00559 0.161418 
RMSE 0.236333 0.150804 0.97285 1.02978 
Lidar 8.24796 0.840322 0 1477010444500000 
ground_truth 8.60472 1.06011 5.06537 0.865226 
estimate 8.61715 0.943132 5.25676 0.61783 
RMSE 0.232622 0.149862 0.958126 1.01451 
Radar 8.57549 0.165312 5.5806 1477010444550000 
ground_truth 8.85775 1.10473 5.05216 0.919037 
estimate 8.87999 0.974024 5.25676 0.61783 
RMSE 0.229103 0.149318 0.944169 1.00039 
Lidar 8.74615 1.04858 0 1477010444600000 
ground_truth 9.1101 1.15208 5.03798 0.974245 
estimate 9.20919 1.02909 5.27371 0.656312 
RMSE 0.226347 0.14861 0.931059 0.987077 
Radar 9.94666 0.115056 5.2408 1477010444650000 
ground_truth 9.36172 1.20223 5.0228 1.03082 
estimate 9.47288 1.06191 5.27371 0.656312 
RMSE 0.22388 0.14838 0.918641 0.974931 
Lidar 9.25579 1.04913 0 1477010444700000 
ground_truth 9.61255 1.25524 5.00656 1.08873 
estimate 9.76573 1.20182 5.27555 0.870128 
RMSE 0.22222 0.146575 0.906901 0.961985 
Radar 10.216 0.14981 5.31165 1477010444750000 
ground_truth 9.86254 1.31118 4.98922 1.14794 
estimate 10.0295 1.24533 5.27555 0.870128 
RMSE 0.220909 0.144986 0.895799 0.949995 
Lidar 10.0484 1.44598 0 1477010444800000 
ground_truth 10.1117 1.37011 4.97074 1.20841 
estimate 10.2778 1.39061 5.00619 1.04225 
RMSE 0.219642 0.143104 0.883953 0.937799 
Radar 10.6781 0.162309 4.80661 1477010444850000 
ground_truth 10.3598 1.4321 4.95106 1.2701 
estimate 10.5281 1.44272 5.00619 1.04225 
RMSE 0.218476 0.141268 0.872591 0.926417 
Lidar 10.2492 1.45907 0 1477010444900000 
ground_truth 10.6069 1.49721 4.93014 1.33298 
estimate 10.7548 1.53769 4.74044 1.0927 
RMSE 0.216991 0.139637 0.862136 0.915552 
Radar 11.0406 0.154906 4.56401 1477010444950000 
ground_truth 10.853 1.56549 4.90794 1.39701 
estimate 10.9918 1.59232 4.74044 1.0927 
RMSE 0.215422 0.137988 0.851959 0.905566 
Lidar 10.7313 1.45265 0 1477010445000000 
ground_truth 11.0979 1.637 4.8844 1.46213 
estimate 11.2753 1.59096 4.91498 1.00029 
RMSE 0.214594 0.13652 0.841769 0.897554 
Radar 11.5668 0.123838 5.14205 1477010445050000 
ground_truth 11.3416 1.71179 4.85948 1.52832 
estimate 11.521 1.64098 4.91498 1.00029 
RMSE 0.213842 0.135355 0.831967 0.890703 
Lidar 11.587 1.61462 0 1477010445100000 
ground_truth 11.584 1.78992 4.83313 1.59551 
estimate 11.7336 1.65593 4.83701 0.933803 
RMSE 0.212597 0.135324 0.822458 0.886156 
Radar 11.5791 0.133321 4.86948 1477010445150000 
ground_truth 11.8251 1.87144 4.80531 1.66366 
estimate 11.9755 1.70262 4.83701 0.933803 
RMSE 0.211414 0.136158 0.813282 0.882983 
Lidar 11.7788 1.74591 0 1477010445200000 
ground_truth 12.0647 1.95639 4.77598 1.73273 
estimate 12.223 1.85642 4.98181 1.14667 
RMSE 0.210401 0.135474 0.804966 0.877597 
Radar 12.3248 0.175289 5.27755 1477010445250000 
ground_truth 12.3029 2.04482 4.74508 1.80265 
estimate 12.4721 1.91376 4.98181 1.14667 
RMSE 0.209608 0.135382 0.797105 0.873468 
Lidar 12.3226 1.78353 0 1477010445300000 
ground_truth 12.5394 2.13677 4.71257 1.87338 
estimate 12.7219 1.92927 5.08749 1.09068 
RMSE 0.209078 0.137271 0.790612 0.871673 
Radar 12.6709 0.140728 5.31674 1477010445350000 
ground_truth 12.7743 2.23227 4.67842 1.94485 
estimate 12.9762 1.9838 5.08749 1.09068 
RMSE 0.208935 0.140423 0.784682 0.871319 
Lidar 12.5924 2.17509 0 1477010445400000 
ground_truth 13.0075 2.33137 4.64258 2.01701 
estimate 13.2321 2.19451 5.17356 1.37352 
RMSE 0.209261 0.140353 0.780417 0.867349 
Radar 13.4856 0.198883 5.44642 1477010445450000 
ground_truth 13.2388 2.43409 4.605 2.08981 
estimate 13.4908 2.26318 5.17356 1.37352 
RMSE 0.210183 0.141015 0.776818 0.864641 
Lidar 13.0875 2.40708 0 1477010445500000 
ground_truth 13.4682 2.54047 4.56565 2.16317 
estimate 13.5827 2.54387 4.65303 1.6871 
RMSE 0.208757 0.139654 0.769408 0.858828 
Radar 13.0871 0.241065 4.51275 1477010445550000 
ground_truth 13.6955 2.65053 4.52448 2.23703 
estimate 13.8154 2.62822 4.65303 1.6871 
RMSE 0.207432 0.138364 0.76232 0.854034 
Lidar 13.836 2.62479 0 1477010445600000 
ground_truth 13.9208 2.7643 4.48147 2.31134 
estimate 14.0215 2.72097 4.59605 1.69791 
RMSE 0.205959 0.137203 0.755389 0.850198 
Radar 14.0988 0.19551 4.80612 1477010445650000 
ground_truth 14.1439 2.88179 4.43656 2.38601 
estimate 14.2513 2.80586 4.59605 1.69791 
RMSE 0.204593 0.136335 0.748799 0.847527 
Lidar 14.2106 2.94205 0 1477010445700000 
ground_truth 14.3646 3.00303 4.38974 2.46099 
estimate 14.5121 2.89381 4.79178 1.7349 
RMSE 0.203713 0.135899 0.744026 0.845512 
Radar 14.8371 0.194676 5.23337 1477010445750000 
ground_truth 14.583 3.12802 4.34097 2.5362 
estimate 14.7517 2.98055 4.79178 1.7349 
RMSE 0.20315 0.13611 0.739883 0.844756 
Lidar 14.4616 2.90734 0 1477010445800000 
ground_truth 14.7989 3.25679 4.29021 2.61157 
estimate 14.9461 3.28741 4.76157 2.09746 
RMSE 0.202317 0.134992 0.736084 0.840159 
Radar 15.2004 0.263587 5.15707 1477010445850000 
ground_truth 15.0122 3.38932 4.23744 2.68703 
estimate 15.1842 3.39228 4.76157 2.09746 
RMSE 0.201841 0.133843 0.733002 0.836537 
Lidar 15.0261 3.5067 0 1477010445900000 
ground_truth 15.2228 3.52563 4.18263 2.76249 
estimate 15.3759 3.63316 4.50207 2.26342 
RMSE 0.201125 0.133447 0.728037 0.832035 
Radar 15.9183 0.263598 4.66589 1477010445950000 
ground_truth 15.4306 3.66572 4.12575 2.83789 
estimate 15.601 3.74633 4.50207 2.26342 
RMSE 0.200658 0.132751 0.723651 0.828458 
Lidar 15.5236 3.82936 0 1477010446000000 
ground_truth 15.6355 3.80957 4.06678 2.91315 
estimate 15.8225 3.75448 4.47118 2.09344 
RMSE 0.200444 0.131861 0.719626 0.828318 
Radar 16.089 0.213597 4.78562 1477010446050000 
ground_truth 15.8375 3.95719 4.00571 2.98817 
estimate 16.046 3.85915 4.47118 2.09344 
RMSE 0.200575 0.131393 0.716297 0.829414 
Lidar 15.9774 4.00094 0 1477010446100000 
ground_truth 16.0363 4.10854 3.94251 3.0629 
estimate 16.2441 4.00829 4.25351 2.11338 
RMSE 0.20069 0.130963 0.711741 0.831424 
Radar 16.8729 0.252565 4.40994 1477010446150000 
ground_truth 16.2319 4.26363 3.87716 3.13723 
estimate 16.4567 4.11396 4.25351 2.11338 
RMSE 0.201083 0.131271 0.707786 0.83472 
Lidar 16.3313 4.44499 0 1477010446200000 
ground_truth 16.4242 4.42242 3.80966 3.21109 
estimate 16.6754 4.27712 4.28031 2.2046 
RMSE 0.201936 0.131495 0.704789 0.837585 
Radar 17.3477 0.261345 4.72541 1477010446250000 
ground_truth 16.613 4.5849 3.74 3.28438 
estimate 16.8894 4.38735 4.28031 2.2046 
RMSE 0.203247 0.132723 0.702617 0.841713 
Lidar 16.6039 4.67344 0 1477010446300000 
ground_truth 16.7983 4.75103 3.66817 3.35704 
estimate 17.0227 4.61261 3.84916 2.28422 
RMSE 0.203574 0.132808 0.697777 0.845569 
Radar 17.6757 0.292764 3.91006 1477010446350000 
ground_truth 16.9799 4.92077 3.59416 3.42897 
estimate 17.2152 4.72682 3.84916 2.28422 
RMSE 0.204068 0.133894 0.693382 0.850657 
Lidar 16.9955 5.21099 0 1477010446400000 
ground_truth 17.1579 5.09409 3.51797 3.50008 
estimate 17.4026 4.79724 3.81815 2.21281 
RMSE 0.204705 0.137587 0.689346 0.858459 
Radar 17.9537 0.261769 4.23232 1477010446450000 
ground_truth 17.3319 5.27094 3.4396 3.57028 
estimate 17.5935 4.90788 3.81815 2.21281 
RMSE 0.205616 0.143249 0.685947 0.867483 
Lidar 17.2894 5.43542 0 1477010446500000 
ground_truth 17.5019 5.45128 3.35907 3.63949 
estimate 17.7674 4.95755 3.72704 2.10452 
RMSE 0.206566 0.153691 0.682546 0.880227 
Radar 18.2733 0.262734 4.05972 1477010446550000 
ground_truth 17.6679 5.63506 3.27637 3.70762 
estimate 17.9538 5.06278 3.72704 2.10452 
RMSE 0.207856 0.166685 0.679904 0.894086 
Lidar 17.7853 5.62476 0 1477010446600000 
ground_truth 17.8297 5.82221 3.19151 3.77458 
estimate 18.0723 5.36011 3.50137 2.33864 
RMSE 0.208365 0.174052 0.676254 0.903577 
Radar 18.9222 0.326645 3.86213 1477010446650000 
ground_truth 17.9872 6.01269 3.10453 3.84027 
estimate 18.2474 5.47704 3.50137 2.33864 
RMSE 0.209141 0.183618 0.673292 0.914128 
Lidar 18.1263 6.16985 0 1477010446700000 
ground_truth 18.1402 6.20641 3.01542 3.90462 
estimate 18.3578 5.85827 3.40926 2.71112 
RMSE 0.209254 0.186726 0.670372 0.918356 
Radar 19.3547 0.35846 4.07937 1477010446750000 
ground_truth 18.2888 6.40332 2.92421 3.96753 
estimate 18.5283 5.99382 3.40926 2.71112 
RMSE 0.209675 0.19129 0.668294 0.92354 
Lidar 18.2164 6.66138 0 1477010446800000 
ground_truth 18.4328 6.60333 2.83093 4.0289 
estimate 18.6294 6.31588 3.21979 2.93599 
RMSE 0.209513 0.192826 0.665455 0.925908 
Radar 19.6966 0.364545 3.87628 1477010446850000 
ground_truth 18.572 6.80638 2.7356 4.08867 
estimate 18.7904 6.46268 3.21979 2.93599 
RMSE 0.209628 0.195465 0.66347 0.929124 
Lidar 18.5422 6.76013 0 1477010446900000 
ground_truth 18.7064 7.01237 2.63825 4.14672 
estimate 18.9205 6.75072 3.20143 3.14078 
RMSE 0.209685 0.19643 0.66231 0.930123 
Radar 20.1556 0.367622 4.11203 1477010446950000 
ground_truth 18.8359 7.22122 2.53893 4.20299 
estimate 19.0806 6.90776 3.20143 3.14078 
RMSE 0.210153 0.198296 0.662312 0.931868 
Lidar 19.1441 7.18344 0 1477010447000000 
ground_truth 18.9604 7.43283 2.43767 4.25737 
estimate 19.1301 7.12445 2.85419 3.1411 
RMSE 0.209707 0.200004 0.659866 0.934336 
Radar 19.9701 0.379671 3.50583 1477010447050000 
ground_truth 19.0798 7.64712 2.3345 4.3098 
estimate 19.2728 7.28151 2.85419 3.1411 
RMSE 0.209514 0.202806 0.658355 0.937509 
Lidar 19.0138 7.8688 0 1477010447100000 
ground_truth 19.1939 7.86397 2.22949 4.36017 
estimate 19.3956 7.48951 2.82257 3.20816 
RMSE 0.209422 0.205693 0.657616 0.94035 
Radar 20.7779 0.37828 3.78648 1477010447150000 
ground_truth 19.3028 8.08329 2.12266 4.40842 
estimate 19.5367 7.64992 2.82257 3.20816 
RMSE 0.209727 0.209813 0.65813 0.943824 
Lidar 19.132 8.12845 0 1477010447200000 
ground_truth 19.4062 8.30497 2.01409 4.45445 
estimate 19.594 7.90301 2.71488 3.33774 
RMSE 0.209486 0.213046 0.658642 0.946016 
Radar 20.7048 0.405728 3.77514 1477010447250000 
ground_truth 19.5042 8.5289 1.90381 4.49819 
estimate 19.7298 8.0699 2.71488 3.33774 
RMSE 0.209678 0.217459 0.660593 0.948756 
Lidar 19.347 8.30741 0 1477010447300000 
ground_truth 19.5966 8.75494 1.7919 4.53956 
estimate 19.8226 8.24688 2.51182 3.28203 
RMSE 0.20987 0.2229 0.661297 0.952827 
Radar 21.3856 0.401578 3.38244 1477010447350000 
ground_truth 19.6835 8.983 1.67841 4.57848 
estimate 19.9482 8.41098 2.51182 3.28203 
RMSE 0.210567 0.229788 0.663479 0.957373 
Lidar 20.0039 8.8906 0 1477010447400000 
ground_truth 19.7645 9.21294 1.56341 4.61488 
estimate 19.9699 8.75445 2.22201 3.44416 
RMSE 0.21051 0.233563 0.663425 0.960004 
Radar 21.7806 0.450652 3.22397 1477010447450000 
ground_truth 19.8398 9.44463 1.44697 4.64869 
estimate 20.081 8.92666 2.22201 3.44416 
RMSE 0.210871 0.238538 0.664754 0.963029 
Lidar 20.1574 9.45949 0 1477010447500000 
ground_truth 19.9093 9.67795 1.32916 4.67984 
estimate 20.0823 9.22413 1.90384 3.51765 
RMSE 0.210497 0.24191 0.66384 0.965414 
Radar 21.9129 0.461931 2.96707 1477010447550000 
ground_truth 19.9728 9.91275 1.21005 4.70826 
estimate 20.1775 9.40001 1.90384 3.51765 
RMSE 0.210437 0.24641 0.66417 0.968115 
Lidar 20.1573 9.90876 0 1477010447600000 
ground_truth 20.0303 10.1489 1.08972 4.73389 
estimate 20.084 10.0116 1.67455 4.0921 
RMSE 0.209387 0.245505 0.663375 0.965224 
Radar 22.3983 0.541745 3.37282 1477010447650000 
ground_truth 20.0818 10.3863 0.968259 4.75666 
estimate 20.1677 10.2162 1.67455 4.0921 
RMSE 0.208469 0.244832 0.663842 0.962548 
Lidar 20.166 10.4687 0 1477010447700000 
ground_truth 20.1271 10.6247 0.845742 4.77652 
estimate 20.156 10.466 1.3523 4.02762 
RMSE 0.207401 0.244091 0.662396 0.960567 
Radar 22.4479 0.502078 2.77693 1477010447750000 
ground_truth 20.1663 10.864 0.722256 4.7934 
estimate 20.2236 10.6674 1.3523 4.02762 
RMSE 0.206411 0.243649 0.66207 0.958761 
Lidar 20.371 11.0109 0 1477010447800000 
ground_truth 20.1993 11.1041 0.597892 4.80727 
estimate 20.1314 11.1763 1.08575 4.38224 
RMSE 0.20547 0.242512 0.660525 0.954823 
Radar 23.0204 0.565755 3.01803 1477010447850000 
ground_truth 20.2261 11.3449 0.472738 4.81807 
estimate 20.1857 11.3954 1.08575 4.38224 
RMSE 0.20447 0.241338 0.660062 0.950998 
Lidar 20.3164 11.3483 0 1477010447900000 
ground_truth 20.2466 11.5861 0.346889 4.82575 
estimate 20.0703 11.686 0.522923 4.23705 
RMSE 0.204208 0.240336 0.656989 0.94806 
Radar 22.776 0.567455 2.08835 1477010447950000 
ground_truth 20.2608 11.8275 0.220439 4.83027 
estimate 20.0964 11.8978 0.522923 4.23705 
RMSE 0.203852 0.239245 0.654421 0.9452 
Lidar 20.6141 11.9422 0 1477010448000000 
ground_truth 20.2687 12.0692 0.093487 4.83159 
estimate 20.1241 12.1145 0.660618 4.34482 
RMSE 0.203354 0.238112 0.653622 0.941789 
Radar 23.2786 0.540021 3.0094 1477010448050000 
ground_truth 20.2701 12.3108 -0.0338694 4.82968 
estimate 20.1571 12.3318 0.660618 4.34482 
RMSE 0.202671 0.236962 0.654031 0.938423 
Lidar 20.3263 12.4966 0 1477010448100000 
ground_truth 20.2652 12.5522 -0.161529 4.82451 
estimate 20.1461 12.4829 0.315615 4.05053 
RMSE 0.202033 0.235918 0.652558 0.93698 
Radar 23.5919 0.557529 1.9646 1477010448150000 
ground_truth 20.254 12.7933 -0.28939 4.81605 
estimate 20.1618 12.6855 0.315615 4.05053 
RMSE 0.201269 0.235028 0.652122 0.935495 
Lidar 20.498 12.8924 0 1477010448200000 
ground_truth 20.2363 13.0339 -0.417348 4.80428 
estimate 20.2874 12.7307 0.365496 3.78371 
RMSE 0.200379 0.235763 0.653477 0.936334 
Radar 24.2413 0.530035 2.16265 1477010448250000 
ground_truth 20.2122 13.2738 -0.545298 4.78918 
estimate 20.3057 12.9199 0.365496 3.78371 
RMSE 0.199645 0.23714 0.656349 0.937003 
Lidar 20.1943 13.1688 0 1477010448300000 
ground_truth 20.1818 13.5129 -0.673135 4.77072 
estimate 20.2366 13.1928 0.17867 3.83189 
RMSE 0.198788 0.23804 0.658425 0.93702 
Radar 24.0255 0.59787 2.13842 1477010448350000 
ground_truth 20.1449 13.7509 -0.800753 4.74892 
estimate 20.2455 13.3844 0.17867 3.83189 
RMSE 0.198109 0.239532 0.662078 0.936839 
Lidar 20.3245 13.8896 0 1477010448400000 
ground_truth 20.1017 13.9878 -0.928043 4.72374 
estimate 20.2499 13.5311 -0.00195045 3.63852 
RMSE 0.197712 0.242385 0.66495 0.938293 
Radar 24.4284 0.587035 1.74881 1477010448450000 
ground_truth 20.0521 14.2233 -1.0549 4.69521 
estimate 20.2498 13.713 -0.00195045 3.63852 
RMSE 0.197711 0.246104 0.66945 0.939427 
Lidar 20.1216 14.337 0 1477010448500000 
ground_truth 19.9962 14.4573 -1.18121 4.66331 
estimate 20.1387 13.9922 -0.2499 3.67055 
RMSE 0.197287 0.248914 0.67224 0.939916 
Radar 24.3813 0.632018 1.7308 1477010448550000 
ground_truth 19.934 14.6897 -1.30687 4.62805 
estimate 20.1262 14.1757 -0.2499 3.67055 
RMSE 0.197243 0.252483 0.676605 0.940073 
Lidar 19.781 14.773 0 1477010448600000 
ground_truth 19.8655 14.9202 -1.43177 4.58944 
estimate 20.1267 14.2859 -0.2911 3.53391 
RMSE 0.197894 0.258298 0.68205 0.941148 
Radar 24.5168 0.60859 1.71283 1477010448650000 
ground_truth 19.7908 15.1486 -1.55581 4.54751 
estimate 20.1121 14.4625 -0.2911 3.53391 
RMSE 0.199298 0.265011 0.689242 0.941802 
Lidar 20.0208 15.2053 0 1477010448700000 
ground_truth 19.7099 15.3749 -1.67887 4.50226 
estimate 20.0087 14.6747 -0.858755 3.18991 
RMSE 0.200368 0.271757 0.690477 0.945617 
Radar 25.2206 0.654048 0.480334 1477010448750000 
ground_truth 19.6229 15.5989 -1.80085 4.45372 
estimate 19.9658 14.8342 -0.858755 3.18991 
RMSE 0.202013 0.279675 0.693014 0.948789 
Lidar 19.9131 15.554 0 1477010448800000 
ground_truth 19.5298 15.8203 -1.92164 4.40193 
estimate 19.9174 15.0022 -0.897883 3.17158 
RMSE 0.204296 0.288491 0.696477 0.951525 
Radar 25.0031 0.647734 1.13996 1477010448850000 
ground_truth 19.4307 16.039 -2.04114 4.3469 
estimate 19.8725 15.1608 -0.897883 3.17158 
RMSE 0.207428 0.298345 0.701419 0.953624 
Lidar 19.4748 16.0098 0 1477010448900000 
ground_truth 19.3257 16.2549 -2.15925 4.28868 
estimate 19.7009 15.4675 -1.06642 3.33623 
RMSE 0.209382 0.305671 0.705578 0.953614 
Radar 24.9602 0.695945 1.21175 1477010448950000 
ground_truth 19.2148 16.4679 -2.27586 4.22731 
estimate 19.6476 15.6344 -1.06642 3.33623 
RMSE 0.212194 0.313694 0.711207 0.953114 
Lidar 19.238 16.2719 0 1477010449000000 
ground_truth 19.0981 16.6777 -2.39087 4.16284 
estimate 19.5306 15.8522 -1.32059 3.22859 
RMSE 0.21492 0.321221 0.714883 0.952961 
Radar 25.3368 0.698647 0.722698 1477010449050000 
ground_truth 18.9757 16.8841 -2.50418 4.0953 
estimate 19.4646 16.0136 -1.32059 3.22859 
RMSE 0.218536 0.329402 0.719925 0.952291 
Lidar 19.0029 16.8387 0 1477010449100000 
ground_truth 18.8477 17.0872 -2.61571 4.02476 
estimate 19.221 16.3707 -1.91123 3.09264 
RMSE 0.22022 0.33432 0.719802 0.95213 
Radar 25.8559 0.754598 -0.0612346 1477010449150000 
ground_truth 18.7142 17.2866 -2.72534 3.95127 
estimate 19.1255 16.5253 -1.91123 3.09264 
RMSE 0.222401 0.33987 0.720606 0.951419 
Lidar 18.6148 17.3832 0 1477010449200000 
ground_truth 18.5752 17.4822 -2.83299 3.87489 
estimate 18.9862 16.7862 -1.84031 3.34993 
RMSE 0.224522 0.344152 0.723168 0.948789 
Radar 25.3807 0.735616 1.06382 1477010449250000 
ground_truth 18.4309 17.674 -2.93858 3.79568 
estimate 18.8942 16.9537 -1.84031 3.34993 
RMSE 0.227382 0.348702 0.726878 0.945874 
Lidar 18.1023 17.5529 0 1477010449300000 
ground_truth 18.2814 17.8617 -3.042 3.71372 
estimate 18.7072 17.1886 -2.02242 3.35587 
RMSE 0.229598 0.352397 0.72962 0.942703 
Radar 25.2941 0.763391 0.672333 1477010449350000 
ground_truth 18.1268 18.0453 -3.14318 3.62906 
estimate 18.6061 17.3564 -2.02242 3.35587 
RMSE 0.232568 0.356231 0.733455 0.93935 
Lidar 18.2094 18.0461 0 1477010449400000 
ground_truth 17.9671 18.2246 -3.24204 3.5418 
estimate 18.4699 17.4546 -2.31715 2.98512 
RMSE 0.235831 0.361227 0.735118 0.937003 
Radar 25.3208 0.762942 -0.0928738 1477010449450000 
ground_truth 17.8026 18.3994 -3.3385 3.45199 
estimate 18.3541 17.6038 -2.31715 2.98512 
RMSE 0.239819 0.366499 0.737723 0.93431 
Lidar 17.9018 18.2183 0 1477010449500000 
ground_truth 17.6334 18.5697 -3.43247 3.35973 
estimate 18.2971 17.7634 -2.3402 2.88589 
RMSE 0.245794 0.371791 0.741047 0.931678 
Radar 26.1624 0.765956 0.152289 1477010449550000 
ground_truth 17.4595 18.7353 -3.5239 3.26509 
estimate 18.1801 17.9077 -2.3402 2.88589 
RMSE 0.252715 0.377279 0.745357 0.928751 
Lidar 17.3845 18.7039 0 1477010449600000 
ground_truth 17.281 18.8962 -3.61271 3.16817 
estimate 18.0124 18.0248 -2.57118 2.65251 
RMSE 0.259577 0.383332 0.748002 0.92635 
Radar 25.368 0.793358 -0.253429 1477010449650000 
ground_truth 17.0983 19.0521 -3.69883 3.06904 
estimate 17.8838 18.1574 -2.57118 2.65251 
RMSE 0.267305 0.389596 0.751519 0.923609 
Lidar 17.1762 18.8863 0 1477010449700000 
ground_truth 16.9113 19.203 -3.78221 2.9678 
estimate 17.5542 18.5302 -2.92281 2.79789 
RMSE 0.271968 0.392425 0.752369 0.920323 
Radar 26.0053 0.861368 -0.164065 1477010449750000 
ground_truth 16.7201 19.3488 -3.86278 2.86455 
estimate 17.4081 18.6701 -2.92281 2.79789 
RMSE 0.277275 0.395266 0.753908 0.916975 
Lidar 16.5734 19.052 0 1477010449800000 
ground_truth 16.5251 19.4894 -3.9405 2.75938 
estimate 17.0224 19.0292 -3.39858 2.80024 
RMSE 0.279493 0.395775 0.752586 0.913653 
Radar 25.889 0.896317 -0.530322 1477010449850000 
ground_truth 16.3262 19.6246 -4.01531 2.65237 
estimate 16.8525 19.1692 -3.39858 2.80024 
RMSE 0.282041 0.396237 0.751697 0.910447 
Lidar 16.2338 19.6171 0 1477010449900000 
ground_truth 16.1237 19.7545 -4.08716 2.54364 
estimate 16.7292 19.086 -3.48636 2.32712 
RMSE 0.285653 0.398841 0.750726 0.907375 
Radar 24.5786 0.838291 -0.8677 1477010449950000 
ground_truth 15.9176 19.8789 -4.15602 2.43329 
estimate 16.5549 19.2024 -3.48636 2.32712 
RMSE 0.289653 0.401488 0.750182 0.904195 
Lidar 15.9243 19.8703 0 1477010450000000 
ground_truth 15.7082 19.9978 -4.22185 2.32141 
estimate 16.3646 19.3158 -3.48782 2.34983 
RMSE 0.293839 0.404144 0.75007 0.901009 
Radar 25.1552 0.869372 -0.422421 1477010450050000 
ground_truth 15.4956 20.111 -4.28461 2.2081 
estimate 16.1902 19.4333 -3.48782 2.34983 
RMSE 0.298516 0.406697 0.750406 0.897931 
Lidar 15.4332 20.1836 0 1477010450100000 
ground_truth 15.2799 20.2185 -4.34427 2.09347 
estimate 15.6604 19.8725 -4.04161 2.53259 
RMSE 0.299162 0.406307 0.748221 0.895556 
Radar 25.7265 0.978244 -0.746329 1477010450150000 
ground_truth 15.0613 20.3203 -4.4008 1.97763 
estimate 15.4583 19.9991 -4.04161 2.53259 
RMSE 0.299946 0.405781 0.746233 0.893652 
Lidar 15.2016 20.4385 0 1477010450200000 
ground_truth 14.84 20.4162 -4.4542 1.86068 
estimate 15.2038 20.066 -4.22654 2.25044 
RMSE 0.30043 0.405426 0.743912 0.89117 
Radar 24.8149 0.934393 -1.0454 1477010450250000 
ground_truth 14.6161 20.5063 -4.50443 1.74272 
estimate 14.9925 20.1785 -4.22654 2.25044 
RMSE 0.301011 0.404948 0.741732 0.88912 
Lidar 14.6665 20.6088 0 1477010450300000 
ground_truth 14.3897 20.5904 -4.55149 1.62386 
estimate 14.5965 20.3875 -4.59545 2.10257 
RMSE 0.300474 0.403922 0.73923 0.886985 
Radar 25.1535 0.988122 -1.29602 1477010450350000 
ground_truth 14.1611 20.6686 -4.59537 1.50421 
estimate 14.3667 20.4926 -4.59545 2.10257 
RMSE 0.299937 0.402823 0.736745 0.885361 
Lidar 14.0521 20.5924 0 1477010450400000 
ground_truth 13.9304 20.7408 -4.63606 1.38386 
estimate 14.0831 20.5931 -4.78793 1.84924 
RMSE 0.299195 0.401659 0.73439 0.883223 
Radar 25.0236 0.985547 -1.50011 1477010450450000 
ground_truth 13.6977 20.807 -4.67357 1.26294 
estimate 13.8437 20.6855 -4.78793 1.84924 
RMSE 0.298439 0.400449 0.732014 0.881586 
Lidar 13.4686 20.7253 0 1477010450500000 
ground_truth 13.4632 20.8671 -4.70789 1.14153 
estimate 13.6815 20.6375 -4.85774 1.35479 
RMSE 0.297982 0.399563 0.729703 0.878851 
Radar 24.6656 0.975748 -2.00913 1477010450550000 
ground_truth 13.2271 20.9211 -4.73904 1.01975 
estimate 13.4386 20.7053 -4.85774 1.35479 
RMSE 0.297499 0.398638 0.727378 0.876393 
Lidar 13.1072 20.8294 0 1477010450600000 
ground_truth 12.9895 20.969 -4.76702 0.897694 
estimate 13.1896 20.79 -4.94281 1.21353 
RMSE 0.296969 0.397603 0.725151 0.873914 
Radar 24.9733 1.01073 -1.83426 1477010450650000 
ground_truth 12.7506 21.0108 -4.79186 0.775469 
estimate 12.9425 20.8507 -4.94281 1.21353 
RMSE 0.29641 0.396527 0.722909 0.871801 
Lidar 12.8729 21.0592 0 1477010450700000 
ground_truth 12.5106 21.0465 -4.81358 0.653175 
estimate 12.4528 21.0322 -5.3434 1.12141 
RMSE 0.295495 0.395255 0.721836 0.86981 
Radar 24.5425 1.08233 -2.03069 1477010450750000 
ground_truth 12.2695 21.0761 -4.83219 0.530912 
estimate 12.1857 21.0882 -5.3434 1.12141 
RMSE 0.294628 0.393996 0.720689 0.868315 
Lidar 12.2062 21.11 0 1477010450800000 
ground_truth 12.0276 21.0996 -4.84773 0.408778 
estimate 12.0222 21.0639 -5.30793 0.799874 
RMSE 0.293695 0.392757 0.719337 0.866122 
Radar 24.4724 1.04012 -2.24199 1477010450850000 
ground_truth 11.785 21.117 -4.86022 0.286869 
estimate 11.7568 21.1039 -5.30793 0.799874 
RMSE 0.292778 0.391522 0.71795 0.864352 
Lidar 11.6814 20.8651 0 1477010450900000 
ground_truth 11.5418 21.1283 -4.86971 0.165281 
estimate 11.5355 21.0368 -5.33389 0.474049 
RMSE 0.291862 0.390363 0.716643 0.861993 
Radar 23.6708 1.0622 -2.41489 1477010450950000 
ground_truth 11.2982 21.1335 -4.87623 0.0441057 
estimate 11.2688 21.0605 -5.33389 0.474049 
RMSE 0.290964 0.389192 0.715324 0.859979 
Lidar 11.363 21.0688 0 1477010451000000 
ground_truth 11.0544 21.1327 -4.87982 -0.076565 
estimate 10.9517 21.0005 -5.46813 0.182309 
RMSE 0.290177 0.388127 0.714609 0.857562 
Radar 23.1085 1.09641 -2.60844 1477010451050000 
ground_truth 10.8105 21.1259 -4.88053 -0.196643 
estimate 10.6783 21.0097 -5.46813 0.182309 
RMSE 0.289471 0.387042 0.713899 0.855443 
Lidar 10.8903 20.927 0 1477010451100000 
ground_truth 10.5666 21.1131 -4.8784 -0.31604 
estimate 10.1724 21.116 -5.76997 0.245402 
RMSE 0.290224 0.38586 0.715116 0.853957 
Radar 23.3261 1.16045 -2.31884 1477010451150000 
ground_truth 10.3229 21.0943 -4.87349 -0.434674 
estimate 9.88393 21.1282 -5.76997 0.245402 
RMSE 0.291354 0.384698 0.716354 0.85301 
Lidar 10.189 21.209 0 1477010451200000 
ground_truth 10.0795 21.0697 -4.86585 -0.552463 
estimate 9.68425 21.094 -5.72727 -0.0277926 
RMSE 0.292091 0.383543 0.717315 0.851411 
Radar 23.5158 1.13252 -2.69781 1477010451250000 
ground_truth 9.83658 21.0391 -4.85554 -0.669327 
estimate 9.39788 21.0926 -5.72727 -0.0277926 
RMSE 0.293187 0.382415 0.718339 0.850308 
Lidar 9.99634 20.9797 0 1477010451300000 
ground_truth 9.59422 21.0028 -4.84262 -0.785189 
estimate 9.16643 21.0769 -5.66578 -0.0635485 
RMSE 0.29417 0.381318 0.719008 0.8496 
Radar 23.102 1.15259 -2.34951 1477010451350000 
ground_truth 9.35258 20.9607 -4.82714 -0.899977 
estimate 8.88314 21.0737 -5.66578 -0.0635485 
RMSE 0.295513 0.380288 0.719774 0.849523 
Lidar 9.53921 20.8762 0 1477010451400000 
ground_truth 9.11177 20.9128 -4.80919 -1.01362 
estimate 8.83377 20.965 -5.44396 -0.430998 
RMSE 0.295413 0.379188 0.719304 0.848198 
Radar 23.0793 1.14018 -2.84906 1477010451450000 
ground_truth 8.87192 20.8594 -4.78881 -1.12605 
estimate 8.56157 20.9435 -5.44396 -0.430998 
RMSE 0.295503 0.378133 0.718945 0.847383 
Lidar 8.70331 20.8221 0 1477010451500000 
ground_truth 8.63315 20.8003 -4.76608 -1.2372 
estimate 8.66711 20.7182 -5.02068 -0.845828 
RMSE 0.294654 0.377084 0.717115 0.845443 
Radar 22.3004 1.11349 -2.998 1477010451550000 
ground_truth 8.39557 20.7358 -4.74108 -1.34701 
estimate 8.41608 20.6759 -5.02068 -0.845828 
RMSE 0.293805 0.37602 0.715355 0.843857 
Lidar 8.22277 20.4839 0 1477010451600000 
ground_truth 8.1593 20.6657 -4.71387 -1.45542 
estimate 8.19794 20.5762 -5.04481 -1.13551 
RMSE 0.292974 0.374999 0.713738 0.841778 
Radar 22.1131 1.1862 -3.20417 1477010451650000 
ground_truth 7.92445 20.5903 -4.68453 -1.56237 
estimate 7.9457 20.5195 -5.04481 -1.13551 
RMSE 0.292141 0.373965 0.712216 0.839989 
Lidar 7.88599 20.45 0 1477010451700000 
ground_truth 7.69111 20.5096 -4.65313 -1.66781 
estimate 7.83114 20.4095 -4.95215 -1.47526 
RMSE 0.291501 0.372977 0.710548 0.837725 
Radar 22.2583 1.18911 -3.51245 1477010451750000 
ground_truth 7.45939 20.4237 -4.61975 -1.7717 
estimate 7.58353 20.3357 -4.95215 -1.47526 
RMSE 0.290826 0.371981 0.708978 0.835653 
Lidar 7.18029 20.392 0 1477010451800000 
ground_truth 7.22939 20.3326 -4.58448 -1.87399 
estimate 7.2872 20.2404 -5.03471 -1.59926 
RMSE 0.29004 0.370999 0.707789 0.833556 
Radar 21.333 1.2319 -3.3258 1477010451850000 
ground_truth 7.00119 20.2364 -4.54738 -1.97462 
estimate 7.03547 20.1605 -5.03471 -1.59926 
RMSE 0.28924 0.370004 0.706748 0.831698 
Lidar 6.81542 20.1859 0 1477010451900000 
ground_truth 6.7749 20.1352 -4.50854 -2.07357 
estimate 6.8131 20.0663 -5.02146 -1.71311 
RMSE 0.28845 0.369011 0.705818 0.82982 
Radar 21.3 1.24122 -3.35883 1477010451950000 
ground_truth 6.55059 20.0292 -4.46805 -2.17079 
estimate 6.56203 19.9806 -5.02146 -1.71311 
RMSE 0.287653 0.368008 0.705067 0.828223 
Lidar 6.38914 20.0137 0 1477010452000000 
ground_truth 6.32834 19.9183 -4.42598 -2.26625 
estimate 6.39545 19.8874 -4.95452 -1.87574 
RMSE 0.286905 0.367003 0.704218 0.826452 
Radar 21.2882 1.2518 -3.50165 1477010452050000 
ground_truth 6.10823 19.8027 -4.38241 -2.35993 
estimate 6.14772 19.7936 -4.95452 -1.87574 
RMSE 0.286135 0.365999 0.703563 0.824967 
Lidar 5.86119 19.8306 0 1477010452100000 
ground_truth 5.89034 19.6824 -4.33744 -2.45178 
estimate 5.77745 19.6575 -5.15555 -2.19279 
RMSE 0.285477 0.365008 0.704236 0.822944 
Radar 20.2062 1.30633 -3.8691 1477010452150000 
ground_truth 5.67472 19.5577 -4.29114 -2.5418 
estimate 5.51967 19.5479 -5.15555 -2.19279 
RMSE 0.284933 0.364021 0.7052 0.821118 
Lidar 5.69089 19.5755 0 1477010452200000 
ground_truth 5.46145 19.4284 -4.24359 -2.62995 
estimate 5.45181 19.3436 -4.92038 -2.4117 
RMSE 0.284167 0.363094 0.70505 0.819064 
Radar 19.8966 1.26707 -3.80305 1477010452250000 
ground_truth 5.25059 19.2948 -4.19488 -2.71622 
estimate 5.20579 19.223 -4.92038 -2.4117 
RMSE 0.283425 0.36216 0.705161 0.817174 
Lidar 5.17021 19.4397 0 1477010452300000 
ground_truth 5.04219 19.157 -4.1451 -2.80059 
estimate 5.16864 19.0975 -4.65282 -2.3881 
RMSE 0.282821 0.361222 0.704257 0.815553 
Radar 20.175 1.27537 -3.51253 1477010452350000 
ground_truth 4.8363 19.015 -4.09432 -2.88305 
estimate 4.936 18.9781 -4.65282 -2.3881 
RMSE 0.282165 0.360275 0.703566 0.814189 
Lidar 4.89149 18.982 0 1477010452400000 
ground_truth 4.63297 18.8689 -4.04263 -2.96359 
estimate 4.53766 18.8635 -4.90981 -2.62966 
RMSE 0.281506 0.359326 0.704526 0.812405 
Radar 19.458 1.36444 -3.99074 1477010452450000 
ground_truth 4.43224 18.7188 -3.99012 -3.0422 
estimate 4.29217 18.732 -4.90981 -2.62966 
RMSE 0.280951 0.358385 0.705824 0.810825 
Lidar 4.4685 18.834 0 1477010452500000 
ground_truth 4.23416 18.5648 -3.93685 -3.11888 
estimate 4.20834 18.5669 -4.6946 -2.66118 
RMSE 0.280225 0.357451 0.706104 0.809385 
Radar 19.0503 1.32192 -3.6392 1477010452550000 
ground_truth 4.03876 18.4071 -3.88293 -3.19362 
estimate 3.97361 18.4338 -4.6946 -2.66118 
RMSE 0.279537 0.356529 0.706691 0.808195 
Lidar 4.26269 18.481 0 1477010452600000 
ground_truth 3.84606 18.2457 -3.82841 -3.26644 
estimate 3.68312 18.2927 -4.82544 -3.11389 
RMSE 0.279061 0.355624 0.708493 0.806184 
Radar 19.1444 1.39096 -4.53568 1477010452650000 
ground_truth 3.65611 18.0807 -3.77339 -3.33732 
estimate 3.44185 18.137 -4.82544 -3.11389 
RMSE 0.278767 0.354734 0.710679 0.804273 
Lidar 3.45919 18.167 0 1477010452700000 
ground_truth 3.46891 17.9122 -3.71795 -3.40627 
estimate 3.46895 17.9631 -4.45981 -3.03805 
RMSE 0.278055 0.353847 0.710841 0.80265 
Radar 18.4355 1.33532 -3.74495 1477010452750000 
ground_truth 3.28449 17.7402 -3.66215 -3.47331 
estimate 3.24595 17.8112 -4.45981 -3.03805 
RMSE 0.277362 0.352984 0.711309 0.80121 
Lidar 3.12525 17.7493 0 1477010452800000 
ground_truth 3.10287 17.565 -3.60609 -3.53844 
estimate 2.94414 17.6446 -4.59491 -3.35606 
RMSE 0.27689 0.352137 0.712982 0.79929 
Radar 18.0842 1.42336 -4.42054 1477010452850000 
ground_truth 2.92405 17.3866 -3.54982 -3.60167 
estimate 2.7144 17.4768 -4.59491 -3.35606 
RMSE 0.276593 0.351309 0.715036 0.797469 
Lidar 2.9449 17.8154 0 1477010452900000 
ground_truth 2.74805 17.2051 -3.49344 -3.66302 
estimate 2.71452 17.2315 -4.28476 -3.67825 
RMSE 0.275911 0.350435 0.715438 0.795474 
Radar 17.3991 1.38194 -4.60153 1477010452950000 
ground_truth 2.57486 17.0205 -3.437 -3.72251 
estimate 2.50029 17.0476 -4.28476 -3.67825 
RMSE 0.275274 0.349567 0.716157 0.793498 
Lidar 2.55407 17.0853 0 1477010453000000 
ground_truth 2.4045 16.833 -3.38059 -3.78014 
estimate 2.34544 16.8875 -4.19564 -3.47886 
RMSE 0.274624 0.348722 0.71668 0.791816 
Radar 17.0798 1.42091 -3.82496 1477010453050000 
ground_truth 2.23695 16.6427 -3.32428 -3.83595 
estimate 2.13566 16.7136 -4.19564 -3.47886 
RMSE 0.274039 0.347898 0.717524 0.790261 
Lidar 2.25371 16.8334 0 1477010453100000 
ground_truth 2.07221 16.4497 -3.26812 -3.88995 
estimate 1.83388 16.4985 -4.31328 -3.52026 
RMSE 0.273875 0.347061 0.719494 0.788746 
Radar 16.1262 1.47283 -3.95475 1477010453150000 
ground_truth 1.91027 16.254 -3.21219 -3.94216 
estimate 1.61822 16.3224 -4.31328 -3.52026 
RMSE 0.273967 0.346246 0.721845 0.787371 
Lidar 1.88972 16.1054 0 1477010453200000 
ground_truth 1.75112 16.0557 -3.15656 -3.99261 
estimate 1.49816 16.1461 -4.1797 -3.56655 
RMSE 0.273868 0.345462 0.723611 0.786019 
Radar 16.3618 1.46403 -4.00339 1477010453250000 
ground_truth 1.59474 15.8549 -3.10129 -4.04132 
estimate 1.28917 15.9677 -4.1797 -3.56655 
RMSE 0.27403 0.344716 0.725742 0.784812 
Lidar 1.44745 16.0853 0 1477010453300000 
ground_truth 1.44111 15.6517 -3.04644 -4.08832 
estimate 1.25834 15.7109 -3.90984 -3.96981 
RMSE 0.273664 0.343911 0.726466 0.782966 
Radar 15.6357 1.46766 -4.66234 1477010453350000 
ground_truth 1.29021 15.4463 -2.99207 -4.13364 
estimate 1.06285 15.5124 -3.90984 -3.96981 
RMSE 0.273462 0.343118 0.727501 0.781173 
Lidar 1.18395 15.4284 0 1477010453400000 
ground_truth 1.14201 15.2386 -2.93825 -4.1773 
estimate 0.860288 15.3284 -3.92286 -4.00157 
RMSE 0.273501 0.342356 0.72894 0.779405 
Radar 15.5501 1.51746 -4.27372 1477010453450000 
ground_truth 0.996486 15.0288 -2.88503 -4.21933 
estimate 0.664145 15.1283 -3.92286 -4.00157 
RMSE 0.27381 0.341612 0.730712 0.777701 
Lidar 0.722706 15.0075 0 1477010453500000 
ground_truth 0.853604 14.8169 -2.83246 -4.25977 
estimate 0.621206 14.9601 -3.70584 -3.92141 
RMSE 0.27363 0.340948 0.731451 0.776212 
Radar 15.2483 1.5031 -4.04402 1477010453550000 
ground_truth 0.71333 14.603 -2.78061 -4.29864 
estimate 0.435914 14.764 -3.70584 -3.92141 
RMSE 0.273647 0.340325 0.73248 0.774819 
Lidar 0.737301 14.7047 0 1477010453600000 
ground_truth 0.575628 14.3872 -2.72952 -4.33598 
estimate 0.407983 14.4955 -3.44562 -4.26821 
RMSE 0.273248 0.33961 0.732404 0.773021 
Radar 14.2628 1.52014 -4.69806 1477010453650000 
ground_truth 0.440459 14.1696 -2.67925 -4.37181 
estimate 0.235702 14.2821 -3.44562 -4.26821 
RMSE 0.272969 0.338906 0.732566 0.771253 
Lidar 0.253435 14.2029 0 1477010453700000 
ground_truth 0.307779 13.9502 -2.62984 -4.40617 
estimate 0.0563604 14.0117 -3.42986 -4.64714 
RMSE 0.272873 0.338146 0.732893 0.769641 
Radar 13.9605 1.57315 -5.03236 1477010453750000 
ground_truth 0.177545 13.7292 -2.58135 -4.43909 
estimate -0.115133 13.7794 -3.42986 -4.64714 
RMSE 0.272968 0.337384 0.733467 0.767995 
Lidar 0.459172 13.6856 0 1477010453800000 
ground_truth 0.0497099 13.5065 -2.53381 -4.47061 
estimate -0.169144 13.5341 -3.23263 -4.8221 
RMSE 0.272744 0.336614 0.733312 0.766601 
Radar 13.6378 1.56695 -4.9909 1477010453850000 
ground_truth -0.0757753 13.2823 -2.48728 -4.50075 
estimate -0.330776 13.293 -3.23263 -4.8221 
RMSE 0.272666 0.335845 0.733368 0.765157 
Lidar -0.190344 13.2856 0 1477010453900000 
ground_truth -0.198962 13.0566 -2.44179 -4.52955 
estimate -0.434399 13.0786 -3.15667 -4.68299 
RMSE 0.272508 0.335085 0.733285 0.763486 
Radar 13.1485 1.59172 -4.45625 1477010453950000 
ground_truth -0.319903 12.8295 -2.39739 -4.55704 
estimate -0.592233 12.8445 -3.15667 -4.68299 
RMSE 0.272507 0.334327 0.733404 0.761804 
Lidar 0.0462308 12.9301 0 1477010454000000 
ground_truth -0.438654 12.6011 -2.35412 -4.58326 
estimate -0.742107 12.5969 -3.15078 -4.61827 
RMSE 0.272654 0.333573 0.733701 0.76009 
Radar 12.3753 1.62616 -4.32808 1477010454050000 
ground_truth -0.555273 12.3714 -2.31202 -4.60823 
estimate -0.899646 12.366 -3.15078 -4.61827 
RMSE 0.273018 0.332825 0.734206 0.758384 
Lidar -0.476482 12.3633 0 1477010454100000 
ground_truth -0.669818 12.1404 -2.27111 -4.63198 
estimate -1.01706 12.1681 -3.08301 -4.6319 
RMSE 0.273394 0.332086 0.734571 0.756689 
Radar 12.5584 1.64828 -4.43193 1477010454150000 
ground_truth -0.78235 11.9083 -2.23144 -4.65456 
estimate -1.17122 11.9365 -3.08301 -4.6319 
RMSE 0.274015 0.331353 0.735132 0.755008 
Lidar -0.582624 12.0386 0 1477010454200000 
ground_truth -0.892931 11.6751 -2.19304 -4.67598 
estimate -1.30009 11.6897 -3.02475 -4.72584 
RMSE 0.274746 0.33062 0.735588 0.753343 
Radar 11.7183 1.67918 -4.45955 1477010454250000 
ground_truth -1.00163 11.4409 -2.15594 -4.69628 
estimate -1.45132 11.4534 -3.02475 -4.72584 
RMSE 0.275761 0.329892 0.736227 0.751684 
Lidar -1.17212 11.3988 0 1477010454300000 
ground_truth -1.1085 11.2057 -2.12017 -4.71549 
estimate -1.39193 11.2287 -2.69394 -4.57772 
RMSE 0.275795 0.329172 0.735593 0.750089 
Radar 10.9952 1.65196 -4.10274 1477010454350000 
ground_truth -1.21362 10.9695 -2.08575 -4.73364 
estimate -1.52663 10.9998 -2.69394 -4.57772 
RMSE 0.275968 0.328458 0.735085 0.748521 
Lidar -1.39289 11.0424 0 1477010454400000 
ground_truth -1.31706 10.7324 -2.05273 -4.75075 
estimate -1.51786 10.7636 -2.3941 -4.81818 
RMSE 0.275686 0.32775 0.73383 0.746905 
Radar 10.9783 1.68939 -4.76211 1477010454450000 
ground_truth -1.41889 10.4945 -2.02111 -4.76686 
estimate -1.63757 10.5227 -2.3941 -4.81818 
RMSE 0.275464 0.327045 0.732651 0.745294 
Lidar -1.49687 10.4198 0 1477010454500000 
ground_truth -1.51917 10.2559 -1.99093 -4.78198 
estimate -1.70177 10.24 -2.25875 -5.00839 
RMSE 0.275131 0.326341 0.731282 0.743835 
Radar 10.147 1.72843 -4.75698 1477010454550000 
ground_truth -1.61797 10.0165 -1.96221 -4.79615 
estimate -1.81471 9.98956 -2.25875 -5.00839 
RMSE 0.274843 0.325645 0.72997 0.742367 
Lidar -1.61875 10.2374 0 1477010454600000 
ground_truth -1.71539 9.77637 -1.93498 -4.80939 
estimate -1.81405 9.78934 -2.07677 -4.86732 
RMSE 0.274331 0.324949 0.728467 0.740789 
Radar 10.0927 1.7297 -4.34381 1477010454650000 
ground_truth -1.81147 9.53564 -1.90924 -4.82172 
estimate -1.91789 9.54598 -2.07677 -4.86732 
RMSE 0.273834 0.324258 0.726998 0.739217 
Lidar -1.73381 9.71347 0 1477010454700000 
ground_truth -1.90631 9.29431 -1.88502 -4.83316 
estimate -2.08603 9.27749 -2.15246 -5.05659 
RMSE 0.273504 0.323572 0.725665 0.737792 
Radar 9.64457 1.80859 -4.63944 1477010454750000 
ground_truth -1.99998 9.05243 -1.86233 -4.84374 
estimate -2.19365 9.02466 -2.15246 -5.05659 
RMSE 0.273216 0.322894 0.724377 0.736364 
Lidar -1.93833 8.77028 0 1477010454800000 
ground_truth -2.09256 8.81003 -1.8412 -4.85347 
estimate -2.1765 8.84353 -1.94691 -4.87736 
RMSE 0.272696 0.322222 0.722887 0.734817 
Radar 9.34188 1.78279 -4.20313 1477010454850000 
ground_truth -2.18412 8.56717 -1.82164 -4.86238 
estimate -2.27385 8.59966 -1.94691 -4.87736 
RMSE 0.272186 0.321554 0.721418 0.733279 
Lidar -2.1768 8.5411 0 1477010454900000 
ground_truth -2.27474 8.32388 -1.80365 -4.87047 
estimate -2.473 8.30671 -2.11272 -5.03701 
RMSE 0.27192 0.320885 0.72019 0.731828 
Radar 8.61525 1.88451 -4.31162 1477010454950000 
ground_truth -2.3645 8.0802 -1.78726 -4.87778 
estimate -2.57864 8.05486 -2.11272 -5.03701 
RMSE 0.271706 0.320223 0.719 0.730381 
Lidar -2.21875 8.15339 0 1477010455000000 
ground_truth -2.45348 7.83617 -1.77248 -4.8843 
estimate -2.49458 7.92301 -1.7386 -4.8556 
RMSE 0.271157 0.319609 0.717516 0.728872 
Radar 8.82103 1.83142 -4.16877 1477010455050000 
ground_truth -2.54177 7.59184 -1.75931 -4.89006 
estimate -2.58151 7.68023 -1.7386 -4.8556 
RMSE 0.27061 0.319001 0.71604 0.727374 
Lidar -2.59674 7.60288 0 1477010455100000 
ground_truth -2.62944 7.34723 -1.74777 -4.89507 
estimate -2.82437 7.40979 -2.08931 -4.83577 
RMSE 0.270343 0.318372 0.714905 0.725892 
Radar 8.00597 1.96604 -3.62555 1477010455150000 
ground_truth -2.71658 7.10238 -1.73786 -4.89933 
estimate -2.92883 7.168 -2.08931 -4.83577 
RMSE 0.270131 0.31775 0.713798 0.724421 
Lidar -2.79865 7.064 0 1477010455200000 
ground_truth -2.80326 6.85734 -1.72958 -4.90286 
estimate -2.90186 6.97434 -1.74843 -4.86767 
RMSE 0.269655 0.317191 0.712347 0.72295 
Radar 7.73077 1.9406 -4.03438 1477010455250000 
ground_truth -2.88957 6.61214 -1.72295 -4.90566 
estimate -2.98928 6.73096 -1.74843 -4.86767 
RMSE 0.269184 0.316638 0.710905 0.721489 
Lidar -2.74651 6.86867 0 1477010455300000 
ground_truth -2.97559 6.36681 -1.71797 -4.90774 
estimate -2.94129 6.5457 -1.55308 -4.57978 
RMSE 0.268649 0.316203 0.709548 0.720334 
Radar 6.86915 1.95532 -3.35666 1477010455350000 
ground_truth -3.0614 6.12139 -1.71464 -4.90911 
estimate -3.01894 6.31671 -1.55308 -4.57978 
RMSE 0.268123 0.31581 0.708195 0.719189 
Lidar -2.90217 6.22989 0 1477010455400000 
ground_truth -3.14709 5.87592 -1.71297 -4.90976 
estimate -3.20691 6.0305 -1.71651 -4.83148 
RMSE 0.267613 0.31533 0.706778 0.717767 
Radar 7.04054 2.09136 -3.61806 1477010455450000 
ground_truth -3.23274 5.63043 -1.71295 -4.9097 
estimate -3.29274 5.78893 -1.71651 -4.83148 
RMSE 0.267106 0.31486 0.705368 0.716352 
Lidar -3.1778 5.53101 0 1477010455500000 
ground_truth -3.31843 5.38496 -1.71458 -4.90893 
estimate -3.38798 5.51501 -1.80854 -4.78661 
RMSE 0.266611 0.314341 0.703992 0.714971 
Radar 6.09662 2.12286 -2.99148 1477010455550000 
ground_truth -3.40424 5.13955 -1.71787 -4.90745 
estimate -3.47841 5.27568 -1.80854 -4.78661 
RMSE 0.266125 0.313836 0.702623 0.713597 
Lidar -3.43031 5.10507 0 1477010455600000 
ground_truth -3.49026 4.89422 -1.72281 -4.90525 
estimate -3.51828 5.0309 -1.63063 -4.85506 
RMSE 0.265606 0.313335 0.701262 0.712198 
Radar 6.01823 2.17684 -3.19097 1477010455650000 
ground_truth -3.57657 4.64902 -1.72939 -4.90233 
estimate -3.59981 4.78815 -1.63063 -4.85506 
RMSE 0.265089 0.312842 0.699913 0.710806 
Lidar -3.69435 4.52196 0 1477010455700000 
ground_truth -3.66325 4.40398 -1.73763 -4.89868 
estimate -3.71704 4.49672 -1.82692 -4.83517 
RMSE 0.264592 0.312284 0.698567 0.709428 
Radar 5.45231 2.26901 -2.36296 1477010455750000 
ground_truth -3.75039 4.15913 -1.74749 -4.8943 
estimate -3.80839 4.25496 -1.82692 -4.83517 
RMSE 0.264101 0.311733 0.697224 0.708056 
Lidar -4.00238 4.04684 0 1477010455800000 
ground_truth -3.83806 3.91452 -1.75899 -4.88918 
estimate -3.9087 4.00859 -1.76921 -4.91915 
RMSE 0.263626 0.311183 0.695872 0.706685 
Radar 5.78015 2.35065 -2.40935 1477010455850000 
ground_truth -3.92635 3.67019 -1.77212 -4.8833 
estimate -3.99716 3.76263 -1.76921 -4.91915 
RMSE 0.263153 0.310635 0.694527 0.705323 
Lidar -3.88053 3.75177 0 1477010455900000 
ground_truth -4.01533 3.42616 -1.78686 -4.87666 
estimate -4.09069 3.59823 -1.86091 -4.69756 
RMSE 0.262688 0.310221 0.693206 0.704053 
Radar 5.75128 2.39906 -1.5502 1477010455950000 
ground_truth -4.10509 3.18248 -1.8032 -4.86925 
estimate -4.18373 3.36335 -1.86091 -4.69756 
RMSE 0.26223 0.309828 0.691886 0.702783 
Lidar -4.15119 3.21968 0 1477010456000000 
ground_truth -4.19571 2.93919 -1.82113 -4.86104 
estimate -4.32726 3.05244 -2.04548 -4.84866 
RMSE 0.261855 0.309316 0.690703 0.701441 
Radar 5.15539 2.54841 -1.02706 1477010456050000 
ground_truth -4.28727 2.69633 -1.84065 -4.85202 
estimate -4.42954 2.81001 -2.04548 -4.84866 
RMSE 0.261504 0.308807 0.689504 0.700106 
Lidar -4.32451 2.55034 0 1477010456100000 
ground_truth -4.37985 2.45393 -1.86173 -4.84218 
estimate -4.51637 2.53043 -1.96925 -4.9395 
RMSE 0.261143 0.308257 0.688229 0.698805 
Radar 4.9986 2.64081 -0.775703 1477010456150000 
ground_truth -4.47352 2.21205 -1.88436 -4.83149 
estimate -4.61484 2.28346 -1.96925 -4.9395 
RMSE 0.260795 0.307706 0.686949 0.697517 
Lidar -4.61223 2.09192 0 1477010456200000 
ground_truth -4.56836 1.97072 -1.90853 -4.81994 
estimate -4.70673 2.03781 -2.18234 -4.84646 
RMSE 0.260442 0.307155 0.685862 0.696206 
Radar 4.7059 2.71934 0.36354 1477010456250000 
ground_truth -4.66444 1.72998 -1.93422 -4.80751 
estimate -4.81585 1.79549 -2.18234 -4.84646 
RMSE 0.260119 0.306605 0.684745 0.694905 
Lidar -4.86829 1.53442 0 1477010456300000 
ground_truth -4.76186 1.48989 -1.9614 -4.79417 
estimate -4.95515 1.50099 -2.31551 -4.97679 
RMSE 0.259902 0.306034 0.683808 0.693697 
Radar 5.18451 2.86092 0.871208 1477010456350000 
ground_truth -4.86066 1.25049 -1.99007 -4.7799 
estimate -5.07092 1.25215 -2.31551 -4.97679 
RMSE 0.259735 0.305464 0.682825 0.692511 
Lidar -4.66779 1.28643 0 1477010456400000 
ground_truth -4.96095 1.01182 -2.02019 -4.76468 
estimate -5.14758 1.06039 -2.18165 -4.81326 
RMSE 0.259502 0.304912 0.68163 0.691233 
Radar 5.10777 2.92274 1.07201 1477010456450000 
ground_truth -5.06277 0.77393 -2.05174 -4.74848 
estimate -5.25666 0.819728 -2.18165 -4.81326 
RMSE 0.25929 0.304362 0.680417 0.689968 
Lidar -4.85498 0.825661 0 1477010456500000 
ground_truth -5.16621 0.536876 -2.08471 -4.73127 
estimate -5.32701 0.42615 -2.14654 -5.17199 
RMSE 0.258997 0.303876 0.679175 0.689217 
Radar 4.85074 3.10427 1.75578 1477010456550000 
ground_truth -5.27133 0.300706 -2.11906 -4.71303 
estimate -5.43433 0.167551 -2.14654 -5.17199 
RMSE 0.25871 0.303426 0.677932 0.688514 
Lidar -5.1231 0.257311 0 1477010456600000 
ground_truth -5.3782 0.0654719 -2.15477 -4.69374 
estimate -5.55009 -0.1333 -1.92415 -5.27508 
RMSE 0.258446 0.30311 0.676837 0.688153 
Radar 6.00513 3.19003 1.77637 1477010456650000 
ground_truth -5.4869 -0.168772 -2.1918 -4.67335 
estimate -5.64629 -0.397054 -1.92415 -5.27508 
RMSE 0.258155 0.302871 0.675798 0.687858 
Lidar -5.29972 -0.212982 0 1477010456700000 
ground_truth -5.59748 -0.401971 -2.23014 -4.65185 
estimate -5.76134 -0.482656 -2.05953 -4.83168 
RMSE 0.257876 0.302361 0.674651 0.686697 
Radar 5.64632 -3.11599 2.50614 1477010456750000 
ground_truth -5.71001 -0.634069 -2.26974 -4.62919 
estimate -5.86431 -0.72424 -2.05953 -4.83168 
RMSE 0.257577 0.301863 0.673551 0.685564 
Lidar -5.85359 -0.445801 0 1477010456800000 
ground_truth -5.82456 -0.865006 -2.31058 -4.60536 
estimate -5.94458 -0.929362 -2.29155 -4.77576 
RMSE 0.257214 0.301345 0.672339 0.684406 
Radar 5.35867 -3.00598 3.30434 1477010456850000 
ground_truth -5.94118 -1.09472 -2.35262 -4.58032 
estimate -6.05915 -1.16815 -2.29155 -4.77576 
RMSE 0.256849 0.300836 0.671143 0.683279 
Lidar -5.87835 -1.26863 0 1477010456900000 
ground_truth -6.05993 -1.32316 -2.39581 -4.55404 
estimate -6.10747 -1.47926 -2.16443 -4.93908 
RMSE 0.256406 0.300444 0.670086 0.682445 
Radar 5.88279 -2.87871 3.2551 1477010456950000 
ground_truth -6.18087 -1.55025 -2.44014 -4.52648 
estimate -6.2157 -1.72622 -2.16443 -4.93908 
RMSE 0.255958 0.300092 0.669095 0.681675 
Lidar -6.27263 -1.50938 0 1477010457000000 
ground_truth -6.30406 -1.77593 -2.48555 -4.49762 
estimate -6.34997 -1.95336 -2.48106 -4.98762 
RMSE 0.255518 0.299746 0.667908 0.68109 
Radar 6.36176 -2.86134 4.18697 1477010457050000 
ground_truth -6.42954 -2.00014 -2.532 -4.46742 
estimate -6.47403 -2.20274 -2.48106 -4.98762 
RMSE 0.25508 0.299458 0.666733 0.680589 
Lidar -6.34007 -2.13685 0 1477010457100000 
ground_truth -6.55738 -2.22281 -2.57946 -4.43585 
estimate -6.65959 -2.33648 -2.55158 -4.69091 
RMSE 0.254703 0.299006 0.665561 0.679558 
Radar 7.32369 -2.84014 3.85602 1477010457150000 
ground_truth -6.68761 -2.44386 -2.62788 -4.40288 
estimate -6.78717 -2.57102 -2.55158 -4.69091 
RMSE 0.254324 0.298576 0.664407 0.678579 
Lidar -6.79288 -2.4458 0 1477010457200000 
ground_truth -6.82029 -2.66323 -2.6772 -4.36847 
estimate -6.96117 -2.75813 -2.68526 -4.60233 
RMSE 0.254016 0.298107 0.663245 0.677533 
Radar 7.62876 -2.78321 4.24815 1477010457250000 
ground_truth -6.95546 -2.88084 -2.7274 -4.3326 
estimate -7.09544 -2.98825 -2.68526 -4.60233 
RMSE 0.253707 0.297655 0.662093 0.676539 
Lidar -6.8003 -3.10086 0 1477010457300000 
ground_truth -7.09316 -3.09663 -2.7784 -4.29523 
estimate -7.20996 -3.21972 -2.60378 -4.58125 
RMSE 0.25336 0.297226 0.661023 0.675574 
Radar 7.83203 -2.71786 4.17322 1477010457350000 
ground_truth -7.23344 -3.3105 -2.83017 -4.25632 
estimate -7.34015 -3.44878 -2.60378 -4.58125 
RMSE 0.252999 0.296823 0.660012 0.674675 
Lidar -7.12118 -3.26434 0 1477010457400000 
ground_truth -7.37632 -3.5224 -2.88265 -4.21586 
estimate -7.48094 -3.75703 -2.56979 -4.74318 
RMSE 0.252637 0.296631 0.65913 0.674222 
Radar 8.78236 -2.65716 4.41769 1477010457450000 
ground_truth -7.52184 -3.73223 -2.93579 -4.1738 
estimate -7.60943 -3.99419 -2.56979 -4.74318 
RMSE 0.252255 0.296518 0.658346 0.673889 
Lidar -7.49009 -3.49081 0 1477010457500000 
ground_truth -7.67004 -3.93992 -2.98953 -4.13012 
estimate -7.74396 -4.16874 -2.67367 -4.65241 
RMSE 0.25186 0.296313 0.657477 0.673428 
Radar 8.46643 -2.66525 4.6454 1477010457550000 
ground_truth -7.82094 -4.14538 -3.04381 -4.08479 
estimate -7.87764 -4.40136 -2.67367 -4.65241 
RMSE 0.251452 0.296185 0.656711 0.673096 
Lidar -7.88049 -4.29783 0 1477010457600000 
ground_truth -7.97457 -4.34854 -3.09857 -4.03778 
estimate -8.02723 -4.61514 -2.70893 -4.6156 
RMSE 0.251042 0.296089 0.655986 0.672794 
Radar 9.29152 -2.62635 4.65344 1477010457650000 
ground_truth -8.13095 -4.5493 -3.15376 -3.98906 
estimate -8.16268 -4.84592 -2.70893 -4.6156 
RMSE 0.250623 0.296091 0.655386 0.672643 
Lidar -8.22492 -4.79812 0 1477010457700000 
ground_truth -8.2901 -4.74759 -3.2093 -3.93862 
estimate -8.31395 -5.01713 -2.62108 -4.41186 
RMSE 0.250203 0.296005 0.65517 0.672069 
Radar 9.79884 -2.61129 4.32196 1477010457750000 
ground_truth -8.45204 -4.94331 -3.26514 -3.88641 
estimate -8.445 -5.23772 -2.62108 -4.41186 
RMSE 0.249782 0.296 0.655133 0.671629 
Lidar -8.33552 -5.1059 0 1477010457800000 
ground_truth -8.61678 -5.13637 -3.32121 -3.83242 
estimate -8.62565 -5.30079 -2.72702 -4.09233 
RMSE 0.249363 0.295656 0.654938 0.67067 
Radar 9.80209 -2.63074 4.40487 1477010457850000 
ground_truth -8.78433 -5.32669 -3.37745 -3.77663 
estimate -8.76201 -5.50541 -2.72702 -4.09233 
RMSE 0.248949 0.295342 0.654923 0.669797 
Lidar -8.91477 -5.51752 0 1477010457900000 
ground_truth -8.95469 -5.51417 -3.43377 -3.71901 
estimate -8.9303 -5.70244 -2.83765 -4.11469 
RMSE 0.248538 0.29505 0.654736 0.669069 
Radar 10.6846 -2.57959 4.69636 1477010457950000 
ground_truth -9.12788 -5.69872 -3.49012 -3.65955 
estimate -9.07218 -5.90818 -2.83765 -4.11469 
RMSE 0.248146 0.294807 0.654728 0.668472 
Lidar -9.03391 -5.80267 0 1477010458000000 
ground_truth -9.30388 -5.88026 -3.54643 -3.59823 
estimate -9.21613 -5.98346 -2.86914 -3.87093 
RMSE 0.247786 0.294378 0.654804 0.667549 
Radar 10.3939 -2.59306 4.47447 1477010458050000 
ground_truth -9.4827 -6.05868 -3.60261 -3.53503 
estimate -9.35959 -6.17701 -2.86914 -3.87093 
RMSE 0.247478 0.293971 0.65508 0.666726 
Lidar -9.30811 -5.82368 0 1477010458100000 
ground_truth -9.66432 -6.23389 -3.6586 -3.46994 
estimate -9.5545 -6.36224 -2.99767 -3.88517 
RMSE 0.247151 0.293579 0.655099 0.666054 
Radar 11.7165 -2.56253 4.72734 1477010458150000 
ground_truth -9.84874 -6.4058 -3.71431 -3.40295 
estimate -9.70438 -6.5565 -2.99767 -3.88517 
RMSE 0.246884 0.293224 0.65531 0.665534 
Lidar -9.62547 -6.55958 0 1477010458200000 
ground_truth -10.0359 -6.57431 -3.76969 -3.33404 
estimate -10.0265 -6.62913 -3.40634 -3.74341 
RMSE 0.24648 0.292761 0.654568 0.664858 
Radar 12.4184 -2.60434 5.08845 1477010458250000 
ground_truth -10.2259 -6.73933 -3.82463 -3.26321 
estimate -10.1968 -6.8163 -3.40634 -3.74341 
RMSE 0.246084 0.292317 0.653937 0.66434 
Lidar -10.2246 -6.83402 0 1477010458300000 
ground_truth -10.4186 -6.90075 -3.87907 -3.19046 
estimate -10.3749 -6.96125 -3.49108 -3.71355 
RMSE 0.245697 0.291863 0.653249 0.66393 
Radar 12.2265 -2.56061 5.05486 1477010458350000 
ground_truth -10.614 -7.05849 -3.93293 -3.11577 
estimate -10.5495 -7.14693 -3.49108 -3.71355 
RMSE 0.245327 0.291434 0.652675 0.663726 
Lidar -10.7616 -7.29159 0 1477010458400000 
ground_truth -10.8121 -7.21245 -3.98613 -3.03916 
estimate -10.7939 -7.22499 -3.66335 -3.55901 
RMSE 0.244933 0.290964 0.651879 0.663312 
Radar 12.8601 -2.58139 5.08645 1477010458450000 
ground_truth -11.0128 -7.36252 -4.03859 -2.96062 
estimate -10.977 -7.40294 -3.66335 -3.55901 
RMSE 0.244547 0.290505 0.651178 0.663114 
Lidar -11.2219 -7.56979 0 1477010458500000 
ground_truth -11.2161 -7.50862 -4.09021 -2.88015 
estimate -11.1434 -7.54885 -3.6178 -3.48831 
RMSE 0.24419 0.290048 0.650684 0.662945 
Radar 13.2295 -2.55065 4.90432 1477010458550000 
ground_truth -11.422 -7.65064 -4.14093 -2.79777 
estimate -11.3242 -7.72326 -3.6178 -3.48831 
RMSE 0.243862 0.289613 0.650316 0.663035 
Lidar -11.0934 -7.6776 0 1477010458600000 
ground_truth -11.6304 -7.78849 -4.19066 -2.71349 
estimate -11.5222 -7.81625 -3.65427 -3.35182 
RMSE 0.24355 0.289156 0.649985 0.662958 
Radar 13.6423 -2.56294 4.89282 1477010458650000 
ground_truth -11.8413 -7.92208 -4.23932 -2.6273 
estimate -11.705 -7.98384 -3.65427 -3.35182 
RMSE 0.243284 0.288718 0.649789 0.663162 
Lidar -11.5269 -7.8215 0 1477010458700000 
ground_truth -12.0546 -8.05131 -4.28682 -2.53924 
estimate -11.8944 -8.08075 -3.54283 -3.14704 
RMSE 0.243066 0.288265 0.650109 0.662994 
Radar 14.3095 -2.55814 4.49673 1477010458750000 
ground_truth -12.2702 -8.17609 -4.33309 -2.44932 
estimate -12.0715 -8.23811 -3.54283 -3.14704 
RMSE 0.242939 0.287831 0.650598 0.663107 
Lidar -12.09 -8.08828 0 1477010458800000 
ground_truth -12.4881 -8.29633 -4.37802 -2.35756 
estimate -12.3331 -8.33085 -3.86999 -3.17465 
RMSE 0.242712 0.287385 0.650199 0.663647 
Radar 14.807 -2.56912 5.27667 1477010458850000 
ground_truth -12.7082 -8.41193 -4.42156 -2.26399 
estimate -12.5266 -8.48959 -3.86999 -3.17465 
RMSE 0.242545 0.286967 0.649913 0.664565 
Lidar -12.4231 -8.2599 0 1477010458900000 
ground_truth -12.9304 -8.5228 -4.4636 -2.16863 
estimate -12.7285 -8.54341 -3.73383 -2.90141 
RMSE 0.242428 0.286521 0.650178 0.664789 
Radar 15.153 -2.57023 4.46958 1477010458950000 
ground_truth -13.1547 -8.62886 -4.50407 -2.07151 
estimate -12.9152 -8.68848 -3.73383 -2.90141 
RMSE 0.242419 0.286093 0.650586 0.665367 
Lidar -13.2911 -8.64594 0 1477010459000000 
ground_truth -13.381 -8.73002 -4.54289 -1.97267 
estimate -13.24 -8.73062 -4.02115 -2.79116 
RMSE 0.24217 0.285649 0.650226 0.665897 
Radar 16.1868 -2.5908 5.01852 1477010459050000 
ground_truth -13.6092 -8.82619 -4.57997 -1.87214 
estimate -13.4411 -8.87018 -4.02115 -2.79116 
RMSE 0.241976 0.285217 0.649963 0.666829 
Lidar -13.384 -8.57583 0 1477010459100000 
ground_truth -13.8392 -8.91729 -4.61524 -1.76997 
estimate -13.6576 -8.85434 -3.87177 -2.4334 
RMSE 0.241813 0.284798 0.650272 0.666818 
Radar 15.9458 -2.59682 4.2878 1477010459150000 
ground_truth -14.0709 -9.00324 -4.64861 -1.6662 
estimate -13.8512 -8.97601 -3.87177 -2.4334 
RMSE 0.241748 0.284363 0.650699 0.66715 
Lidar -13.9959 -8.99264 0 1477010459200000 
ground_truth -14.3043 -9.08395 -4.68001 -1.56086 
estimate -14.1563 -9.02802 -4.2132 -2.43783 
RMSE 0.241516 0.283944 0.650215 0.667895 
Radar 16.9366 -2.59554 5.12891 1477010459250000 
ground_truth -14.5391 -9.15936 -4.70936 -1.45402 
estimate -14.367 -9.14991 -4.2132 -2.43783 
RMSE 0.241334 0.28351 0.649799 0.669088 
Lidar -14.4273 -9.1875 0 1477010459300000 
ground_truth -14.7754 -9.22939 -4.73658 -1.34573 
estimate -14.5581 -9.27494 -4.08792 -2.38342 
RMSE 0.241265 0.283088 0.649796 0.67052 
Radar 17.3041 -2.57238 4.58709 1477010459350000 
ground_truth -15.013 -9.29397 -4.76161 -1.23603 
estimate -14.7625 -9.39411 -4.08792 -2.38342 
RMSE 0.241293 0.282712 0.64987 0.672482 
Lidar -15.062 -9.04396 0 1477010459400000 
ground_truth -15.2517 -9.35302 -4.78436 -1.125 
estimate -15.0426 -9.50333 -4.13916 -2.3374 
RMSE 0.241202 0.282404 0.649856 0.674771 
Radar 18.3825 -2.58614 4.68517 1477010459450000 
ground_truth -15.4916 -9.40649 -4.80476 -1.01269 
estimate -15.2495 -9.6202 -4.13916 -2.3374 
RMSE 0.241205 0.282222 0.649904 0.677674 
Lidar -15.6682 -9.56749 0 1477010459500000 
ground_truth -15.7324 -9.45431 -4.82275 -0.899159 
estimate -15.5178 -9.62644 -4.05319 -2.0694 
RMSE 0.241129 0.281955 0.650297 0.679694 
Radar 18.4821 -2.6107 4.28658 1477010459550000 
ground_truth -15.9741 -9.49642 -4.83827 -0.784484 
estimate -15.7204 -9.72991 -4.05319 -2.0694 
RMSE 0.241168 0.281822 0.650744 0.682316 
Lidar -16.0862 -9.59819 0 1477010459600000 
ground_truth -16.2164 -9.53277 -4.85124 -0.668734 
estimate -16.0627 -9.61362 -4.18708 -1.71309 
RMSE 0.240953 0.281434 0.650784 0.683686 
Radar 18.8168 -2.65166 4.3787 1477010459650000 
ground_truth -16.4594 -9.5633 -4.8616 -0.55198 
estimate -16.272 -9.69928 -4.18708 -1.71309 
RMSE 0.240811 0.281112 0.650856 0.685606 
Lidar -16.4229 -9.37029 0 1477010459700000 
ground_truth -16.7027 -9.58797 -4.8693 -0.434301 
estimate -16.4284 -9.73187 -4.07351 -1.61131 
RMSE 0.240918 0.280803 0.651336 0.687589 
Radar 18.5335 -2.61375 4.25211 1477010459750000 
ground_truth -16.9464 -9.60673 -4.87427 -0.315773 
estimate -16.6321 -9.81244 -4.07351 -1.61131 
RMSE 0.241169 0.28061 0.65183 0.690186 
Lidar -17.1132 -9.43043 0 1477010459800000 
ground_truth -17.1903 -9.61954 -4.87646 -0.196479 
estimate -16.815 -10.0612 -4.10163 -1.88521 
RMSE 0.241676 0.281223 0.652228 0.695259 
Radar 20.1085 -2.57124 4.57915 1477010459850000 
ground_truth -17.4342 -9.62636 -4.87583 -0.0765024 
estimate -17.0201 -10.1555 -4.10163 -1.88521 
RMSE 0.242365 0.282275 0.652621 0.701148 
Lidar -17.5448 -9.57485 0 1477010459900000 
ground_truth -17.6781 -9.62717 -4.87232 0.0440703 
estimate -17.3712 -10.0389 -4.1637 -1.51418 
RMSE 0.24258 0.282742 0.652793 0.705198 
Radar 20.4243 -2.6638 4.17748 1477010459950000 
ground_truth -17.9216 -9.62194 -4.86588 0.165151 
estimate -17.5794 -10.1146 -4.1637 -1.51418 
RMSE 0.242932 0.283585 0.652943 0.710012 
Lidar -17.9724 -9.42299 0 1477010460000000 
ground_truth -18.1648 -9.61064 -4.85648 0.286648 
estimate -17.8857 -9.97623 -4.1581 -1.14503 
RMSE 0.243045 0.28386 0.653081 0.713187 
Radar 20.4843 -2.67648 3.99555 1477010460050000 
ground_truth -18.4074 -9.59325 -4.84408 0.40847 
estimate -18.0936 -10.0335 -4.1581 -1.14503 
RMSE 0.243282 0.284441 0.653179 0.71707 
Lidar -18.2763 -9.60997 0 1477010460100000 
ground_truth -18.6493 -9.56977 -4.82864 0.530522 
estimate -18.3269 -10.0058 -4.24647 -1.05488 
RMSE 0.243549 0.284998 0.652984 0.721111 
Radar 20.6091 -2.65784 4.30292 1477010460150000 
ground_truth -18.8904 -9.54017 -4.81012 0.652707 
estimate -18.5392 -10.0585 -4.24647 -1.05488 
RMSE 0.24393 0.28595 0.652743 0.72591 
Lidar -18.9545 -9.51544 0 1477010460200000 
ground_truth -19.1305 -9.50447 -4.78851 0.774927 
estimate -18.7989 -9.91999 -4.32243 -0.799941 
RMSE 0.244228 0.286409 0.65228 0.729788 
Radar 20.7641 -2.69174 4.20813 1477010460250000 
ground_truth -19.3694 -9.46265 -4.76378 0.897083 
estimate -19.0151 -9.95998 -4.32243 -0.799941 
RMSE 0.244616 0.287239 0.65177 0.734408 
Lidar -19.2983 -9.09865 0 1477010460300000 
ground_truth -19.6069 -9.41472 -4.73591 1.01907 
estimate -19.3144 -9.75645 -4.21707 -0.373828 
RMSE 0.244767 0.28741 0.651427 0.737144 
Radar 21.5791 -2.7216 3.64727 1477010460350000 
ground_truth -19.8431 -9.36071 -4.70487 1.1408 
estimate -19.5253 -9.77514 -4.21707 -0.373828 
RMSE 0.245008 0.287854 0.651017 0.740538 
Lidar -19.8731 -8.96417 0 1477010460400000 
ground_truth -20.0775 -9.30061 -4.67066 1.26215 
estimate -19.9083 -9.38087 -4.33075 0.221545 
RMSE 0.244825 0.287475 0.65034 0.741569 
Radar 21.7788 -2.78143 3.68183 1477010460450000 
ground_truth -20.3102 -9.23446 -4.63328 1.38303 
estimate -20.1249 -9.36979 -4.33075 0.221545 
RMSE 0.244676 0.287156 0.649614 0.743102 
Lidar -20.1607 -9.59663 0 1477010460500000 
ground_truth -20.5409 -9.16227 -4.59271 1.50334 
estimate -20.3375 -9.4165 -4.29552 0.154911 
RMSE 0.244568 0.287068 0.648884 0.745518 
Radar 22.661 -2.69707 3.79466 1477010460550000 
ground_truth -20.7696 -9.08409 -4.54895 1.62296 
estimate -20.5522 -9.40875 -4.29552 0.154911 
RMSE 0.244495 0.287181 0.648104 0.748551 
Lidar -20.6596 -8.91527 0 1477010460600000 
ground_truth -20.9959 -8.99994 -4.50202 1.74179 
estimate -20.8802 -9.19864 -4.26739 0.480987 
RMSE 0.244227 0.28697 0.647309 0.75049 
Radar 23.1722 -2.76598 3.50623 1477010460650000 
ground_truth -21.2198 -8.90987 -4.45191 1.85972 
estimate -21.0936 -9.17459 -4.26739 0.480987 
RMSE 0.243975 0.286909 0.64647 0.752997 
Lidar -21.0195 -8.85081 0 1477010460700000 
ground_truth -21.4412 -8.81393 -4.39865 1.97666 
estimate -21.3677 -9.03173 -4.15835 0.69691 
RMSE 0.243663 0.286739 0.645687 0.754991 
Radar 23.5086 -2.76519 3.3332 1477010460750000 
ground_truth -21.6597 -8.71217 -4.34224 2.0925 
estimate -21.5756 -8.99688 -4.15835 0.69691 
RMSE 0.243363 0.286733 0.644856 0.757543 
Lidar -21.5029 -8.87191 0 1477010460800000 
ground_truth -21.8754 -8.60465 -4.2827 2.20712 
estimate -21.813 -8.68154 -3.87659 1.16881 
RMSE 0.243045 0.286361 0.644312 0.758472 
Radar 23.1693 -2.81593 2.77502 1477010460850000 
ground_truth -22.0881 -8.49143 -4.22007 2.32043 
estimate -22.0069 -8.6231 -3.87659 1.16881 
RMSE 0.242744 0.286046 0.64367 0.759849 
Lidar -21.9793 -8.57089 0 1477010460900000 
ground_truth -22.2975 -8.37258 -4.15437 2.43232 
estimate -22.2413 -8.41028 -3.97406 1.3541 
RMSE 0.242424 0.285656 0.642845 0.760918 
Radar 23.4906 -2.80745 3.30506 1477010460950000 
ground_truth -22.5035 -8.24817 -4.08564 2.5427 
estimate -22.44 -8.34258 -3.97406 1.3541 
RMSE 0.242112 0.285303 0.641981 0.762434 
Lidar -22.5838 -8.35296 0 1477010461000000 
ground_truth -22.7061 -8.11829 -4.01391 2.65145 
estimate -22.5639 -8.35408 -3.75585 1.29296 
RMSE 0.241892 0.285178 0.641237 0.764721 
Radar 23.9093 -2.77466 2.90501 1477010461050000 
ground_truth -22.9049 -7.98301 -3.93923 2.75848 
estimate -22.7517 -8.28943 -3.75585 1.29296 
RMSE 0.241693 0.285239 0.640426 0.767531 
Lidar -22.9861 -7.6724 0 1477010461100000 
ground_truth -23.1 -7.84243 -3.86163 2.8637 
estimate -22.925 -8.228 -3.42818 1.37537 
RMSE 0.241535 0.285563 0.639949 0.770436 
Radar 24.7121 -2.79819 2.37553 1477010461150000 
ground_truth -23.2911 -7.69663 -3.78118 2.967 
estimate -23.0964 -8.15923 -3.42818 1.37537 
RMSE 0.241419 0.286197 0.639339 0.773877 
Lidar -23.4777 -7.56583 0 1477010461200000 
ground_truth -23.4781 -7.54572 -3.69792 3.06828 
estimate -23.3405 -7.88267 -3.57492 1.61762 
RMSE 0.241196 0.286348 0.638497 0.77653 
Radar 24.5005 -2.85095 2.95743 1477010461250000 
ground_truth -23.6609 -7.3898 -3.61191 3.16746 
estimate -23.5192 -7.80179 -3.57492 1.61762 
RMSE 0.240981 0.286766 0.637629 0.77968 
Lidar -23.5408 -7.36069 0 1477010461300000 
ground_truth -23.8393 -7.22897 -3.52321 3.26445 
estimate -23.7582 -7.49711 -3.52069 1.92447 
RMSE 0.24069 0.286717 0.636762 0.781747 
Radar 24.9317 -2.87494 2.63668 1477010461350000 
ground_truth -24.0132 -7.06336 -3.43189 3.35916 
estimate -23.9342 -7.40088 -3.52069 1.92447 
RMSE 0.240399 0.286866 0.635916 0.784251 
Lidar -23.9384 -7.26171 0 1477010461400000 
ground_truth -24.1825 -6.89307 -3.33801 3.45149 
estimate -24.1441 -7.05441 -3.32134 2.28428 
RMSE 0.240082 0.286601 0.635056 0.785538 
Radar 25.0718 -2.90236 2.27024 1477010461450000 
ground_truth -24.347 -6.71823 -3.24166 3.54138 
estimate -24.3101 -6.9402 -3.32134 2.28428 
RMSE 0.239766 0.286447 0.634214 0.787189 
Lidar -24.2574 -6.4352 0 1477010461500000 
ground_truth -24.5066 -6.53896 -3.14289 3.62873 
estimate -24.4526 -6.8943 -3.00839 2.25148 
RMSE 0.23946 0.286654 0.633399 0.789366 
Radar 25.808 -2.85952 1.9332 1477010461550000 
ground_truth -24.6612 -6.35538 -3.0418 3.71347 
estimate -24.603 -6.78172 -3.00839 2.25148 
RMSE 0.239158 0.287119 0.632552 0.791934 
Lidar -24.3008 -6.43799 0 1477010461600000 
ground_truth -24.8107 -6.16764 -2.93846 3.79553 
estimate -24.728 -6.55808 -2.80564 2.42253 
RMSE 0.238876 0.287445 0.631743 0.794055 
Radar 25.3337 -2.90212 1.88951 1477010461650000 
ground_truth -24.955 -5.97587 -2.83295 3.87484 
estimate -24.8683 -6.43696 -2.80564 2.42253 
RMSE 0.2386 0.288047 0.630901 0.796534 
Lidar -25.146 -5.91902 0 1477010461700000 
ground_truth -25.094 -5.7802 -2.72537 3.95132 
estimate -25.0131 -6.08049 -2.67797 2.73217 
RMSE 0.238319 0.288081 0.630067 0.797955 
Radar 25.3991 -2.94252 1.81437 1477010461750000 
ground_truth -25.2276 -5.58079 -2.61581 4.02492 
estimate -25.147 -5.94389 -2.67797 2.73217 
RMSE 0.238038 0.288306 0.629239 0.799672 
Lidar -25.1941 -5.64372 0 1477010461800000 
ground_truth -25.3556 -5.37777 -2.50435 4.09557 
estimate -25.3111 -5.7302 -2.66409 2.82993 
RMSE 0.237734 0.288494 0.628459 0.801262 
Radar 26.1059 -2.93168 1.92108 1477010461850000 
ground_truth -25.4779 -5.1713 -2.39109 4.16322 
estimate -25.4443 -5.5887 -2.66409 2.82993 
RMSE 0.237427 0.28891 0.627786 0.80313 
Lidar -25.5713 -5.10241 0 1477010461900000 
ground_truth -25.5946 -4.96152 -2.27613 4.22781 
estimate -25.4899 -5.68494 -2.56504 2.54904 
RMSE 0.237175 0.290906 0.627135 0.806683 
Radar 25.8634 -2.88519 1.92658 1477010461950000 
ground_truth -25.7055 -4.7486 -2.15956 4.2893 
estimate -25.6181 -5.55749 -2.56504 2.54904 
RMSE 0.236906 0.293465 0.626656 0.810542 
Lidar -25.6952 -4.89995 0 1477010462000000 
ground_truth -25.8105 -4.53268 -2.04149 4.34764 
estimate -25.7545 -5.23411 -2.41491 2.8052 
RMSE 0.236613 0.29527 0.626127 0.813318 
Radar 26.1896 -2.97252 1.63348 1477010462050000 
ground_truth -25.9096 -4.31392 -1.92202 4.40279 
estimate -25.8752 -5.09385 -2.41491 2.8052 
RMSE 0.23631 0.297565 0.625816 0.816347 
Lidar -25.9516 -4.26659 0 1477010462100000 
ground_truth -26.0027 -4.0925 -1.80125 4.45471 
estimate -26.0272 -4.86005 -1.97964 2.96245 
RMSE 0.236006 0.299747 0.625067 0.818832 
Radar 27.2593 -2.978 0.843194 1477010462150000 
ground_truth -26.0897 -3.86856 -1.67928 4.50337 
estimate -26.1262 -4.71193 -1.97964 2.96245 
RMSE 0.235707 0.302428 0.624442 0.821531 
Lidar -26.1198 -3.67723 0 1477010462200000 
ground_truth -26.1706 -3.64227 -1.55623 4.54875 
estimate -26.2151 -4.44473 -1.58693 3.13639 
RMSE 0.235412 0.304785 0.623635 0.823609 
Radar 26.8438 -2.9974 0.594495 1477010462250000 
ground_truth -26.2453 -3.41381 -1.4322 4.59081 
estimate -26.2944 -4.28791 -1.58693 3.13639 
RMSE 0.235121 0.307617 0.622878 0.82586 
Lidar -25.9974 -3.24722 0 1477010462300000 
ground_truth -26.3138 -3.18332 -1.30729 4.62954 
estimate -26.3439 -3.9365 -1.26742 3.38621 
RMSE 0.234823 0.30959 0.622078 0.827207 
Radar 26.4694 -3.0276 0.430728 1477010462350000 
ground_truth -26.376 -2.95098 -1.18162 4.66493 
estimate -26.4073 -3.76719 -1.26742 3.38621 
RMSE 0.234526 0.311949 0.621293 0.828683 
Lidar -26.1741 -2.87885 0 1477010462400000 
ground_truth -26.4319 -2.71697 -1.05529 4.69696 
estimate -26.4491 -3.58347 -1.09544 3.41 
RMSE 0.234227 0.314624 0.620499 0.830182 
Radar 26.6919 -3.01199 0.454246 1477010462450000 
ground_truth -26.4815 -2.48143 -0.928411 4.72562 
estimate -26.5039 -3.41297 -1.09544 3.41 
RMSE 0.23393 0.317733 0.619763 0.831785 
Lidar -26.674 -2.73852 0 1477010462500000 
ground_truth -26.5247 -2.24456 -0.80109 4.75091 
estimate -26.5824 -2.94771 -1.01674 3.75745 
RMSE 0.233649 0.319309 0.619068 0.832237 
Radar 26.7127 -3.07702 0.496758 1477010462550000 
ground_truth -26.5616 -2.0065 -0.673434 4.77284 
estimate -26.6332 -2.75984 -1.01674 3.75745 
RMSE 0.23338 0.321158 0.618522 0.832754 
Lidar -26.6691 -2.17333 0 1477010462600000 
ground_truth -26.5921 -1.76744 -0.545553 4.79141 
estimate -26.6529 -2.34633 -0.877966 4.02195 
RMSE 0.233104 0.322074 0.617964 0.8326 
Radar 26.358 -3.09139 0.423345 1477010462650000 
ground_truth -26.6161 -1.52753 -0.417552 4.80664 
estimate -26.6968 -2.14523 -0.877966 4.02195 
RMSE 0.232844 0.323164 0.617616 0.832482 
Lidar -26.4671 -1.53207 0 1477010462700000 
ground_truth -26.6338 -1.28695 -0.289538 4.81852 
estimate -26.6588 -2.04966 -0.452523 3.89047 
RMSE 0.232553 0.325023 0.61689 0.832737 
Radar 26.5906 -3.05894 -0.249844 1477010462750000 
ground_truth -26.6451 -1.04586 -0.161616 4.8271 
estimate -26.6814 -1.85513 -0.452523 3.89047 
RMSE 0.232267 0.327145 0.616285 0.833015 
Lidar -26.5998 -1.14277 0 1477010462800000 
ground_truth -26.65 -0.804425 -0.0338883 4.83238 
estimate -26.7271 -1.66795 -0.29842 3.87404 
RMSE 0.232007 0.329588 0.615653 0.833353 
Radar 27.2525 -3.08003 -0.161527 1477010462850000 
ground_truth -26.6485 -0.562811 0.0935412 4.83439 
estimate -26.742 -1.47425 -0.29842 3.87404 
RMSE 0.231764 0.332322 0.615194 0.833696 
Lidar -26.7355 -0.59539 0 1477010462900000 
ground_truth -26.6406 -0.321181 0.220572 4.83317 
estimate -26.7442 -1.0446 0.0631331 4.13222 
RMSE 0.231532 0.333872 0.614475 0.83339 
Radar 26.9891 -3.14289 -0.611633 1477010462950000 
ground_truth -26.6264 -0.0796947 0.347104 4.82874 
estimate -26.741 -0.83799 0.0631331 4.13222 
RMSE 0.231314 0.335598 0.613873 0.833077 
Lidar -26.4553 0.0602653 0 1477010463000000 
ground_truth -26.6059 0.161489 0.473041 4.82116 
estimate -26.7268 -0.505479 0.344198 4.25586 
RMSE 0.231104 0.336827 0.613142 0.832518 
Radar 26.9541 3.13651 -0.730319 1477010463050000 
ground_truth -26.5792 0.402213 0.598287 4.81045 
estimate -26.7096 -0.292686 0.344198 4.25586 
RMSE 0.230909 0.338186 0.612512 0.831943 
Lidar -26.6201 0.57588 0 1477010463100000 
ground_truth -26.5462 0.642323 0.722748 4.79667 
estimate -26.6959 0.00537134 0.429271 4.34499 
RMSE 0.230743 0.33925 0.611927 0.831217 
Radar 26.8268 3.12737 -0.525282 1477010463150000 
ground_truth -26.5069 0.881666 0.846334 4.77986 
estimate -26.6744 0.222621 0.429271 4.34499 
RMSE 0.230609 0.34041 0.611523 0.830471 
Lidar -26.7293 1.06082 0 1477010463200000 
ground_truth -26.4616 1.12009 0.968955 4.76007 
estimate -26.5963 0.876489 0.537796 4.84922 
RMSE 0.230421 0.340205 0.611144 0.829459 
Radar 26.0865 3.0416 -0.379773 1477010463250000 
ground_truth -26.4101 1.35745 1.09053 4.73737 
estimate -26.5694 1.11895 0.537796 4.84922 
RMSE 0.230274 0.339993 0.611007 0.828458 
Lidar -26.3986 1.42212 0 1477010463300000 
ground_truth -26.3526 1.59361 1.21096 4.71181 
estimate -26.5251 0.940218 0.653731 4.34171 
RMSE 0.23015 0.341113 0.610881 0.827645 
Radar 26.5132 3.16286 -0.674688 1477010463350000 
ground_truth -26.2891 1.82841 1.33018 4.68345 
estimate -26.4925 1.1573 0.653731 4.34171 
RMSE 0.230088 0.342308 0.61105 0.826806 
Lidar -26.3594 1.79315 0 1477010463400000 
ground_truth -26.2197 2.06173 1.44811 4.65235 
estimate -26.4096 1.43992 0.984974 4.37963 
RMSE 0.229999 0.343267 0.610733 0.825906 
Radar 26.4109 3.07231 -1.06212 1477010463450000 
ground_truth -26.1444 2.29342 1.56467 4.61859 
estimate -26.3603 1.65891 0.984974 4.37963 
RMSE 0.229966 0.344274 0.610659 0.824985 
Lidar -26.2502 2.18481 0 1477010463500000 
ground_truth -26.0633 2.52336 1.67979 4.58223 
estimate -26.2751 1.95096 1.10522 4.45181 
RMSE 0.229923 0.345011 0.610574 0.824009 
Radar 26.1685 3.05439 -0.855942 1477010463550000 
ground_truth -25.9765 2.75141 1.79339 4.54334 
estimate -26.2198 2.17355 1.10522 4.45181 
RMSE 0.229957 0.345764 0.610774 0.823023 
Lidar -26.0641 2.80701 0 1477010463600000 
ground_truth -25.8841 2.97746 1.90543 4.502 
estimate -26.1227 2.46801 1.5563 4.454 
RMSE 0.229978 0.346253 0.610277 0.822032 
Radar 26.4965 3.02722 -1.60779 1477010463650000 
ground_truth -25.7861 3.20139 2.01582 4.45828 
estimate -26.0449 2.69071 1.5563 4.454 
RMSE 0.230052 0.346743 0.609959 0.821041 
Lidar -25.8345 3.42005 0 1477010463700000 
ground_truth -25.6826 3.42306 2.12452 4.41227 
estimate -25.9579 3.05419 1.7618 4.57357 
RMSE 0.230171 0.346797 0.609485 0.820091 
Radar 26.4473 2.99994 -1.43601 1477010463750000 
ground_truth -25.5737 3.64239 2.23146 4.36404 
estimate -25.8698 3.28287 1.7618 4.57357 
RMSE 0.230352 0.346828 0.609188 0.819172 
Lidar -25.6666 3.63509 0 1477010463800000 
ground_truth -25.4596 3.85924 2.3366 4.31367 
estimate -25.7413 3.39855 1.99011 4.39544 
RMSE 0.230489 0.347145 0.608695 0.818201 
Radar 25.7684 3.0197 -1.63152 1477010463850000 
ground_truth -25.3402 4.07353 2.43989 4.26125 
estimate -25.6418 3.61832 1.99011 4.39544 
RMSE 0.230684 0.347443 0.608365 0.81725 
Lidar -25.7492 3.99968 0 1477010463900000 
ground_truth -25.2157 4.28514 2.54127 4.20686 
estimate -25.5046 3.80041 2.18154 4.31348 
RMSE 0.23084 0.347835 0.607894 0.816293 
Radar 25.6284 2.99447 -1.70553 1477010463950000 
ground_truth -25.0863 4.49399 2.64071 4.15058 
estimate -25.3955 4.01609 2.18154 4.31348 
RMSE 0.231058 0.348201 0.607584 0.815362 
Lidar -25.0214 4.52803 0 1477010464000000 
ground_truth -24.9518 4.69998 2.73817 4.09251 
estimate -25.1761 4.25712 2.35404 4.33064 
RMSE 0.231042 0.348456 0.607151 0.814478 
Radar 24.6515 2.96589 -1.64191 1477010464050000 
ground_truth -24.8126 4.90303 2.83361 4.03273 
estimate -25.0584 4.47365 2.35404 4.33064 
RMSE 0.231079 0.348669 0.606881 0.813643 
Lidar -25.0363 4.88499 0 1477010464100000 
ground_truth -24.6686 5.10304 2.92701 3.97132 
estimate -24.8553 4.72911 2.62547 4.3233 
RMSE 0.230984 0.348731 0.606342 0.812863 
Radar 24.8606 2.94075 -1.97394 1477010464150000 
ground_truth -24.5201 5.29995 3.01833 3.90839 
estimate -24.7241 4.94528 2.62547 4.3233 
RMSE 0.230924 0.348745 0.605928 0.812156 
Lidar -24.5041 5.35293 0 1477010464200000 
ground_truth -24.367 5.49367 3.10754 3.84401 
estimate -24.5364 5.12526 3.01027 4.17503 
RMSE 0.230799 0.348793 0.605235 0.81136 
Radar 24.9946 2.93014 -2.49278 1477010464250000 
ground_truth -24.2095 5.68414 3.19464 3.77827 
estimate -24.3859 5.33402 3.01027 4.17503 
RMSE 0.230686 0.348796 0.604591 0.810637 
Lidar -24.1159 5.61152 0 1477010464300000 
ground_truth -24.0477 5.8713 3.27959 3.71127 
estimate -24.2588 5.32791 3.22062 3.83928 
RMSE 0.230642 0.349377 0.603891 0.809713 
Radar 25.0204 2.95025 -2.65249 1477010464350000 
ground_truth -23.8818 6.05508 3.36239 3.64309 
estimate -24.0977 5.51987 3.22062 3.83928 
RMSE 0.230609 0.349925 0.603226 0.808824 
Lidar -23.9153 5.94377 0 1477010464400000 
ground_truth -23.7117 6.23542 3.44302 3.57383 
estimate -23.891 5.89527 3.17546 4.08922 
RMSE 0.230503 0.349902 0.602662 0.808266 
Radar 24.4151 2.87445 -1.95451 1477010464450000 
ground_truth -23.5377 6.41227 3.52148 3.50357 
estimate -23.7322 6.09973 3.17546 4.08922 
RMSE 0.230426 0.34982 0.602193 0.80782 
Lidar -23.6471 6.29102 0 1477010464500000 
ground_truth -23.3598 6.58559 3.59775 3.4324 
estimate -23.572 6.32413 3.30747 4.063 
RMSE 0.230386 0.349641 0.601658 0.807455 
Radar 24.6376 2.87303 -2.30561 1477010464550000 
ground_truth -23.1781 6.75533 3.67185 3.36041 
estimate -23.4066 6.52728 3.30747 4.063 
RMSE 0.230381 0.349409 0.601218 0.807228 
Lidar -23.0099 6.86182 0 1477010464600000 
ground_truth -22.9928 6.92146 3.74376 3.28768 
estimate -23.2085 6.49978 3.47833 3.72673 
RMSE 0.230349 0.349593 0.60066 0.806573 
Radar 23.4984 2.89476 -2.54438 1477010464650000 
ground_truth -22.804 7.08393 3.8135 3.21431 
estimate -23.0346 6.68612 3.47833 3.72673 
RMSE 0.230349 0.349711 0.600185 0.80602 
Lidar -22.6991 7.063 0 1477010464700000 
ground_truth -22.6117 7.24273 3.88106 3.14038 
estimate -22.7845 6.8258 3.82299 3.56268 
RMSE 0.230234 0.34988 0.599502 0.805349 
Radar 23.4155 2.84865 -2.96974 1477010464750000 
ground_truth -22.4161 7.39782 3.94647 3.06598 
estimate -22.5933 7.00394 3.82299 3.56268 
RMSE 0.230126 0.349987 0.598845 0.804778 
Lidar -22.5083 7.31524 0 1477010464800000 
ground_truth -22.2173 7.54917 4.00974 2.99118 
estimate -22.2994 7.27676 4.31517 3.51351 
RMSE 0.229897 0.34983 0.598339 0.804246 
Radar 23.4113 2.79945 -3.47701 1477010464850000 
ground_truth -22.0154 7.69679 4.07087 2.91607 
estimate -22.0837 7.45243 4.31517 3.51351 
RMSE 0.229658 0.349626 0.597771 0.803836 
Lidar -22.1947 7.69478 0 1477010464900000 
ground_truth -21.8105 7.84064 4.12989 2.84074 
estimate -21.7961 7.94639 4.37994 3.91383 
RMSE 0.229398 0.349265 0.59721 0.80455 
Radar 23.43 2.74571 -2.70768 1477010464950000 
ground_truth -21.6026 7.98072 4.18681 2.76526 
estimate -21.5771 8.14208 4.37994 3.91383 
RMSE 0.229141 0.348953 0.596604 0.805496 
Lidar -21.6473 7.94 0 1477010465000000 
ground_truth -21.392 8.11703 4.24166 2.68971 
estimate -21.4277 8.17796 4.39118 3.66751 
RMSE 0.228888 0.34857 0.595971 0.805927 
Radar 23.2089 2.79945 -2.9496 1477010465050000 
ground_truth -21.1787 8.24957 4.29447 2.61417 
estimate -21.2081 8.36134 4.39118 3.66751 
RMSE 0.228634 0.348217 0.595316 0.806571 
Lidar -21.0853 7.83229 0 1477010465100000 
ground_truth -20.9628 8.37833 4.34526 2.53871 
estimate -20.9095 8.7244 4.48338 3.88994 
RMSE 0.22839 0.348212 0.594681 0.808211 
Radar 22.551 2.71718 -2.6054 1477010465150000 
ground_truth -20.7444 8.50333 4.39406 2.46341 
estimate -20.6854 8.9189 4.48338 3.88994 
RMSE 0.228151 0.348378 0.594027 0.810129 
Lidar -21.0519 8.50983 0 1477010465200000 
ground_truth -20.5237 8.62457 4.4409 2.38835 
estimate -20.3621 9.11831 4.91518 3.70139 
RMSE 0.228023 0.348772 0.593786 0.811606 
Radar 22.036 2.70046 -3.40066 1477010465250000 
ground_truth -20.3006 8.74206 4.48582 2.31358 
estimate -20.1164 9.30338 4.91518 3.70139 
RMSE 0.227935 0.349392 0.593469 0.81335 
Lidar -20.21 8.68914 0 1477010465300000 
ground_truth -20.0753 8.85583 4.52884 2.23919 
estimate -19.9463 9.34528 4.78702 3.54498 
RMSE 0.227762 0.349767 0.592932 0.814781 
Radar 22.0803 2.72903 -2.81105 1477010465350000 
ground_truth -19.848 8.96589 4.57001 2.16524 
estimate -19.7069 9.52253 4.78702 3.54498 
RMSE 0.227605 0.350363 0.59236 0.816474 
Lidar -20.0633 8.86724 0 1477010465400000 
ground_truth -19.6186 9.07227 4.60937 2.09179 
estimate -19.5715 9.48458 4.65384 3.27661 
RMSE 0.227363 0.350513 0.591705 0.817476 
Radar 21.7757 2.72649 -2.79998 1477010465450000 
ground_truth -19.3873 9.17499 4.64694 2.01891 
estimate -19.3388 9.64841 4.65384 3.27661 
RMSE 0.227122 0.350833 0.591049 0.818714 
Lidar -19.4861 8.96665 0 1477010465500000 
ground_truth -19.1542 9.27409 4.68278 1.94666 
estimate -18.9936 9.87999 5.03036 3.20366 
RMSE 0.226997 0.351602 0.590621 0.819943 
Radar 21.1919 2.63907 -3.30678 1477010465550000 
ground_truth -18.9193 9.36959 4.71692 1.8751 
estimate -18.7421 10.0402 5.03036 3.20366 
RMSE 0.226899 0.352624 0.590152 0.821412 
Lidar -18.6786 9.19191 0 1477010465600000 
ground_truth -18.6827 9.46154 4.7494 1.80429 
estimate -18.6544 9.87079 4.95411 2.68805 
RMSE 0.226653 0.352759 0.58958 0.821555 
Radar 21.2718 2.70567 -3.3833 1477010465650000 
ground_truth -18.4446 9.54996 4.78028 1.73429 
estimate -18.4067 10.0052 4.95411 2.68805 
RMSE 0.22641 0.353016 0.588988 0.821869 
Lidar -18.4242 9.46852 0 1477010465700000 
ground_truth -18.2049 9.63492 4.80959 1.66514 
estimate -18.2182 9.80128 5.12777 2.07112 
RMSE 0.226163 0.352715 0.588531 0.821187 
Radar 20.15 2.6938 -3.97127 1477010465750000 
ground_truth -17.9639 9.71643 4.83737 1.59691 
estimate -17.9618 9.90483 5.12777 2.07112 
RMSE 0.225915 0.352439 0.588043 0.820588 
Lidar -17.7736 9.72478 0 1477010465800000 
ground_truth -17.7214 9.79457 4.86368 1.52964 
estimate -17.6437 10.0513 5.14037 2.16454 
RMSE 0.225698 0.352259 0.587543 0.820228 
Radar 19.9101 2.61668 -3.29532 1477010465850000 
ground_truth -17.4777 9.86936 4.88856 1.46338 
estimate -17.3867 10.1595 5.14037 2.16454 
RMSE 0.225492 0.352135 0.587021 0.819988 
Lidar -17.3436 9.88109 0 1477010465900000 
ground_truth -17.2328 9.94087 4.91205 1.39818 
estimate -17.127 10.2279 5.26195 2.02287 
RMSE 0.225301 0.352007 0.586609 0.819614 
Radar 19.9648 2.60466 -3.6641 1477010465950000 
ground_truth -16.9868 10.0091 4.93421 1.33408 
estimate -16.8639 10.3291 5.26195 2.02287 
RMSE 0.225129 0.35194 0.586171 0.819352 
Lidar -16.8876 10.145 0 1477010466000000 
ground_truth -16.7396 10.0743 4.95507 1.27113 
estimate -16.6152 10.3478 5.31264 1.85524 
RMSE 0.22496 0.351789 0.585773 0.818916 
Radar 19.4316 2.59454 -3.65134 1477010466050000 
ground_truth -16.4915 10.1362 4.97469 1.20937 
estimate -16.3496 10.4405 5.31264 1.85524 
RMSE 0.224813 0.351694 0.585351 0.818582 
Lidar -16.5153 10.3091 0 1477010466100000 
ground_truth -16.2424 10.1952 4.99311 1.14883 
estimate -16.0745 10.5205 5.4191 1.76219 
RMSE 0.224706 0.351639 0.585054 0.818195 
Radar 19.2581 2.55982 -3.71646 1477010466150000 
ground_truth -15.9924 10.2511 5.01039 1.08956 
estimate -15.8035 10.6087 5.4191 1.76219 
RMSE 0.224635 0.351652 0.584732 0.81791 
Lidar -16.006 10.1843 0 1477010466200000 
ground_truth -15.7416 10.3041 5.02655 1.03159 
estimate -15.5806 10.6216 5.36548 1.65314 
RMSE 0.224518 0.351582 0.584315 0.817539 
Radar 18.8573 2.55678 -3.53147 1477010466250000 
ground_truth -15.4899 10.3543 5.04166 0.974957 
estimate -15.3123 10.7042 5.36548 1.65314 
RMSE 0.224428 0.351579 0.583881 0.817266 
Lidar -15.5699 10.1904 0 1477010466300000 
ground_truth -15.2376 10.4016 5.05576 0.919692 
estimate -14.8903 10.818 5.80667 1.46823 
RMSE 0.224762 0.35173 0.584289 0.816786 
Radar 17.9383 2.48774 -4.22288 1477010466350000 
ground_truth -14.9846 10.4462 5.06889 0.865828 
estimate -14.6 10.8914 5.80667 1.46823 
RMSE 0.225223 0.351956 0.584659 0.816389 
Lidar -14.9365 10.4722 0 1477010466400000 
ground_truth -14.7309 10.4882 5.0811 0.813394 
estimate -14.4908 10.7077 5.37715 1.28564 
RMSE 0.225256 0.351727 0.584197 0.815811 
Radar 17.5963 2.56215 -3.31788 1477010466450000 
ground_truth -14.4766 10.5276 5.09243 0.762418 
estimate -14.2219 10.772 5.37715 1.28564 
RMSE 0.225322 0.351534 0.583724 0.815301 
Lidar -14.4088 10.222 0 1477010466500000 
ground_truth -14.2218 10.5645 5.10293 0.712926 
estimate -13.9602 10.7591 5.44858 1.09672 
RMSE 0.225406 0.351275 0.583322 0.814628 
Radar 17.4348 2.49358 -3.80261 1477010466550000 
ground_truth -13.9665 10.5989 5.11263 0.664944 
estimate -13.6878 10.8139 5.44858 1.09672 
RMSE 0.225532 0.351043 0.58291 0.814009 
Lidar -13.8049 10.9383 0 1477010466600000 
ground_truth -13.7107 10.631 5.12159 0.618496 
estimate -13.4233 10.8717 5.36639 1.16991 
RMSE 0.22568 0.350847 0.582403 0.813544 
Radar 17.1981 2.46371 -3.3139 1477010466650000 
ground_truth -13.4545 10.6608 5.12983 0.573603 
estimate -13.155 10.9302 5.36639 1.16991 
RMSE 0.225861 0.350695 0.581891 0.813148 
Lidar -13.3556 10.5517 0 1477010466700000 
ground_truth -13.1979 10.6884 5.13741 0.530288 
estimate -12.9032 10.92 5.44905 0.958083 
RMSE 0.226027 0.350487 0.581455 0.81253 
Radar 16.8616 2.44537 -3.74352 1477010466750000 
ground_truth -12.9409 10.7138 5.14436 0.48857 
estimate -12.6308 10.9679 5.44905 0.958083 
RMSE 0.226237 0.350313 0.581013 0.811962 
Lidar -12.9591 11.0099 0 1477010466800000 
ground_truth -12.6836 10.7373 5.15071 0.448467 
estimate -12.3203 11.0654 5.52191 1.00994 
RMSE 0.22661 0.350268 0.580653 0.811519 
Radar 16.633 2.39881 -3.4553 1477010466850000 
ground_truth -12.426 10.7587 5.15651 0.409997 
estimate -12.0442 11.1159 5.52191 1.00994 
RMSE 0.227044 0.350283 0.580287 0.811134 
Lidar -12.3713 10.6091 0 1477010466900000 
ground_truth -12.1681 10.7783 5.16179 0.373177 
estimate -11.8191 11.1028 5.4493 0.916211 
RMSE 0.227367 0.350231 0.57983 0.810668 
Radar 16.1744 2.40076 -3.36125 1477010466950000 
ground_truth -11.91 10.7961 5.16658 0.338022 
estimate -11.5467 11.1486 5.4493 0.916211 
RMSE 0.227733 0.350236 0.579371 0.810254 
Lidar -11.9451 11.0515 0 1477010467000000 
ground_truth -11.6516 10.8121 5.17092 0.304546 
estimate -11.2345 11.1638 5.54449 0.811263 
RMSE 0.228289 0.350239 0.579019 0.809742 
Radar 15.5125 2.35632 -3.45673 1477010467050000 
ground_truth -11.393 10.8265 5.17484 0.272761 
estimate -10.9572 11.2044 5.54449 0.811263 
RMSE 0.228913 0.350298 0.578664 0.809274 
Lidar -11.4548 10.9407 0 1477010467100000 
ground_truth -11.1342 10.8394 5.17836 0.242681 
estimate -10.8679 10.9616 5.52328 0.0511041 
RMSE 0.228996 0.34998 0.578279 0.808485 
Radar 15.4675 2.39443 -4.4497 1477010467150000 
ground_truth -10.8753 10.8509 5.18153 0.214317 
estimate -10.5917 10.9641 5.52328 0.0511041 
RMSE 0.229122 0.349657 0.577891 0.807685 
Lidar -10.6009 10.6823 0 1477010467200000 
ground_truth -10.6161 10.8609 5.18435 0.187679 
estimate -10.3956 10.9146 5.39856 -0.0128382 
RMSE 0.229105 0.349306 0.577378 0.806905 
Radar 15.1985 2.34779 -3.72809 1477010467250000 
ground_truth -10.3569 10.8697 5.18687 0.162776 
estimate -10.1257 10.9139 5.39856 -0.0128382 
RMSE 0.229109 0.348953 0.576864 0.806115 
Lidar -10.4142 10.8747 0 1477010467300000 
ground_truth -10.0976 10.8772 5.1891 0.139618 
estimate -9.84959 11.0101 5.25995 0.344366 
RMSE 0.229149 0.348647 0.576282 0.805342 
Radar 14.9701 2.29374 -2.90921 1477010467350000 
ground_truth -9.83809 10.8837 5.19106 0.118212 
estimate -9.58659 11.0273 5.25995 0.344366 
RMSE 0.229197 0.348351 0.575701 0.804583 
Lidar -9.83445 11.1032 0 1477010467400000 
ground_truth -9.57852 10.8891 5.19278 0.0985664 
estimate -9.56792 10.8372 4.90973 0.00116837 
RMSE 0.228964 0.348003 0.575255 0.803774 
Radar 14.5278 2.34866 -3.34851 1477010467450000 
ground_truth -9.31887 10.8936 5.19428 0.0806865 
estimate -9.32244 10.8372 4.90973 0.00116837 
RMSE 0.228731 0.347658 0.574812 0.802963 
Lidar -9.3066 11.0348 0 1477010467500000 
ground_truth -9.05915 10.8972 5.19557 0.0645787 
estimate -9.15168 10.7422 4.77825 -0.131389 
RMSE 0.228536 0.347374 0.574536 0.802195 
Radar 13.8648 2.29853 -3.20344 1477010467550000 
ground_truth -8.79937 10.9001 5.19667 0.050248 
estimate -8.91277 10.7357 4.77825 -0.131389 
RMSE 0.228361 0.347101 0.574262 0.801423 
Lidar -8.78899 11.0707 0 1477010467600000 
ground_truth -8.53953 10.9023 5.19759 0.0376992 
estimate -8.77491 10.5941 4.60345 -0.333341 
RMSE 0.228376 0.347027 0.574303 0.800785 
Radar 13.3705 2.29307 -3.21572 1477010467650000 
ground_truth -8.27965 10.9039 5.19835 0.0269359 
estimate -8.54474 10.5774 4.60345 -0.333341 
RMSE 0.228456 0.346986 0.574346 0.80014 
Lidar -8.62045 10.6577 0 1477010467700000 
ground_truth -8.01974 10.905 5.19896 0.0179617 
estimate -8.17962 10.693 4.8172 -0.119524 
RMSE 0.228338 0.346767 0.574022 0.799357 
Radar 13.646 2.18959 -2.98721 1477010467750000 
ground_truth -7.75979 10.9057 5.19942 0.0107791 
estimate -7.93876 10.687 4.8172 -0.119524 
RMSE 0.22825 0.346557 0.573701 0.798574 
Lidar -7.51971 11.0005 0 1477010467800000 
ground_truth -7.49981 10.9061 5.19975 0.00539029 
estimate -7.59856 10.7285 4.93931 0.00254124 
RMSE 0.228063 0.3463 0.573243 0.797771 
Radar 12.8856 2.1693 -2.77937 1477010467850000 
ground_truth -7.23983 10.9063 5.19994 0.00179692 
estimate -7.35159 10.7286 4.93931 0.00254124 
RMSE 0.22789 0.346044 0.572788 0.796972 
Lidar -7.15631 10.815 0 1477010467900000 
