Listening to port 4567
Connected!!!
EKF: 
ground_truth 0.359997 0.600041 -4.80025 0.0016588 
estimate 0.201778 0.385989 -1.24257 -2.37696 
RMSE 0.158219 0.214052 3.55768 2.37862 
Radar 0.435548 1.08911 -2.68215 11477010443000000 
ground_truth 0.119984 0.600207 -4.80057 0.00497648 
estimate 0.218459 0.68347 -0.116709 3.57063 
RMSE 0.131777 0.162405 4.15906 3.03082 
Lidar 0.218966 0.686146 0 11477010443050000 
ground_truth -0.120044 0.600581 -4.801 0.00995308 
estimate -0.181706 0.759662 -7.42429 2.40144 
RMSE 0.113333 0.161305 3.7183 2.83378 
Radar 0.504531 1.73286 0.95321 11477010443100000 
ground_truth -0.360093 0.601244 -4.80155 0.0165887 
estimate -0.424708 0.730687 -4.50061 1.63449 
RMSE 0.10333 0.153959 3.22366 2.58401 
Lidar -0.306645 0.557228 0 11477010443150000 
ground_truth -0.60017 0.602281 -4.80221 0.0248832 
estimate -0.658957 0.59286 -4.05497 1.18505 
RMSE 0.0960873 0.137769 2.90263 2.36873 
Radar 0.570266 2.40709 3.67529 11477010443200000 
ground_truth -0.840279 0.603774 -4.80296 0.0348368 
estimate -0.858884 0.636135 -4.03514 1.14415 
RMSE 0.0880435 0.126458 2.6682 2.20926 
Lidar -0.920801 0.498185 0 11477010443250000 
ground_truth -1.08042 0.605806 -4.8038 0.0464493 
estimate -1.11406 0.666691 -4.41221 0.966512 
RMSE 0.0824982 0.119317 2.4747 2.07473 
Radar 1.1499 2.62382 4.41877 11477010443300000 
ground_truth -1.32061 0.608459 -4.80472 0.0597206 
estimate -1.31079 0.696844 -4.32366 0.952699 
RMSE 0.0772481 0.115903 2.32111 1.96625 
Lidar -1.21709 0.564086 0 11477010443350000 
ground_truth -1.56084 0.611818 -4.8057 0.0746505 
estimate -1.5299 0.700118 -4.33908 0.722615 
RMSE 0.0735568 0.113169 2.19389 1.86634 
Radar 1.43215 2.73564 4.1884 11477010443400000 
ground_truth -1.80112 0.615965 -4.80673 0.0912385 
estimate -1.69864 0.719812 -4.20586 0.743794 
RMSE 0.0769399 0.112272 2.08996 1.78255 
Lidar -1.46626 0.627215 0 11477010443450000 
ground_truth -2.04145 0.620982 -4.80778 0.109484 
estimate -1.9486 0.711202 -4.44793 0.535147 
RMSE 0.07852 0.110449 1.99565 1.70443 
Radar 1.85823 2.82021 4.53155 11477010443500000 
ground_truth -2.28182 0.626953 -4.80884 0.129387 
estimate -2.1904 0.744795 -4.49031 0.537834 
RMSE 0.0796746 0.111084 1.9129 1.63612 
Lidar -2.28461 0.787442 0 11477010443550000 
ground_truth -2.52225 0.63396 -4.80989 0.150946 
estimate -2.47643 0.652071 -4.76277 0.00845477 
RMSE 0.0775968 0.106844 1.8379 1.57243 
Radar 2.54514 2.9573 4.68462 11477010443600000 
ground_truth -2.76273 0.642086 -4.81089 0.174159 
estimate -2.72032 0.67975 -4.76195 0.112504 
RMSE 0.0756285 0.103448 1.77109 1.51532 
Lidar -2.7473 0.847233 0 11477010443650000 
ground_truth -3.00325 0.651414 -4.81184 0.199026 
estimate -2.98144 0.696131 -4.75777 0.123533 
RMSE 0.0732808 0.100605 1.7111 1.46407 
Radar 3.75812 2.90915 4.57293 11477010443700000 
ground_truth -3.24381 0.662026 -4.8127 0.225545 
estimate -3.23348 0.731492 -4.77603 0.22511 
RMSE 0.0710008 0.0989467 1.65679 1.41758 
Lidar -3.30883 0.881059 0 11477010443750000 
ground_truth -3.48441 0.674004 -4.81344 0.253712 
estimate -3.47971 0.701679 -4.79451 0.0677751 
RMSE 0.0688904 0.0962268 1.60733 1.37599 
Radar 3.5252 2.96676 4.70151 11477010443800000 
ground_truth -3.72504 0.687432 -4.81403 0.283526 
estimate -3.72926 0.646298 -4.82813 -0.149969 
RMSE 0.0669568 0.0940169 1.56204 1.34112 
Lidar -3.76347 0.400296 0 11477010443850000 
ground_truth -3.9657 0.702391 -4.81445 0.314984 
estimate -3.96765 0.683399 -4.89129 0.0216686 
RMSE 0.0651725 0.091613 1.52048 1.30709 
Radar 3.87038 2.94439 4.93489 11477010443900000 
ground_truth -4.20636 0.718963 -4.81465 0.348081 
estimate -4.25085 0.629263 -4.97163 -0.184699 
RMSE 0.0642964 0.0915183 1.4824 1.27955 
Lidar -4.43196 0.438228 0 11477010443950000 
ground_truth -4.44703 0.73723 -4.81461 0.382812 
estimate -4.49256 0.622736 -4.95689 -0.173499 
RMSE 0.0635286 0.0927415 1.44701 1.2546 
Radar 4.40269 3.00178 4.88828 11477010444000000 
ground_truth -4.68769 0.757274 -4.81428 0.419174 
estimate -4.73498 0.677902 -4.939 0.0412787 
RMSE 0.0628816 0.0921759 1.41399 1.2284 
Lidar -4.72477 0.881914 0 11477010444050000 
ground_truth -4.92832 0.779176 -4.81363 0.45716 
estimate -4.96105 0.744986 -4.96732 0.270359 
RMSE 0.061877 0.0904313 1.38328 1.20203 
Radar 4.50768 2.95175 5.06717 11477010444100000 
ground_truth -5.1689 0.803017 -4.81263 0.496763 
estimate -5.22279 0.74618 -4.99319 0.227231 
RMSE 0.0615648 0.0892843 1.35466 1.17801 
Lidar -5.28802 0.714213 0 11477010444150000 
ground_truth -5.40943 0.828877 -4.81122 0.537976 
estimate -5.48785 0.726458 -5.10701 0.135717 
RMSE 0.0623266 0.0898465 1.3286 1.15701 
Radar 5.50876 3.03022 5.18967 11477010444200000 
ground_truth -5.64986 0.856837 -4.80937 0.580791 
estimate -5.7094 0.822988 -5.03294 0.424775 
RMSE 0.0622217 0.0883515 1.30354 1.13495 
Lidar -5.5629 1.05194 0 11477010444250000 
ground_truth -5.8902 0.886977 -4.80703 0.625197 
estimate -5.93899 0.913665 -4.77556 0.616407 
RMSE 0.0617763 0.0868519 1.27919 1.11374 
Radar 6.42089 2.94326 4.52147 11477010444300000 
ground_truth -6.1304 0.919375 -4.80415 0.671184 
estimate -6.13055 0.932344 -4.69127 0.589291 
RMSE 0.0606632 0.0853221 1.25632 1.09378 
Lidar -5.88309 0.886 0 11477010444350000 
ground_truth -6.37044 0.954111 -4.8007 0.718741 
estimate -6.3819 0.974012 -4.96775 0.660424 
RMSE 0.059646 0.0839196 1.23486 1.07481 
Radar 6.02698 2.98427 5.35623 11477010444400000 
ground_truth -6.61028 0.991262 -4.79662 0.767854 
estimate -6.65269 0.968009 -5.01533 0.53872 
RMSE 0.0591526 0.0826182 1.21476 1.05757 
Lidar -6.75307 0.884443 0 11477010444450000 
ground_truth -6.84991 1.03091 -4.79187 0.818509 
estimate -6.89301 0.994711 -5.01032 0.542168 
RMSE 0.0587032 0.0815344 1.19565 1.04155 
Radar 6.69002 2.99732 5.06436 11477010444500000 
ground_truth -7.08928 1.07312 -4.78638 0.87069 
estimate -7.13346 1.08828 -4.98134 0.740437 
RMSE 0.0583041 0.080295 1.17732 1.02541 
Lidar -7.10876 1.23352 0 11477010444550000 
ground_truth -7.32835 1.11798 -4.78012 0.92438 
estimate -7.38449 1.07652 -4.92592 0.585568 
RMSE 0.0582395 0.0793978 1.15963 1.01148 
Radar 7.57562 3.03104 4.86462 11477010444600000 
ground_truth -7.56709 1.16556 -4.77304 0.979561 
estimate -7.61864 1.12163 -4.90108 0.633959 
RMSE 0.0580538 0.0785834 1.14266 0.998251 
Lidar -7.56319 1.15044 0 11477010444650000 
ground_truth -7.80545 1.21593 -4.76506 1.03621 
estimate -7.83498 1.1573 -4.83986 0.649668 
RMSE 0.0574357 0.0780841 1.12629 0.986054 
Radar 7.33714 2.98899 4.89158 11477010444700000 
ground_truth -8.04339 1.26918 -4.75615 1.09431 
estimate -8.06489 1.18818 -4.81804 0.64717 
RMSE 0.0567456 0.0781665 1.11058 0.975114 
Lidar -8.00209 1.17936 0 11477010444750000 
ground_truth -8.28085 1.32536 -4.74625 1.15383 
estimate -8.29812 1.29669 -4.85548 0.878116 
RMSE 0.0560455 0.0772469 1.09562 0.962914 
Radar 8.26102 2.92874 5.02055 11477010444800000 
ground_truth -8.51779 1.38455 -4.7353 1.21475 
estimate -8.53052 1.32957 -4.8382 0.848372 
RMSE 0.0553417 0.0767438 1.08123 0.952016 
Lidar -8.47207 1.30248 0 11477010444850000 
ground_truth -8.75416 1.44681 -4.72324 1.27704 
estimate -8.73947 1.36019 -4.49358 0.774599 
RMSE 0.0546783 0.0770128 1.06792 0.94317 
Radar 9.05363 2.99137 4.16871 11477010444900000 
ground_truth -8.98989 1.51223 -4.71002 1.34067 
estimate -8.96056 1.46142 -4.47696 0.951822 
RMSE 0.0541892 0.0764672 1.05513 0.933333 
Lidar -8.97275 1.58275 0 11477010444950000 
ground_truth -9.22493 1.58085 -4.69558 1.40561 
estimate -9.1988 1.48674 -4.7312 0.923574 
RMSE 0.0536797 0.0769457 1.04219 0.924949 
Radar 8.79922 3.00192 5.13603 11477010445000000 
ground_truth -9.45921 1.65276 -4.67987 1.47183 
estimate -9.45785 1.50131 -4.77786 0.83115 
RMSE 0.0530372 0.079535 1.02982 0.919203 
Lidar -9.55672 1.45188 0 11477010445050000 
ground_truth -9.69268 1.728 -4.66282 1.53929 
estimate -9.70955 1.49866 -4.90623 0.719664 
RMSE 0.05248 0.0860342 1.01845 0.91701 
Radar 9.62177 3.02687 5.09521 11477010445100000 
ground_truth -9.92526 1.80665 -4.64437 1.60795 
estimate -9.98422 1.64364 -4.94217 1.01865 
RMSE 0.0526361 0.0885301 1.00781 0.910872 
Lidar -10.1925 1.86579 0 11477010445150000 
ground_truth -10.1569 1.88875 -4.62448 1.67776 
estimate -10.2038 1.77279 -4.78823 1.22785 
RMSE 0.052516 0.0892314 0.996853 0.903188 
Radar 10.3421 2.89756 4.80496 11477010445200000 
ground_truth -10.3875 1.97438 -4.60307 1.7487 
estimate -10.4007 1.87328 -4.70389 1.34304 
RMSE 0.0519786 0.089506 0.98607 0.895317 
Lidar -10.2047 1.92272 0 11477010445250000 
ground_truth -10.6169 2.06357 -4.58009 1.82071 
estimate -10.6589 1.96502 -4.87936 1.4336 
RMSE 0.0517868 0.089708 0.9765 0.887539 
Radar 10.9622 2.94265 5.23938 11477010445300000 
ground_truth -10.8452 2.15639 -4.55549 1.89375 
estimate -10.8952 2.01739 -4.86883 1.38188 
RMSE 0.0517501 0.0910075 0.967332 0.881348 
Lidar -10.8445 1.97723 0 11477010445350000 
ground_truth -11.0722 2.25288 -4.52921 1.96776 
estimate -11.1205 2.11001 -4.81572 1.44758 
RMSE 0.051681 0.0923574 0.958285 0.875467 
Radar 11.0703 2.929 4.98879 11477010445400000 
ground_truth -11.2979 2.35309 -4.50118 2.04269 
estimate -11.3041 2.27076 -4.6936 1.69921 
RMSE 0.0511692 0.0921676 0.949044 0.868029 
Lidar -11.0683 2.3968 0 11477010445450000 
ground_truth -11.5221 2.45707 -4.47136 2.11849 
estimate -11.5447 2.35392 -4.71301 1.69487 
RMSE 0.0507636 0.0923954 0.940303 0.861521 
Radar 11.8737 2.94348 4.96464 11477010445500000 
ground_truth -11.7448 2.56486 -4.43968 2.1951 
estimate -11.7781 2.50288 -4.6954 1.86969 
RMSE 0.0504852 0.0919054 0.931892 0.854389 
Lidar -11.81 2.61859 0 11477010445550000 
ground_truth -11.9658 2.6765 -4.4061 2.27246 
estimate -12.0325 2.6243 -4.82674 1.96519 
RMSE 0.0508388 0.0913162 0.924866 0.847343 
Radar 12.5158 2.90505 5.26493 11477010445600000 
ground_truth -12.1851 2.79202 -4.37055 2.35051 
estimate -12.2751 2.75957 -4.82076 2.06491 
RMSE 0.0518325 0.0905745 0.918308 0.840359 
Lidar -12.3079 2.82794 0 11477010445650000 
ground_truth -12.4026 2.91145 -4.333 2.42918 
estimate -12.5128 2.83408 -4.72931 1.96518 
RMSE 0.0534662 0.0903516 0.911489 0.835032 
Radar 12.9372 2.94609 4.91793 11477010445700000 
ground_truth -12.6182 3.03483 -4.29338 2.5084 
estimate -12.7218 3.00684 -4.66092 2.1709 
RMSE 0.0547664 0.0896193 0.904649 0.828771 
Lidar -12.6407 3.12177 0 11477010445750000 
ground_truth -12.8317 3.16218 -4.25165 2.5881 
estimate -12.9453 3.12923 -4.61304 2.20385 
RMSE 0.0563314 0.0889369 0.897955 0.823044 
Radar 13.2751 2.88721 4.96645 11477010445800000 
ground_truth -13.0431 3.29353 -4.20776 2.66821 
estimate -13.1384 3.31617 -4.52456 2.41685 
RMSE 0.0572291 0.0882169 0.891151 0.816585 
Lidar -13.0124 3.4261 0 11477010445850000 
ground_truth -13.2522 3.42888 -4.16167 2.74865 
estimate -13.3284 3.41865 -4.39156 2.35636 
RMSE 0.0576036 0.0874763 0.884074 0.811244 
Radar 13.1338 2.89851 4.76427 11477010445900000 
ground_truth -13.459 3.56827 -4.11333 2.82935 
estimate -13.5097 3.56048 -4.31387 2.42841 
RMSE 0.0574954 0.0867501 0.877058 0.806119 
Lidar -13.3393 3.57168 0 11477010445950000 
ground_truth -13.6633 3.71169 -4.0627 2.91022 
estimate -13.7392 3.7201 -4.35287 2.5346 
RMSE 0.057845 0.0860428 0.870632 0.80093 
Radar 14.6601 2.84001 4.88115 11477010446000000 
ground_truth -13.865 3.85915 -4.00974 2.99118 
estimate -13.9434 3.8268 -4.33286 2.48448 
RMSE 0.0582331 0.0854449 0.864557 0.797046 
Lidar -13.8581 3.77748 0 11477010446050000 
ground_truth -14.064 4.01066 -3.95441 3.07214 
estimate -14.1361 3.98206 -4.18718 2.54653 
RMSE 0.0584784 0.0848406 0.858169 0.793463 
Radar 14.6808 2.82335 4.59318 11477010446100000 
ground_truth -14.2602 4.16622 -3.89669 3.15303 
estimate -14.3234 4.14737 -4.13554 2.65176 
RMSE 0.0585543 0.0842081 0.851961 0.78973 
Lidar -14.2501 4.19728 0 11477010446150000 
ground_truth -14.4535 4.32581 -3.83653 3.23373 
estimate -14.5483 4.29859 -4.11721 2.68269 
RMSE 0.0592811 0.0836261 0.846099 0.786606 
Radar 15.831 2.83853 4.62087 11477010446200000 
ground_truth -14.6436 4.48943 -3.77392 3.31417 
estimate -14.7274 4.51296 -4.04426 2.89984 
RMSE 0.0597279 0.0830407 0.840324 0.782289 
Lidar -14.6748 4.63724 0 11477010446250000 
ground_truth -14.8306 4.65706 -3.70883 3.39425 
estimate -14.9251 4.66123 -3.98833 2.89455 
RMSE 0.0603952 0.0824202 0.834728 0.778825 
Radar 15.7254 2.83246 4.60213 11477010446300000 
ground_truth -15.0143 4.82869 -3.64123 3.47388 
estimate -15.0696 4.84321 -3.8734 3.00511 
RMSE 0.0603228 0.0818309 0.829046 0.775164 
Lidar -14.8394 4.85714 0 11477010446350000 
ground_truth -15.1945 5.00428 -3.5711 3.55294 
estimate -15.2488 4.97849 -3.79077 2.94883 
RMSE 0.0602399 0.081295 0.823441 0.772956 
Radar 15.8497 2.83691 4.44162 11477010446400000 
ground_truth -15.3712 5.1838 -3.49844 3.63135 
estimate -15.428 5.20169 -3.74793 3.1487 
RMSE 0.060192 0.0807406 0.818082 0.76958 
Lidar -15.4595 5.33623 0 11477010446450000 
ground_truth -15.5441 5.36723 -3.42323 3.70901 
estimate -15.5856 5.37897 -3.52596 3.15224 
RMSE 0.0599694 0.0801821 0.812392 0.766993 
Radar 16.5691 2.76901 4.13492 11477010446500000 
ground_truth -15.7133 5.55452 -3.34546 3.78581 
estimate -15.7861 5.50204 -3.58292 3.05653 
RMSE 0.0601661 0.0798631 0.807216 0.766482 
Lidar -15.8636 5.46187 0 11477010446550000 
ground_truth -15.8785 5.74562 -3.26513 3.86164 
estimate -15.9587 5.63395 -3.58549 3.00637 
RMSE 0.0604857 0.0803838 0.802544 0.767767 
Radar 16.6083 2.82552 4.40404 11477010446600000 
ground_truth -16.0396 5.94048 -3.18223 3.9364 
estimate -16.0836 5.84933 -3.46083 3.18862 
RMSE 0.0602932 0.0805388 0.797761 0.767501 
Lidar -15.899 5.91441 0 11477010446650000 
ground_truth -16.1965 6.13906 -3.09679 4.00999 
estimate -16.2507 5.99676 -3.35415 3.12088 
RMSE 0.0602162 0.08167 0.792981 0.769249 
Radar 17.4613 2.79834 4.08203 11477010446700000 
ground_truth -16.3491 6.34128 -3.00879 4.08229 
estimate -16.3745 6.27558 -3.22965 3.44873 
RMSE 0.0598897 0.0814802 0.788154 0.767619 
Lidar -16.3132 6.46809 0 11477010446750000 
ground_truth -16.4972 6.54708 -2.91826 4.1532 
estimate -16.5187 6.39917 -3.11059 3.28487 
RMSE 0.0595502 0.0826856 0.783326 0.769011 
Radar 17.3457 2.82304 3.95348 11477010446800000 
ground_truth -16.6407 6.75639 -2.82522 4.22261 
estimate -16.6706 6.61809 -3.08471 3.42594 
RMSE 0.0592638 0.0836331 0.778843 0.769372 
Lidar -16.7212 6.72454 0 11477010446850000 
ground_truth -16.7795 6.96912 -2.72968 4.29042 
estimate -16.8326 6.80897 -3.12553 3.48806 
RMSE 0.05919 0.085033 0.775179 0.769799 
Radar 18.3587 2.73661 4.24528 11477010446900000 
ground_truth -16.9135 7.18521 -2.63167 4.3565 
estimate -17.0242 7.07889 -3.1603 3.72199 
RMSE 0.0601058 0.0853319 0.772583 0.768255 
Lidar -17.312 7.32125 0 11477010446950000 
ground_truth -17.0425 7.40456 -2.53122 4.42077 
estimate -17.1476 7.2733 -2.90526 3.67298 
RMSE 0.0608643 0.0860486 0.768923 0.768005 
Radar 18.6667 2.7047 3.84031 11477010447000000 
ground_truth -17.1665 7.62707 -2.42838 4.4831 
estimate -17.2333 7.57715 -2.74614 3.99534 
RMSE 0.0609406 0.0856998 0.765025 0.765206 
Lidar -17.1166 7.75043 0 11477010447050000 
ground_truth -17.2852 7.85264 -2.32317 4.54339 
estimate -17.3728 7.75912 -2.77951 3.95947 
RMSE 0.0613302 0.0857983 0.76205 0.763278 
Radar 18.8305 2.74733 4.19221 11477010447100000 
ground_truth -17.3986 8.08118 -2.21565 4.60153 
estimate -17.4937 7.92113 -2.75776 3.87413 
RMSE 0.0618416 0.0870554 0.759807 0.762861 
Lidar -17.3617 7.8192 0 11477010447150000 
ground_truth -17.5066 8.31257 -2.10586 4.65742 
estimate -17.6041 8.137 -2.58784 3.88857 
RMSE 0.0623799 0.0886123 0.757131 0.762932 
Radar 19.4407 2.65832 3.82154 11477010447200000 
ground_truth -17.6091 8.54669 -1.99386 4.71095 
estimate -17.7389 8.38795 -2.57702 4.02903 
RMSE 0.0635772 0.0897431 0.755338 0.762039 
Lidar -17.8436 8.51915 0 11477010447250000 
ground_truth -17.7059 8.78343 -1.87971 4.76202 
estimate -17.8249 8.55602 -2.31415 3.86286 
RMSE 0.0644863 0.0924968 0.752428 0.763755 
Radar 19.3186 2.70542 3.49056 11477010447300000 
ground_truth -17.797 9.02267 -1.76348 4.81052 
estimate -17.8761 8.88002 -2.13569 4.21014 
RMSE 0.0646714 0.0932184 0.749192 0.762095 
Lidar -17.7757 9.07777 0 11477010447350000 
ground_truth -17.8822 9.26426 -1.64522 4.85637 
estimate -17.9547 9.0983 -1.87599 4.13405 
RMSE 0.064765 0.0943478 0.745373 0.76166 
Radar 20.4024 2.63459 3.23315 11477010447400000 
ground_truth -17.9614 9.50807 -1.52502 4.89946 
estimate -17.9433 9.45572 -1.60587 4.54188 
RMSE 0.0644324 0.0939843 0.741269 0.758354 
Lidar -17.7006 9.64203 0 11477010447450000 
ground_truth -18.0346 9.75398 -1.40296 4.9397 
estimate -18.0077 9.69436 -1.48531 4.52937 
RMSE 0.0641392 0.0936752 0.737235 0.755401 
Radar 20.5799 2.61606 3.3231 11477010447500000 
ground_truth -18.1016 10.0018 -1.27911 4.97699 
estimate -18.0899 9.93192 -1.49664 4.5541 
RMSE 0.0638013 0.0934491 0.733568 0.752577 
Lidar -18.1418 9.9702 0 11477010447550000 
ground_truth -18.1624 10.2515 -1.15357 5.01125 
estimate -18.184 10.1172 -1.47915 4.39806 
RMSE 0.0634968 0.0939833 0.730394 0.751216 
Radar 21.0152 2.70509 3.31 11477010447600000 
ground_truth -18.2169 10.5027 -1.02642 5.04239 
estimate -18.1761 10.4165 -1.27927 4.61976 
RMSE 0.0632983 0.0939036 0.726967 0.74848 
Lidar -17.949 10.4783 0 11477010447650000 
ground_truth -18.265 10.7555 -0.897764 5.07032 
estimate -18.2616 10.6518 -1.42505 4.68563 
RMSE 0.0629652 0.0940115 0.725151 0.745576 
Radar 21.1958 2.62966 3.75037 11477010447700000 
ground_truth -18.3066 11.0095 -0.767697 5.09498 
estimate -18.3292 10.8424 -1.43665 4.58036 
RMSE 0.0626789 0.0950635 0.724588 0.74354 
Lidar -18.2427 10.7283 0 11477010447750000 
ground_truth -18.3417 11.2647 -0.636323 5.11627 
estimate -18.3832 11.0512 -1.22396 4.42165 
RMSE 0.0624974 0.0970255 0.723309 0.743052 
Radar 21.6103 2.60671 3.0333 11477010447800000 
ground_truth -18.3702 11.5209 -0.503751 5.13414 
estimate -18.344 11.4714 -0.931167 4.93894 
RMSE 0.0622339 0.0966585 0.720903 0.739514 
Lidar -18.2521 11.808 0 11477010447850000 
ground_truth -18.392 11.778 -0.370091 5.14852 
estimate -18.3857 11.7104 -0.83476 4.86169 
RMSE 0.0619221 0.0964086 0.718772 0.736334 
Radar 21.9725 2.57656 3.16751 11477010447900000 
ground_truth -18.4072 12.0356 -0.235457 5.15934 
estimate -18.4175 11.9662 -0.808468 4.89569 
RMSE 0.0616202 0.0961759 0.717461 0.733117 
Lidar -18.3979 11.9824 0 11477010447950000 
ground_truth -18.4156 12.2937 -0.099968 5.16654 
estimate -18.4524 12.206 -0.822569 4.90147 
RMSE 0.0614234 0.0960961 0.717512 0.729956 
Radar 21.8684 2.56022 3.43613 11477010448000000 
ground_truth -18.4171 12.552 0.0362564 5.17007 
estimate -18.4892 12.4868 -0.797333 4.98852 
RMSE 0.0615373 0.0958412 0.718741 0.726591 
Lidar -18.5334 12.5747 0 11477010448050000 
ground_truth -18.4119 12.8105 0.173093 5.16989 
estimate -18.5013 12.7361 -0.57925 4.88485 
RMSE 0.0618676 0.0956562 0.719075 0.723601 
Radar 22.6062 2.50413 2.98248 11477010448100000 
ground_truth -18.3998 13.0688 0.310414 5.16594 
estimate -18.5019 13.0389 -0.492987 5.03398 
RMSE 0.0623787 0.0952403 0.719932 0.72023 
Lidar -18.4912 13.149 0 11477010448150000 
ground_truth -18.3809 13.3269 0.448093 5.1582 
estimate -18.5004 13.2347 -0.192849 4.70794 
RMSE 0.0631672 0.095212 0.719221 0.718137 
Radar 22.6912 2.55894 2.45095 11477010448200000 
ground_truth -18.355 13.5845 0.585998 5.14663 
estimate -18.4249 13.5668 0.0319375 4.96647 
RMSE 0.0632343 0.0947774 0.717841 0.714956 
Lidar -18.2622 13.6861 0 11477010448250000 
ground_truth -18.3223 13.8414 0.723997 5.1312 
estimate -18.4115 13.8306 0.149315 4.94197 
RMSE 0.0635265 0.0943393 0.716635 0.711842 
Radar 23.3787 2.45833 2.6947 11477010448300000 
ground_truth -18.2826 14.0974 0.861956 5.11189 
estimate -18.3648 14.109 0.247643 5.02926 
RMSE 0.0637245 0.0939081 0.715755 0.708584 
Lidar -18.2698 14.1282 0 11477010448350000 
ground_truth -18.2361 14.3524 0.999739 5.08868 
estimate -18.3329 14.3481 0.48075 4.84784 
RMSE 0.0641053 0.0934773 0.714196 0.705703 
Radar 23.6186 2.46177 2.26225 11477010448400000 
ground_truth -18.1827 14.6061 1.13721 5.06157 
estimate -18.2858 14.5767 0.523633 4.82407 
RMSE 0.0645653 0.0930936 0.713345 0.702853 
Lidar -18.1737 14.4943 0 11477010448450000 
ground_truth -18.1224 14.8584 1.27423 5.03055 
estimate -18.2306 14.8011 0.823299 4.58998 
RMSE 0.0650893 0.0928328 0.711413 0.700928 
Radar 23.8202 2.43644 1.81898 11477010448500000 
ground_truth -18.0553 15.1091 1.41067 4.99562 
estimate -18.123 15.1021 1.00115 4.7791 
RMSE 0.0651132 0.0924198 0.709287 0.698092 
Lidar -18.0078 15.1957 0 11477010448550000 
ground_truth -17.9814 15.3578 1.54638 4.95679 
estimate -18.0613 15.3561 1.017 4.83373 
RMSE 0.0652584 0.0920101 0.707895 0.695092 
Radar 23.6478 2.40367 2.38793 11477010448600000 
ground_truth -17.9007 15.6046 1.68122 4.91408 
estimate -17.9825 15.6097 1.0835 4.87125 
RMSE 0.0654222 0.0916069 0.707003 0.692049 
Lidar -17.9036 15.5953 0 11477010448650000 
ground_truth -17.8133 15.8491 1.81507 4.8675 
estimate -17.9131 15.8245 1.14403 4.77309 
RMSE 0.0657985 0.0912366 0.706698 0.689089 
Radar 23.42 2.43618 2.24496 11477010448700000 
ground_truth -17.7192 16.0912 1.94777 4.81708 
estimate -17.8205 16.0721 1.22604 4.8064 
RMSE 0.0661861 0.0908598 0.706829 0.686114 
Lidar -17.7118 16.0351 0 11477010448750000 
ground_truth -17.6185 16.3307 2.0792 4.76286 
estimate -17.7899 16.3074 1.1061 4.82983 
RMSE 0.0677802 0.0904962 0.709529 0.683203 
Radar 24.3287 2.44765 2.53227 11477010448800000 
ground_truth -17.5113 16.5674 2.20923 4.70486 
estimate -17.6178 16.599 1.38863 4.98539 
RMSE 0.0682006 0.0901588 0.710543 0.680792 
Lidar -17.3057 16.5441 0 11477010448850000 
ground_truth -17.3977 16.8011 2.33771 4.64314 
estimate -17.4938 16.7732 1.80567 4.50502 
RMSE 0.0684828 0.0898155 0.70923 0.678044 
Radar 23.7953 2.38386 1.20833 11477010448900000 
ground_truth -17.2776 17.0316 2.46452 4.57774 
estimate -17.3759 17.03 1.88269 4.58548 
RMSE 0.0687851 0.0894406 0.708263 0.675213 
Lidar -17.3409 17.0829 0 11477010448950000 
ground_truth -17.1512 17.2588 2.58952 4.50871 
estimate -17.2476 17.2088 2.23279 4.17632 
RMSE 0.0690591 0.0891861 0.706076 0.673096 
Radar 24.4801 2.35771 0.797362 11477010449000000 
ground_truth -17.0187 17.4824 2.71259 4.43613 
estimate -17.0768 17.507 2.40977 4.39607 
RMSE 0.068976 0.0888477 0.70371 0.670341 
Lidar -17.0467 17.6995 0 11477010449050000 
ground_truth -16.88 17.7023 2.83361 4.36005 
estimate -16.9298 17.6895 2.58283 4.18036 
RMSE 0.0688415 0.0884933 0.701208 0.667807 
Radar 24.139 2.3363 0.989119 11477010449100000 
ground_truth -16.7354 17.9184 2.95245 4.28054 
estimate -16.7957 17.9144 2.60192 4.21716 
RMSE 0.0687767 0.0881365 0.699084 0.665134 
Lidar -16.8092 17.9605 0 11477010449150000 
ground_truth -16.5848 18.1303 3.069 4.19769 
estimate -16.6442 18.1057 2.71987 4.09297 
RMSE 0.068707 0.0878109 0.696982 0.662534 
Radar 24.3554 2.30367 1.02306 11477010449200000 
ground_truth -16.4285 18.3381 3.18313 4.11157 
estimate -16.4831 18.262 2.75342 3.99653 
RMSE 0.0686066 0.0877242 0.695266 0.659979 
Lidar -16.3146 18.044 0 11477010449250000 
ground_truth -16.2665 18.5415 3.29475 4.02228 
estimate -16.347 18.4491 2.77687 3.9286 
RMSE 0.0687087 0.0877622 0.694046 0.657428 
Radar 24.6353 2.31146 1.0311 11477010449300000 
ground_truth -16.0991 18.7403 3.40374 3.9299 
estimate -16.1585 18.6821 2.90894 4.02557 
RMSE 0.0686408 0.08757 0.692711 0.65491 
Lidar -16.0729 18.7231 0 11477010449350000 
ground_truth -15.9262 18.9344 3.50999 3.83452 
estimate -15.9831 18.8555 3.12625 3.77847 
RMSE 0.0685576 0.0875062 0.690848 0.652385 
Radar 24.6758 2.25174 0.524333 11477010449400000 
ground_truth -15.7481 19.1237 3.61342 3.73626 
estimate -15.7646 19.1192 3.30653 3.96099 
RMSE 0.0683087 0.0871699 0.688712 0.65017 
Lidar -15.7147 19.2819 0 11477010449450000 
ground_truth -15.5649 19.308 3.71392 3.63521 
estimate -15.5849 19.2777 3.49479 3.65671 
RMSE 0.0680699 0.086877 0.686345 0.647686 
Radar 24.8604 2.26041 0.268944 11477010449500000 
ground_truth -15.3767 19.4872 3.8114 3.53148 
estimate -15.3941 19.4993 3.55102 3.7447 
RMSE 0.0678285 0.0865536 0.684116 0.645495 
Lidar -15.4174 19.6167 0 11477010449550000 
ground_truth -15.1838 19.6612 3.90579 3.42518 
estimate -15.1943 19.6442 3.76916 3.41155 
RMSE 0.0675792 0.0862402 0.681642 0.643065 
Radar 24.8415 2.22773 -0.0209669 11477010449600000 
ground_truth -14.9862 19.8297 3.99699 3.31643 
estimate -14.9556 19.8728 3.91536 3.55096 
RMSE 0.0673785 0.0859984 0.679131 0.640981 
Lidar -14.9167 20.0068 0 11477010449650000 
ground_truth -14.7841 19.9928 4.08495 3.20535 
estimate -14.7821 20.0102 3.96677 3.28179 
RMSE 0.0671287 0.0856923 0.676687 0.638637 
Radar 25.1767 2.27371 -0.0114214 11477010449700000 
ground_truth -14.5777 20.1503 4.16958 3.09206 
estimate -14.6533 20.1351 3.78326 3.17694 
RMSE 0.0671945 0.0853866 0.675008 0.636326 
Lidar -14.7756 20.1032 0 11477010449750000 
ground_truth -14.3671 20.302 4.25082 2.97668 
estimate -14.4631 20.2636 3.81493 3.04895 
RMSE 0.0674498 0.0851377 0.67357 0.634029 
Radar 24.5989 2.21935 0.172357 11477010449800000 
ground_truth -14.1526 20.448 4.32862 2.85933 
estimate -14.196 20.46 4.01763 3.16545 
RMSE 0.0673065 0.0848348 0.671647 0.632265 
Lidar -14.0673 20.5034 0 11477010449850000 
ground_truth -13.9342 20.588 4.40292 2.74015 
estimate -13.9732 20.5735 4.1965 2.85346 
RMSE 0.0671455 0.0845381 0.669456 0.63006 
Radar 24.6852 2.16625 -0.348042 11477010449900000 
ground_truth -13.7123 20.722 4.47367 2.61927 
estimate -13.7819 20.7222 4.15495 2.85998 
RMSE 0.0671633 0.0842356 0.667604 0.628135 
Lidar -13.8405 20.7784 0 11477010449950000 
ground_truth -13.4868 20.8499 4.54085 2.49681 
estimate -13.5592 20.826 4.31053 2.56366 
RMSE 0.0672016 0.0839606 0.665516 0.625929 
Radar 24.8136 2.15116 -0.545526 11477010450000000 
ground_truth -13.2582 20.9717 4.6044 2.37291 
estimate -13.2983 20.9727 4.42841 2.61586 
RMSE 0.0670491 0.0836645 0.663333 0.624055 
Lidar -13.2142 20.9737 0 11477010450050000 
ground_truth -13.0264 21.0872 4.6643 2.2477 
estimate -13.0442 21.0814 4.58208 2.44074 
RMSE 0.0668308 0.0833728 0.661045 0.622078 
Radar 24.5445 2.08549 -0.544139 11477010450100000 
ground_truth -12.7917 21.1965 4.72053 2.12131 
estimate -12.7653 21.2458 4.72222 2.54202 
RMSE 0.0666347 0.0831845 0.658746 0.620905 
Lidar -12.7118 21.3432 0 11477010450150000 
ground_truth -12.5543 21.2994 4.77306 1.99388 
estimate -12.5278 21.3559 4.7639 2.42571 
RMSE 0.0664411 0.0830301 0.656471 0.619799 
Radar 24.7351 2.10973 -0.441673 11477010450200000 
ground_truth -12.3143 21.3959 4.8219 1.86555 
estimate -12.2419 21.5025 4.89197 2.49045 
RMSE 0.0664839 0.0832142 0.654244 0.619834 
Lidar -12.1679 21.5349 0 11477010450250000 
ground_truth -12.072 21.486 4.86702 1.73644 
estimate -11.965 21.5785 5.08801 2.14333 
RMSE 0.0668427 0.083281 0.65227 0.618633 
Radar 24.3747 2.05077 -0.971054 11477010450300000 
ground_truth -11.8276 21.5696 4.90844 1.60668 
estimate -11.7967 21.6741 4.87042 2.09622 
RMSE 0.0666651 0.0834421 0.65007 0.617851 
Lidar -11.9786 21.7567 0 11477010450350000 
ground_truth -11.5811 21.6467 4.94615 1.47643 
estimate -11.5382 21.7495 4.98329 1.86766 
RMSE 0.0665339 0.0835868 0.647892 0.616608 
Radar 24.5465 2.04934 -0.941372 11477010450400000 
ground_truth -11.3329 21.7173 4.98017 1.34579 
estimate -11.269 21.7984 5.0141 1.78493 
RMSE 0.0665165 0.0835703 0.645735 0.615594 
Lidar -11.1569 21.5707 0 11477010450450000 
ground_truth -11.083 21.7813 5.01051 1.21491 
estimate -11.0261 21.8634 5.04571 1.6061 
RMSE 0.0664573 0.0835607 0.643599 0.614378 
Radar 24.5619 2.06339 -1.02857 11477010450500000 
ground_truth -10.8317 21.8388 5.03719 1.08391 
estimate -10.8197 21.8775 4.90379 1.46393 
RMSE 0.0662454 0.0833446 0.64157 0.613129 
Lidar -10.8239 21.6462 0 11477010450550000 
ground_truth -10.5792 21.8898 5.06025 0.952912 
estimate -10.5519 21.915 5.07188 1.12647 
RMSE 0.0660655 0.0830967 0.639471 0.611283 
Radar 24.4003 1.99557 -1.58581 11477010450600000 
ground_truth -10.3256 21.9341 5.07971 0.822051 
estimate -10.2706 21.9644 5.13845 1.12 
RMSE 0.0659996 0.0828625 0.637409 0.609768 
Lidar -10.2017 21.894 0 11477010450650000 
ground_truth -10.0711 21.972 5.09561 0.691445 
estimate -9.9993 21.9713 5.23586 0.840857 
RMSE 0.0660386 0.0825947 0.635449 0.607916 
Radar 23.7057 2.00075 -1.658 11477010450700000 
ground_truth -9.81592 22.0033 5.10799 0.561215 
estimate -9.75308 22.0023 5.19224 0.815499 
RMSE 0.0660186 0.0823296 0.633445 0.606306 
Lidar -9.77038 21.9721 0 11477010450750000 
ground_truth -9.56019 22.0282 5.11691 0.431476 
estimate -9.48429 22.0019 5.29166 0.512685 
RMSE 0.0660862 0.0820939 0.631578 0.604407 
Radar 23.8583 1.97952 -1.94202 11477010450800000 
ground_truth -9.3041 22.0465 5.1224 0.302344 
estimate -9.27799 22.0383 5.14822 0.520216 
RMSE 0.0659095 0.0818363 0.62958 0.602741 
Lidar -9.41029 22.1647 0 11477010450850000 
ground_truth -9.04782 22.0584 5.12453 0.17393 
estimate -9.01279 22.0227 5.23738 0.222733 
RMSE 0.0657606 0.0816277 0.627661 0.600855 
Radar 23.6667 1.96328 -2.08374 11477010450900000 
ground_truth -8.79151 22.0639 5.12336 0.046341 
estimate -8.71005 22.0558 5.34949 0.273835 
RMSE 0.0658703 0.0813747 0.625952 0.599244 
Lidar -8.65675 22.1083 0 11477010450950000 
ground_truth -8.53534 22.0631 5.11895 -0.0803171 
estimate -8.44043 22.0317 5.46705 -0.146458 
RMSE 0.0660901 0.0811593 0.624607 0.597403 
Radar 24.0318 1.93703 -2.5966 11477010451000000 
ground_truth -8.27947 22.0559 5.11137 -0.205944 
estimate -8.13686 22.049 5.55314 -0.0934079 
RMSE 0.0668318 0.0809102 0.623643 0.595622 
Lidar -8.108 22.1304 0 11477010451050000 
ground_truth -8.02405 22.0425 5.10068 -0.330441 
estimate -7.84039 22.0419 5.64684 -0.230065 
RMSE 0.0681618 0.0806616 0.623197 0.593844 
Radar 23.681 1.87425 -2.30889 11477010451100000 
ground_truth -7.76924 22.0229 5.08697 -0.453715 
estimate -7.62679 22.034 5.47136 -0.235788 
RMSE 0.068858 0.08042 0.622019 0.592275 
Lidar -7.76 22.1292 0 11477010451150000 
ground_truth -7.51519 21.9971 5.07031 -0.575677 
estimate -7.35585 21.9778 5.54933 -0.639391 
RMSE 0.0697607 0.08019 0.621251 0.590499 
Radar 23.3797 1.90543 -2.81597 11477010451200000 
ground_truth -7.26204 21.9653 5.05078 -0.696241 
estimate -7.14834 21.9419 5.36743 -0.658576 
RMSE 0.0701079 0.0799687 0.619865 0.588724 
Lidar -7.2723 21.9974 0 11477010451250000 
ground_truth -7.00994 21.9275 5.02847 -0.815324 
estimate -6.86645 21.8902 5.43659 -0.826507 
RMSE 0.0707742 0.0797811 0.618813 0.58696 
Radar 22.9291 1.85522 -2.60177 11477010451300000 
ground_truth -6.75902 21.8838 5.00346 -0.932849 
estimate -6.73575 21.8207 5.06205 -0.901738 
RMSE 0.0705861 0.079692 0.616985 0.585215 
Lidar -6.96025 21.824 0 11477010451350000 
ground_truth -6.50942 21.8342 4.97584 -1.04874 
estimate -6.51194 21.7761 4.97966 -0.886701 
RMSE 0.0703772 0.0795814 0.615157 0.583614 
Radar 22.8515 1.91046 -2.25329 11477010451400000 
ground_truth -6.26126 21.7789 4.94569 -1.16294 
estimate -6.36571 21.7226 4.71006 -0.91958 
RMSE 0.0706257 0.0794645 0.613611 0.582195 
Lidar -6.53769 21.7748 0 11477010451450000 
ground_truth -6.01466 21.7179 4.91312 -1.27537 
estimate -6.1133 21.6539 4.74936 -0.96588 
RMSE 0.0708218 0.0793829 0.611942 0.580972 
Radar 21.9451 1.82953 -2.21065 11477010451500000 
ground_truth -5.76976 21.6513 4.87822 -1.38597 
estimate -5.86502 21.6228 4.78267 -0.932212 
RMSE 0.0709882 0.0791816 0.610204 0.580313 
Lidar -5.86181 21.6984 0 11477010451550000 
ground_truth -5.52665 21.5793 4.84107 -1.49469 
estimate -5.6311 21.5362 4.84267 -1.35768 
RMSE 0.0712268 0.0790203 0.608438 0.578727 
Radar 22.6378 1.83554 -3.02758 11477010451600000 
ground_truth -5.28546 21.5018 4.80178 -1.60148 
estimate -5.32538 21.4977 5.017 -1.29476 
RMSE 0.0710863 0.0787936 0.606906 0.57753 
Lidar -5.2419 21.5904 0 11477010451650000 
ground_truth -5.04628 21.4191 4.76045 -1.70628 
estimate -5.02789 21.4198 5.16598 -1.44323 
RMSE 0.0708965 0.0785681 0.605946 0.576221 
Radar 21.9323 1.72342 -2.76158 11477010451700000 
ground_truth -4.80922 21.3312 4.71717 -1.80906 
estimate -4.80537 21.3716 5.07856 -1.40305 
RMSE 0.0706954 0.0784037 0.604836 0.575396 
Lidar -4.88396 21.5199 0 11477010451750000 
ground_truth -4.57436 21.2382 4.67204 -1.90978 
estimate -4.57059 21.2841 5.0187 -1.41516 
RMSE 0.070496 0.078258 0.603687 0.574971 
Radar 21.411 1.82089 -2.39499 11477010451800000 
ground_truth -4.34181 21.1401 4.62517 -2.0084 
estimate -4.25512 21.2975 5.20924 -1.25473 
RMSE 0.0705974 0.0789241 0.603579 0.57613 
Lidar -4.20854 21.6781 0 11477010451850000 
ground_truth -4.11165 21.0373 4.57664 -2.10489 
estimate -3.97295 21.2187 5.28968 -1.43659 
RMSE 0.0711592 0.0798629 0.604246 0.576686 
Radar 21.6745 1.71706 -2.59627 11477010451900000 
ground_truth -3.88395 20.9296 4.52656 -2.19922 
estimate -3.8819 21.0903 4.81887 -1.55158 
RMSE 0.0709614 0.080536 0.602959 0.577104 
Lidar -4.1265 20.9097 0 11477010451950000 
ground_truth -3.65879 20.8173 4.47504 -2.29137 
estimate -3.63847 20.946 4.87437 -2.08033 
RMSE 0.0707812 0.0808809 0.602023 0.575722 
Radar 21.177 1.74013 -3.4256 11477010452000000 
ground_truth -3.43624 20.7004 4.42216 -2.38133 
estimate -3.39243 20.792 4.8698 -2.17147 
RMSE 0.0706612 0.0809437 0.601283 0.574349 
Lidar -3.36091 20.5346 0 11477010452050000 
ground_truth -3.21637 20.5791 4.36803 -2.46907 
estimate -3.17136 20.6737 4.81359 -2.23632 
RMSE 0.0705463 0.0810243 0.600542 0.573035 
Radar 20.9289 1.75881 -3.00107 11477010452100000 
ground_truth -2.99923 20.4534 4.31275 -2.5546 
estimate -2.90183 20.5576 4.88922 -2.24282 
RMSE 0.0707198 0.0811683 0.600413 0.571938 
Lidar -2.85438 20.5218 0 11477010452150000 
ground_truth -2.78489 20.3235 4.2564 -2.63789 
estimate -2.61576 20.4406 4.99941 -2.24022 
RMSE 0.0716162 0.0814055 0.601275 0.571139 
Radar 20.3554 1.63453 -2.83705 11477010452200000 
ground_truth -2.57339 20.1895 4.1991 -2.71895 
estimate -2.47225 20.2971 4.71076 -2.29993 
RMSE 0.0718074 0.0815686 0.600829 0.57043 
Lidar -2.62511 20.1777 0 11477010452250000 
ground_truth -2.36478 20.0515 4.14093 -2.79777 
estimate -2.23167 20.1494 4.74115 -2.59924 
RMSE 0.0722736 0.0816643 0.600826 0.569088 
Radar 20.3482 1.66812 -3.42673 11477010452300000 
ground_truth -2.1591 19.9097 4.082 -2.87437 
estimate -2.05917 19.9591 4.55915 -2.70907 
RMSE 0.0724487 0.0815264 0.600235 0.5677 
Lidar -2.13855 19.6683 0 11477010452350000 
ground_truth -1.95638 19.764 4.02238 -2.94874 
estimate -1.83997 19.7815 4.54161 -2.95501 
RMSE 0.0727513 0.0813204 0.599836 0.566197 
Radar 19.5302 1.67608 -3.57631 11477010452400000 
ground_truth -1.75666 19.6147 3.96217 -3.02089 
estimate -1.63008 19.6178 4.4933 -2.98377 
RMSE 0.0731383 0.0811064 0.599495 0.564711 
Lidar -1.65223 19.5396 0 11477010452450000 
ground_truth -1.55997 19.4618 3.90147 -3.09085 
estimate -1.38625 19.43 4.55079 -3.2538 
RMSE 0.0740217 0.0809265 0.599766 0.563354 
Radar 19.2719 1.60914 -3.8279 11477010452500000 
ground_truth -1.36632 19.3055 3.84036 -3.15861 
estimate -1.23689 19.2777 4.34354 -3.23313 
RMSE 0.0744172 0.0807404 0.599303 0.561911 
Lidar -1.35851 19.3467 0 11477010452550000 
ground_truth -1.17574 19.1458 3.77892 -3.22421 
estimate -1.02115 19.0901 4.34001 -3.37862 
RMSE 0.0750537 0.0806307 0.599112 0.560564 
Radar 18.8789 1.62461 -3.72811 11477010452600000 
ground_truth -0.988236 18.9829 3.71725 -3.28766 
estimate -0.915626 18.9151 4.04129 -3.38504 
RMSE 0.0750413 0.0805699 0.598018 0.559161 
Lidar -1.08512 18.8972 0 11477010452650000 
ground_truth -0.803824 18.8169 3.65542 -3.34899 
estimate -0.69737 18.752 4.08449 -3.3112 
RMSE 0.0752359 0.0804975 0.597274 0.557732 
Radar 18.6774 1.58671 -3.37437 11477010452700000 
ground_truth -0.622508 18.6479 3.59351 -3.40821 
estimate -0.556923 18.6206 3.91765 -3.24611 
RMSE 0.0751898 0.0803155 0.596198 0.556427 
Lidar -0.656428 18.8029 0 11477010452750000 
ground_truth -0.444288 18.476 3.53161 -3.46536 
estimate -0.369536 18.429 3.89232 -3.4418 
RMSE 0.0751876 0.0801812 0.595238 0.555016 
Radar 18.2695 1.59858 -3.70295 11477010452800000 
ground_truth -0.269164 18.3013 3.46979 -3.52047 
estimate -0.292589 18.2545 3.57697 -3.43841 
RMSE 0.0750159 0.0800475 0.593782 0.553643 
Lidar -0.472563 18.2416 0 11477010452850000 
ground_truth -0.0971295 18.1238 3.40813 -3.57357 
estimate -0.129008 18.0598 3.53214 -3.67267 
RMSE 0.0748613 0.0799749 0.592353 0.552295 
Radar 18.2045 1.59292 -3.95905 11477010452900000 
ground_truth 0.0718255 17.9438 3.34669 -3.6247 
estimate 0.0642261 17.8881 3.57771 -3.65234 
RMSE 0.0746759 0.0798718 0.591096 0.550916 
Lidar 0.0904022 17.9513 0 11477010452950000 
ground_truth 0.237714 17.7612 3.28556 -3.67388 
estimate 0.266777 17.7111 3.64559 -3.53489 
RMSE 0.0745181 0.0797513 0.590171 0.549631 
Radar 17.4814 1.52776 -3.328 11477010453000000 
ground_truth 0.400552 17.5762 3.22479 -3.72115 
estimate 0.462816 17.5416 3.68297 -3.52304 
RMSE 0.0744624 0.0795909 0.58959 0.548446 
Lidar 0.484895 17.5811 0 11477010453050000 
ground_truth 0.560361 17.389 3.16445 -3.76656 
estimate 0.69471 17.3885 3.81453 -3.47751 
RMSE 0.0748749 0.0793947 0.589903 0.54747 
Radar 17.9201 1.46778 -3.33018 11477010453100000 
ground_truth 0.717162 17.1994 3.10461 -3.81013 
estimate 0.758421 17.2015 3.47331 -3.4862 
RMSE 0.074747 0.0792 0.589021 0.546597 
Lidar 0.558563 17.1082 0 11477010453150000 
ground_truth 0.870984 17.0078 3.04533 -3.85192 
estimate 0.919152 17.0045 3.42611 -3.68814 
RMSE 0.0746403 0.0790069 0.588185 0.545382 
Radar 17.0561 1.52625 -3.71382 11477010453200000 
ground_truth 1.02185 16.8141 2.98666 -3.89195 
estimate 0.992299 16.8321 3.16312 -3.6531 
RMSE 0.0744874 0.0788249 0.586884 0.544311 
Lidar 0.841759 16.8684 0 11477010453250000 
ground_truth 1.16981 16.6185 2.92867 -3.93028 
estimate 1.15144 16.6214 3.14413 -3.95993 
RMSE 0.0743182 0.0786345 0.585656 0.542999 
Radar 16.9037 1.48938 -4.08118 11477010453300000 
ground_truth 1.31487 16.4209 2.87142 -3.96695 
estimate 1.23152 16.4061 2.93688 -3.98017 
RMSE 0.0743642 0.078452 0.584264 0.541693 
Lidar 1.10394 16.291 0 11477010453350000 
ground_truth 1.4571 16.2216 2.81494 -4.00199 
estimate 1.37608 16.1982 2.92366 -4.06676 
RMSE 0.0743975 0.0782808 0.582913 0.540414 
Radar 16.2948 1.48572 -3.90011 11477010453400000 
ground_truth 1.59651 16.0206 2.7593 -4.03546 
estimate 1.63331 15.9763 3.22165 -4.1176 
RMSE 0.0742636 0.078154 0.582398 0.539156 
Lidar 1.8035 15.923 0 11477010453450000 
ground_truth 1.73317 15.8179 2.70454 -4.06739 
estimate 1.74728 15.7729 3.09258 -4.11126 
RMSE 0.0740937 0.0780301 0.581631 0.537885 
Radar 15.8261 1.51851 -3.75117 11477010453500000 
ground_truth 1.86711 15.6137 2.65071 -4.09783 
estimate 1.72098 15.5826 2.60733 -4.0494 
RMSE 0.074597 0.0778751 0.580265 0.536625 
Lidar 1.43418 15.5774 0 11477010453550000 
ground_truth 1.99838 15.408 2.59786 -4.12682 
estimate 1.88185 15.3926 2.68649 -4.05799 
RMSE 0.0748488 0.0776992 0.578933 0.535385 
Radar 15.949 1.41285 -3.75154 11477010453600000 
ground_truth 2.12703 15.2009 2.54602 -4.15442 
estimate 2.01636 15.1828 2.68722 -4.07062 
RMSE 0.0750559 0.0775273 0.577659 0.534163 
Lidar 2.01311 15.1473 0 11477010453650000 
ground_truth 2.25311 14.9924 2.49524 -4.18065 
estimate 2.1524 14.9557 2.66007 -4.32039 
RMSE 0.0751955 0.0773873 0.576424 0.533005 
Radar 15.2999 1.41474 -4.18059 11477010453700000 
ground_truth 2.37668 14.7827 2.44555 -4.20557 
estimate 2.3319 14.7143 2.78591 -4.37641 
RMSE 0.0750831 0.077348 0.575554 0.531896 
Lidar 2.39489 14.6113 0 11477010453750000 
ground_truth 2.49779 14.5718 2.397 -4.22922 
estimate 2.44986 14.4778 2.71912 -4.45771 
RMSE 0.0749805 0.0774327 0.574643 0.530896 
Radar 14.4052 1.42204 -4.00405 11477010453800000 
ground_truth 2.6165 14.3597 2.34961 -4.25165 
estimate 2.62924 14.2856 2.83312 -4.41189 
RMSE 0.0748133 0.0774176 0.574258 0.529788 
Lidar 2.72365 14.4703 0 11477010453850000 
ground_truth 2.73287 14.1465 2.30343 -4.27288 
estimate 2.78329 14.0451 2.83437 -4.61015 
RMSE 0.07472 0.0775438 0.574067 0.529068 
Radar 14.4804 1.35049 -4.19163 11477010453900000 
ground_truth 2.84695 13.9322 2.25847 -4.29298 
estimate 2.88163 13.8222 2.71791 -4.58454 
RMSE 0.0745867 0.0777222 0.573598 0.52823 
Lidar 2.81109 13.828 0 11477010453950000 
ground_truth 2.95882 13.717 2.21478 -4.31197 
estimate 2.99795 13.5767 2.66101 -4.63355 
RMSE 0.0744643 0.0781184 0.573086 0.527478 
Radar 13.5466 1.36989 -3.97167 11477010454000000 
ground_truth 3.06854 13.5009 2.17238 -4.32991 
estimate 3.0061 13.3763 2.32496 -4.53877 
RMSE 0.0744145 0.0783898 0.571885 0.526475 
Lidar 2.8064 13.4294 0 11477010454050000 
ground_truth 3.17617 13.2839 2.13129 -4.34682 
estimate 3.0938 13.1803 2.26987 -4.37055 
RMSE 0.0744521 0.0785209 0.570677 0.525296 
Radar 13.6984 1.38065 -3.60146 11477010454100000 
ground_truth 3.28177 13.0661 2.09154 -4.36275 
estimate 3.23791 12.9821 2.34896 -4.34215 
RMSE 0.0743434 0.0785462 0.569661 0.524124 
Lidar 3.31266 13.1104 0 11477010454150000 
ground_truth 3.38542 12.8475 2.05316 -4.37774 
estimate 3.37507 12.7516 2.4276 -4.28994 
RMSE 0.0741813 0.0786318 0.568942 0.52299 
Radar 12.7323 1.29198 -3.39699 11477010454200000 
ground_truth 3.48718 12.6282 2.01617 -4.39182 
estimate 3.3976 12.625 2.15288 -4.0938 
RMSE 0.0742564 0.0784579 0.567755 0.522208 
Lidar 3.29401 12.964 0 11477010454250000 
ground_truth 3.58713 12.4083 1.98058 -4.40503 
estimate 3.52312 12.406 2.1715 -4.23243 
RMSE 0.0742144 0.0782851 0.566644 0.521183 
Radar 13.0726 1.26878 -3.63107 11477010454300000 
ground_truth 3.68533 12.1876 1.94641 -4.41741 
estimate 3.65416 12.1874 2.2322 -4.25322 
RMSE 0.0740802 0.0781132 0.565717 0.520152 
Lidar 3.69076 12.1757 0 11477010454350000 
ground_truth 3.78186 11.9664 1.9137 -4.42898 
estimate 3.73609 11.9739 2.14339 -4.27212 
RMSE 0.0739802 0.077944 0.564684 0.519119 
Radar 12.4256 1.29554 -3.47374 11477010454400000 
ground_truth 3.87678 11.7446 1.88244 -4.43979 
estimate 3.88182 11.7519 2.24671 -4.30213 
RMSE 0.0738199 0.0777759 0.563967 0.518069 
Lidar 3.95029 11.7531 0 11477010454450000 
ground_truth 3.97018 11.5223 1.85266 -4.44986 
estimate 3.96644 11.5336 2.11311 -4.46109 
RMSE 0.0736604 0.0776109 0.563006 0.516947 
Radar 12.5098 1.25731 -3.77142 11477010454500000 
ground_truth 4.06213 11.2996 1.82437 -4.45922 
estimate 4.08045 11.2668 2.14345 -4.54789 
RMSE 0.0735113 0.0774733 0.562182 0.515864 
Lidar 4.04721 11.0677 0 11477010454550000 
ground_truth 4.1527 11.0763 1.79758 -4.4679 
estimate 4.21742 11.0562 2.2322 -4.49465 
RMSE 0.0734758 0.0773181 0.561696 0.514759 
Radar 12.2892 1.18657 -3.37267 11477010454600000 
ground_truth 4.24196 10.8527 1.77231 -4.47593 
estimate 4.24749 10.8955 2.00553 -4.33616 
RMSE 0.0733195 0.0772034 0.560702 0.513739 
Lidar 4.14933 11.0963 0 11477010454650000 
ground_truth 4.33 10.6287 1.74858 -4.48333 
estimate 4.32014 10.6783 1.89399 -4.41435 
RMSE 0.0731662 0.077107 0.559588 0.512665 
Radar 11.6038 1.20666 -3.51281 11477010454700000 
ground_truth 4.41689 10.4043 1.72638 -4.49013 
estimate 4.41414 10.4642 1.89069 -4.40126 
RMSE 0.0730112 0.077042 0.558504 0.51161 
Lidar 4.42111 10.4937 0 11477010454750000 
ground_truth 4.50271 10.1796 1.70573 -4.49636 
estimate 4.52585 10.2328 1.92144 -4.46844 
RMSE 0.0728725 0.0769569 0.5575 0.510533 
Radar 11.2523 1.13435 -3.3665 11477010454800000 
ground_truth 4.58753 9.95461 1.68663 -4.50203 
estimate 4.5774 10.0172 1.80417 -4.43217 
RMSE 0.0727222 0.0769022 0.55638 0.509479 
Lidar 4.48366 9.99235 0 11477010454850000 
ground_truth 4.67143 9.72935 1.66911 -4.50715 
estimate 4.67293 9.79489 1.7631 -4.54564 
RMSE 0.07257 0.0768582 0.555248 0.508418 
Radar 11.2964 1.11613 -3.52058 11477010454900000 
ground_truth 4.7545 9.50385 1.65315 -4.51176 
estimate 4.71477 9.60802 1.63334 -4.44242 
RMSE 0.072464 0.0769921 0.554092 0.507378 
Lidar 4.65898 9.72335 0 11477010454950000 
ground_truth 4.83681 9.27814 1.63878 -4.51587 
estimate 4.75589 9.45145 1.53146 -4.24869 
RMSE 0.0725011 0.077639 0.552984 0.506616 
Radar 11.288 1.16269 -3.06661 11477010455000000 
ground_truth 4.91844 9.05223 1.62599 -4.51949 
estimate 4.79118 9.20234 1.43582 -4.30124 
RMSE 0.0728122 0.078077 0.551976 0.505763 
Lidar 4.63217 8.98022 0 11477010455050000 
ground_truth 4.99946 8.82616 1.61479 -4.52264 
estimate 4.88836 8.94839 1.48403 -4.44489 
RMSE 0.0730109 0.0783097 0.550903 0.504746 
Radar 9.91753 1.03479 -3.26026 11477010455100000 
ground_truth 5.07997 8.59994 1.60519 -4.52532 
estimate 5.00674 8.68356 1.60897 -4.55478 
RMSE 0.0730118 0.0783322 0.549773 0.503714 
Lidar 5.05882 8.56623 0 11477010455150000 
ground_truth 5.16003 8.37361 1.59718 -4.52755 
estimate 5.13511 8.44823 1.80663 -4.48241 
RMSE 0.0728801 0.0783174 0.548813 0.502694 
Radar 9.83645 0.993526 -2.71446 11477010455200000 
ground_truth 5.23973 8.14717 1.59078 -4.52933 
estimate 5.23169 8.18447 1.83445 -4.5682 
RMSE 0.0727336 0.0781943 0.547917 0.501677 
Lidar 5.18715 8.02727 0 11477010455250000 
ground_truth 5.31916 7.92067 1.58598 -4.53068 
estimate 5.35644 7.93355 1.95254 -4.59647 
RMSE 0.0726249 0.0780401 0.547303 0.500678 
Radar 9.40536 0.94707 -2.6519 11477010455300000 
ground_truth 5.39838 7.6941 1.58279 -4.5316 
estimate 5.42048 7.7058 1.86895 -4.57177 
RMSE 0.072492 0.0778862 0.546501 0.499674 
Lidar 5.32495 7.66023 0 11477010455350000 
ground_truth 5.47748 7.46751 1.5812 -4.53209 
estimate 5.54422 7.45804 1.96052 -4.61932 
RMSE 0.0724697 0.0777319 0.545932 0.4987 
Radar 9.29457 0.904119 -2.519 11477010455400000 
ground_truth 5.55654 7.24091 1.58122 -4.53215 
estimate 5.56298 7.24306 1.76279 -4.53421 
RMSE 0.0723258 0.0775764 0.54496 0.497702 
Lidar 5.34165 7.17527 0 11477010455450000 
ground_truth 5.63564 7.01431 1.58285 -4.53178 
estimate 5.66876 7.03057 1.92997 -4.36323 
RMSE 0.0722119 0.0774285 0.544315 0.496823 
Radar 8.85755 0.897623 -1.91758 11477010455500000 
ground_truth 5.71486 6.78775 1.58608 -4.53098 
estimate 5.79103 6.79734 1.99676 -4.41369 
RMSE 0.072228 0.0772771 0.543849 0.495892 
Lidar 5.85104 6.78356 0 11477010455550000 
ground_truth 5.79428 6.56124 1.59093 -4.52975 
estimate 5.82385 6.59105 1.69052 -4.48351 
RMSE 0.0721091 0.077147 0.542809 0.494919 
Radar 8.72178 0.882466 -2.50321 11477010455600000 
ground_truth 5.87398 6.33481 1.59737 -4.52808 
estimate 5.8592 6.37839 1.57117 -4.42399 
RMSE 0.071973 0.0770436 0.541742 0.493987 
Lidar 5.70661 6.33767 0 11477010455650000 
ground_truth 5.95405 6.10848 1.60542 -4.52597 
estimate 5.93313 6.11497 1.54552 -4.54813 
RMSE 0.0718437 0.0768934 0.540692 0.493019 
Radar 7.93031 0.780301 -2.22591 11477010455700000 
ground_truth 6.03455 5.88226 1.61507 -4.52341 
estimate 5.99109 5.90588 1.49446 -4.49233 
RMSE 0.0717546 0.0767573 0.539688 0.492059 
Lidar 5.95076 5.93707 0 11477010455750000 
ground_truth 6.11558 5.65619 1.62631 -4.52038 
estimate 6.03435 5.67244 1.29688 -4.60385 
RMSE 0.071794 0.0766145 0.539028 0.491129 
Radar 8.20844 0.757719 -2.4294 11477010455800000 
ground_truth 6.19721 5.43028 1.63914 -4.51687 
estimate 6.07876 5.46805 1.24172 -4.52833 
RMSE 0.0720332 0.076502 0.538552 0.490177 
Lidar 6.0423 5.52 0 11477010455850000 
ground_truth 6.27951 5.20457 1.65356 -4.51288 
estimate 6.15672 5.23349 1.31696 -4.52999 
RMSE 0.0722977 0.0763754 0.537918 0.489231 
Radar 8.07891 0.694846 -1.87042 11477010455900000 
ground_truth 6.36258 4.97906 1.66956 -4.50838 
estimate 6.24896 4.97858 1.38529 -4.61745 
RMSE 0.0725017 0.0762283 0.537172 0.488336 
Lidar 6.30992 4.93053 0 11477010455950000 
ground_truth 6.44648 4.7538 1.68714 -4.50337 
estimate 6.29963 4.80344 1.30312 -4.48163 
RMSE 0.0729313 0.0761442 0.536668 0.487401 
Radar 8.412 0.688798 -1.72917 11477010456000000 
ground_truth 6.53131 4.52881 1.70628 -4.49781 
estimate 6.44938 4.47387 1.51934 -4.8045 
RMSE 0.0729678 0.0760745 0.535767 0.486839 
Lidar 6.64607 4.28476 0 11477010456050000 
ground_truth 6.61712 4.30411 1.72698 -4.4917 
estimate 6.55021 4.22617 1.71518 -4.75691 
RMSE 0.0729457 0.0760817 0.534748 0.486188 
Radar 7.62172 0.568365 -0.919185 11477010456100000 
ground_truth 6.70401 4.07974 1.74923 -4.485 
estimate 6.67632 3.93783 1.8136 -4.91492 
RMSE 0.0728274 0.076438 0.533749 0.485987 
Lidar 6.7837 3.85166 0 11477010456150000 
ground_truth 6.79205 3.85571 1.77302 -4.4777 
estimate 6.79406 3.69017 1.98165 -4.88286 
RMSE 0.0726899 0.0769684 0.532896 0.485707 
Radar 7.81942 0.494704 -0.430471 11477010456200000 
ground_truth 6.88132 3.63207 1.79834 -4.46978 
estimate 6.82327 3.52928 1.82193 -4.61517 
RMSE 0.0726404 0.0770817 0.531895 0.484875 
Lidar 6.60478 3.66164 0 11477010456250000 
ground_truth 6.97188 3.40885 1.82518 -4.4612 
estimate 6.89988 3.31596 1.79343 -4.55679 
RMSE 0.0726381 0.0771469 0.530901 0.484002 
Radar 7.51188 0.463791 -0.344226 11477010456300000 
ground_truth 7.06383 3.18607 1.85352 -4.45194 
estimate 7.00409 3.18244 1.80575 -4.31002 
RMSE 0.0725942 0.0770032 0.529918 0.483176 
Lidar 7.17782 3.43284 0 11477010456350000 
ground_truth 7.15723 2.96378 1.88336 -4.44197 
estimate 7.10108 3.03509 1.94828 -4.07309 
RMSE 0.07254 0.0769828 0.528947 0.482801 
Radar 7.90637 0.452797 0.387948 11477010456400000 
ground_truth 7.25216 2.742 1.91468 -4.43125 
estimate 7.20682 2.81862 1.96657 -4.11328 
RMSE 0.0724581 0.0769814 0.527976 0.482294 
Lidar 7.23497 2.79647 0 11477010456450000 
ground_truth 7.34868 2.52078 1.94746 -4.41977 
estimate 7.3076 2.61174 1.8375 -4.16106 
RMSE 0.0723673 0.0770376 0.527043 0.48166 
Radar 8.27136 0.334582 0.127138 11477010456500000 
ground_truth 7.44688 2.30016 1.98168 -4.40749 
estimate 7.38964 2.39271 1.81979 -4.18602 
RMSE 0.0723175 0.0771004 0.526165 0.480961 
Lidar 7.33132 2.35955 0 11477010456550000 
ground_truth 7.54683 2.08018 2.01733 -4.39436 
estimate 7.46865 2.12397 1.70416 -4.37255 
RMSE 0.0723398 0.0770046 0.525542 0.480081 
Radar 7.50402 0.234658 0.310857 11477010456600000 
ground_truth 7.64859 1.86087 2.0544 -4.38037 
estimate 7.56453 1.85896 1.72764 -4.50813 
RMSE 0.072386 0.0768641 0.524954 0.479267 
Lidar 7.58602 1.76558 0 11477010456650000 
ground_truth 7.75224 1.6423 2.09284 -4.36546 
estimate 7.69569 1.63292 2.00378 -4.49614 
RMSE 0.0723347 0.0767263 0.524026 0.478459 
Radar 8.17595 0.212361 1.27223 11477010456700000 
ground_truth 7.85785 1.42449 2.13266 -4.34961 
estimate 7.83619 1.27506 2.07741 -4.89152 
RMSE 0.0722153 0.0771135 0.523086 0.478705 
Lidar 7.97494 1.01608 0 11477010456750000 
ground_truth 7.96547 1.2075 2.17382 -4.33277 
estimate 7.95209 1.09003 2.15831 -4.7195 
RMSE 0.0720893 0.0772971 0.522142 0.478404 
Radar 8.27378 0.181478 1.56824 11477010456800000 
ground_truth 8.07519 0.991377 2.21629 -4.31491 
estimate 8.00898 0.859519 2.06557 -4.68628 
RMSE 0.072069 0.0775622 0.521281 0.478062 
Lidar 7.74579 0.856143 0 11477010456850000 
ground_truth 8.18706 0.776179 2.26005 -4.29598 
estimate 8.12263 0.634254 2.19343 -4.65856 
RMSE 0.0720431 0.0778879 0.520361 0.477698 
Radar 8.02874 0.0895053 1.97102 11477010456900000 
ground_truth 8.30115 0.561955 2.30508 -4.27595 
estimate 8.24951 0.454793 2.23309 -4.50963 
RMSE 0.0719805 0.078012 0.519449 0.477049 
Lidar 8.34388 0.562841 0 11477010456950000 
ground_truth 8.41752 0.348763 2.35134 -4.25478 
estimate 8.38321 0.262503 2.25846 -4.41847 
RMSE 0.0718815 0.0780429 0.518553 0.476299 
Radar 8.94871 0.0541322 2.07601 11477010457000000 
ground_truth 8.53623 0.136661 2.39881 -4.23241 
estimate 8.49481 0.126119 2.27223 -4.17541 
RMSE 0.0717963 0.0779069 0.517688 0.475466 
Lidar 8.48104 0.291966 0 11477010457050000 
ground_truth 8.65734 -0.0742907 2.44744 -4.20881 
estimate 8.67684 -0.0864541 2.74122 -4.2125 
RMSE 0.0716787 0.0777725 0.517067 0.474626 
Radar 9.02773 0.000111974 3.22758 11477010457100000 
ground_truth 8.78091 -0.28403 2.4972 -4.18394 
estimate 8.84052 -0.241484 2.80089 -4.0582 
RMSE 0.0716398 0.0776765 0.516471 0.473848 
Lidar 8.96733 -0.139408 0 11477010457150000 
ground_truth 8.90699 -0.492491 2.54807 -4.15775 
estimate 8.99344 -0.362011 2.92605 -3.82903 
RMSE 0.0716971 0.0779244 0.51605 0.473416 
Radar 8.88178 0.0286427 3.19664 11477010457200000 
ground_truth 9.03564 -0.699608 2.59998 -4.1302 
estimate 9.14359 -0.569925 2.92931 -3.87639 
RMSE 0.0718557 0.0781651 0.515515 0.472826 
Lidar 9.16885 -0.602737 0 11477010457250000 
ground_truth 9.16691 -0.905311 2.65292 -4.10124 
estimate 9.2877 -0.805816 2.91029 -3.99616 
RMSE 0.0720839 0.0782495 0.51484 0.472043 
Radar 9.37826 -0.120924 3.23328 11477010457300000 
ground_truth 9.30084 -1.10953 2.70683 -4.07084 
estimate 9.37805 -1.11606 2.78372 -4.30335 
RMSE 0.0721023 0.0781145 0.513965 0.471422 
Lidar 9.13964 -1.3033 0 11477010457350000 
ground_truth 9.4375 -1.31219 2.76168 -4.03893 
estimate 9.53194 -1.38505 2.99345 -4.48949 
RMSE 0.0721916 0.0780969 0.513256 0.471351 
Radar 9.45041 -0.17779 3.87343 11477010457400000 
ground_truth 9.57692 -1.51322 2.8174 -4.00549 
estimate 9.71029 -1.59291 3.05073 -4.44374 
RMSE 0.0724913 0.0781024 0.512554 0.471241 
Lidar 9.84791 -1.57675 0 11477010457450000 
ground_truth 9.71914 -1.71253 2.87396 -3.97047 
estimate 9.84093 -1.75484 2.84591 -4.2364 
RMSE 0.0727179 0.0780076 0.511675 0.470689 
Radar 9.90895 -0.13687 3.30367 11477010457500000 
ground_truth 9.86421 -1.91005 2.93131 -3.93381 
estimate 9.94472 -1.92848 2.78758 -4.13184 
RMSE 0.072746 0.0778813 0.510868 0.470025 
Lidar 9.72359 -1.82788 0 11477010457550000 
ground_truth 10.0122 -2.1057 2.98938 -3.89549 
estimate 10.1117 -2.14865 3.08239 -4.22596 
RMSE 0.072854 0.0777888 0.510024 0.469619 
Radar 10.1432 -0.20741 4.23664 11477010457600000 
ground_truth 10.163 -2.29939 3.04813 -3.85546 
estimate 10.2578 -2.34569 3.07246 -4.1873 
RMSE 0.0729398 0.0777033 0.509158 0.469219 
Lidar 10.2065 -2.31135 0 11477010457650000 
ground_truth 10.3169 -2.49103 3.1075 -3.81368 
estimate 10.3707 -2.50239 2.8323 -3.99665 
RMSE 0.0728834 0.0775743 0.508547 0.468544 
Radar 10.1503 -0.205279 3.45949 11477010457700000 
ground_truth 10.4737 -2.68054 3.16742 -3.7701 
estimate 10.5136 -2.75469 2.81613 -4.1396 
RMSE 0.0727972 0.077563 0.508097 0.468245 
Lidar 10.5663 -2.86039 0 11477010457750000 
ground_truth 10.6335 -2.86783 3.22785 -3.72468 
estimate 10.6465 -2.94104 2.732 -4.06102 
RMSE 0.0726784 0.0775488 0.508056 0.467863 
Radar 11.0207 -0.255791 3.61035 11477010457800000 
ground_truth 10.7963 -3.05279 3.2887 -3.67739 
estimate 10.7619 -3.11303 2.70378 -3.97989 
RMSE 0.0725837 0.0774971 0.508334 0.467406 
Lidar 10.6279 -3.02971 0 11477010457850000 
ground_truth 10.9622 -3.23535 3.34992 -3.62819 
estimate 10.9539 -3.3149 3.16677 -4.09398 
RMSE 0.0724638 0.0775041 0.507594 0.467401 
Radar 11.4067 -0.269936 4.71449 11477010457900000 
ground_truth 11.1311 -3.4154 3.41144 -3.57705 
estimate 11.1243 -3.47933 3.20469 -3.98398 
RMSE 0.072344 0.0774628 0.506887 0.467212 
Lidar 11.141 -3.40911 0 11477010457950000 
ground_truth 11.3032 -3.59284 3.47319 -3.52392 
estimate 11.3004 -3.66207 3.3595 -3.97714 
RMSE 0.0722239 0.0774369 0.506087 0.467166 
Radar 11.6795 -0.289902 4.59469 11477010458000000 
ground_truth 11.4783 -3.76758 3.53509 -3.46877 
estimate 11.4891 -3.86327 3.39783 -3.97965 
RMSE 0.0721069 0.0775045 0.50531 0.467318 
Lidar 11.5914 -3.89091 0 11477010458050000 
ground_truth 11.6565 -3.9395 3.59707 -3.41158 
estimate 11.6646 -4.07087 3.40121 -4.00016 
RMSE 0.0719893 0.0777437 0.504601 0.46777 
Radar 12.5487 -0.342388 4.51696 11477010458100000 
ground_truth 11.8378 -4.10852 3.65905 -3.35231 
estimate 11.8482 -4.25511 3.43297 -3.95569 
RMSE 0.0718733 0.0780697 0.503937 0.46828 
Lidar 11.8945 -4.23758 0 11477010458150000 
ground_truth 12.0223 -4.27453 3.72095 -3.29094 
estimate 12.0461 -4.45668 3.53244 -3.97938 
RMSE 0.0717683 0.0786364 0.503226 0.469171 
Radar 13.2312 -0.347548 4.7528 11477010458200000 
ground_truth 12.2098 -4.43741 3.7827 -3.22744 
estimate 12.2518 -4.57943 3.61769 -3.77261 
RMSE 0.0716912 0.0789265 0.502492 0.469439 
Lidar 12.298 -4.45269 0 11477010458250000 
ground_truth 12.4003 -4.59707 3.84421 -3.16178 
estimate 12.4551 -4.75273 3.8207 -3.7874 
RMSE 0.0716425 0.0792971 0.501675 0.470032 
Radar 13.1149 -0.337211 5.1466 11477010458300000 
ground_truth 12.594 -4.75339 3.90539 -3.09395 
estimate 12.6703 -4.83369 3.90864 -3.49813 
RMSE 0.0716581 0.0793003 0.50086 0.469833 
Lidar 12.6495 -4.63194 0 11477010458350000 
ground_truth 12.7907 -4.90626 3.96616 -3.02393 
estimate 12.864 -4.99378 3.82537 -3.42527 
RMSE 0.0716635 0.0793283 0.500113 0.469628 
Radar 13.9499 -0.357119 4.67871 11477010458400000 
ground_truth 12.9904 -5.05558 4.02643 -2.95171 
estimate 13.0685 -5.15501 3.85455 -3.39588 
RMSE 0.0716853 0.0794013 0.499401 0.469548 
Lidar 13.118 -5.15028 0 11477010458450000 
ground_truth 13.1931 -5.20124 4.0861 -2.87726 
estimate 13.2313 -5.31908 3.79074 -3.38533 
RMSE 0.0716027 0.0795547 0.498879 0.469677 
Radar 13.634 -0.388333 4.78907 11477010458500000 
ground_truth 13.3988 -5.34312 4.1451 -2.80059 
estimate 13.3917 -5.50569 3.7283 -3.4377 
RMSE 0.071489 0.0799586 0.498637 0.470309 
Lidar 13.2779 -5.50545 0 11477010458550000 
ground_truth 13.6074 -5.48111 4.20332 -2.72168 
estimate 13.6351 -5.66076 4.13855 -3.50307 
RMSE 0.0713919 0.0804739 0.497853 0.471629 
Radar 14.7125 -0.344033 5.58976 11477010458600000 
ground_truth 13.8189 -5.6151 4.26067 -2.64053 
estimate 13.8268 -5.79258 4.12514 -3.39521 
RMSE 0.0712795 0.0809675 0.497119 0.4728 
Lidar 13.699 -5.67898 0 11477010458650000 
ground_truth 14.0332 -5.74499 4.31706 -2.55715 
estimate 14.0607 -5.95475 4.25877 -3.40067 
RMSE 0.0711831 0.0816983 0.49634 0.474435 
Radar 15.4817 -0.378276 5.35185 11477010458700000 
ground_truth 14.2504 -5.87065 4.37238 -2.47154 
estimate 14.3102 -6.05886 4.35416 -3.22094 
RMSE 0.0711501 0.0822532 0.495555 0.475556 
Lidar 14.392 -5.96477 0 11477010458750000 
ground_truth 14.4703 -5.99197 4.42655 -2.38369 
estimate 14.5265 -6.21833 4.33835 -3.21141 
RMSE 0.0711079 0.0831017 0.494798 0.477076 
Radar 15.8078 -0.403512 5.23229 11477010458800000 
ground_truth 14.6928 -6.10885 4.47946 -2.29364 
estimate 14.7759 -6.2679 4.44137 -2.91722 
RMSE 0.0711486 0.0834489 0.494024 0.477607 
Lidar 14.7763 -6.0709 0 11477010458850000 
ground_truth 14.918 -6.22118 4.53101 -2.20138 
estimate 14.9914 -6.40335 4.47648 -2.91094 
RMSE 0.0711557 0.08394 0.493258 0.47851 
Radar 15.9204 -0.394043 5.33617 11477010458900000 
ground_truth 15.1457 -6.32884 4.58111 -2.10694 
estimate 15.1712 -6.46188 4.42191 -2.70006 
RMSE 0.0710587 0.0841381 0.492567 0.478911 
Lidar 14.8509 -6.21469 0 11477010458950000 
ground_truth 15.3758 -6.43173 4.62966 -2.01035 
estimate 15.4034 -6.58951 4.42092 -2.6667 
RMSE 0.0709647 0.0844672 0.491937 0.479566 
Radar 17.0034 -0.390016 5.06878 11477010459000000 
ground_truth 15.6084 -6.52973 4.67655 -1.91162 
estimate 15.64 -6.66963 4.46925 -2.52581 
RMSE 0.0708762 0.0846956 0.491309 0.480042 
Lidar 15.6399 -6.57617 0 11477010459050000 
ground_truth 15.8432 -6.62276 4.72169 -1.81079 
estimate 15.8813 -6.79843 4.66782 -2.59736 
RMSE 0.0707982 0.0851274 0.490557 0.481293 
Radar 17.0621 -0.397524 5.55762 11477010459100000 
ground_truth 16.0803 -6.71069 4.76497 -1.7079 
estimate 16.1327 -6.93624 4.69991 -2.61248 
RMSE 0.0707489 0.0859146 0.489813 0.48317 
Lidar 16.2265 -6.97743 0 11477010459150000 
ground_truth 16.3195 -6.79342 4.8063 -1.60298 
estimate 16.3156 -7.04187 4.4106 -2.47872 
RMSE 0.0706402 0.0868824 0.489551 0.484866 
Radar 17.2182 -0.404789 4.76618 11477010459200000 
ground_truth 16.5607 -6.87087 4.84558 -1.49608 
estimate 16.5581 -7.13216 4.46435 -2.38628 
RMSE 0.070532 0.0879478 0.489255 0.486625 
Lidar 16.6141 -7.09003 0 11477010459250000 
ground_truth 16.8038 -6.94292 4.88271 -1.38725 
estimate 16.7687 -7.25595 4.45602 -2.40943 
RMSE 0.0704507 0.0895031 0.489076 0.489158 
Radar 17.9931 -0.421075 5.08123 11477010459300000 
ground_truth 17.0487 -7.00949 4.9176 -1.27653 
estimate 17.0215 -7.28254 4.54534 -2.16099 
RMSE 0.0703592 0.0906294 0.488762 0.490847 
Lidar 17.0335 -7.12355 0 11477010459350000 
ground_truth 17.2953 -7.07048 4.95015 -1.16398 
estimate 17.2324 -7.36628 4.46302 -2.0782 
RMSE 0.0703378 0.0919493 0.488757 0.492686 
Radar 18.4115 -0.380544 4.84697 11477010459400000 
ground_truth 17.5434 -7.1258 4.98026 -1.04968 
estimate 17.5243 -7.29016 4.65461 -1.59842 
RMSE 0.0702389 0.0922546 0.488345 0.492865 
Lidar 17.6002 -7.00217 0 11477010459450000 
ground_truth 17.793 -7.17537 5.00785 -0.933668 
estimate 17.8052 -7.3372 4.95197 -1.57733 
RMSE 0.070136 0.0925436 0.487617 0.49339 
Radar 19.2529 -0.320872 5.45524 11477010459500000 
ground_truth 18.044 -7.21909 5.03282 -0.816029 
estimate 18.0795 -7.31372 5.03503 -1.30762 
RMSE 0.0700574 0.0925499 0.486882 0.493385 
Lidar 18.068 -7.13549 0 11477010459550000 
ground_truth 18.2961 -7.2569 5.05509 -0.696834 
estimate 18.3046 -7.33046 4.84671 -1.1292 
RMSE 0.0699537 0.0924987 0.486284 0.493213 
Radar 19.3146 -0.32416 4.7152 11477010459600000 
ground_truth 18.5492 -7.28872 5.07456 -0.57616 
estimate 18.5548 -7.34525 4.8739 -1.02002 
RMSE 0.0698496 0.0924119 0.48568 0.493072 
Lidar 18.5372 -7.26977 0 11477010459650000 
ground_truth 18.8033 -7.31446 5.09116 -0.454089 
estimate 18.8357 -7.39108 4.99063 -1.01228 
RMSE 0.0697676 0.0923688 0.484986 0.493279 
Radar 20.791 -0.34674 5.05897 11477010459700000 
ground_truth 19.0581 -7.33408 5.10481 -0.330708 
estimate 19.0673 -7.40009 4.96822 -0.910504 
RMSE 0.0696655 0.0923015 0.484321 0.493559 
Lidar 18.9302 -7.29311 0 11477010459750000 
ground_truth 19.3135 -7.3475 5.11543 -0.206107 
estimate 19.2881 -7.46611 4.83246 -0.943253 
RMSE 0.0695759 0.0923907 0.483847 0.49446 
Radar 20.5554 -0.414342 4.74277 11477010459800000 
ground_truth 19.5694 -7.35466 5.12294 -0.0803797 
estimate 19.641 -7.37009 5.08379 -0.54349 
RMSE 0.069582 0.0922577 0.483136 0.49437 
Lidar 19.9881 -7.22324 0 11477010459850000 
ground_truth 19.8255 -7.35551 5.12728 0.0463764 
estimate 19.9079 -7.39246 5.14161 -0.538873 
RMSE 0.0696232 0.0921434 0.482423 0.494663 
Radar 21.3442 -0.34181 5.04933 11477010459900000 
ground_truth 20.0818 -7.35 5.12836 0.17406 
estimate 20.2072 -7.34646 5.24083 -0.339175 
RMSE 0.0698523 0.092008 0.481752 0.494718 
Lidar 20.3189 -7.25458 0 11477010459950000 
ground_truth 20.3381 -7.33809 5.12615 0.302565 
estimate 20.4703 -7.38012 5.34129 -0.41842 
RMSE 0.070116 0.0919012 0.481186 0.495533 
Radar 21.546 -0.373546 5.31821 11477010460000000 
ground_truth 20.5942 -7.31974 5.12056 0.431784 
estimate 20.68 -7.40803 5.23102 -0.452304 
RMSE 0.0701668 0.0918908 0.480519 0.497112 
Lidar 20.4141 -7.35358 0 11477010460050000 
ground_truth 20.8499 -7.29491 5.11155 0.561605 
estimate 20.9096 -7.40841 4.95371 -0.326386 
RMSE 0.0701386 0.0919612 0.479894 0.498697 
Radar 22.1427 -0.319835 4.4678 11477010460100000 
ground_truth 21.1051 -7.26358 5.09906 0.691914 
estimate 21.1874 -7.29257 5.04336 0.0226548 
RMSE 0.0701768 0.0918408 0.479205 0.499277 
Lidar 21.1782 -7.07525 0 11477010460150000 
ground_truth 21.3596 -7.22573 5.08306 0.822593 
estimate 21.4458 -7.28281 5.06378 0.0449482 
RMSE 0.0702285 0.091759 0.478511 0.500308 
Radar 22.6944 -0.309935 4.78757 11477010460200000 
ground_truth 21.6132 -7.18134 5.06349 0.953522 
estimate 21.6584 -7.37494 4.96495 -0.209833 
RMSE 0.0701689 0.0922156 0.477849 0.503484 
Lidar 21.5691 -7.50657 0 11477010460250000 
ground_truth 21.8657 -7.1304 5.04032 1.08458 
estimate 21.8727 -7.35781 4.57129 -0.0362753 
RMSE 0.0700687 0.0928883 0.477823 0.506346 
Radar 23.3556 -0.292907 3.86602 11477010460300000 
ground_truth 22.117 -7.07291 5.01352 1.21564 
estimate 22.2089 -7.13652 4.82679 0.568825 
RMSE 0.0701413 0.0928174 0.477241 0.506805 
Lidar 22.4821 -6.84052 0 11477010460350000 
ground_truth 22.3669 -7.00887 4.98307 1.34657 
estimate 22.3962 -7.11391 4.44523 0.623382 
RMSE 0.0700583 0.0928547 0.477426 0.507557 
Radar 23.3766 -0.33828 3.66743 11477010460400000 
ground_truth 22.6151 -6.93829 4.94893 1.47726 
estimate 22.5974 -6.98614 4.42669 0.868051 
RMSE 0.0699646 0.0927573 0.47756 0.507877 
Lidar 22.3914 -6.78652 0 11477010460450000 
ground_truth 22.8616 -6.86119 4.9111 1.60756 
estimate 22.8454 -6.97043 4.66468 0.745343 
RMSE 0.0698702 0.0928084 0.477061 0.509236 
Radar 23.9513 -0.335625 4.50988 11477010460500000 
ground_truth 23.106 -6.77759 4.86956 1.73734 
estimate 23.069 -6.96894 4.63931 0.650029 
RMSE 0.0697987 0.0932359 0.476541 0.511804 
Lidar 23.0586 -7.02348 0 11477010460550000 
ground_truth 23.3483 -6.68751 4.82431 1.86648 
estimate 23.2557 -6.94048 4.40799 0.669556 
RMSE 0.0698737 0.0940723 0.476381 0.515034 
Radar 23.8489 -0.318144 3.84582 11477010460600000 
ground_truth 23.5883 -6.59099 4.77535 1.99484 
estimate 23.5065 -6.81 4.48403 0.929019 
RMSE 0.0699104 0.0946578 0.475959 0.517416 
Lidar 23.5581 -6.66759 0 11477010460650000 
ground_truth 23.8257 -6.48809 4.72269 2.12228 
estimate 23.7556 -6.7762 4.61222 0.878871 
RMSE 0.069911 0.0957533 0.475325 0.520884 
Radar 25.0142 -0.290097 4.29957 11477010460700000 
ground_truth 24.0604 -6.37883 4.66633 2.24867 
estimate 23.9871 -6.62124 4.6351 1.16772 
RMSE 0.0699209 0.0964779 0.474659 0.523298 
Lidar 23.8837 -6.42686 0 11477010460750000 
ground_truth 24.2922 -6.26328 4.6063 2.37389 
estimate 24.1922 -6.55015 4.38742 1.2468 
RMSE 0.0700232 0.0975318 0.474136 0.525958 
Radar 25.1152 -0.248484 3.633 11477010460800000 
ground_truth 24.5209 -6.14151 4.54262 2.49779 
estimate 24.4694 -6.33572 4.52198 1.6566 
RMSE 0.0699783 0.0979348 0.473474 0.527101 
Lidar 24.6144 -6.12588 0 11477010460850000 
ground_truth 24.7463 -6.01357 4.47532 2.62023 
estimate 24.7144 -6.24857 4.66659 1.64641 
RMSE 0.069901 0.0985817 0.472922 0.52887 
Radar 25.4991 -0.234446 4.26814 11477010460900000 
ground_truth 24.9683 -5.87956 4.40444 2.7411 
estimate 24.9603 -6.09069 4.70196 1.84657 
RMSE 0.0698052 0.0990715 0.472525 0.530235 
Lidar 24.9561 -5.97289 0 11477010460950000 
ground_truth 25.1866 -5.73954 4.33001 2.86026 
estimate 25.1585 -5.98625 4.39894 1.92379 
RMSE 0.069724 0.0997827 0.471884 0.531789 
Radar 25.8195 -0.218725 3.51418 11477010461000000 
ground_truth 25.4011 -5.5936 4.25209 2.97757 
estimate 25.4143 -5.79252 4.47925 2.18669 
RMSE 0.0696311 0.100192 0.471383 0.532678 
Lidar 25.5127 -5.65871 0 11477010461050000 
ground_truth 25.6117 -5.44185 4.17073 3.09291 
estimate 25.5839 -5.68563 4.14497 2.21714 
RMSE 0.0695505 0.100868 0.470735 0.533927 
Radar 25.8492 -0.23777 3.26176 11477010461100000 
ground_truth 25.8181 -5.28439 4.08598 3.20616 
estimate 25.7709 -5.37482 4.13412 2.73745 
RMSE 0.069499 0.100841 0.470095 0.533758 
Lidar 25.5133 -5.02906 0 11477010461150000 
ground_truth 26.0202 -5.12131 3.99791 3.31719 
estimate 25.9567 -5.23699 3.98513 2.75645 
RMSE 0.0694833 0.100885 0.469451 0.533834 
Radar 26.4007 -0.200502 3.21497 11477010461200000 
ground_truth 26.2178 -4.95274 3.90659 3.42588 
estimate 26.1556 -5.12138 3.98198 2.69798 
RMSE 0.0694645 0.101132 0.468826 0.53446 
Lidar 26.1696 -5.15715 0 11477010461250000 
ground_truth 26.4107 -4.7788 3.81209 3.53212 
estimate 26.3412 -4.95158 3.79229 2.81831 
RMSE 0.0694645 0.101396 0.468188 0.535031 
Radar 26.9392 -0.114944 2.97387 11477010461300000 
ground_truth 26.5989 -4.5996 3.7145 3.63578 
estimate 26.5639 -4.65277 3.86868 3.23972 
RMSE 0.0693941 0.101296 0.46762 0.534702 
Lidar 26.6275 -4.42212 0 11477010461350000 
ground_truth 26.7821 -4.41529 3.6139 3.73676 
estimate 26.7674 -4.48752 3.9283 3.24405 
RMSE 0.0693042 0.101228 0.467273 0.534593 
Radar 27.21 -0.158024 3.39005 11477010461400000 
ground_truth 26.9602 -4.226 3.51038 3.83494 
estimate 26.9277 -4.35379 3.86027 3.163 
RMSE 0.0692311 0.10131 0.466996 0.535011 
Lidar 26.7603 -4.37714 0 11477010461450000 
ground_truth 27.1331 -4.03186 3.40403 3.93023 
estimate 27.125 -4.18413 3.93764 3.18496 
RMSE 0.069139 0.101481 0.467188 0.535689 
Radar 27.2701 -0.130741 3.50325 11477010461500000 
ground_truth 27.3006 -3.83304 3.29495 4.02252 
estimate 27.3685 -3.94499 4.02808 3.40311 
RMSE 0.0691358 0.101511 0.468105 0.535932 
Lidar 27.5646 -3.84582 0 11477010461550000 
ground_truth 27.4625 -3.62967 3.18325 4.11172 
estimate 27.5146 -3.77673 3.45506 3.44683 
RMSE 0.0690958 0.10166 0.467689 0.536319 
Radar 28.1558 -0.135447 2.31239 11477010461600000 
ground_truth 27.6188 -3.42193 3.06903 4.19774 
estimate 27.7094 -3.55783 3.49768 3.57301 
RMSE 0.0691622 0.101767 0.467589 0.536575 
Lidar 27.8006 -3.49682 0 11477010461650000 
ground_truth 27.7694 -3.20995 2.95242 4.28049 
estimate 27.8534 -3.36573 3.16787 3.63393 
RMSE 0.0692062 0.101949 0.467098 0.536898 
Radar 28.2649 -0.0878275 2.33663 11477010461700000 
ground_truth 27.914 -2.99393 2.83351 4.35989 
estimate 27.9916 -3.08094 3.13557 3.90369 
RMSE 0.0692298 0.101913 0.466736 0.536699 
Lidar 27.8439 -2.91563 0 11477010461750000 
ground_truth 28.0527 -2.77401 2.71243 4.43586 
estimate 28.1221 -2.87878 2.94647 3.93137 
RMSE 0.0692301 0.10192 0.466273 0.536616 
Radar 28.1518 -0.0860601 2.34646 11477010461800000 
ground_truth 28.1853 -2.55039 2.5893 4.50833 
estimate 28.2359 -2.60214 2.88799 4.13919 
RMSE 0.0691875 0.10182 0.465909 0.536242 
Lidar 28.0346 -2.4696 0 11477010461850000 
ground_truth 28.3116 -2.32322 2.46425 4.57724 
estimate 28.333 -2.3994 2.49469 4.14354 
RMSE 0.0691049 0.101761 0.465297 0.535998 
Radar 28.4323 -0.0869735 1.72864 11477010461900000 
ground_truth 28.4317 -2.0927 2.3374 4.64252 
estimate 28.4806 -2.18783 2.53597 4.15761 
RMSE 0.0690595 0.101744 0.464796 0.53587 
Lidar 28.5977 -2.18783 0 11477010461950000 
ground_truth 28.5453 -1.859 2.20888 4.70412 
estimate 28.6093 -1.98328 2.52655 4.14954 
RMSE 0.0690466 0.10181 0.46447 0.53592 
Radar 28.7664 -0.0755253 2.21373 11477010462000000 
ground_truth 28.6526 -1.62231 2.07883 4.76199 
estimate 28.7515 -1.73934 2.55513 4.24766 
RMSE 0.0691416 0.101853 0.464502 0.535864 
Lidar 28.8261 -1.68876 0 11477010462050000 
ground_truth 28.7532 -1.38282 1.94737 4.8161 
estimate 28.8448 -1.52954 2.42368 4.24028 
RMSE 0.0692096 0.101995 0.464533 0.535972 
Radar 28.3626 -0.0595184 2.12179 11477010462100000 
ground_truth 28.8473 -1.14071 1.81465 4.86639 
estimate 28.9704 -1.20467 2.42961 4.53972 
RMSE 0.0694042 0.101915 0.464988 0.535534 
Lidar 28.9751 -1.03856 0 11477010462150000 
ground_truth 28.9347 -0.896184 1.6808 4.91284 
estimate 29.0396 -0.969988 2.16585 4.5596 
RMSE 0.0695197 0.101852 0.465041 0.535141 
Radar 28.4666 -0.0114916 1.80809 11477010462200000 
ground_truth 29.0154 -0.649428 1.54595 4.95543 
estimate 29.1275 -0.699358 2.12752 4.67123 
RMSE 0.0696636 0.101752 0.465381 0.534643 
Lidar 29.0173 -0.634573 0 11477010462250000 
ground_truth 29.0893 -0.400636 1.41024 4.99413 
estimate 29.166 -0.463962 1.61955 4.67226 
RMSE 0.0696828 0.101671 0.464901 0.534202 
Radar 28.962 0.00560416 1.04206 11477010462300000 
ground_truth 29.1564 -0.150004 1.27382 5.02893 
estimate 29.221 -0.284606 1.5756 4.527 
RMSE 0.0696702 0.10177 0.464554 0.534121 
Lidar 29.0872 -0.363706 0 11477010462350000 
ground_truth 29.2167 0.102274 1.13682 5.05982 
estimate 29.2799 -0.0460455 1.25738 4.55541 
RMSE 0.0696544 0.101917 0.463997 0.534047 
Radar 29.7786 0.0386034 0.860644 11477010462400000 
ground_truth 29.2701 0.356002 0.999371 5.08681 
estimate 29.3332 0.271996 1.23429 4.79426 
RMSE 0.0696383 0.101875 0.463554 0.533568 
Lidar 29.2861 0.404402 0 11477010462450000 
ground_truth 29.3166 0.610984 0.861619 5.10989 
estimate 29.3698 0.518328 1.0766 4.80757 
RMSE 0.0696013 0.101852 0.463089 0.533104 
Radar 29.2 0.0391822 1.01864 11477010462500000 
ground_truth 29.3563 0.867027 0.723698 5.12908 
estimate 29.4445 0.695926 1.11934 4.64185 
RMSE 0.0696552 0.102089 0.462929 0.532992 
Lidar 29.5469 0.605555 0 11477010462550000 
ground_truth 29.389 1.12393 0.585743 5.14439 
estimate 29.4574 0.942491 0.753546 4.66684 
RMSE 0.0696519 0.102369 0.462417 0.532859 
Radar 29.4901 0.0806869 0.521819 11477010462600000 
ground_truth 29.4149 1.38152 0.447888 5.15584 
estimate 29.5072 1.27668 0.766268 4.93419 
RMSE 0.0697188 0.102375 0.462109 0.532299 
Lidar 29.5867 1.42748 0 11477010462650000 
ground_truth 29.4338 1.63957 0.310266 5.16347 
estimate 29.5361 1.52467 0.560089 4.92486 
RMSE 0.0698204 0.102409 0.461694 0.53176 
Radar 29.9985 0.0658457 0.548543 11477010462700000 
ground_truth 29.4459 1.89792 0.173006 5.1673 
estimate 29.5407 1.80979 0.513573 5.02769 
RMSE 0.0698949 0.102375 0.461429 0.531135 
Lidar 29.4282 1.86217 0 11477010462750000 
ground_truth 29.4512 2.15637 0.0362376 5.16738 
estimate 29.5264 2.04105 0.123338 4.94665 
RMSE 0.0699086 0.10241 0.460868 0.530581 
Radar 29.7577 0.0477061 0.0341958 11477010462800000 
ground_truth 29.4496 2.41474 -0.0999139 5.16374 
estimate 29.5102 2.42748 0.0651301 5.31472 
RMSE 0.0698868 0.102283 0.460363 0.529968 
Lidar 29.4355 2.62855 0 11477010462850000 
ground_truth 29.4412 2.67283 -0.235325 5.15644 
estimate 29.4842 2.67854 -0.187196 5.25433 
RMSE 0.0698324 0.102155 0.459792 0.529326 
Radar 29.6103 0.0759073 0.0213371 11477010462900000 
ground_truth 29.426 2.93047 -0.369875 5.14552 
estimate 29.5123 3.03915 -0.133898 5.51171 
RMSE 0.0698785 0.102172 0.459368 0.528981 
Lidar 29.7424 3.20057 0 11477010462950000 
ground_truth 29.4042 3.18747 -0.503448 5.13105 
estimate 29.467 3.31459 -0.309385 5.49947 
RMSE 0.0698618 0.102242 0.458898 0.528641 
Radar 29.1649 0.127972 0.182886 11477010463000000 
ground_truth 29.3757 3.44367 -0.635928 5.11309 
estimate 29.477 3.49942 -0.247749 5.26064 
RMSE 0.0699577 0.102152 0.458735 0.528035 
Lidar 29.5679 3.37337 0 11477010463050000 
ground_truth 29.3406 3.69889 -0.767205 5.09171 
estimate 29.4196 3.75584 -0.531134 5.21647 
RMSE 0.0699817 0.102065 0.458317 0.527416 
Radar 29.3407 0.135565 -0.126351 11477010463100000 
ground_truth 29.299 3.95295 -0.897172 5.06698 
estimate 29.3757 3.89857 -0.541458 4.9065 
RMSE 0.069999 0.101974 0.458091 0.526823 
Lidar 29.2254 3.70749 0 11477010463150000 
ground_truth 29.2509 4.2057 -1.02573 5.03897 
estimate 29.3504 4.14227 -0.636852 4.8865 
RMSE 0.0700871 0.101897 0.457933 0.526227 
Radar 30.007 0.141229 -0.0923743 11477010463200000 
ground_truth 29.1964 4.45697 -1.15277 5.00776 
estimate 29.2766 4.36057 -0.70849 4.82075 
RMSE 0.0701137 0.101884 0.4579 0.525661 
Lidar 29.0468 4.29607 0 11477010463250000 
ground_truth 29.1356 4.7066 -1.2782 4.97344 
estimate 29.1965 4.59332 -1.00097 4.76555 
RMSE 0.0700924 0.101914 0.457543 0.525115 
Radar 29.2763 0.16328 -0.5241 11477010463300000 
ground_truth 29.0686 4.95444 -1.40194 4.93609 
estimate 29.1104 4.91526 -1.0832 4.98807 
RMSE 0.0700371 0.101807 0.457255 0.524478 
Lidar 28.9789 5.02462 0 11477010463350000 
ground_truth 28.9954 5.20034 -1.52389 4.8958 
estimate 29.0352 5.16176 -1.17555 4.9718 
RMSE 0.069979 0.1017 0.45702 0.52385 
Radar 29.2079 0.180669 -0.350952 11477010463400000 
ground_truth 28.9162 5.44416 -1.64397 4.85267 
estimate 29.0177 5.38617 -1.09469 4.90473 
RMSE 0.0700731 0.101617 0.457268 0.523217 
Lidar 29.2109 5.37581 0 11477010463450000 
ground_truth 28.831 5.68575 -1.7621 4.80678 
estimate 28.9013 5.64652 -1.50913 4.88925 
RMSE 0.0700737 0.101511 0.456881 0.522596 
Radar 29.1966 0.267838 -0.938512 11477010463500000 
ground_truth 28.7399 5.92498 -1.87822 4.75823 
estimate 28.8136 5.91932 -1.53819 4.96468 
RMSE 0.0700827 0.101389 0.456634 0.52206 
Lidar 28.7725 5.9562 0 11477010463550000 
ground_truth 28.6431 6.16173 -1.99225 4.70713 
estimate 28.677 6.16841 -1.92531 4.91049 
RMSE 0.0700177 0.101266 0.456093 0.521524 
Radar 29.0008 0.257248 -1.2147 11477010463600000 
ground_truth 28.5407 6.39585 -2.10412 4.65358 
estimate 28.579 6.3914 -1.92296 4.85187 
RMSE 0.0699584 0.101144 0.455629 0.520985 
Lidar 28.5522 6.35276 0 11477010463650000 
ground_truth 28.4327 6.62724 -2.21379 4.59767 
estimate 28.4992 6.64435 -2.05225 4.83793 
RMSE 0.0699502 0.101026 0.455148 0.52049 
Radar 30.1997 0.252545 -1.14542 11477010463700000 
ground_truth 28.3192 6.85578 -2.32119 4.53952 
estimate 28.42 6.81087 -1.98937 4.63865 
RMSE 0.0700405 0.100928 0.454892 0.519887 
Lidar 28.4717 6.70428 0 11477010463750000 
ground_truth 28.2005 7.08135 -2.42628 4.47922 
estimate 28.2933 7.0226 -2.13365 4.56319 
RMSE 0.070104 0.100848 0.454572 0.51928 
Radar 28.8068 0.219168 -1.09549 11477010463800000 
ground_truth 28.0765 7.30386 -2.529 4.41689 
estimate 28.1542 7.39178 -2.2317 4.93411 
RMSE 0.0701232 0.100819 0.454261 0.519275 
Lidar 28.123 7.60344 0 11477010463850000 
ground_truth 27.9475 7.52321 -2.62933 4.35263 
estimate 28.0046 7.63434 -2.52981 4.86323 
RMSE 0.0700951 0.100845 0.453745 0.519254 
Radar 28.9885 0.2934 -1.47507 11477010463900000 
ground_truth 27.8135 7.73929 -2.72722 4.28656 
estimate 27.8902 7.83324 -2.49465 4.74682 
RMSE 0.0701115 0.100829 0.453346 0.519122 
Lidar 27.9059 7.76757 0 11477010463950000 
ground_truth 27.6747 7.95203 -2.82265 4.21877 
estimate 27.7223 8.05671 -2.7772 4.65488 
RMSE 0.0700666 0.100839 0.452813 0.51894 
Radar 28.5907 0.291588 -1.64323 11477010464000000 
ground_truth 27.5312 8.16134 -2.91558 4.14938 
estimate 27.5664 8.26692 -2.80224 4.59967 
RMSE 0.0700045 0.10085 0.45231 0.518788 
Lidar 27.46 8.20897 0 11477010464050000 
ground_truth 27.3831 8.36714 -3.00599 4.07849 
estimate 27.3819 8.45244 -3.22349 4.37693 
RMSE 0.0699217 0.100816 0.451898 0.518378 
Radar 28.6636 0.255581 -2.2777 11477010464100000 
ground_truth 27.2305 8.56936 -3.09388 4.00622 
estimate 27.2503 8.58944 -3.14204 4.16108 
RMSE 0.0698459 0.100702 0.451371 0.517821 
Lidar 27.3044 8.47237 0 11477010464150000 
ground_truth 27.0736 8.76794 -3.17922 3.93267 
estimate 27.0698 8.8001 -3.37221 4.10958 
RMSE 0.0697639 0.100595 0.450937 0.517282 
Radar 28.6427 0.344708 -2.20119 11477010464200000 
ground_truth 26.9125 8.9628 -3.262 3.85794 
estimate 26.8176 9.14035 -3.57313 4.47136 
RMSE 0.0698335 0.100845 0.45066 0.517529 
Lidar 26.5692 9.29585 0 11477010464250000 
ground_truth 26.7473 9.1539 -3.34223 3.78216 
estimate 26.6169 9.3445 -3.62282 4.4204 
RMSE 0.0700368 0.101148 0.450336 0.517845 
Radar 27.6623 0.314872 -1.95549 11477010464300000 
ground_truth 26.5781 9.34119 -3.4199 3.70541 
estimate 26.4519 9.43457 -3.54763 4.08282 
RMSE 0.0702205 0.101131 0.449852 0.517561 
Lidar 26.3716 9.20367 0 11477010464350000 
ground_truth 26.4052 9.52461 -3.49502 3.62781 
estimate 26.2829 9.64682 -3.52426 4.10581 
RMSE 0.0703869 0.101185 0.44933 0.517472 
Radar 28.1944 0.361508 -1.88594 11477010464400000 
ground_truth 26.2285 9.70414 -3.56759 3.54945 
estimate 26.1111 9.86405 -3.5199 4.13526 
RMSE 0.0705326 0.101361 0.448813 0.517642 
Lidar 26.1471 9.89295 0 11477010464450000 
ground_truth 26.0483 9.87973 -3.63763 3.47045 
estimate 25.9192 10.0802 -3.54812 4.16559 
RMSE 0.0707244 0.101703 0.448313 0.518124 
Radar 27.5414 0.400846 -1.78031 11477010464500000 
ground_truth 25.8646 10.0514 -3.70515 3.39089 
estimate 25.7991 10.1385 -3.38433 3.77244 
RMSE 0.0707128 0.101672 0.44806 0.517849 
Lidar 25.8724 9.91294 0 11477010464550000 
ground_truth 25.6776 10.219 -3.77016 3.31087 
estimate 25.589 10.3067 -3.78432 3.59218 
RMSE 0.0707593 0.101641 0.447543 0.517428 
Radar 27.7723 0.391352 -2.64594 11477010464600000 
ground_truth 25.4875 10.3826 -3.8327 3.2305 
estimate 25.4399 10.345 -3.65563 3.22524 
RMSE 0.0707147 0.10154 0.447107 0.516831 
Lidar 25.4369 10.1104 0 11477010464650000 
ground_truth 25.2942 10.5422 -3.89278 3.14987 
estimate 25.2282 10.5231 -3.81304 3.235 
RMSE 0.0707041 0.101428 0.44661 0.516253 
Radar 27.2407 0.45429 -2.4083 11477010464700000 
ground_truth 25.098 10.6978 -3.95044 3.06906 
estimate 25.0101 10.6937 -3.86925 3.26367 
RMSE 0.0707483 0.101311 0.446114 0.515745 
Lidar 24.8955 10.6742 0 11477010464750000 
ground_truth 24.899 10.8493 -4.00571 2.98817 
estimate 24.797 10.8525 -3.91814 3.25213 
RMSE 0.0708356 0.101196 0.445623 0.515309 
Radar 26.6805 0.42068 -2.29065 11477010464800000 
ground_truth 24.6973 10.9967 -4.05861 2.90729 
estimate 24.6131 10.9685 -3.87727 3.13199 
RMSE 0.070869 0.101089 0.445198 0.514832 
Lidar 24.6024 10.8869 0 11477010464850000 
ground_truth 24.493 11.1402 -4.10919 2.8265 
estimate 24.4012 11.1402 -4.10835 3.08587 
RMSE 0.0709237 0.100974 0.444691 0.514395 
Radar 27.2995 0.481408 -2.74983 11477010464900000 
ground_truth 24.2862 11.2795 -4.15749 2.74589 
estimate 24.2157 11.2938 -4.06928 3.07903 
RMSE 0.0709228 0.100861 0.444205 0.514055 
Lidar 24.3047 11.321 0 11477010464950000 
ground_truth 24.0771 11.4149 -4.20354 2.66553 
estimate 23.996 11.4111 -4.30898 2.88082 
RMSE 0.0709475 0.100747 0.44373 0.513574 
Radar 26.7287 0.403111 -2.98741 11477010465000000 
ground_truth 23.8657 11.5462 -4.24739 2.58551 
estimate 23.8129 11.4342 -4.19741 2.57065 
RMSE 0.0709117 0.100774 0.443234 0.512994 
Lidar 23.7789 11.2152 0 11477010465050000 
ground_truth 23.6522 11.6736 -4.28909 2.50589 
estimate 23.6045 11.5593 -4.21043 2.55266 
RMSE 0.0708678 0.100807 0.442749 0.512419 
Radar 26.3438 0.4487 -2.6865 11477010465100000 
ground_truth 23.4366 11.797 -4.32868 2.42676 
estimate 23.3763 11.7166 -4.25735 2.63157 
RMSE 0.0708458 0.100765 0.442263 0.511934 
Lidar 23.3423 11.7567 0 11477010465150000 
ground_truth 23.2191 11.9164 -4.36622 2.34818 
estimate 23.1428 11.8453 -4.40169 2.57521 
RMSE 0.0708585 0.100708 0.441769 0.511472 
Radar 25.9606 0.491651 -2.90042 11477010465200000 
ground_truth 22.9998 12.0319 -4.40174 2.27022 
estimate 22.8988 11.999 -4.45929 2.64362 
RMSE 0.0709403 0.100607 0.441282 0.511204 
Lidar 22.8321 12.0192 0 11477010465250000 
ground_truth 22.7788 12.1436 -4.43532 2.19295 
estimate 22.6737 12.1345 -4.52121 2.62172 
RMSE 0.071035 0.100496 0.440807 0.511034 
Radar 25.9237 0.502411 -2.84112 11477010465300000 
ground_truth 22.5561 12.2513 -4.46699 2.11642 
estimate 22.4637 12.2226 -4.47116 2.51123 
RMSE 0.07109 0.100393 0.440315 0.510804 
Lidar 22.4654 12.1469 0 11477010465350000 
ground_truth 22.3319 12.3553 -4.49681 2.04071 
estimate 22.2509 12.3447 -4.38427 2.53556 
RMSE 0.0711137 0.100282 0.439856 0.510769 
Radar 25.3709 0.487159 -2.50391 11477010465400000 
ground_truth 22.1062 12.4555 -4.52484 1.96586 
estimate 21.9874 12.4651 -4.47049 2.53331 
RMSE 0.071255 0.100172 0.439375 0.510902 
Lidar 21.7874 12.3787 0 11477010465450000 
ground_truth 21.8792 12.552 -4.55114 1.89194 
estimate 21.7488 12.5762 -4.70029 2.37647 
RMSE 0.0714403 0.100067 0.438943 0.510845 
Radar 25.4642 0.524388 -3.20843 11477010465500000 
ground_truth 21.6509 12.6448 -4.57575 1.81899 
estimate 21.533 12.6346 -4.63504 2.22321 
RMSE 0.0715765 0.0999574 0.438467 0.510634 
Lidar 21.515 12.5172 0 11477010465550000 
ground_truth 21.4215 12.734 -4.59875 1.74706 
estimate 21.3075 12.731 -4.61929 2.18246 
RMSE 0.0716979 0.0998471 0.437983 0.51048 
Radar 24.7858 0.508782 -2.85022 11477010465600000 
ground_truth 21.1909 12.8197 -4.62018 1.6762 
estimate 21.0868 12.9237 -4.6353 2.38207 
RMSE 0.0717852 0.0998565 0.437501 0.510993 
Lidar 21.2694 13.1512 0 11477010465650000 
ground_truth 20.9593 12.9018 -4.6401 1.60647 
estimate 20.8246 13.0303 -4.92373 2.21209 
RMSE 0.0719838 0.0999285 0.437223 0.51122 
Radar 24.7693 0.582848 -3.37235 11477010465700000 
ground_truth 20.7267 12.9804 -4.65858 1.53789 
estimate 20.6637 13.043 -4.70453 1.94867 
RMSE 0.0719653 0.099862 0.436748 0.511021 
Lidar 20.8491 12.9353 0 11477010465750000 
ground_truth 20.4932 13.0557 -4.67567 1.47051 
estimate 20.411 13.0877 -5.01228 1.6297 
RMSE 0.0719894 0.0997639 0.436554 0.510516 
Radar 24.4756 0.52019 -3.81704 11477010465800000 
ground_truth 20.2589 13.1276 -4.69142 1.40437 
estimate 20.1727 13.181 -4.9922 1.65405 
RMSE 0.0720234 0.0996861 0.436304 0.510092 
Lidar 20.2433 13.2333 0 11477010465850000 
ground_truth 20.0239 13.1962 -4.70591 1.3395 
estimate 19.9104 13.2779 -4.9379 1.75309 
RMSE 0.0721397 0.0996505 0.435963 0.509901 
Radar 23.5219 0.617665 -2.98195 11477010465900000 
ground_truth 19.7882 13.2616 -4.71918 1.27594 
estimate 19.7512 13.243 -4.69973 1.43077 
RMSE 0.0720819 0.0995459 0.435489 0.509398 
Lidar 19.89 13.0662 0 11477010465950000 
ground_truth 19.5518 13.3239 -4.73129 1.21372 
estimate 19.4986 13.3375 -4.78127 1.46889 
RMSE 0.0720463 0.0994399 0.435023 0.508984 
Radar 23.7302 0.653463 -3.17599 11477010466000000 
ground_truth 19.3149 13.3831 -4.7423 1.15287 
estimate 19.1927 13.4452 -4.93617 1.57314 
RMSE 0.0721926 0.0993742 0.434646 0.508809 
Lidar 18.9873 13.4215 0 11477010466050000 
ground_truth 19.0774 13.4392 -4.75226 1.09341 
estimate 18.9401 13.4897 -5.01985 1.42827 
RMSE 0.0723962 0.0992946 0.434354 0.508497 
Radar 23.079 0.580382 -3.39855 11477010466100000 
ground_truth 18.8395 13.4925 -4.76124 1.03538 
estimate 18.7395 13.4772 -4.87468 1.21237 
RMSE 0.0724672 0.0991901 0.433918 0.508015 
Lidar 18.7874 13.332 0 11477010466150000 
ground_truth 18.6011 13.5429 -4.76928 0.97879 
estimate 18.4668 13.5299 -5.0199 1.13811 
RMSE 0.0726566 0.0990852 0.433607 0.507522 
Radar 22.6442 0.65473 -3.51399 11477010466200000 
ground_truth 18.3624 13.5904 -4.77644 0.923668 
estimate 18.2648 13.6132 -4.92912 1.18345 
RMSE 0.0727192 0.0989845 0.433199 0.50712 
Lidar 18.5012 13.776 0 11477010466250000 
ground_truth 18.1233 13.6353 -4.78278 0.870034 
estimate 18.0054 13.7012 -4.90931 1.30493 
RMSE 0.0728458 0.0989255 0.432774 0.506977 
Radar 22.5237 0.700327 -3.01068 11477010466300000 
ground_truth 17.8839 13.6775 -4.78834 0.817907 
estimate 17.8085 13.739 -4.79318 1.22371 
RMSE 0.0728514 0.0988607 0.432312 0.506782 
Lidar 17.9436 13.7469 0 11477010466350000 
ground_truth 17.6443 13.7172 -4.79318 0.767303 
estimate 17.5591 13.7807 -5.00625 1.01798 
RMSE 0.0728799 0.0987987 0.431963 0.506374 
Radar 22.7502 0.660314 -3.66731 11477010466400000 
ground_truth 17.4044 13.7543 -4.79734 0.718238 
estimate 17.3193 13.8008 -4.9689 0.942499 
RMSE 0.072908 0.0987168 0.431576 0.505941 
Lidar 17.3027 13.7285 0 11477010466450000 
ground_truth 17.1644 13.789 -4.80088 0.670728 
estimate 17.0666 13.8541 -5.05282 0.899135 
RMSE 0.0729699 0.0986576 0.431274 0.505513 
Radar 22.3047 0.6985 -3.49047 11477010466500000 
ground_truth 16.9242 13.8214 -4.80385 0.624784 
estimate 16.8417 13.8999 -4.99344 0.891118 
RMSE 0.0729914 0.0986193 0.430905 0.505126 
Lidar 16.9456 13.9531 0 11477010466550000 
ground_truth 16.6839 13.8516 -4.80628 0.580418 
estimate 16.6072 13.907 -4.96434 0.778056 
RMSE 0.0729994 0.0985479 0.43051 0.504673 
Radar 21.4857 0.634543 -3.33986 11477010466600000 
ground_truth 16.4434 13.8795 -4.80823 0.537642 
estimate 16.4484 13.863 -4.72992 0.555064 
RMSE 0.0729227 0.0984468 0.430071 0.504141 
Lidar 16.6201 13.7709 0 11477010466650000 
ground_truth 16.2029 13.9054 -4.80974 0.496465 
estimate 16.2198 13.8934 -4.66667 0.599743 
RMSE 0.07285 0.0983446 0.429668 0.503633 
Radar 21.3179 0.701197 -3.06948 11477010466700000 
ground_truth 15.9623 13.9292 -4.81085 0.456895 
estimate 16.0334 13.885 -4.54578 0.494368 
RMSE 0.0728465 0.0982622 0.429389 0.503106 
Lidar 16.1305 13.8507 0 11477010466750000 
ground_truth 15.7217 13.9511 -4.8116 0.418941 
estimate 15.8143 13.8859 -4.53715 0.416809 
RMSE 0.0728936 0.0982044 0.429122 0.502579 
Radar 20.9293 0.683855 -3.16826 11477010466800000 
ground_truth 15.481 13.9712 -4.81203 0.382607 
estimate 15.549 13.9412 -4.63813 0.509744 
RMSE 0.0728836 0.0981112 0.428747 0.502086 
Lidar 15.4765 13.9799 0 11477010466850000 
ground_truth 15.2404 13.9895 -4.81218 0.347902 
estimate 15.3164 13.9584 -4.74892 0.384416 
RMSE 0.0728903 0.0980191 0.428309 0.501565 
Radar 21.1063 0.735986 -3.46971 11477010466900000 
ground_truth 14.9997 14.006 -4.81208 0.314829 
estimate 15.1024 13.9954 -4.7062 0.416224 
RMSE 0.0729652 0.0979181 0.42789 0.501063 
Lidar 15.2167 14.0962 0 11477010466950000 
ground_truth 14.7591 14.021 -4.81178 0.283394 
estimate 14.8972 13.9824 -4.73445 0.218115 
RMSE 0.0731608 0.0978322 0.427459 0.500551 
Radar 20.9202 0.689065 -3.52552 11477010467000000 
ground_truth 14.5184 14.0344 -4.8113 0.2536 
estimate 14.5971 14.0156 -4.88605 0.291889 
RMSE 0.0731727 0.0977344 0.427029 0.500035 
Lidar 14.4216 13.9722 0 11477010467050000 
ground_truth 14.2778 14.0464 -4.81067 0.22545 
estimate 14.3374 14.0168 -4.9464 0.234355 
RMSE 0.0731473 0.0976424 0.426632 0.499517 
Radar 19.7591 0.77738 -3.42502 11477010467100000 
ground_truth 14.0373 14.057 -4.80993 0.198947 
estimate 14.0053 14.0679 -5.15551 0.353745 
RMSE 0.0730861 0.0975428 0.42648 0.49905 
Lidar 13.7936 14.0438 0 11477010467150000 
ground_truth 13.7967 14.0663 -4.8091 0.174094 
estimate 13.7135 14.0844 -5.17644 0.423454 
RMSE 0.0731084 0.0974456 0.426367 0.498664 
Radar 18.8493 0.830603 -3.17434 11477010467200000 
ground_truth 13.5563 14.0745 -4.80821 0.150893 
estimate 13.4833 14.0837 -5.10081 0.3645 
RMSE 0.0731082 0.0973462 0.426135 0.498245 
Lidar 13.5367 14.0609 0 11477010467250000 
ground_truth 13.3158 14.0815 -4.80729 0.129345 
estimate 13.2272 14.092 -5.07542 0.367996 
RMSE 0.0731434 0.0972474 0.42587 0.497851 
Radar 19.0412 0.806608 -3.15072 11477010467300000 
ground_truth 13.0755 14.0874 -4.80635 0.109452 
estimate 13.0356 14.0485 -4.90242 0.209223 
RMSE 0.0730907 0.0971637 0.425456 0.497361 
Lidar 13.1207 13.9437 0 11477010467350000 
ground_truth 12.8351 14.0925 -4.80542 0.0912136 
estimate 12.7993 14.04 -4.85073 0.188213 
RMSE 0.0730338 0.0970934 0.425025 0.496871 
Radar 18.7125 0.801871 -3.07594 11477010467400000 
ground_truth 12.5949 14.0966 -4.80452 0.074632 
estimate 12.5958 14.0121 -4.74247 0.0926139 
RMSE 0.0729593 0.0970693 0.424601 0.496365 
Lidar 12.65 13.9493 0 11477010467450000 
ground_truth 12.3546 14.1 -4.80366 0.0597074 
estimate 12.3741 14.0231 -4.67298 0.144016 
RMSE 0.0728903 0.0970324 0.424209 0.495874 
Radar 18.8395 0.835411 -2.91284 11477010467500000 
ground_truth 12.1144 14.1026 -4.80286 0.0464402 
estimate 12.1692 14.072 -4.62786 0.224464 
RMSE 0.072858 0.0969436 0.423851 0.495435 
Lidar 12.3331 14.277 0 11477010467550000 
ground_truth 11.8743 14.1046 -4.80214 0.0348309 
estimate 11.9233 14.1019 -4.67368 0.267909 
RMSE 0.0728176 0.0968453 0.423461 0.495043 
Radar 18.5882 0.902056 -2.82279 11477010467600000 
ground_truth 11.6342 14.1061 -4.80151 0.0248797 
estimate 11.6575 14.0816 -4.73116 0.206442 
RMSE 0.0727514 0.0967535 0.423044 0.494609 
Lidar 11.5002 13.8978 0 11477010467650000 
ground_truth 11.3941 14.1072 -4.80098 0.0165867 
estimate 11.4246 14.1247 -4.71236 0.31103 
RMSE 0.0726909 0.0966589 0.422635 0.494287 
Radar 18.6302 0.914202 -2.67944 11477010467700000 
ground_truth 11.1541 14.1078 -4.80056 0.00995216 
estimate 11.1315 14.1753 -4.86447 0.406382 
RMSE 0.0726246 0.096609 0.422219 0.494109 
Lidar 11.0254 14.2062 0 11477010467750000 
ground_truth 10.914 14.1082 -4.80025 0.00497615 
estimate 10.8881 14.1617 -4.98471 0.147729 
RMSE 0.0725608 0.0965417 0.421875 0.493653 
Radar 18.0394 0.897837 -3.23191 11477010467800000 
ground_truth 10.674 14.1084 -4.80006 0.00165874 
estimate 10.5981 14.1613 -5.07743 0.145121 
RMSE 0.0725678 0.0964738 0.421634 0.493199 
Lidar 10.468 14.0591 0 11477010467850000 
