Listening to port 4567
Connected!!!
EKF: 
ground_truth 0.6 0.6 5.19994 0 
estimate 0.312243 0.58034 1 1 
RMSE 0.287757 0.0196602 4.19994 1 
Lidar 0.312243 0.58034 0 1477010443000000 
ground_truth 0.859997 0.600045 5.19975 0.00179686 
estimate 0.812616 0.692064 7.1225 1.33983 
RMSE 0.206215 0.0665356 3.26623 1.18117 
Radar 1.01489 0.554329 4.89281 1477010443050000 
ground_truth 1.11998 0.600225 5.19943 0.00538996 
estimate 1.19545 0.527402 9.51619 -0.0500679 
RMSE 0.17392 0.0686951 3.65016 0.964953 
Lidar 1.17385 0.481073 0 1477010443100000 
ground_truth 1.37996 0.600629 5.19898 0.0107781 
estimate 1.08199 0.561542 4.61491 2.33743 
RMSE 0.211853 0.0626195 3.17459 1.43237 
Radar 1.04751 0.38924 4.51132 1477010443150000 
ground_truth 1.6399 0.601347 5.19839 0.0179597 
estimate 1.4013 0.687338 4.93194 1.97889 
RMSE 0.217467 0.06794 2.84194 1.55254 
Lidar 1.65063 0.62469 0 1477010443200000 
ground_truth 1.89982 0.60247 5.19766 0.0269323 
estimate 1.74827 0.643322 5.32308 1.01935 
RMSE 0.207937 0.0642237 2.59483 1.47404 
Radar 1.6983 0.29828 5.20999 1477010443250000 
ground_truth 2.1597 0.604086 5.19678 0.0376932 
estimate 2.05502 0.690829 5.42703 0.898712 
RMSE 0.196536 0.0678997 2.40392 1.40296 
Lidar 2.18882 0.648739 0 1477010443300000 
ground_truth 2.41954 0.606284 5.19573 0.0502389 
estimate 2.29551 0.695441 5.24488 0.72282 
RMSE 0.189 0.0709062 2.24873 1.33372 
Radar 2.04438 0.276002 5.04387 1477010443350000 
ground_truth 2.67932 0.609155 5.1945 0.0645654 
estimate 2.57897 0.721635 5.29042 0.648682 
RMSE 0.181304 0.0766474 2.12036 1.27243 
Lidar 2.65526 0.66598 0 1477010443400000 
ground_truth 2.93904 0.612786 5.19309 0.080668 
estimate 2.86044 0.708274 5.29924 0.435313 
RMSE 0.173786 0.0787346 2.01183 1.21233 
Radar 2.99092 0.217668 5.19181 1477010443450000 
ground_truth 3.19869 0.617267 5.19147 0.0985415 
estimate 3.10485 0.716569 5.26608 0.403169 
RMSE 0.168097 0.080821 1.91834 1.15956 
Lidar 3.01222 0.637046 0 1477010443500000 
ground_truth 3.45825 0.622685 5.18963 0.11818 
estimate 3.40045 0.64531 5.30962 0.0297679 
RMSE 0.161804 0.0776553 1.837 1.11048 
Radar 3.59388 0.135452 5.16175 1477010443550000 
ground_truth 3.71772 0.62913 5.18754 0.139576 
estimate 3.71293 0.57998 5.40425 -0.243591 
RMSE 0.155462 0.075844 1.76595 1.0722 
Lidar 3.89365 0.311793 0 1477010443600000 
ground_truth 3.97708 0.636689 5.18519 0.162724 
estimate 3.99465 0.596332 5.46327 -0.140556 
RMSE 0.14988 0.0738767 1.70334 1.03637 
Radar 4.25555 0.16484 5.43333 1477010443650000 
ground_truth 4.23632 0.645449 5.18256 0.187614 
estimate 4.27522 0.58638 5.47624 -0.153653 
RMSE 0.145146 0.072983 1.64732 1.0051 
Lidar 4.30935 0.578564 0 1477010443700000 
ground_truth 4.49542 0.655498 5.17962 0.214238 
estimate 4.53231 0.604402 5.33071 -0.07543 
RMSE 0.140839 0.0718108 1.59546 0.975874 
Radar 4.67026 0.14818 5.12085 1477010443750000 
ground_truth 4.75437 0.666921 5.17634 0.242587 
estimate 4.71896 0.677879 5.18637 0.20491 
RMSE 0.136903 0.0697174 1.54783 0.946781 
Lidar 4.35143 0.899174 0 1477010443800000 
ground_truth 5.01315 0.679804 5.1727 0.272649 
estimate 4.971 0.674071 5.03923 0.142407 
RMSE 0.133417 0.0677666 1.50455 0.920618 
Radar 5.25142 0.127163 4.82591 1477010443850000 
ground_truth 5.27175 0.694234 5.16867 0.304413 
estimate 5.27278 0.668713 5.12843 0.091144 
RMSE 0.129859 0.0662185 1.46445 0.897398 
Lidar 5.51894 0.648233 0 1477010443900000 
ground_truth 5.53013 0.710295 5.16422 0.337868 
estimate 5.53432 0.673927 5.26749 0.106915 
RMSE 0.126574 0.0650521 1.42755 0.876199 
Radar 5.26729 0.121683 5.42351 1477010443950000 
ground_truth 5.78828 0.728072 5.15932 0.372999 
estimate 5.83433 0.684288 5.33211 0.115745 
RMSE 0.123932 0.0641993 1.39366 0.856923 
Lidar 6.022 0.708619 0 1477010444000000 
ground_truth 6.04618 0.747647 5.15393 0.409793 
estimate 6.0741 0.626742 5.12797 -0.0939577 
RMSE 0.121229 0.0678134 1.36163 0.844082 
Radar 5.90575 0.0633 4.87968 1477010444050000 
ground_truth 6.30379 0.769103 5.14803 0.448233 
estimate 6.3279 0.716893 5.11309 0.197101 
RMSE 0.11867 0.0672104 1.33172 0.827187 
Lidar 6.34249 0.948833 0 1477010444100000 
ground_truth 6.5611 0.792523 5.14157 0.488305 
estimate 6.57819 0.745567 5.06319 0.25129 
RMSE 0.116224 0.0664898 1.30378 0.811215 
Radar 6.67392 0.125614 5.00687 1477010444150000 
ground_truth 6.81808 0.817988 5.13452 0.52999 
estimate 6.82395 0.745461 5.05123 0.214377 
RMSE 0.113882 0.0667417 1.27755 0.797328 
Lidar 6.78214 0.714036 0 1477010444200000 
ground_truth 7.07469 0.845578 5.12685 0.573269 
estimate 7.06524 0.731068 4.87723 0.12458 
RMSE 0.111686 0.0691915 1.25369 0.78678 
Radar 7.31844 0.0862923 4.64911 1477010444250000 
ground_truth 7.3309 0.875373 5.11851 0.618123 
estimate 7.27769 0.809163 4.81298 0.341467 
RMSE 0.110075 0.0690833 1.23166 0.773906 
Lidar 7.13735 0.957217 0 1477010444300000 
ground_truth 7.58668 0.907449 5.10946 0.664531 
estimate 7.57802 0.823003 5.15841 0.349093 
RMSE 0.108104 0.0696904 1.2095 0.762295 
Radar 8.12494 0.101047 5.46424 1477010444350000 
ground_truth 7.84199 0.941886 5.09966 0.712469 
estimate 7.83295 0.801687 5.15729 0.236493 
RMSE 0.106237 0.0732602 1.18851 0.754234 
Lidar 7.80533 0.719126 0 1477010444400000 
ground_truth 8.0968 0.978759 5.08907 0.761915 
estimate 8.08078 0.818617 4.97725 0.236904 
RMSE 0.104493 0.0777367 1.16872 0.747726 
Radar 8.45095 0.104862 4.75054 1477010444450000 
ground_truth 8.35106 1.01814 5.07766 0.812843 
estimate 8.31617 0.835122 4.95239 0.252063 
RMSE 0.102984 0.0832381 1.14993 0.742431 
Lidar 8.24796 0.840322 0 1477010444500000 
ground_truth 8.60472 1.06011 5.06537 0.865226 
estimate 8.59021 0.925229 5.23481 0.497068 
RMSE 0.101395 0.0853264 1.13222 0.733631 
Radar 8.57549 0.165312 5.5806 1477010444550000 
ground_truth 8.85775 1.10473 5.05216 0.919037 
estimate 8.83302 0.985372 5.19724 0.600143 
RMSE 0.0999396 0.0865545 1.11522 0.724559 
Lidar 8.74615 1.04858 0 1477010444600000 
ground_truth 9.1101 1.15208 5.03798 0.974245 
estimate 9.12543 1.02376 5.24453 0.618866 
RMSE 0.098494 0.0880662 1.09926 0.716422 
Radar 9.94666 0.115056 5.2408 1477010444650000 
ground_truth 9.36172 1.20223 5.0228 1.03082 
estimate 9.36625 1.05527 5.20562 0.623164 
RMSE 0.0970798 0.0902834 1.08389 0.709467 
Lidar 9.25579 1.04913 0 1477010444700000 
ground_truth 9.61255 1.25524 5.00656 1.08873 
estimate 9.64759 1.12917 5.2557 0.744112 
RMSE 0.0958999 0.0914667 1.06953 0.701898 
Radar 10.216 0.14981 5.31165 1477010444750000 
ground_truth 9.86254 1.31118 4.98922 1.14794 
estimate 9.92719 1.26193 5.27517 1.01024 
RMSE 0.0951902 0.0905848 1.05603 0.692718 
Lidar 10.0484 1.44598 0 1477010444800000 
ground_truth 10.1117 1.37011 4.97074 1.20841 
estimate 10.1725 1.34401 5.01763 1.0725 
RMSE 0.0944474 0.0894852 1.04207 0.683898 
Radar 10.6781 0.162309 4.80661 1477010444850000 
ground_truth 10.3598 1.4321 4.95106 1.2701 
estimate 10.3934 1.4236 4.95948 1.14887 
RMSE 0.0933843 0.088341 1.02862 0.675352 
Lidar 10.2492 1.45907 0 1477010444900000 
ground_truth 10.6069 1.49721 4.93014 1.33298 
estimate 10.6234 1.49391 4.72563 1.15864 
RMSE 0.0922465 0.0872313 1.0162 0.667426 
Radar 11.0406 0.154906 4.56401 1477010444950000 
ground_truth 10.853 1.56549 4.90794 1.39701 
estimate 10.8412 1.51946 4.69672 1.07182 
RMSE 0.0911333 0.0864603 1.00427 0.66119 
Lidar 10.7313 1.45265 0 1477010445000000 
ground_truth 11.0979 1.637 4.8844 1.46213 
estimate 11.1126 1.56188 4.88898 1.05345 
RMSE 0.0900703 0.0862075 0.992244 0.656308 
Radar 11.5668 0.123838 5.14205 1477010445050000 
ground_truth 11.3416 1.71179 4.85948 1.52832 
estimate 11.395 1.60806 4.95926 1.03016 
RMSE 0.089388 0.0866552 0.980756 0.653065 
Lidar 11.587 1.61462 0 1477010445100000 
ground_truth 11.584 1.78992 4.83313 1.59551 
estimate 11.6264 1.64914 4.8631 0.993623 
RMSE 0.0885972 0.0882549 0.969558 0.651946 
Radar 11.5791 0.133321 4.86948 1477010445150000 
ground_truth 11.8251 1.87144 4.80531 1.66366 
estimate 11.8532 1.71879 4.83021 1.05058 
RMSE 0.0877069 0.0901868 0.958732 0.651108 
Lidar 11.7788 1.74591 0 1477010445200000 
ground_truth 12.0647 1.95639 4.77598 1.73273 
estimate 12.1138 1.80253 4.99067 1.15396 
RMSE 0.0870498 0.0920407 0.948782 0.649621 
Radar 12.3248 0.175289 5.27755 1477010445250000 
ground_truth 12.3029 2.04482 4.74508 1.80265 
estimate 12.359 1.83315 4.98666 1.08064 
RMSE 0.0865066 0.0961485 0.939295 0.651245 
Lidar 12.3226 1.78353 0 1477010445300000 
ground_truth 12.5394 2.13677 4.71257 1.87338 
estimate 12.6186 1.88187 5.09359 1.07794 
RMSE 0.0863602 0.102007 0.931085 0.654573 
Radar 12.6709 0.140728 5.31674 1477010445350000 
ground_truth 12.7743 2.23227 4.67842 1.94485 
estimate 12.819 2.03379 4.98015 1.35174 
RMSE 0.0857128 0.104867 0.922543 0.653376 
Lidar 12.5924 2.17509 0 1477010445400000 
ground_truth 13.0075 2.33137 4.64258 2.01701 
estimate 13.09 2.14094 5.129 1.47651 
RMSE 0.0856498 0.107249 0.915858 0.651311 
Radar 13.4856 0.198883 5.44642 1477010445450000 
ground_truth 13.2388 2.43409 4.605 2.08981 
estimate 13.2968 2.29544 5.02541 1.70192 
RMSE 0.0851945 0.107953 0.908743 0.647177 
Lidar 13.0875 2.40708 0 1477010445500000 
ground_truth 13.4682 2.54047 4.56565 2.16317 
estimate 13.4718 2.42145 4.61146 1.77696 
RMSE 0.0843728 0.108176 0.899985 0.643158 
Radar 13.0871 0.241065 4.51275 1477010445550000 
ground_truth 13.6955 2.65053 4.52448 2.23703 
estimate 13.7205 2.54838 4.63797 1.87679 
RMSE 0.0836435 0.108065 0.891591 0.63898 
Lidar 13.836 2.62479 0 1477010445600000 
ground_truth 13.9208 2.7643 4.48147 2.31134 
estimate 13.9416 2.6467 4.58109 1.88366 
RMSE 0.082914 0.108249 0.883401 0.635706 
Radar 14.0988 0.19551 4.80612 1477010445650000 
ground_truth 14.1439 2.88179 4.43656 2.38601 
estimate 14.1694 2.81494 4.56425 2.08253 
RMSE 0.0822291 0.107639 0.875502 0.631228 
Lidar 14.2106 2.94205 0 1477010445700000 
ground_truth 14.3646 3.00303 4.38974 2.46099 
estimate 14.423 2.9216 4.73882 2.11214 
RMSE 0.0818644 0.107227 0.868903 0.627301 
Radar 14.8371 0.194676 5.23337 1477010445750000 
ground_truth 14.583 3.12802 4.34097 2.5362 
estimate 14.6315 2.9906 4.69392 2.01932 
RMSE 0.0813966 0.10783 0.862515 0.625532 
Lidar 14.4616 2.90734 0 1477010445800000 
ground_truth 14.7989 3.25679 4.29021 2.61157 
estimate 14.8655 3.13918 4.73835 2.16042 
RMSE 0.0811648 0.108006 0.85707 0.622939 
Radar 15.2004 0.263587 5.15707 1477010445850000 
ground_truth 15.0122 3.38932 4.23744 2.68703 
estimate 15.0776 3.34856 4.67116 2.43494 
RMSE 0.0809238 0.107218 0.851649 0.618509 
Lidar 15.0261 3.5067 0 1477010445900000 
ground_truth 15.2228 3.52563 4.18263 2.76249 
estimate 15.2903 3.49531 4.46154 2.46697 
RMSE 0.080718 0.106393 0.84529 0.614518 
Radar 15.9183 0.263598 4.66589 1477010445950000 
ground_truth 15.4306 3.66572 4.12575 2.83789 
estimate 15.5049 3.69766 4.42784 2.67819 
RMSE 0.080616 0.105596 0.839224 0.609803 
Lidar 15.5236 3.82936 0 1477010446000000 
ground_truth 15.6355 3.80957 4.06678 2.91315 
estimate 15.7189 3.80917 4.36547 2.60564 
RMSE 0.0806605 0.104741 0.833293 0.606125 
Radar 16.089 0.213597 4.78562 1477010446050000 
ground_truth 15.8375 3.95719 4.00571 2.98817 
estimate 15.9409 3.96053 4.36737 2.66057 
RMSE 0.0810729 0.103908 0.827908 0.60271 
Lidar 15.9774 4.00094 0 1477010446100000 
ground_truth 16.0363 4.10854 3.94251 3.0629 
estimate 16.1413 4.09002 4.15295 2.6068 
RMSE 0.0815009 0.103119 0.821835 0.600694 
Radar 16.8729 0.252565 4.40994 1477010446150000 
ground_truth 16.2319 4.26363 3.87716 3.13723 
estimate 16.3335 4.30596 4.10264 2.83539 
RMSE 0.081847 0.102457 0.815968 0.59723 
Lidar 16.3313 4.44499 0 1477010446200000 
ground_truth 16.4242 4.42242 3.80966 3.21109 
estimate 16.549 4.44971 4.12794 2.84017 
RMSE 0.0826666 0.101733 0.81071 0.594445 
Radar 17.3477 0.261345 4.72541 1477010446250000 
ground_truth 16.613 4.5849 3.74 3.28438 
estimate 16.7239 4.63128 4.05857 2.95055 
RMSE 0.0831584 0.10113 0.805578 0.5914 
Lidar 16.6039 4.67344 0 1477010446300000 
ground_truth 16.7983 4.75103 3.66817 3.35704 
estimate 16.8852 4.77534 3.68424 2.86305 
RMSE 0.0832141 0.100427 0.799635 0.590084 
Radar 17.6757 0.292764 3.91006 1477010446350000 
ground_truth 16.9799 4.92077 3.59416 3.42897 
estimate 17.0383 5.03284 3.59491 3.16885 
RMSE 0.0829069 0.100606 0.79382 0.586629 
Lidar 16.9955 5.21099 0 1477010446400000 
ground_truth 17.1579 5.09409 3.51797 3.50008 
estimate 17.2166 5.16762 3.55428 3.09241 
RMSE 0.0826113 0.10027 0.788141 0.584458 
Radar 17.9537 0.261769 4.23232 1477010446450000 
ground_truth 17.3319 5.27094 3.4396 3.57028 
estimate 17.3681 5.37136 3.49073 3.22618 
RMSE 0.0821398 0.100272 0.782595 0.581763 
Lidar 17.2894 5.43542 0 1477010446500000 
ground_truth 17.5019 5.45128 3.35907 3.63949 
estimate 17.5342 5.49819 3.40001 3.10924 
RMSE 0.0816559 0.0997269 0.777156 0.581078 
Radar 18.2733 0.262734 4.05972 1477010446550000 
ground_truth 17.6679 5.63506 3.27637 3.70762 
estimate 17.721 5.63739 3.43654 3.06318 
RMSE 0.081332 0.0990419 0.772042 0.581993 
Lidar 17.7853 5.62476 0 1477010446600000 
ground_truth 17.8297 5.82221 3.19151 3.77458 
estimate 17.8763 5.79303 3.2741 3.02999 
RMSE 0.0809624 0.0984289 0.766868 0.584492 
Radar 18.9222 0.326645 3.86213 1477010446650000 
ground_truth 17.9872 6.01269 3.10453 3.84027 
estimate 18.0402 6.02235 3.25112 3.23162 
RMSE 0.0806535 0.0977769 0.761927 0.58482 
Lidar 18.1263 6.16985 0 1477010446700000 
ground_truth 18.1402 6.20641 3.01542 3.90462 
estimate 18.1993 6.2038 3.22177 3.27875 
RMSE 0.0804072 0.0971319 0.757267 0.585379 
Radar 19.3547 0.35846 4.07937 1477010446750000 
ground_truth 18.2888 6.40332 2.92421 3.96753 
estimate 18.3123 6.48712 3.09375 3.59856 
RMSE 0.0799283 0.0969705 0.752582 0.583084 
Lidar 18.2164 6.66138 0 1477010446800000 
ground_truth 18.4328 6.60333 2.83093 4.0289 
estimate 18.4527 6.67218 2.97101 3.58049 
RMSE 0.0794465 0.0966617 0.74791 0.581555 
Radar 19.6966 0.364545 3.87628 1477010446850000 
ground_truth 18.572 6.80638 2.7356 4.08867 
estimate 18.597 6.82205 2.97231 3.5067 
RMSE 0.0789922 0.0960642 0.743639 0.58156 
Lidar 18.5422 6.76013 0 1477010446900000 
ground_truth 18.7064 7.01237 2.63825 4.14672 
estimate 18.7541 7.0081 3.0187 3.54534 
RMSE 0.0786776 0.0954631 0.740199 0.581812 
Radar 20.1556 0.367622 4.11203 1477010446950000 
ground_truth 18.8359 7.22122 2.53893 4.20299 
estimate 18.9508 7.16595 3.11286 3.48382 
RMSE 0.0792252 0.0950705 0.738375 0.583705 
Lidar 19.1441 7.18344 0 1477010447000000 
ground_truth 18.9604 7.43283 2.43767 4.25737 
estimate 19.0517 7.32431 2.78808 3.36875 
RMSE 0.0793836 0.095246 0.734878 0.588376 
Radar 19.9701 0.379671 3.50583 1477010447050000 
ground_truth 19.0798 7.64712 2.3345 4.3098 
estimate 19.1267 7.64476 2.61353 3.77401 
RMSE 0.0790717 0.0946708 0.73108 0.58777 
Lidar 19.0138 7.8688 0 1477010447100000 
ground_truth 19.1939 7.86397 2.22949 4.36017 
estimate 19.256 7.82717 2.59334 3.7498 
RMSE 0.0788908 0.0941912 0.727799 0.588044 
Radar 20.7779 0.37828 3.78648 1477010447150000 
ground_truth 19.3028 8.08329 2.12266 4.40842 
estimate 19.3266 8.07721 2.45746 3.92478 
RMSE 0.0784681 0.0936379 0.724416 0.586924 
Lidar 19.132 8.12845 0 1477010447200000 
ground_truth 19.4062 8.30497 2.01409 4.45445 
estimate 19.4313 8.26782 2.42319 3.91533 
RMSE 0.0780574 0.093178 0.721542 0.58639 
Radar 20.7048 0.405728 3.77514 1477010447250000 
ground_truth 19.5042 8.5289 1.90381 4.49819 
estimate 19.5252 8.42481 2.38419 3.82498 
RMSE 0.0776401 0.0933106 0.719229 0.587461 
Lidar 19.347 8.30741 0 1477010447300000 
ground_truth 19.5966 8.75494 1.7919 4.53956 
estimate 19.6283 8.59919 2.2416 3.73347 
RMSE 0.0772715 0.0942529 0.716736 0.5904 
Radar 21.3856 0.401578 3.38244 1477010447350000 
ground_truth 19.6835 8.983 1.67841 4.57848 
estimate 19.784 8.80018 2.32141 3.75705 
RMSE 0.0775715 0.0957044 0.71595 0.593496 
Lidar 20.0039 8.8906 0 1477010447400000 
ground_truth 19.7645 9.21294 1.56341 4.61488 
estimate 19.8703 8.98881 2.10995 3.69708 
RMSE 0.0779404 0.0980598 0.714288 0.598066 
Radar 21.7806 0.450652 3.22397 1477010447450000 
ground_truth 19.8398 9.44463 1.44697 4.64869 
estimate 19.9867 9.25945 2.09964 3.90958 
RMSE 0.0790255 0.0994328 0.71364 0.599797 
Lidar 20.1574 9.45949 0 1477010447500000 
ground_truth 19.9093 9.67795 1.32916 4.67984 
estimate 20.0468 9.44354 1.81269 3.7961 
RMSE 0.079893 0.101866 0.711539 0.603601 
Radar 21.9129 0.461931 2.96707 1477010447550000 
ground_truth 19.9728 9.91275 1.21005 4.70826 
estimate 20.116 9.72942 1.73406 4.04299 
RMSE 0.0808378 0.103085 0.709786 0.604298 
Lidar 20.1573 9.90876 0 1477010447600000 
ground_truth 20.0303 10.1489 1.08972 4.73389 
estimate 20.1788 9.97366 1.68203 4.16329 
RMSE 0.0818527 0.104116 0.708639 0.603949 
Radar 22.3983 0.541745 3.37282 1477010447650000 
ground_truth 20.0818 10.3863 0.968259 4.75666 
estimate 20.2153 10.2923 1.54494 4.45276 
RMSE 0.0825663 0.104014 0.707378 0.601571 
Lidar 20.166 10.4687 0 1477010447700000 
ground_truth 20.1271 10.6247 0.845742 4.77652 
estimate 20.2423 10.4975 1.23881 4.31152 
RMSE 0.0829716 0.104282 0.704826 0.600308 
Radar 22.4479 0.502078 2.77693 1477010447750000 
ground_truth 20.1663 10.864 0.722256 4.7934 
estimate 20.2892 10.8105 1.16947 4.55694 
RMSE 0.0834799 0.103885 0.702653 0.597688 
Lidar 20.371 11.0109 0 1477010447800000 
ground_truth 20.1993 11.1041 0.597892 4.80727 
estimate 20.3167 11.0629 1.0362 4.59459 
RMSE 0.0838952 0.103438 0.700459 0.595019 
Radar 23.0204 0.565755 3.01803 1477010447850000 
ground_truth 20.2261 11.3449 0.472738 4.81807 
estimate 20.3517 11.3171 0.992013 4.66018 
RMSE 0.0844186 0.102952 0.698864 0.592219 
Lidar 20.3164 11.3483 0 1477010447900000 
ground_truth 20.2466 11.5861 0.346889 4.82575 
estimate 20.3157 11.524 0.482818 4.42145 
RMSE 0.0842791 0.102624 0.695494 0.590636 
Radar 22.776 0.567455 2.08835 1477010447950000 
ground_truth 20.2608 11.8275 0.220439 4.83027 
estimate 20.3799 11.784 0.547429 4.50323 
RMSE 0.0846941 0.102206 0.692807 0.588605 
Lidar 20.6141 11.9422 0 1477010448000000 
ground_truth 20.2687 12.0692 0.093487 4.83159 
estimate 20.402 12.0137 0.624311 4.571 
RMSE 0.085306 0.101852 0.691403 0.58628 
Radar 23.2786 0.540021 3.0094 1477010448050000 
ground_truth 20.2701 12.3108 -0.0338694 4.82968 
estimate 20.3823 12.3395 0.478591 4.82405 
RMSE 0.0856077 0.101396 0.689889 0.583428 
Lidar 20.3263 12.4966 0 1477010448100000 
ground_truth 20.2652 12.5522 -0.161529 4.82451 
estimate 20.3498 12.5387 0.0702285 4.54224 
RMSE 0.0855974 0.100916 0.68694 0.581275 
Radar 23.5919 0.557529 1.9646 1477010448150000 
ground_truth 20.254 12.7933 -0.28939 4.81605 
estimate 20.3727 12.7924 0.0983807 4.59976 
RMSE 0.0859734 0.100434 0.684707 0.578886 
Lidar 20.498 12.8924 0 1477010448200000 
ground_truth 20.2363 13.0339 -0.417348 4.80428 
estimate 20.3738 12.9917 -0.0236086 4.44145 
RMSE 0.0866031 0.100043 0.682542 0.577225 
Radar 24.2413 0.530035 2.16265 1477010448250000 
ground_truth 20.2122 13.2738 -0.545298 4.78918 
estimate 20.3361 13.2185 -0.101235 4.46544 
RMSE 0.0870251 0.0997178 0.6807 0.575373 
Lidar 20.1943 13.1688 0 1477010448300000 
ground_truth 20.1818 13.5129 -0.673135 4.77072 
estimate 20.3049 13.4311 -0.222161 4.40031 
RMSE 0.0874279 0.0995661 0.67893 0.573812 
Radar 24.0255 0.59787 2.13842 1477010448350000 
ground_truth 20.1449 13.7509 -0.800753 4.74892 
estimate 20.2744 13.7255 -0.295944 4.58466 
RMSE 0.0879058 0.0991382 0.677536 0.57139 
Lidar 20.3245 13.8896 0 1477010448400000 
ground_truth 20.1017 13.9878 -0.928043 4.72374 
estimate 20.2336 13.9202 -0.522724 4.37683 
RMSE 0.0884046 0.0988965 0.675555 0.569748 
Radar 24.4284 0.587035 1.74881 1477010448450000 
ground_truth 20.0521 14.2233 -1.0549 4.69521 
estimate 20.1644 14.2126 -0.64647 4.56644 
RMSE 0.0886484 0.0984552 0.673622 0.567307 
Lidar 20.1216 14.337 0 1477010448500000 
ground_truth 19.9962 14.4573 -1.18121 4.66331 
estimate 20.0995 14.4195 -0.825028 4.43828 
RMSE 0.0887906 0.0980797 0.671452 0.565169 
Radar 24.3813 0.632018 1.7308 1477010448550000 
ground_truth 19.934 14.6897 -1.30687 4.62805 
estimate 19.9753 14.7151 -1.03407 4.64124 
RMSE 0.0884823 0.0976741 0.668967 0.562664 
Lidar 19.781 14.773 0 1477010448600000 
ground_truth 19.8655 14.9202 -1.43177 4.58944 
estimate 19.9121 14.9131 -1.11073 4.51119 
RMSE 0.0882014 0.0972471 0.666705 0.560239 
Radar 24.5168 0.60859 1.71283 1477010448650000 
ground_truth 19.7908 15.1486 -1.55581 4.54751 
estimate 19.8898 15.1404 -1.04088 4.50354 
RMSE 0.0883013 0.0968264 0.665534 0.557813 
Lidar 20.0208 15.2053 0 1477010448700000 
ground_truth 19.7099 15.3749 -1.67887 4.50226 
estimate 19.7869 15.3071 -1.56158 4.03273 
RMSE 0.0882102 0.0966137 0.662749 0.557111 
Radar 25.2206 0.654048 0.480334 1477010448750000 
ground_truth 19.6229 15.5989 -1.80085 4.45372 
estimate 19.7554 15.4988 -1.45735 3.99284 
RMSE 0.0886827 0.0966441 0.660674 0.55636 
Lidar 19.9131 15.554 0 1477010448800000 
ground_truth 19.5298 15.8203 -1.92164 4.40193 
estimate 19.6769 15.6753 -1.51809 3.89139 
RMSE 0.0893386 0.097155 0.658917 0.555987 
Radar 25.0031 0.647734 1.13996 1477010448850000 
ground_truth 19.4307 16.039 -2.04114 4.3469 
estimate 19.5519 15.9276 -1.6509 4.04278 
RMSE 0.0896536 0.0972841 0.657117 0.554348 
Lidar 19.4748 16.0098 0 1477010448900000 
ground_truth 19.3257 16.2549 -2.15925 4.28868 
estimate 19.4541 16.1189 -1.70255 4.0032 
RMSE 0.0900456 0.0976703 0.6557 0.552648 
Radar 24.9602 0.695945 1.21175 1477010448950000 
ground_truth 19.2148 16.4679 -2.27586 4.22731 
estimate 19.3403 16.3204 -1.76513 4.0167 
RMSE 0.0903956 0.0981851 0.654633 0.550692 
Lidar 19.238 16.2719 0 1477010449000000 
ground_truth 19.0981 16.6777 -2.39087 4.16284 
estimate 19.2342 16.4925 -1.94929 3.81589 
RMSE 0.0908635 0.0992079 0.653169 0.549329 
Radar 25.3368 0.698647 0.722698 1477010449050000 
ground_truth 18.9757 16.8841 -2.50418 4.0953 
estimate 19.0825 16.7456 -2.0972 3.97799 
RMSE 0.0910043 0.0995903 0.651543 0.547194 
Lidar 19.0029 16.8387 0 1477010449100000 
ground_truth 18.8477 17.0872 -2.61571 4.02476 
estimate 18.9411 16.9146 -2.49392 3.61829 
RMSE 0.0910241 0.100391 0.649003 0.546204 
Radar 25.8559 0.754598 -0.0612346 1477010449150000 
ground_truth 18.7142 17.2866 -2.72534 3.95127 
estimate 18.7273 17.2041 -2.742 3.89703 
RMSE 0.0906669 0.10026 0.646403 0.544037 
Lidar 18.6148 17.3832 0 1477010449200000 
ground_truth 18.5752 17.4822 -2.83299 3.87489 
estimate 18.607 17.4091 -2.5967 4.02298 
RMSE 0.0903508 0.100074 0.644177 0.542034 
Radar 25.3807 0.735616 1.06382 1477010449250000 
ground_truth 18.4309 17.674 -2.93858 3.79568 
estimate 18.3807 17.6389 -2.82449 4.12262 
RMSE 0.0901047 0.0997276 0.641716 0.540675 
Lidar 18.1023 17.5529 0 1477010449300000 
ground_truth 18.2814 17.8617 -3.042 3.71372 
estimate 18.2306 17.8257 -2.88367 4.03279 
RMSE 0.0898643 0.0993883 0.639357 0.539297 
Radar 25.2941 0.763391 0.672333 1477010449350000 
ground_truth 18.1268 18.0453 -3.14318 3.62906 
estimate 18.1187 18.0178 -2.80667 3.99981 
RMSE 0.0895181 0.0990319 0.637563 0.538193 
Lidar 18.2094 18.0461 0 1477010449400000 
ground_truth 17.9671 18.2246 -3.24204 3.5418 
estimate 17.9495 18.1546 -3.09414 3.60283 
RMSE 0.0891865 0.0988412 0.635239 0.536146 
Radar 25.3208 0.762942 -0.0928738 1477010449450000 
ground_truth 17.8026 18.3994 -3.3385 3.45199 
estimate 17.8395 18.2895 -2.9714 3.48679 
RMSE 0.0889037 0.0989304 0.633622 0.534104 
Lidar 17.9018 18.2183 0 1477010449500000 
ground_truth 17.6334 18.5697 -3.43247 3.35973 
estimate 17.713 18.4525 -3.0034 3.35798 
RMSE 0.0888371 0.0990814 0.632321 0.532077 
Radar 26.1624 0.765956 0.152289 1477010449550000 
ground_truth 17.4595 18.7353 -3.5239 3.26509 
estimate 17.5009 18.6647 -3.16491 3.47785 
RMSE 0.0885755 0.0988979 0.630708 0.530394 
Lidar 17.3845 18.7039 0 1477010449600000 
ground_truth 17.281 18.8962 -3.61271 3.16817 
estimate 17.3278 18.7884 -3.34199 3.18342 
RMSE 0.0883366 0.0989667 0.628785 0.528413 
Radar 25.368 0.793358 -0.253429 1477010449650000 
ground_truth 17.0983 19.0521 -3.69883 3.06904 
estimate 17.1726 18.9293 -3.30586 3.13907 
RMSE 0.0882411 0.0991643 0.627364 0.526487 
Lidar 17.1762 18.8863 0 1477010449700000 
ground_truth 16.9113 19.203 -3.78221 2.9678 
estimate 17.0033 19.0909 -3.40074 3.05453 
RMSE 0.0882695 0.0992655 0.625909 0.5246 
Radar 26.0053 0.861368 -0.164065 1477010449750000 
ground_truth 16.7201 19.3488 -3.86278 2.86455 
estimate 16.7784 19.224 -3.51651 3.03143 
RMSE 0.0880876 0.0994756 0.624322 0.522877 
Lidar 16.5734 19.052 0 1477010449800000 
ground_truth 16.5251 19.4894 -3.9405 2.75938 
estimate 16.5839 19.3716 -3.69683 2.86265 
RMSE 0.0879103 0.0996203 0.622401 0.521053 
Radar 25.889 0.896317 -0.530322 1477010449850000 
ground_truth 16.3262 19.6246 -4.01531 2.65237 
estimate 16.3367 19.561 -3.86279 2.98451 
RMSE 0.087598 0.099408 0.620293 0.519939 
Lidar 16.2338 19.6171 0 1477010449900000 
ground_truth 16.1237 19.7545 -4.08716 2.54364 
estimate 16.1181 19.6309 -4.04662 2.61524 
RMSE 0.0872859 0.0996021 0.618083 0.518114 
Radar 24.5786 0.838291 -0.8677 1477010449950000 
ground_truth 15.9176 19.8789 -4.15602 2.43329 
estimate 15.9056 19.7884 -4.08321 2.67592 
RMSE 0.0869817 0.0995408 0.615918 0.516678 
Lidar 15.9243 19.8703 0 1477010450000000 
ground_truth 15.7082 19.9978 -4.22185 2.32141 
estimate 15.7096 19.9051 -4.05179 2.64074 
RMSE 0.086675 0.0994945 0.613912 0.515552 
Radar 25.1552 0.869372 -0.422421 1477010450050000 
ground_truth 15.4956 20.111 -4.28461 2.2081 
estimate 15.4669 20.0824 -4.16766 2.75065 
RMSE 0.0864048 0.0991748 0.611839 0.515746 
Lidar 15.4332 20.1836 0 1477010450100000 
ground_truth 15.2799 20.2185 -4.34427 2.09347 
estimate 15.2356 20.2271 -4.32841 2.63299 
RMSE 0.0861834 0.0988324 0.609713 0.515915 
Radar 25.7265 0.978244 -0.746329 1477010450150000 
ground_truth 15.0613 20.3203 -4.4008 1.97763 
estimate 15.068 20.3574 -4.21264 2.61351 
RMSE 0.0858875 0.0985392 0.607808 0.516837 
Lidar 15.2016 20.4385 0 1477010450200000 
ground_truth 14.84 20.4162 -4.4542 1.86068 
estimate 14.8319 20.434 -4.39411 2.29849 
RMSE 0.0855955 0.0982122 0.605743 0.516337 
Radar 24.8149 0.934393 -1.0454 1477010450250000 
ground_truth 14.6161 20.5063 -4.50443 1.74272 
estimate 14.6229 20.5572 -4.37261 2.31217 
RMSE 0.0853057 0.0979676 0.603777 0.516717 
Lidar 14.6665 20.6088 0 1477010450300000 
ground_truth 14.3897 20.5904 -4.55149 1.62386 
estimate 14.3759 20.6431 -4.57577 2.03817 
RMSE 0.0850247 0.0977321 0.601737 0.516093 
Radar 25.1535 0.988122 -1.29602 1477010450350000 
ground_truth 14.1611 20.6686 -4.59537 1.50421 
estimate 14.1331 20.7195 -4.59716 1.98985 
RMSE 0.0847698 0.0974929 0.599714 0.515895 
Lidar 14.0521 20.5924 0 1477010450400000 
ground_truth 13.9304 20.7408 -4.63606 1.38386 
estimate 13.8879 20.7883 -4.74527 1.73603 
RMSE 0.0845579 0.0972447 0.597778 0.514976 
Radar 25.0236 0.985547 -1.50011 1477010450450000 
ground_truth 13.6977 20.807 -4.67357 1.26294 
estimate 13.6069 20.8603 -4.84366 1.71965 
RMSE 0.0846008 0.0970194 0.595957 0.514611 
Lidar 13.4686 20.7253 0 1477010450500000 
ground_truth 13.4632 20.8671 -4.70789 1.14153 
estimate 13.3544 20.8876 -5.01125 1.32447 
RMSE 0.0847824 0.096714 0.594502 0.51313 
Radar 24.6656 0.975748 -2.00913 1477010450550000 
ground_truth 13.2271 20.9211 -4.73904 1.01975 
estimate 13.1184 20.9251 -4.96301 1.26137 
RMSE 0.0849605 0.096398 0.592833 0.511824 
Lidar 13.1072 20.8294 0 1477010450600000 
ground_truth 12.9895 20.969 -4.76702 0.897694 
estimate 12.8761 20.981 -5.01031 1.13469 
RMSE 0.0851761 0.0960894 0.59123 0.510517 
Radar 24.9733 1.01073 -1.83426 1477010450650000 
ground_truth 12.7506 21.0108 -4.79186 0.775469 
estimate 12.7073 21.0164 -4.80194 1.06655 
RMSE 0.0849723 0.0957799 0.58932 0.509404 
Lidar 12.8729 21.0592 0 1477010450700000 
ground_truth 12.5106 21.0465 -4.81358 0.653175 
estimate 12.4374 21.0573 -4.96717 0.880675 
RMSE 0.0849021 0.0954764 0.587557 0.508095 
Radar 24.5425 1.08233 -2.03069 1477010450750000 
ground_truth 12.2695 21.0761 -4.83219 0.530912 
estimate 12.194 21.1015 -4.95498 0.879411 
RMSE 0.0848454 0.0951934 0.585765 0.507237 
Lidar 12.2062 21.11 0 1477010450800000 
ground_truth 12.0276 21.0996 -4.84773 0.408778 
estimate 11.9471 21.1172 -5.04676 0.625967 
RMSE 0.0848186 0.094902 0.584123 0.505925 
Radar 24.4724 1.04012 -2.24199 1477010450850000 
ground_truth 11.785 21.117 -4.86022 0.286869 
estimate 11.7188 21.0886 -4.96158 0.498837 
RMSE 0.0847142 0.0946299 0.582339 0.504612 
Lidar 11.6814 20.8651 0 1477010450900000 
ground_truth 11.5418 21.1283 -4.86971 0.165281 
estimate 11.4596 21.0721 -5.05457 0.259209 
RMSE 0.0846986 0.0944382 0.5807 0.503087 
Radar 23.6708 1.0622 -2.41489 1477010450950000 
ground_truth 11.2982 21.1335 -4.87623 0.0441057 
estimate 11.2631 21.0662 -4.90757 0.205639 
RMSE 0.0844804 0.0942938 0.578899 0.501684 
Lidar 11.363 21.0688 0 1477010451000000 
ground_truth 11.0544 21.1327 -4.87982 -0.076565 
estimate 10.9915 21.0264 -5.03598 -0.0541046 
RMSE 0.084364 0.094373 0.57724 0.500136 
Radar 23.1085 1.09641 -2.60844 1477010451050000 
ground_truth 10.8105 21.1259 -4.88053 -0.196643 
estimate 10.8022 20.9889 -4.86637 -0.140381 
RMSE 0.0841074 0.094693 0.575468 0.498619 
Lidar 10.8903 20.927 0 1477010451100000 
ground_truth 10.5666 21.1131 -4.8784 -0.31604 
estimate 10.5283 20.9891 -4.94686 -0.117187 
RMSE 0.083904 0.0948988 0.573735 0.497339 
Radar 23.3261 1.16045 -2.31884 1477010451150000 
ground_truth 10.3229 21.0943 -4.87349 -0.434674 
estimate 10.227 21.0385 -5.10401 0.00646892 
RMSE 0.0839822 0.0947106 0.572276 0.497017 
Lidar 10.189 21.209 0 1477010451200000 
ground_truth 10.0795 21.0697 -4.86585 -0.552463 
estimate 9.96656 21.0198 -5.19367 -0.21526 
RMSE 0.0841866 0.094504 0.571116 0.496209 
Radar 23.5158 1.13252 -2.69781 1477010451250000 
ground_truth 9.83658 21.0391 -4.85554 -0.669327 
estimate 9.81359 20.9768 -4.91308 -0.30563 
RMSE 0.0839531 0.0943439 0.569421 0.495521 
Lidar 9.99634 20.9797 0 1477010451300000 
ground_truth 9.59422 21.0028 -4.84262 -0.785189 
estimate 9.56348 20.9643 -4.93094 -0.311255 
RMSE 0.0837364 0.0941095 0.567765 0.495395 
Radar 23.102 1.15259 -2.34951 1477010451350000 
ground_truth 9.35258 20.9607 -4.82714 -0.899977 
estimate 9.40387 20.9147 -4.69864 -0.399116 
RMSE 0.0835815 0.0938972 0.566169 0.495428 
Lidar 9.53921 20.8762 0 1477010451400000 
ground_truth 9.11177 20.9128 -4.80919 -1.01362 
estimate 9.17363 20.8682 -4.76717 -0.668049 
RMSE 0.0834702 0.0936834 0.56451 0.494679 
Radar 23.0793 1.14018 -2.84906 1477010451450000 
ground_truth 8.87192 20.8594 -4.78881 -1.12605 
estimate 8.85169 20.8521 -4.98505 -0.614189 
RMSE 0.0832402 0.0934107 0.563057 0.494781 
Lidar 8.70331 20.8221 0 1477010451500000 
ground_truth 8.63315 20.8003 -4.76608 -1.2372 
estimate 8.62684 20.7696 -4.97491 -0.904722 
RMSE 0.0829993 0.0931683 0.561644 0.493992 
Radar 22.3004 1.11349 -2.998 1477010451550000 
ground_truth 8.39557 20.7358 -4.74108 -1.34701 
estimate 8.34068 20.6905 -5.05749 -0.961292 
RMSE 0.0828642 0.0929622 0.560535 0.493434 
Lidar 8.22277 20.4839 0 1477010451600000 
ground_truth 8.1593 20.6657 -4.71387 -1.45542 
estimate 8.0878 20.6121 -5.10848 -1.18624 
RMSE 0.0828033 0.0927837 0.559722 0.492437 
Radar 22.1131 1.1862 -3.20417 1477010451650000 
ground_truth 7.92445 20.5903 -4.68453 -1.56237 
estimate 7.86032 20.529 -5.02855 -1.23777 
RMSE 0.0827086 0.0926341 0.558726 0.491641 
Lidar 7.88599 20.45 0 1477010451700000 
ground_truth 7.69111 20.5096 -4.65313 -1.66781 
estimate 7.62327 20.4447 -5.06275 -1.509 
RMSE 0.0826316 0.0925002 0.557991 0.490388 
Radar 22.2583 1.18911 -3.51245 1477010451750000 
ground_truth 7.45939 20.4237 -4.61975 -1.7717 
estimate 7.29758 20.3877 -5.25533 -1.45902 
RMSE 0.0832906 0.092278 0.55846 0.489565 
Lidar 7.18029 20.392 0 1477010451800000 
ground_truth 7.22939 20.3326 -4.58448 -1.87399 
estimate 7.03378 20.2945 -5.27732 -1.57774 
RMSE 0.0843405 0.0920626 0.559305 0.488693 
Radar 21.333 1.2319 -3.3258 1477010451850000 
ground_truth 7.00119 20.2364 -4.54738 -1.97462 
estimate 6.78913 20.2069 -5.22485 -1.59776 
RMSE 0.0855852 0.0918314 0.560034 0.488139 
Lidar 6.81542 20.1859 0 1477010451900000 
ground_truth 6.7749 20.1352 -4.50854 -2.07357 
estimate 6.53733 20.1168 -5.22287 -1.70483 
RMSE 0.0871646 0.0915863 0.561009 0.487557 
Radar 21.3 1.24122 -3.35883 1477010451950000 
ground_truth 6.55059 20.0292 -4.46805 -2.17079 
estimate 6.32012 20.0208 -5.10558 -1.73254 
RMSE 0.0885954 0.0913351 0.56146 0.487298 
Lidar 6.38914 20.0137 0 1477010452000000 
ground_truth 6.32834 19.9183 -4.42598 -2.26625 
estimate 6.08224 19.9275 -5.09767 -1.88837 
RMSE 0.0902153 0.0910864 0.562125 0.486764 
Radar 21.2882 1.2518 -3.50165 1477010452050000 
ground_truth 6.10823 19.8027 -4.38241 -2.35993 
estimate 5.84039 19.8305 -5.06298 -1.89519 
RMSE 0.0921214 0.0908604 0.56284 0.486646 
Lidar 5.86119 19.8306 0 1477010452100000 
ground_truth 5.89034 19.6824 -4.33744 -2.45178 
estimate 5.57331 19.6879 -5.14956 -2.22596 
RMSE 0.0947969 0.090614 0.564492 0.485608 
Radar 20.2062 1.30633 -3.8691 1477010452150000 
ground_truth 5.67472 19.5577 -4.29114 -2.5418 
estimate 5.45943 19.5545 -4.76822 -2.28764 
RMSE 0.0958562 0.0903691 0.564056 0.484654 
Lidar 5.69089 19.5755 0 1477010452200000 
ground_truth 5.46145 19.4284 -4.24359 -2.62995 
estimate 5.24124 19.4044 -4.73643 -2.48589 
RMSE 0.0969522 0.090143 0.563697 0.483465 
Radar 19.8966 1.26707 -3.80305 1477010452250000 
ground_truth 5.25059 19.2948 -4.19488 -2.71622 
estimate 5.05935 19.2989 -4.5982 -2.45852 
RMSE 0.0976987 0.0899021 0.562961 0.482538 
Lidar 5.17021 19.4397 0 1477010452300000 
ground_truth 5.04219 19.157 -4.1451 -2.80059 
estimate 4.86416 19.1842 -4.51019 -2.4563 
RMSE 0.0982997 0.0896847 0.562093 0.481908 
Radar 20.175 1.27537 -3.51253 1477010452350000 
ground_truth 4.8363 19.015 -4.09432 -2.88305 
estimate 4.74023 19.0346 -4.23638 -2.51897 
RMSE 0.098288 0.0894585 0.560699 0.48136 
Lidar 4.89149 18.982 0 1477010452400000 
ground_truth 4.63297 18.8689 -4.04263 -2.96359 
estimate 4.5075 18.8822 -4.33213 -2.77465 
RMSE 0.0984508 0.089228 0.559616 0.480288 
Radar 19.458 1.36444 -3.99074 1477010452450000 
ground_truth 4.43224 18.7188 -3.99012 -3.0422 
estimate 4.35511 18.7503 -4.16537 -2.7699 
RMSE 0.0983512 0.0890233 0.558293 0.479434 
Lidar 4.4685 18.834 0 1477010452500000 
ground_truth 4.23416 18.5648 -3.93685 -3.11888 
estimate 4.16562 18.6054 -4.11563 -2.79455 
RMSE 0.0982194 0.0888394 0.556987 0.478756 
Radar 19.0503 1.32192 -3.6392 1477010452550000 
ground_truth 4.03876 18.4071 -3.88293 -3.19362 
estimate 4.07642 18.4544 -3.80575 -2.82858 
RMSE 0.0980021 0.0886743 0.55557 0.478237 
Lidar 4.26269 18.481 0 1477010452600000 
ground_truth 3.84606 18.2457 -3.82841 -3.26644 
estimate 3.86669 18.2787 -3.92515 -3.26774 
RMSE 0.0977604 0.0884772 0.55418 0.477002 
Radar 19.1444 1.39096 -4.53568 1477010452650000 
ground_truth 3.65611 18.0807 -3.77339 -3.33732 
estimate 3.58627 18.1332 -4.15164 -3.22552 
RMSE 0.0976376 0.0883303 0.55342 0.475845 
Lidar 3.45919 18.167 0 1477010452700000 
ground_truth 3.46891 17.9122 -3.71795 -3.40627 
estimate 3.41332 17.9828 -4.04884 -3.13761 
RMSE 0.0974691 0.0882492 0.552512 0.475017 
Radar 18.4355 1.33532 -3.74495 1477010452750000 
ground_truth 3.28449 17.7402 -3.66215 -3.47331 
estimate 3.18064 17.8165 -4.12673 -3.15242 
RMSE 0.0975025 0.0881922 0.552101 0.474362 
Lidar 3.12525 17.7493 0 1477010452800000 
ground_truth 3.10287 17.565 -3.60609 -3.53844 
estimate 2.96287 17.6325 -4.18913 -3.44223 
RMSE 0.0977636 0.0880998 0.552262 0.473212 
Radar 18.0842 1.42336 -4.42054 1477010452850000 
ground_truth 2.92405 17.3866 -3.54982 -3.60167 
estimate 2.81549 17.5128 -4.03525 -3.35059 
RMSE 0.0978209 0.088332 0.551946 0.472357 
Lidar 2.9449 17.8154 0 1477010452900000 
ground_truth 2.74805 17.2051 -3.49344 -3.66302 
estimate 2.64111 17.2966 -3.98661 -3.70031 
RMSE 0.0978686 0.0883484 0.551668 0.471182 
Radar 17.3991 1.38194 -4.60153 1477010452950000 
ground_truth 2.57486 17.0205 -3.437 -3.72251 
estimate 2.48634 17.1038 -3.86633 -3.71667 
RMSE 0.0978243 0.0883239 0.551127 0.470008 
Lidar 2.55407 17.0853 0 1477010453000000 
ground_truth 2.4045 16.833 -3.38059 -3.78014 
estimate 2.30341 16.9383 -3.82449 -3.5355 
RMSE 0.0978408 0.0884156 0.550647 0.469159 
Radar 17.0798 1.42091 -3.82496 1477010453050000 
ground_truth 2.23695 16.6427 -3.32428 -3.83595 
estimate 2.16543 16.7695 -3.68375 -3.52292 
RMSE 0.0977285 0.0886453 0.549868 0.468518 
Lidar 2.25371 16.8334 0 1477010453100000 
ground_truth 2.07221 16.4497 -3.26812 -3.88995 
estimate 1.96243 16.5702 -3.73044 -3.56204 
RMSE 0.0977912 0.0888293 0.549473 0.467931 
Radar 16.1262 1.47283 -3.95475 1477010453150000 
ground_truth 1.91027 16.254 -3.21219 -3.94216 
estimate 1.82685 16.3426 -3.5855 -3.65312 
RMSE 0.0977262 0.0888285 0.548751 0.467225 
Lidar 1.88972 16.1054 0 1477010453200000 
ground_truth 1.75112 16.0557 -3.15656 -3.99261 
estimate 1.65212 16.1641 -3.5742 -3.64979 
RMSE 0.0977325 0.0889342 0.54819 0.466701 
Radar 16.3618 1.46403 -4.00339 1477010453250000 
ground_truth 1.59474 15.8549 -3.10129 -4.04132 
estimate 1.46132 15.999 -3.6094 -3.61819 
RMSE 0.0979361 0.0892825 0.548004 0.466501 
Lidar 1.44745 16.0853 0 1477010453300000 
ground_truth 1.44111 15.6517 -3.04644 -4.08832 
estimate 1.30143 15.7641 -3.56433 -4.0057 
RMSE 0.0981793 0.0894075 0.547863 0.465413 
Radar 15.6357 1.46766 -4.66234 1477010453350000 
ground_truth 1.29021 15.4463 -2.99207 -4.13364 
estimate 1.14882 15.541 -3.49222 -4.04671 
RMSE 0.0984312 0.0894335 0.547645 0.464337 
Lidar 1.18395 15.4284 0 1477010453400000 
ground_truth 1.14201 15.2386 -2.93825 -4.1773 
estimate 0.967038 15.3457 -3.51318 -4.04296 
RMSE 0.0989361 0.0895257 0.547778 0.463323 
Radar 15.5501 1.51746 -4.27372 1477010453450000 
ground_truth 0.996486 15.0288 -2.88503 -4.21933 
estimate 0.766079 15.1222 -3.5786 -4.08207 
RMSE 0.0999677 0.0895448 0.54856 0.46232 
Lidar 0.722706 15.0075 0 1477010453500000 
ground_truth 0.853604 14.8169 -2.83246 -4.25977 
estimate 0.609213 14.9404 -3.51931 -3.97811 
RMSE 0.101134 0.0897352 0.549294 0.461634 
Radar 15.2483 1.5031 -4.04402 1477010453550000 
ground_truth 0.71333 14.603 -2.78061 -4.29864 
estimate 0.551238 14.734 -3.20003 -3.98515 
RMSE 0.101506 0.0899734 0.548756 0.46105 
Lidar 0.737301 14.7047 0 1477010453600000 
ground_truth 0.575628 14.3872 -2.72952 -4.33598 
estimate 0.414873 14.4879 -3.13356 -4.30526 
RMSE 0.101863 0.0900265 0.548169 0.459976 
Radar 14.2628 1.52014 -4.69806 1477010453650000 
ground_truth 0.440459 14.1696 -2.67925 -4.37181 
estimate 0.256425 14.2614 -3.13724 -4.32564 
RMSE 0.102398 0.0900348 0.547784 0.458916 
Lidar 0.253435 14.2029 0 1477010453700000 
ground_truth 0.307779 13.9502 -2.62984 -4.40617 
estimate 0.0981452 14.0033 -3.13535 -4.66413 
RMSE 0.103152 0.0898988 0.547596 0.458189 
Radar 13.9605 1.57315 -5.03236 1477010453750000 
ground_truth 0.177545 13.7292 -2.58135 -4.43909 
estimate 0.140408 13.7582 -2.59525 -4.66967 
RMSE 0.102945 0.089713 0.546333 0.4574 
Lidar 0.459172 13.6856 0 1477010453800000 
ground_truth 0.0497099 13.5065 -2.53381 -4.47061 
estimate 0.0157517 13.5115 -2.57885 -4.81817 
RMSE 0.102734 0.0895077 0.545087 0.456956 
Radar 13.6378 1.56695 -4.9909 1477010453850000 
ground_truth -0.0757753 13.2823 -2.48728 -4.50075 
estimate -0.142673 13.2726 -2.65903 -4.81693 
RMSE 0.102599 0.0893055 0.543965 0.456412 
Lidar -0.190344 13.2856 0 1477010453900000 
ground_truth -0.198962 13.0566 -2.44179 -4.52955 
estimate -0.278724 13.0533 -2.67299 -4.66334 
RMSE 0.102506 0.0891026 0.542951 0.455463 
Radar 13.1485 1.59172 -4.45625 1477010453950000 
ground_truth -0.319903 12.8295 -2.39739 -4.55704 
estimate -0.236626 12.8422 -2.19658 -4.6061 
RMSE 0.102428 0.0889048 0.54189 0.454443 
Lidar 0.0462308 12.9301 0 1477010454000000 
ground_truth -0.438654 12.6011 -2.35412 -4.58326 
estimate -0.374087 12.6129 -2.27611 -4.52003 
RMSE 0.102288 0.0887079 0.540693 0.453439 
Radar 12.3753 1.62616 -4.32808 1477010454050000 
ground_truth -0.555273 12.3714 -2.31202 -4.60823 
estimate -0.483844 12.3832 -2.26487 -4.52627 
RMSE 0.102171 0.0885124 0.539489 0.452454 
Lidar -0.476482 12.3633 0 1477010454100000 
ground_truth -0.669818 12.1404 -2.27111 -4.63198 
estimate -0.623884 12.1699 -2.33845 -4.52221 
RMSE 0.101989 0.0883366 0.538302 0.451503 
Radar 12.5584 1.64828 -4.43193 1477010454150000 
ground_truth -0.78235 11.9083 -2.23144 -4.65456 
estimate -0.67986 11.9615 -2.17276 -4.48276 
RMSE 0.101991 0.0882114 0.537119 0.450644 
Lidar -0.582624 12.0386 0 1477010454200000 
ground_truth -0.892931 11.6751 -2.19304 -4.67598 
estimate -0.826529 11.7251 -2.27369 -4.56169 
RMSE 0.101861 0.0880788 0.535956 0.44971 
Radar 11.7183 1.67918 -4.45955 1477010454250000 
ground_truth -1.00163 11.4409 -2.15594 -4.69628 
estimate -1.02865 11.4767 -2.51513 -4.61106 
RMSE 0.101652 0.0879168 0.535305 0.448754 
Lidar -1.17212 11.3988 0 1477010454300000 
ground_truth -1.1085 11.2057 -2.12017 -4.71549 
estimate -1.13691 11.2481 -2.478 -4.51086 
RMSE 0.101446 0.0877688 0.534656 0.447974 
Radar 10.9952 1.65196 -4.10274 1477010454350000 
ground_truth -1.21362 10.9695 -2.08575 -4.73364 
estimate -1.30909 11.0226 -2.60998 -4.52011 
RMSE 0.101421 0.0876473 0.534611 0.447217 
Lidar -1.39289 11.0424 0 1477010454400000 
ground_truth -1.31706 10.7324 -2.05273 -4.75075 
estimate -1.41225 10.7686 -2.49878 -4.80473 
RMSE 0.101395 0.087489 0.534257 0.446258 
Radar 10.9783 1.68939 -4.76211 1477010454450000 
ground_truth -1.41889 10.4945 -2.02111 -4.76686 
estimate -1.52582 10.5116 -2.46849 -4.8326 
RMSE 0.101419 0.0873066 0.533912 0.445312 
Lidar -1.49687 10.4198 0 1477010454500000 
ground_truth -1.51917 10.2559 -1.99093 -4.78198 
estimate -1.63769 10.2399 -2.4134 -5.02303 
RMSE 0.101499 0.0871246 0.533481 0.444633 
Radar 10.147 1.72843 -4.75698 1477010454550000 
ground_truth -1.61797 10.0165 -1.96221 -4.79615 
estimate -1.69915 10.0356 -2.24831 -4.92104 
RMSE 0.101421 0.0869464 0.532665 0.443753 
Lidar -1.61875 10.2374 0 1477010454600000 
ground_truth -1.71539 9.77637 -1.93498 -4.80939 
estimate -1.78888 9.80475 -2.19069 -4.85513 
RMSE 0.101318 0.0867803 0.531788 0.442814 
Radar 10.0927 1.7297 -4.34381 1477010454650000 
ground_truth -1.81147 9.53564 -1.90924 -4.82172 
estimate -1.83395 9.59459 -2.01143 -4.77595 
RMSE 0.101113 0.0866808 0.530698 0.441881 
Lidar -1.73381 9.71347 0 1477010454700000 
ground_truth -1.90631 9.29431 -1.88502 -4.83316 
estimate -1.96315 9.33192 -2.06074 -4.97145 
RMSE 0.100966 0.0865316 0.529696 0.441036 
Radar 9.64457 1.80859 -4.63944 1477010454750000 
ground_truth -1.99998 9.05243 -1.86233 -4.84374 
estimate -2.03596 9.0353 -1.9823 -5.05079 
RMSE 0.10078 0.086356 0.528634 0.44031 
Lidar -1.93833 8.77028 0 1477010454800000 
ground_truth -2.09256 8.81003 -1.8412 -4.85347 
estimate -2.11477 8.8146 -1.94477 -4.89995 
RMSE 0.100578 0.0861749 0.527565 0.439394 
Radar 9.34188 1.78279 -4.20313 1477010454850000 
ground_truth -2.18412 8.56717 -1.82164 -4.86238 
estimate -2.20145 8.56637 -1.91619 -4.90221 
RMSE 0.100374 0.0859945 0.526496 0.438482 
Lidar -2.1768 8.5411 0 1477010454900000 
ground_truth -2.27474 8.32388 -1.80365 -4.87047 
estimate -2.34404 8.30107 -2.037 -4.99643 
RMSE 0.100264 0.0858278 0.525614 0.437643 
Radar 8.61525 1.88451 -4.31162 1477010454950000 
ground_truth -2.3645 8.0802 -1.78726 -4.87778 
estimate -2.36493 8.08168 -1.81073 -4.90707 
RMSE 0.100056 0.0856496 0.524524 0.436738 
Lidar -2.21875 8.15339 0 1477010455000000 
ground_truth -2.45348 7.83617 -1.77248 -4.8843 
estimate -2.412 7.87557 -1.67824 -4.83119 
RMSE 0.0998848 0.0855099 0.523475 0.435848 
Radar 8.82103 1.83142 -4.16877 1477010455050000 
ground_truth -2.54177 7.59184 -1.75931 -4.89006 
estimate -2.53031 7.62253 -1.77434 -4.86813 
RMSE 0.0996818 0.0853565 0.522397 0.434952 
Lidar -2.59674 7.60288 0 1477010455100000 
ground_truth -2.62944 7.34723 -1.74777 -4.89507 
estimate -2.69591 7.37982 -2.03357 -4.77771 
RMSE 0.0995683 0.085207 0.521647 0.434125 
Radar 8.00597 1.96604 -3.62555 1477010455150000 
ground_truth -2.71658 7.10238 -1.73786 -4.89933 
estimate -2.80264 7.12659 -2.05018 -4.80789 
RMSE 0.0995169 0.085047 0.520963 0.433278 
Lidar -2.79865 7.064 0 1477010455200000 
ground_truth -2.80326 6.85734 -1.72958 -4.90286 
estimate -2.85877 6.89363 -1.8573 -4.91011 
RMSE 0.0993775 0.0849055 0.519967 0.432396 
Radar 7.73077 1.9406 -4.03438 1477010455250000 
ground_truth -2.88957 6.61214 -1.72295 -4.90566 
estimate -2.87545 6.70383 -1.63862 -4.75712 
RMSE 0.0991802 0.084934 0.518941 0.431624 
Lidar -2.74651 6.86867 0 1477010455300000 
ground_truth -2.97559 6.36681 -1.71797 -4.90774 
estimate -2.91423 6.4941 -1.56688 -4.56802 
RMSE 0.0990567 0.0851471 0.517983 0.431292 
Radar 6.86915 1.95532 -3.35666 1477010455350000 
ground_truth -3.0614 6.12139 -1.71464 -4.90911 
estimate -2.96877 6.26481 -1.50289 -4.55565 
RMSE 0.0990317 0.0854606 0.517116 0.431008 
Lidar -2.90217 6.22989 0 1477010455400000 
ground_truth -3.14709 5.87592 -1.71297 -4.90976 
estimate -3.10022 6.005 -1.61771 -4.74212 
RMSE 0.0988779 0.0856793 0.516116 0.430276 
Radar 7.04054 2.09136 -3.61806 1477010455450000 
ground_truth -3.23274 5.63043 -1.71295 -4.9097 
estimate -3.19659 5.72047 -1.6726 -4.84887 
RMSE 0.0987071 0.0856971 0.515093 0.429435 
Lidar -3.1778 5.53101 0 1477010455500000 
ground_truth -3.31843 5.38496 -1.71458 -4.90893 
estimate -3.3037 5.4697 -1.80374 -4.77957 
RMSE 0.0985154 0.0856933 0.5141 0.428659 
Radar 6.09662 2.12286 -2.99148 1477010455550000 
ground_truth -3.40424 5.13955 -1.71787 -4.90745 
estimate -3.41224 5.20207 -1.86097 -4.85347 
RMSE 0.0983218 0.085614 0.513162 0.427825 
Lidar -3.43031 5.10507 0 1477010455600000 
ground_truth -3.49026 4.89422 -1.72281 -4.90525 
estimate -3.47819 4.9557 -1.72344 -4.93122 
RMSE 0.098131 0.0855324 0.512151 0.426985 
Radar 6.01823 2.17684 -3.19097 1477010455650000 
ground_truth -3.57657 4.64902 -1.72939 -4.90233 
estimate -3.60929 4.65975 -1.85522 -5.07652 
RMSE 0.0979598 0.0853672 0.511207 0.426287 
Lidar -3.69435 4.52196 0 1477010455700000 
ground_truth -3.66325 4.40398 -1.73763 -4.89868 
estimate -3.71294 4.40444 -1.97192 -4.99115 
RMSE 0.0978176 0.0852003 0.510417 0.425492 
Radar 5.45231 2.26901 -2.36296 1477010455750000 
ground_truth -3.75039 4.15913 -1.74749 -4.8943 
estimate -3.86219 4.118 -2.11053 -5.121 
RMSE 0.0978759 0.0850731 0.509926 0.424899 
Lidar -4.00238 4.04684 0 1477010455800000 
ground_truth -3.83806 3.91452 -1.75899 -4.88918 
estimate -3.93617 3.8823 -1.92758 -5.13282 
RMSE 0.0978768 0.0849317 0.509045 0.424346 
Radar 5.78015 2.35065 -2.40935 1477010455850000 
ground_truth -3.92635 3.67019 -1.77212 -4.8833 
estimate -3.99302 3.66446 -1.82073 -5.00033 
RMSE 0.0977755 0.0847684 0.508071 0.423589 
Lidar -3.88053 3.75177 0 1477010455900000 
ground_truth -4.01533 3.42616 -1.78686 -4.87666 
estimate -4.07521 3.47932 -1.86004 -4.76386 
RMSE 0.0976579 0.0846694 0.507113 0.422831 
Radar 5.75128 2.39906 -1.5502 1477010455950000 
ground_truth -4.10509 3.18248 -1.8032 -4.86925 
estimate -4.16604 3.23685 -1.85635 -4.77298 
RMSE 0.0975436 0.084574 0.506151 0.422062 
Lidar -4.15119 3.21968 0 1477010456000000 
ground_truth -4.19571 2.93919 -1.82113 -4.86104 
estimate -4.28359 2.97598 -1.98109 -4.81461 
RMSE 0.0975085 0.084443 0.505281 0.421266 
Radar 5.15539 2.54841 -1.02706 1477010456050000 
ground_truth -4.28727 2.69633 -1.84065 -4.85202 
estimate -4.38066 2.69187 -1.9888 -4.93028 
RMSE 0.0974932 0.0842828 0.504402 0.420492 
Lidar -4.32451 2.55034 0 1477010456100000 
ground_truth -4.37985 2.45393 -1.86173 -4.84218 
estimate -4.46583 2.44446 -1.90564 -4.94615 
RMSE 0.0974522 0.084125 0.503453 0.419744 
Radar 4.9986 2.64081 -0.775703 1477010456150000 
ground_truth -4.47352 2.21205 -1.88436 -4.83149 
estimate -4.57397 2.16844 -1.93858 -5.03929 
RMSE 0.0974636 0.0840089 0.502514 0.419145 
Lidar -4.61223 2.09192 0 1477010456200000 
ground_truth -4.56836 1.97072 -1.90853 -4.81994 
estimate -4.67443 1.9468 -2.12796 -4.88541 
RMSE 0.0974974 0.0838637 0.501749 0.418376 
Radar 4.7059 2.71934 0.36354 1477010456250000 
ground_truth -4.66444 1.72998 -1.93422 -4.80751 
estimate -4.79985 1.65669 -2.17058 -5.03719 
RMSE 0.0976668 0.0838265 0.501017 0.417828 
Lidar -4.86829 1.53442 0 1477010456300000 
ground_truth -4.76186 1.48989 -1.9614 -4.79417 
estimate -4.92129 1.40601 -2.25805 -5.0278 
RMSE 0.0979697 0.0838267 0.50041 0.417292 
Radar 5.18451 2.86092 0.871208 1477010456350000 
ground_truth -4.86066 1.25049 -1.99007 -4.7799 
estimate -4.97281 1.19508 -2.14013 -4.85954 
RMSE 0.0980262 0.083739 0.499562 0.416544 
Lidar -4.66779 1.28643 0 1477010456400000 
ground_truth -4.96095 1.01182 -2.02019 -4.76468 
estimate -5.0638 0.996561 -2.07023 -4.71838 
RMSE 0.0980445 0.0835889 0.498646 0.415781 
Radar 5.10777 2.92274 1.07201 1477010456450000 
ground_truth -5.06277 0.77393 -2.05174 -4.74848 
estimate -5.11697 0.779917 -1.97772 -4.62763 
RMSE 0.0979188 0.0834353 0.497745 0.415079 
Lidar -4.85498 0.825661 0 1477010456500000 
ground_truth -5.16621 0.536876 -2.08471 -4.73127 
estimate -5.21987 0.453192 -2.06723 -4.9207 
RMSE 0.0977928 0.0834362 0.49683 0.414474 
Radar 4.85074 3.10427 1.75578 1477010456550000 
ground_truth -5.27133 0.300706 -2.11906 -4.71303 
estimate -5.29137 0.220292 -2.01086 -4.86364 
RMSE 0.0976211 0.0834254 0.495963 0.413815 
Lidar -5.1231 0.257311 0 1477010456600000 
ground_truth -5.3782 0.0654719 -2.15477 -4.69374 
estimate -5.40003 -0.0707358 -1.89549 -5.01293 
RMSE 0.0974517 0.0836786 0.495305 0.413509 
Radar 6.00513 3.19003 1.77637 1477010456650000 
ground_truth -5.4869 -0.168772 -2.1918 -4.67335 
estimate -5.46466 -0.29409 -1.849 -4.91678 
RMSE 0.0972836 0.0838674 0.494835 0.413017 
Lidar -5.29972 -0.212982 0 1477010456700000 
ground_truth -5.59748 -0.401971 -2.23014 -4.65185 
estimate -5.58214 -0.456138 -2.01186 -4.67257 
RMSE 0.0971116 0.0837788 0.494113 0.41227 
Radar 5.64632 -3.11599 2.50614 1477010456750000 
ground_truth -5.71001 -0.634069 -2.26974 -4.62919 
estimate -5.71615 -0.618803 -2.10426 -4.45973 
RMSE 0.0969368 0.0836325 0.49332 0.411651 
Lidar -5.85359 -0.445801 0 1477010456800000 
ground_truth -5.82456 -0.865006 -2.31058 -4.60536 
estimate -5.83243 -0.845845 -2.35379 -4.51217 
RMSE 0.0967635 0.0834899 0.492439 0.410948 
Radar 5.35867 -3.00598 3.30434 1477010456850000 
ground_truth -5.94118 -1.09472 -2.35262 -4.58032 
estimate -5.93231 -1.12903 -2.29457 -4.68658 
RMSE 0.0965914 0.0833654 0.491568 0.41026 
Lidar -5.87835 -1.26863 0 1477010456900000 
ground_truth -6.05993 -1.32316 -2.39581 -4.55404 
estimate -6.02054 -1.41053 -2.21683 -4.82731 
RMSE 0.0964475 0.08338 0.490806 0.409853 
Radar 5.88279 -2.87871 3.2551 1477010456950000 
ground_truth -6.18087 -1.55025 -2.44014 -4.52648 
estimate -6.161 -1.60598 -2.29589 -4.69019 
RMSE 0.096283 0.0832979 0.490008 0.409239 
Lidar -6.27263 -1.50938 0 1477010457000000 
ground_truth -6.30406 -1.77593 -2.48555 -4.49762 
estimate -6.3026 -1.85563 -2.58518 -4.81201 
RMSE 0.0961122 0.0832854 0.489174 0.408942 
Radar 6.36176 -2.86134 4.18697 1477010457050000 
ground_truth -6.42954 -2.00014 -2.532 -4.46742 
estimate -6.41376 -2.11211 -2.54189 -4.85969 
RMSE 0.0959468 0.0834041 0.488309 0.408884 
Lidar -6.34007 -2.13685 0 1477010457100000 
ground_truth -6.55738 -2.22281 -2.57946 -4.43585 
estimate -6.5662 -2.30313 -2.55371 -4.68013 
RMSE 0.0957792 0.0833935 0.487451 0.408421 
Radar 7.32369 -2.84014 3.85602 1477010457150000 
ground_truth -6.68761 -2.44386 -2.62788 -4.40288 
estimate -6.71691 -2.50531 -2.61701 -4.58606 
RMSE 0.0956267 0.0833266 0.486596 0.407848 
Lidar -6.79288 -2.4458 0 1477010457200000 
ground_truth -6.82029 -2.66323 -2.6772 -4.36847 
estimate -6.87325 -2.71831 -2.71537 -4.55136 
RMSE 0.0955108 0.0832445 0.485749 0.407278 
Radar 7.62876 -2.78321 4.24815 1477010457250000 
ground_truth -6.95546 -2.88084 -2.7274 -4.3326 
estimate -6.96028 -3.00402 -2.58603 -4.72338 
RMSE 0.0953446 0.0834169 0.484974 0.407222 
Lidar -6.8003 -3.10086 0 1477010457300000 
ground_truth -7.09316 -3.09663 -2.7784 -4.29523 
estimate -7.08715 -3.23029 -2.53742 -4.67262 
RMSE 0.0951796 0.0836436 0.48434 0.407122 
Radar 7.83203 -2.71786 4.17322 1477010457350000 
ground_truth -7.23344 -3.3105 -2.83017 -4.25632 
estimate -7.20935 -3.41129 -2.55898 -4.52987 
RMSE 0.0950254 0.0837089 0.483764 0.406735 
Lidar -7.12118 -3.26434 0 1477010457400000 
ground_truth -7.37632 -3.5224 -2.88265 -4.21586 
estimate -7.35178 -3.67648 -2.59307 -4.64564 
RMSE 0.0948723 0.0840529 0.483229 0.406817 
Radar 8.78236 -2.65716 4.41769 1477010457450000 
ground_truth -7.52184 -3.73223 -2.93579 -4.1738 
estimate -7.51362 -3.78437 -2.73021 -4.30328 
RMSE 0.0947104 0.083964 0.482548 0.406188 
Lidar -7.49009 -3.49081 0 1477010457500000 
ground_truth -7.67004 -3.93992 -2.98953 -4.13012 
estimate -7.65734 -3.99928 -2.8266 -4.34455 
RMSE 0.094551 0.0838921 0.481816 0.405686 
Radar 8.46643 -2.66525 4.6454 1477010457550000 
ground_truth -7.82094 -4.14538 -3.04381 -4.08479 
estimate -7.80914 -4.23439 -2.83774 -4.38877 
RMSE 0.0943921 0.08391 0.481143 0.405383 
Lidar -7.88049 -4.29783 0 1477010457600000 
ground_truth -7.97457 -4.34854 -3.09857 -4.03778 
estimate -7.95641 -4.46277 -2.85167 -4.41529 
RMSE 0.0942373 0.0840317 0.48054 0.405291 
Radar 9.29152 -2.62635 4.65344 1477010457650000 
ground_truth -8.13095 -4.5493 -3.15376 -3.98906 
estimate -8.11602 -4.70747 -2.87319 -4.4722 
RMSE 0.0940815 0.0843931 0.480003 0.40558 
Lidar -8.22492 -4.79812 0 1477010457700000 
ground_truth -8.2901 -4.74759 -3.2093 -3.93862 
estimate -8.25171 -4.9112 -2.72175 -4.33326 
RMSE 0.093949 0.0847854 0.480029 0.405544 
Radar 9.79884 -2.61129 4.32196 1477010457750000 
ground_truth -8.45204 -4.94331 -3.26514 -3.88641 
estimate -8.37845 -5.1258 -2.70357 -4.33113 
RMSE 0.0938878 0.0853023 0.480326 0.405682 
Lidar -8.33552 -5.1059 0 1477010457800000 
ground_truth -8.61678 -5.13637 -3.32121 -3.83242 
estimate -8.52475 -5.28656 -2.70267 -4.14831 
RMSE 0.0938816 0.0856024 0.480857 0.405414 
Radar 9.80209 -2.63074 4.40487 1477010457850000 
ground_truth -8.78433 -5.32669 -3.37745 -3.77663 
estimate -8.71379 -5.47808 -2.82374 -4.08908 
RMSE 0.0938133 0.0859064 0.481119 0.405139 
Lidar -8.91477 -5.51752 0 1477010457900000 
ground_truth -8.95469 -5.51417 -3.43377 -3.71901 
estimate -8.87036 -5.68267 -2.88964 -4.10569 
RMSE 0.0937832 0.0863131 0.481342 0.405078 
Radar 10.6846 -2.57959 4.69636 1477010457950000 
ground_truth -9.12788 -5.69872 -3.49012 -3.65955 
estimate -9.02704 -5.86063 -2.92961 -4.03273 
RMSE 0.0938076 0.0866735 0.481627 0.404977 
Lidar -9.03391 -5.80267 0 1477010458000000 
ground_truth -9.30388 -5.88026 -3.54643 -3.59823 
estimate -9.16381 -6.01322 -2.88345 -3.87776 
RMSE 0.0939983 0.0868674 0.48234 0.404625 
Radar 10.3939 -2.59306 4.47447 1477010458050000 
ground_truth -9.4827 -6.05868 -3.60261 -3.53503 
estimate -9.34467 -6.09198 -3.02004 -3.57764 
RMSE 0.0941775 0.0867451 0.482705 0.403965 
Lidar -9.30811 -5.82368 0 1477010458100000 
ground_truth -9.66432 -6.23389 -3.6586 -3.46994 
estimate -9.52065 -6.28219 -3.13729 -3.6434 
RMSE 0.0943829 0.0866466 0.482837 0.403422 
Radar 11.7165 -2.56253 4.72734 1477010458150000 
ground_truth -9.84874 -6.4058 -3.71431 -3.40295 
estimate -9.65637 -6.49817 -3.07621 -3.73537 
RMSE 0.0948697 0.0866659 0.483428 0.40321 
Lidar -9.62547 -6.55958 0 1477010458200000 
ground_truth -10.0359 -6.57431 -3.76969 -3.33404 
estimate -9.88109 -6.66554 -3.36878 -3.75068 
RMSE 0.0951273 0.0866812 0.483181 0.403254 
Radar 12.4184 -2.60434 5.08845 1477010458250000 
ground_truth -10.2259 -6.73933 -3.82463 -3.26321 
estimate -10.0918 -6.82995 -3.46877 -3.67744 
RMSE 0.0952803 0.0866944 0.482821 0.403291 
Lidar -10.2246 -6.83402 0 1477010458300000 
ground_truth -10.4186 -6.90075 -3.87907 -3.19046 
estimate -10.273 -6.9993 -3.53256 -3.6658 
RMSE 0.0954867 0.0867354 0.482441 0.403545 
Radar 12.2265 -2.56061 5.05486 1477010458350000 
ground_truth -10.614 -7.05849 -3.93293 -3.11577 
estimate -10.511 -7.1843 -3.66038 -3.64611 
RMSE 0.095512 0.0868902 0.481909 0.40402 
Lidar -10.7616 -7.29159 0 1477010458400000 
ground_truth -10.8121 -7.21245 -3.98613 -3.03916 
estimate -10.7118 -7.33263 -3.71785 -3.55696 
RMSE 0.0955278 0.0870181 0.481372 0.404438 
Radar 12.8601 -2.58139 5.08645 1477010458450000 
ground_truth -11.0128 -7.36252 -4.03859 -2.96062 
estimate -10.9672 -7.49547 -3.87066 -3.49289 
RMSE 0.0954091 0.0872046 0.480692 0.404914 
Lidar -11.2219 -7.56979 0 1477010458500000 
ground_truth -11.2161 -7.50862 -4.09021 -2.88015 
estimate -11.1435 -7.64664 -3.76638 -3.38747 
RMSE 0.0953448 0.0874147 0.480271 0.405284 
Radar 13.2295 -2.55065 4.90432 1477010458550000 
ground_truth -11.422 -7.65064 -4.14093 -2.79777 
estimate -11.2904 -7.79805 -3.68805 -3.35997 
RMSE 0.0954827 0.0876718 0.480186 0.405882 
Lidar -11.0934 -7.6776 0 1477010458600000 
ground_truth -11.6304 -7.78849 -4.19066 -2.71349 
estimate -11.4749 -7.93735 -3.69023 -3.28101 
RMSE 0.0957336 0.0879343 0.480252 0.406499 
Radar 13.6423 -2.56294 4.89282 1477010458650000 
ground_truth -11.8413 -7.92208 -4.23932 -2.6273 
estimate -11.6575 -8.02874 -3.71936 -3.10494 
RMSE 0.0961406 0.088 0.480383 0.406744 
Lidar -11.5269 -7.8215 0 1477010458700000 
ground_truth -12.0546 -8.05131 -4.28682 -2.53924 
estimate -11.8355 -8.15714 -3.61211 -2.97123 
RMSE 0.0967759 0.0880621 0.481122 0.406826 
Radar 14.3095 -2.55814 4.49673 1477010458750000 
ground_truth -12.2702 -8.17609 -4.33309 -2.44932 
estimate -12.0563 -8.23042 -3.72972 -2.77218 
RMSE 0.0973668 0.087976 0.481556 0.406589 
Lidar -12.09 -8.08828 0 1477010458800000 
ground_truth -12.4881 -8.29633 -4.37802 -2.35756 
estimate -12.284 -8.37007 -4.01825 -2.89506 
RMSE 0.0978845 0.0879349 0.481222 0.407066 
Radar 14.807 -2.56912 5.27667 1477010458850000 
ground_truth -12.7082 -8.41193 -4.42156 -2.26399 
estimate -12.4973 -8.44168 -4.07592 -2.71218 
RMSE 0.0984413 0.0878127 0.480856 0.407202 
Lidar -12.4231 -8.2599 0 1477010458900000 
ground_truth -12.9304 -8.5228 -4.4636 -2.16863 
estimate -12.6851 -8.54597 -3.92223 -2.55194 
RMSE 0.0992398 0.087685 0.481057 0.407129 
Radar 15.153 -2.57023 4.46958 1477010458950000 
ground_truth -13.1547 -8.62886 -4.50407 -2.07151 
estimate -12.9799 -8.62158 -4.14906 -2.38563 
RMSE 0.0995647 0.0875493 0.480716 0.406873 
Lidar -13.2911 -8.64594 0 1477010459000000 
ground_truth -13.381 -8.73002 -4.54289 -1.97267 
estimate -13.2264 -8.73395 -4.30585 -2.39965 
RMSE 0.0997829 0.0874135 0.480151 0.406937 
Radar 16.1868 -2.5908 5.01852 1477010459050000 
ground_truth -13.6092 -8.82619 -4.57997 -1.87214 
estimate -13.4576 -8.77167 -4.37296 -2.19242 
RMSE 0.0999848 0.0873308 0.479545 0.406697 
Lidar -13.384 -8.57583 0 1477010459100000 
ground_truth -13.8392 -8.91729 -4.61524 -1.76997 
estimate -13.6486 -8.83801 -4.15279 -1.98098 
RMSE 0.100391 0.087307 0.479493 0.406238 
Radar 15.9458 -2.59682 4.2878 1477010459150000 
ground_truth -14.0709 -9.00324 -4.64861 -1.6662 
estimate -13.8826 -8.94019 -4.20561 -1.97809 
RMSE 0.100779 0.0872427 0.479385 0.405981 
Lidar -13.9959 -8.99264 0 1477010459200000 
ground_truth -14.3043 -9.08395 -4.68001 -1.56086 
estimate -14.1345 -9.04305 -4.45681 -2.07596 
RMSE 0.101063 0.0871383 0.478809 0.406361 
Radar 16.9366 -2.59554 5.12891 1477010459250000 
ground_truth -14.5391 -9.15936 -4.70936 -1.45402 
estimate -14.3691 -9.15266 -4.47856 -2.08548 
RMSE 0.101346 0.0870057 0.478247 0.407239 
Lidar -14.4273 -9.1875 0 1477010459300000 
ground_truth -14.7754 -9.22939 -4.73658 -1.34573 
estimate -14.5772 -9.25102 -4.34599 -2.01342 
RMSE 0.101781 0.0868812 0.478004 0.408285 
Radar 17.3041 -2.57238 4.58709 1477010459350000 
ground_truth -15.013 -9.29397 -4.76161 -1.23603 
estimate -14.8876 -9.2234 -4.58684 -1.66213 
RMSE 0.101861 0.0868363 0.477374 0.408341 
Lidar -15.062 -9.04396 0 1477010459400000 
ground_truth -15.2517 -9.35302 -4.78436 -1.125 
estimate -15.1332 -9.31959 -4.57469 -1.66358 
RMSE 0.101916 0.0867241 0.47679 0.408798 
Radar 18.3825 -2.58614 4.68517 1477010459450000 
ground_truth -15.4916 -9.40649 -4.80476 -1.01269 
estimate -15.4139 -9.42507 -4.67191 -1.69767 
RMSE 0.101851 0.086599 0.476125 0.409913 
Lidar -15.6682 -9.56749 0 1477010459500000 
ground_truth -15.7324 -9.45431 -4.82275 -0.899159 
estimate -15.6299 -9.48926 -4.44655 -1.53551 
RMSE 0.101854 0.0864898 0.475856 0.410782 
Radar 18.4821 -2.6107 4.28658 1477010459550000 
ground_truth -15.9741 -9.49642 -4.83827 -0.784484 
estimate -15.9013 -9.55246 -4.55127 -1.48266 
RMSE 0.101779 0.0864144 0.475401 0.411946 
Lidar -16.0862 -9.59819 0 1477010459600000 
ground_truth -16.2164 -9.53277 -4.85124 -0.668734 
estimate -16.1321 -9.59237 -4.47396 -1.33913 
RMSE 0.101731 0.0863466 0.475138 0.412961 
Radar 18.8168 -2.65166 4.3787 1477010459650000 
ground_truth -16.4594 -9.5633 -4.8616 -0.55198 
estimate -16.4005 -9.5559 -4.60251 -1.06704 
RMSE 0.10163 0.0862186 0.474639 0.413303 
Lidar -16.4229 -9.37029 0 1477010459700000 
ground_truth -16.7027 -9.58797 -4.8693 -0.434301 
estimate -16.5917 -9.5915 -4.45128 -0.993928 
RMSE 0.101659 0.0860904 0.47448 0.413816 
Radar 18.5335 -2.61375 4.25211 1477010459750000 
ground_truth -16.9464 -9.60673 -4.87427 -0.315773 
estimate -16.9016 -9.53971 -4.66314 -0.709194 
RMSE 0.101537 0.08604 0.473915 0.413756 
Lidar -17.1132 -9.43043 0 1477010459800000 
ground_truth -17.1903 -9.61954 -4.87646 -0.196479 
estimate -17.1414 -9.62207 -4.70733 -0.850448 
RMSE 0.101422 0.0859128 0.473303 0.414672 
Radar 20.1085 -2.57124 4.57915 1477010459850000 
ground_truth -17.4342 -9.62636 -4.87583 -0.0765024 
estimate -17.4223 -9.61716 -4.81474 -0.715239 
RMSE 0.101274 0.0857874 0.472616 0.415511 
Lidar -17.5448 -9.57485 0 1477010459900000 
ground_truth -17.6781 -9.62717 -4.87232 0.0440703 
estimate -17.6604 -9.6376 -4.67691 -0.604149 
RMSE 0.10113 0.085663 0.47204 0.416386 
Radar 20.4243 -2.6638 4.17748 1477010459950000 
ground_truth -17.9216 -9.62194 -4.86588 0.165151 
estimate -17.9354 -9.576 -4.78974 -0.360227 
RMSE 0.100984 0.0855735 0.471365 0.416748 
Lidar -17.9724 -9.42299 0 1477010460000000 
ground_truth -18.1648 -9.61064 -4.85648 0.286648 
estimate -18.157 -9.57297 -4.62208 -0.242554 
RMSE 0.100837 0.0854726 0.470846 0.417121 
Radar 20.4843 -2.67648 3.99555 1477010460050000 
ground_truth -18.4074 -9.59325 -4.84408 0.40847 
estimate -18.3619 -9.60465 -4.5638 -0.301166 
RMSE 0.10072 0.0853501 0.470403 0.418271 
Lidar -18.2763 -9.60997 0 1477010460100000 
ground_truth -18.6493 -9.56977 -4.82864 0.530522 
estimate -18.5824 -9.61935 -4.5922 -0.325275 
RMSE 0.100639 0.0852679 0.469892 0.420203 
Radar 20.6091 -2.65784 4.30292 1477010460150000 
ground_truth -18.8904 -9.54017 -4.81012 0.652707 
estimate -18.8536 -9.57993 -4.69224 -0.170684 
RMSE 0.100512 0.0851711 0.469253 0.421929 
Lidar -18.9545 -9.51544 0 1477010460200000 
ground_truth -19.1305 -9.50447 -4.78851 0.774927 
estimate -19.0673 -9.56785 -4.64595 -0.120725 
RMSE 0.100424 0.0851162 0.468637 0.424062 
Radar 20.7641 -2.69174 4.20813 1477010460250000 
ground_truth -19.3694 -9.46265 -4.76378 0.897083 
estimate -19.3444 -9.40683 -4.78665 0.313996 
RMSE 0.100288 0.0850463 0.467963 0.424605 
Lidar -19.2983 -9.09865 0 1477010460300000 
ground_truth -19.6069 -9.41472 -4.73591 1.01907 
estimate -19.5569 -9.36484 -4.55765 0.456537 
RMSE 0.10018 0.0849661 0.467388 0.425066 
Radar 21.5791 -2.7216 3.64727 1477010460350000 
ground_truth -19.8431 -9.36071 -4.70487 1.1408 
estimate -19.838 -9.1997 -4.70411 0.833732 
RMSE 0.100037 0.0852809 0.466718 0.424775 
Lidar -19.8731 -8.96417 0 1477010460400000 
ground_truth -20.0775 -9.30061 -4.67066 1.26215 
estimate -20.0652 -9.11368 -4.61682 0.981774 
RMSE 0.099896 0.0857432 0.466059 0.424432 
Radar 21.7788 -2.78143 3.68183 1477010460450000 
ground_truth -20.3102 -9.23446 -4.63328 1.38303 
estimate -20.2208 -9.26754 -4.41374 0.441961 
RMSE 0.0998677 0.0856391 0.465542 0.426793 
Lidar -20.1607 -9.59663 0 1477010460500000 
ground_truth -20.5409 -9.16227 -4.59271 1.50334 
estimate -20.4429 -9.25874 -4.3932 0.416908 
RMSE 0.0998624 0.0856718 0.465002 0.430103 
Radar 22.661 -2.69707 3.79466 1477010460550000 
ground_truth -20.7696 -9.08409 -4.54895 1.62296 
estimate -20.6905 -9.12171 -4.48024 0.720452 
RMSE 0.0998095 0.0855738 0.464358 0.432171 
Lidar -20.6596 -8.91527 0 1477010460600000 
ground_truth -20.9959 -8.99994 -4.50202 1.74179 
estimate -20.9191 -9.06889 -4.37499 0.815216 
RMSE 0.099752 0.0855314 0.46375 0.434361 
Radar 23.1722 -2.76598 3.50623 1477010460650000 
ground_truth -21.2198 -8.90987 -4.45191 1.85972 
estimate -21.1298 -8.97392 -4.37422 0.949851 
RMSE 0.099726 0.0854785 0.463115 0.436428 
Lidar -21.0195 -8.85081 0 1477010460700000 
ground_truth -21.4412 -8.81393 -4.39865 1.97666 
estimate -21.3484 -8.917 -4.25016 1.02533 
RMSE 0.099707 0.085533 0.462531 0.438722 
Radar 23.5086 -2.76519 3.3332 1477010460750000 
ground_truth -21.6597 -8.71217 -4.34224 2.0925 
estimate -21.549 -8.8729 -4.22537 1.00311 
RMSE 0.0997395 0.0858357 0.461924 0.441885 
Lidar -21.5029 -8.87191 0 1477010460800000 
ground_truth -21.8754 -8.60465 -4.2827 2.20712 
estimate -21.7194 -8.77566 -3.88972 1.21664 
RMSE 0.0999408 0.0861909 0.461746 0.444361 
Radar 23.1693 -2.81593 2.77502 1477010460850000 
ground_truth -22.0881 -8.49143 -4.22007 2.32043 
estimate -21.9385 -8.65641 -3.95184 1.37355 
RMSE 0.100113 0.0865101 0.46132 0.446547 
Lidar -21.9793 -8.57089 0 1477010460900000 
ground_truth -22.2975 -8.37258 -4.15437 2.43232 
estimate -22.1398 -8.5675 -4.0108 1.40983 
RMSE 0.100319 0.0869985 0.460741 0.449171 
Radar 23.4906 -2.80745 3.30506 1477010460950000 
ground_truth -22.5035 -8.24817 -4.08564 2.5427 
estimate -22.3986 -8.42407 -4.13984 1.61485 
RMSE 0.100332 0.0873698 0.460111 0.451199 
Lidar -22.5838 -8.35296 0 1477010461000000 
ground_truth -22.7061 -8.11829 -4.01391 2.65145 
estimate -22.5729 -8.34206 -3.92837 1.66048 
RMSE 0.100437 0.0880382 0.459497 0.453576 
Radar 23.9093 -2.77466 2.90501 1477010461050000 
ground_truth -22.9049 -7.98301 -3.93923 2.75848 
estimate -22.8558 -8.02318 -4.147 2.29218 
RMSE 0.100332 0.0879421 0.458993 0.453611 
Lidar -22.9861 -7.6724 0 1477010461100000 
ground_truth -23.1 -7.84243 -3.86163 2.8637 
estimate -23.0288 -7.91186 -3.78062 2.37074 
RMSE 0.100264 0.0878966 0.458382 0.453724 
Radar 24.7121 -2.79819 2.37553 1477010461150000 
ground_truth -23.2911 -7.69663 -3.78118 2.967 
estimate -23.283 -7.68852 -3.92513 2.66015 
RMSE 0.100127 0.0877772 0.457816 0.453387 
Lidar -23.4777 -7.56583 0 1477010461200000 
ground_truth -23.4781 -7.54572 -3.69792 3.06828 
estimate -23.4781 -7.54352 -3.94136 2.68651 
RMSE 0.0999903 0.0876572 0.457367 0.453206 
Radar 24.5005 -2.85095 2.95743 1477010461250000 
ground_truth -23.6609 -7.3898 -3.61191 3.16746 
estimate -23.6539 -7.40014 -3.90328 2.70404 
RMSE 0.0998547 0.0875394 0.456997 0.453235 
Lidar -23.5408 -7.36069 0 1477010461300000 
ground_truth -23.8393 -7.22897 -3.52321 3.26445 
estimate -23.8362 -7.24797 -3.76728 2.77816 
RMSE 0.099719 0.087426 0.456553 0.453328 
Radar 24.9317 -2.87494 2.63668 1477010461350000 
ground_truth -24.0132 -7.06336 -3.43189 3.35916 
estimate -23.9989 -7.17313 -3.70811 2.6049 
RMSE 0.0995866 0.0874943 0.45616 0.454413 
Lidar -23.9384 -7.26171 0 1477010461400000 
ground_truth -24.1825 -6.89307 -3.33801 3.45149 
estimate -24.1547 -7.01474 -3.45051 2.72815 
RMSE 0.0994624 0.0876046 0.455581 0.455354 
Radar 25.0718 -2.90236 2.27024 1477010461450000 
ground_truth -24.347 -6.71823 -3.24166 3.54138 
estimate -24.3426 -6.7122 -3.50754 3.16399 
RMSE 0.0993285 0.087487 0.455176 0.455161 
Lidar -24.2574 -6.4352 0 1477010461500000 
ground_truth -24.5066 -6.53896 -3.14289 3.62873 
estimate -24.4962 -6.56528 -3.21886 3.18983 
RMSE 0.0991964 0.08738 0.454581 0.455118 
Radar 25.808 -2.85952 1.9332 1477010461550000 
ground_truth -24.6612 -6.35538 -3.0418 3.71347 
estimate -24.5924 -6.43925 -3.09373 3.08633 
RMSE 0.0991274 0.0873708 0.453979 0.455666 
Lidar -24.3008 -6.43799 0 1477010461600000 
ground_truth -24.8107 -6.16764 -2.93846 3.79553 
estimate -24.7208 -6.27601 -2.91852 3.1338 
RMSE 0.0991041 0.0874337 0.453373 0.456341 
Radar 25.3337 -2.90212 1.88951 1477010461650000 
ground_truth -24.955 -5.97587 -2.83295 3.87484 
estimate -24.9266 -6.02585 -3.04261 3.39243 
RMSE 0.0989828 0.0873551 0.452897 0.456413 
Lidar -25.146 -5.91902 0 1477010461700000 
ground_truth -25.094 -5.7802 -2.72537 3.95132 
estimate -25.0467 -5.83636 -2.84993 3.46709 
RMSE 0.0988811 0.087287 0.45234 0.456489 
Radar 25.3991 -2.94252 1.81437 1477010461750000 
ground_truth -25.2276 -5.58079 -2.61581 4.02492 
estimate -25.1911 -5.65521 -2.85431 3.48792 
RMSE 0.0987678 0.0872553 0.451907 0.456721 
Lidar -25.1941 -5.64372 0 1477010461800000 
ground_truth -25.3556 -5.37777 -2.50435 4.09557 
estimate -25.3341 -5.4805 -2.80204 3.49948 
RMSE 0.0986432 0.0872999 0.451568 0.457146 
Radar 26.1059 -2.93168 1.92108 1477010461850000 
ground_truth -25.4779 -5.1713 -2.39109 4.16322 
estimate -25.5006 -5.22104 -2.85995 3.72682 
RMSE 0.0985199 0.0872221 0.451615 0.457093 
Lidar -25.5713 -5.10241 0 1477010461900000 
ground_truth -25.5946 -4.96152 -2.27613 4.22781 
estimate -25.6177 -5.06248 -2.75357 3.65716 
RMSE 0.0983973 0.087261 0.451685 0.457429 
Radar 25.8634 -2.88519 1.92658 1477010461950000 
ground_truth -25.7055 -4.7486 -2.15956 4.2893 
estimate -25.7443 -4.89029 -2.73225 3.62685 
RMSE 0.0982881 0.0874483 0.452045 0.458087 
Lidar -25.6952 -4.89995 0 1477010462000000 
ground_truth -25.8105 -4.53268 -2.04149 4.34764 
estimate -25.8543 -4.70181 -2.53181 3.66597 
RMSE 0.0981849 0.0877614 0.452149 0.458814 
Radar 26.1896 -2.97252 1.63348 1477010462050000 
ground_truth -25.9096 -4.31392 -1.92202 4.40279 
estimate -25.9861 -4.41985 -2.54978 3.92669 
RMSE 0.0981345 0.0878137 0.452696 0.45886 
Lidar -25.9516 -4.26659 0 1477010462100000 
ground_truth -26.0027 -4.0925 -1.80125 4.45471 
estimate -26.0867 -4.23062 -2.0857 3.9629 
RMSE 0.0981003 0.0879821 0.45234 0.458949 
Radar 27.2593 -2.978 0.843194 1477010462150000 
ground_truth -26.0897 -3.86856 -1.67928 4.50337 
estimate -26.1919 -3.89374 -2.09697 4.32889 
RMSE 0.0981112 0.0878772 0.452253 0.458439 
Lidar -26.1198 -3.67723 0 1477010462200000 
ground_truth -26.1706 -3.64227 -1.55623 4.54875 
estimate -26.2581 -3.68337 -1.68292 4.3481 
RMSE 0.0980853 0.0877882 0.451713 0.457959 
Radar 26.8438 -2.9974 0.594495 1477010462250000 
ground_truth -26.2453 -3.41381 -1.4322 4.59081 
estimate -26.2922 -3.3895 -1.59547 4.54204 
RMSE 0.0979874 0.0876834 0.451205 0.457373 
Lidar -25.9974 -3.24722 0 1477010462300000 
ground_truth -26.3138 -3.18332 -1.30729 4.62954 
estimate -26.3338 -3.16122 -1.29259 4.56334 
RMSE 0.0978664 0.0875775 0.450624 0.456796 
Radar 26.4694 -3.0276 0.430728 1477010462350000 
ground_truth -26.376 -2.95098 -1.18162 4.66493 
estimate -26.3631 -2.91731 -1.22896 4.59984 
RMSE 0.0977427 0.0874815 0.450051 0.45622 
Lidar -26.1741 -2.87885 0 1477010462400000 
ground_truth -26.4319 -2.71697 -1.05529 4.69696 
estimate -26.4114 -2.70274 -1.0863 4.56655 
RMSE 0.0976228 0.0873723 0.449476 0.455683 
Radar 26.6919 -3.01199 0.454246 1477010462450000 
ground_truth -26.4815 -2.48143 -0.928411 4.72562 
estimate -26.4939 -2.57583 -1.13611 4.30161 
RMSE 0.0974999 0.087391 0.449024 0.455605 
Lidar -26.674 -2.73852 0 1477010462500000 
ground_truth -26.5247 -2.24456 -0.80109 4.75091 
estimate -26.5397 -2.35008 -1.01721 4.33625 
RMSE 0.0973784 0.087442 0.448584 0.455505 
Radar 26.7127 -3.07702 0.496758 1477010462550000 
ground_truth -26.5616 -2.0065 -0.673434 4.77284 
estimate -26.6026 -2.14795 -1.0389 4.29882 
RMSE 0.0972764 0.0876217 0.448392 0.455553 
Lidar -26.6691 -2.17333 0 1477010462600000 
ground_truth -26.5921 -1.76744 -0.545553 4.79141 
estimate -26.6232 -1.92214 -0.872336 4.33077 
RMSE 0.0971656 0.0878568 0.448125 0.455566 
Radar 26.358 -3.09139 0.423345 1477010462650000 
ground_truth -26.6161 -1.52753 -0.417552 4.80664 
estimate -26.637 -1.63858 -0.818013 4.50506 
RMSE 0.0970482 0.0879232 0.448011 0.455242 
Lidar -26.4671 -1.53207 0 1477010462700000 
ground_truth -26.6338 -1.28695 -0.289538 4.81852 
estimate -26.6255 -1.43253 -0.406634 4.45973 
RMSE 0.0969265 0.0881164 0.447483 0.455024 
Radar 26.5906 -3.05894 -0.249844 1477010462750000 
ground_truth -26.6451 -1.04586 -0.161616 4.8271 
estimate -26.639 -1.1831 -0.393806 4.52925 
RMSE 0.0968048 0.0882745 0.447071 0.454697 
Lidar -26.5998 -1.14277 0 1477010462800000 
ground_truth -26.65 -0.804425 -0.0338883 4.83238 
estimate -26.6599 -0.973074 -0.234847 4.48836 
RMSE 0.0966844 0.0885679 0.446623 0.454452 
Radar 27.2525 -3.08003 -0.161527 1477010462850000 
ground_truth -26.6485 -0.562811 0.0935412 4.83439 
estimate -26.6828 -0.686464 -0.252584 4.65434 
RMSE 0.0965785 0.0886731 0.446399 0.453972 
Lidar -26.7355 -0.59539 0 1477010462900000 
ground_truth -26.6406 -0.321181 0.220572 4.83317 
estimate -26.6635 -0.451887 0.113835 4.65753 
RMSE 0.0964645 0.088803 0.445873 0.453489 
Radar 26.9891 -3.14289 -0.611633 1477010462950000 
ground_truth -26.6264 -0.0796947 0.347104 4.82874 
estimate -26.6256 -0.106636 0.178329 4.95367 
RMSE 0.0963441 0.0887024 0.445396 0.452966 
Lidar -26.4553 0.0602653 0 1477010463000000 
ground_truth -26.6059 0.161489 0.473041 4.82116 
estimate -26.5982 0.134621 0.440428 4.93025 
RMSE 0.096225 0.0886022 0.444845 0.452435 
Radar 26.9541 3.13651 -0.730319 1477010463050000 
ground_truth -26.5792 0.402213 0.598287 4.81045 
estimate -26.5825 0.459503 0.435209 5.13856 
RMSE 0.0961057 0.0885382 0.444367 0.452169 
Lidar -26.6201 0.57588 0 1477010463100000 
ground_truth -26.5462 0.642323 0.722748 4.79667 
estimate -26.5588 0.707593 0.530652 5.11049 
RMSE 0.0959887 0.0884882 0.443919 0.451879 
Radar 26.8268 3.12737 -0.525282 1477010463150000 
ground_truth -26.5069 0.881666 0.846334 4.77986 
estimate -26.5632 1.00071 0.478686 5.21111 
RMSE 0.0959108 0.0885766 0.443747 0.451829 
Lidar -26.7293 1.06082 0 1477010463200000 
ground_truth -26.4616 1.12009 0.968955 4.76007 
estimate -26.5099 1.28413 0.583948 5.26912 
RMSE 0.0958226 0.0888412 0.443612 0.451979 
Radar 26.0865 3.0416 -0.379773 1477010463250000 
ground_truth -26.4101 1.35745 1.09053 4.73737 
estimate -26.4692 1.49828 0.598699 5.13825 
RMSE 0.0957496 0.0890062 0.443737 0.45186 
Lidar -26.3986 1.42212 0 1477010463300000 
ground_truth -26.3526 1.59361 1.21096 4.71181 
estimate -26.4199 1.7069 0.786742 4.99473 
RMSE 0.0956903 0.0890738 0.44369 0.451524 
Radar 26.5132 3.16286 -0.674688 1477010463350000 
ground_truth -26.2891 1.82841 1.33018 4.68345 
estimate -26.3803 1.89138 0.778319 4.82184 
RMSE 0.0956796 0.0890193 0.443987 0.451023 
Lidar -26.3594 1.79315 0 1477010463400000 
ground_truth -26.2197 2.06173 1.44811 4.65235 
estimate -26.3041 2.11787 1.10288 4.75783 
RMSE 0.0956537 0.0889539 0.443773 0.450503 
Radar 26.4109 3.07231 -1.06212 1477010463450000 
ground_truth -26.1444 2.29342 1.56467 4.61859 
estimate -26.2531 2.28718 1.0853 4.57617 
RMSE 0.0956878 0.0888461 0.443863 0.449959 
Lidar -26.2502 2.18481 0 1477010463500000 
ground_truth -26.0633 2.52336 1.67979 4.58223 
estimate -26.1814 2.50847 1.19467 4.54758 
RMSE 0.0957486 0.0887413 0.443968 0.449416 
Radar 26.1685 3.05439 -0.855942 1477010463550000 
ground_truth -25.9765 2.75141 1.79339 4.54334 
estimate -26.1103 2.76589 1.21989 4.6273 
RMSE 0.0958591 0.0886366 0.444327 0.448891 
Lidar -26.0641 2.80701 0 1477010463600000 
ground_truth -25.8841 2.97746 1.90543 4.502 
estimate -26.0102 2.9837 1.64754 4.54543 
RMSE 0.0959439 0.0885301 0.443971 0.448354 
Radar 26.4965 3.02722 -1.60779 1477010463650000 
ground_truth -25.7861 3.20139 2.01582 4.45828 
estimate -25.906 3.29733 1.70188 4.77441 
RMSE 0.0960089 0.0885487 0.443703 0.448082 
Lidar -25.8345 3.42005 0 1477010463700000 
ground_truth -25.6826 3.42306 2.12452 4.41227 
estimate -25.8147 3.53351 1.87126 4.74357 
RMSE 0.0961121 0.0886078 0.443344 0.447838 
Radar 26.4473 2.99994 -1.43601 1477010463750000 
ground_truth -25.5737 3.64239 2.23146 4.36404 
estimate -25.7169 3.71869 1.86915 4.60664 
RMSE 0.0962525 0.0885804 0.443167 0.447458 
Lidar -25.6666 3.63509 0 1477010463800000 
ground_truth -25.4596 3.85924 2.3366 4.31367 
estimate -25.5934 3.92421 2.10065 4.5115 
RMSE 0.0963597 0.0885314 0.442787 0.447027 
Radar 25.7684 3.0197 -1.63152 1477010463850000 
ground_truth -25.3402 4.07353 2.43989 4.26125 
estimate -25.538 4.07996 1.99557 4.32428 
RMSE 0.0967286 0.0884262 0.442791 0.446504 
Lidar -25.7492 3.99968 0 1477010463900000 
ground_truth -25.2157 4.28514 2.54127 4.20686 
estimate -25.4085 4.27712 2.21644 4.2445 
RMSE 0.0970703 0.0883218 0.442547 0.445976 
Radar 25.6284 2.99447 -1.70553 1477010463950000 
ground_truth -25.0863 4.49399 2.64071 4.15058 
estimate -25.2493 4.51658 2.31079 4.31996 
RMSE 0.0972802 0.0882237 0.442314 0.445522 
Lidar -25.0214 4.52803 0 1477010464000000 
ground_truth -24.9518 4.69998 2.73817 4.09251 
estimate -25.0883 4.71792 2.43885 4.27553 
RMSE 0.0973917 0.0881234 0.442029 0.445083 
Radar 24.6515 2.96589 -1.64191 1477010464050000 
ground_truth -24.8126 4.90303 2.83361 4.03273 
estimate -24.9805 4.91003 2.40795 4.21735 
RMSE 0.0976185 0.0880198 0.441991 0.444648 
Lidar -25.0363 4.88499 0 1477010464100000 
ground_truth -24.6686 5.10304 2.92701 3.97132 
estimate -24.8146 5.10643 2.65469 4.14708 
RMSE 0.0977608 0.0879161 0.441668 0.444205 
Radar 24.8606 2.94075 -1.97394 1477010464150000 
ground_truth -24.5201 5.29995 3.01833 3.90839 
estimate -24.6493 5.33816 2.72066 4.21441 
RMSE 0.0978466 0.0878322 0.441384 0.44393 
Lidar -24.5041 5.35293 0 1477010464200000 
ground_truth -24.367 5.49367 3.10754 3.84401 
estimate -24.4687 5.52526 3.083 4.08794 
RMSE 0.0978558 0.0877424 0.440868 0.443567 
Radar 24.9946 2.93014 -2.49278 1477010464250000 
ground_truth -24.2095 5.68414 3.19464 3.77827 
estimate -24.2864 5.69457 3.12592 3.99973 
RMSE 0.0978119 0.0876411 0.440364 0.443176 
Lidar -24.1159 5.61152 0 1477010464300000 
ground_truth -24.0477 5.8713 3.27959 3.71127 
estimate -24.1141 5.85923 3.35946 3.85283 
RMSE 0.0977501 0.0875406 0.439866 0.442711 
Radar 25.0204 2.95025 -2.65249 1477010464350000 
ground_truth -23.8818 6.05508 3.36239 3.64309 
estimate -23.947 6.01183 3.34685 3.74838 
RMSE 0.0976869 0.0874634 0.439353 0.442224 
Lidar -23.9153 5.94377 0 1477010464400000 
ground_truth -23.7117 6.23542 3.44302 3.57383 
estimate -23.7892 6.21158 3.20411 3.81501 
RMSE 0.0976448 0.0873692 0.438993 0.441863 
Radar 24.4151 2.87445 -1.95451 1477010464450000 
ground_truth -23.5377 6.41227 3.52148 3.50357 
estimate -23.6391 6.35836 3.1728 3.69917 
RMSE 0.0976538 0.0873064 0.438805 0.44145 
Lidar -23.6471 6.29102 0 1477010464500000 
ground_truth -23.3598 6.58559 3.59775 3.4324 
estimate -23.4789 6.53858 3.26847 3.65918 
RMSE 0.097709 0.0872346 0.438584 0.441074 
Radar 24.6376 2.87303 -2.30561 1477010464550000 
ground_truth -23.1781 6.75533 3.67185 3.36041 
estimate -23.2512 6.79523 3.4103 3.86051 
RMSE 0.0976593 0.0871549 0.438257 0.44122 
Lidar -23.0099 6.86182 0 1477010464600000 
ground_truth -22.9928 6.92146 3.74376 3.28768 
estimate -23.0436 6.94689 3.60221 3.71526 
RMSE 0.0975772 0.087063 0.437805 0.441189 
Radar 23.4984 2.89476 -2.54438 1477010464650000 
ground_truth -22.804 7.08393 3.8135 3.21431 
estimate -22.8382 7.1176 3.64498 3.68075 
RMSE 0.0974788 0.0869779 0.437376 0.441248 
Lidar -22.6991 7.063 0 1477010464700000 
ground_truth -22.6117 7.24273 3.88106 3.14038 
estimate -22.6124 7.27066 3.94033 3.53254 
RMSE 0.0973669 0.0868884 0.436883 0.441142 
Radar 23.4155 2.84865 -2.96974 1477010464750000 
ground_truth -22.4161 7.39782 3.94647 3.06598 
estimate -22.4422 7.39075 3.87096 3.38198 
RMSE 0.0972635 0.0867896 0.436398 0.440896 
Lidar -22.5083 7.31524 0 1477010464800000 
ground_truth -22.2173 7.54917 4.00974 2.99118 
estimate -22.1977 7.54225 4.28763 3.23047 
RMSE 0.0971569 0.0866911 0.436102 0.440541 
Radar 23.4113 2.79945 -3.47701 1477010464850000 
ground_truth -22.0154 7.69679 4.07087 2.91607 
estimate -22.0238 7.6843 4.20425 3.17251 
RMSE 0.097047 0.0865943 0.435651 0.440209 
Lidar -22.1947 7.69478 0 1477010464900000 
ground_truth -21.8105 7.84064 4.12989 2.84074 
estimate -21.8223 7.87728 4.14165 3.28189 
RMSE 0.0969383 0.0865135 0.435156 0.440211 
Radar 23.43 2.74571 -2.70768 1477010464950000 
ground_truth -21.6026 7.98072 4.18681 2.76526 
estimate -21.6294 8.00122 4.10064 3.17618 
RMSE 0.0968367 0.0864209 0.434682 0.440147 
Lidar -21.6473 7.94 0 1477010465000000 
ground_truth -21.392 8.11703 4.24166 2.68971 
estimate -21.4276 8.14537 4.18222 3.10023 
RMSE 0.096742 0.0863336 0.434199 0.440082 
Radar 23.2089 2.79945 -2.9496 1477010465050000 
ground_truth -21.1787 8.24957 4.29447 2.61417 
estimate -21.2313 8.13916 4.09945 2.6865 
RMSE 0.096665 0.0863955 0.433808 0.439599 
Lidar -21.0853 7.83229 0 1477010465100000 
ground_truth -20.9628 8.37833 4.34526 2.53871 
estimate -21.0252 8.30509 4.0329 2.80143 
RMSE 0.0966013 0.0863681 0.433572 0.43928 
Radar 22.551 2.71718 -2.6054 1477010465150000 
ground_truth -20.7444 8.50333 4.39406 2.46341 
estimate -20.8629 8.44941 3.95883 2.80335 
RMSE 0.0966558 0.0863088 0.433576 0.439082 
Lidar -21.0519 8.50983 0 1477010465200000 
ground_truth -20.5237 8.62457 4.4409 2.38835 
estimate -20.6018 8.58463 4.36504 2.68275 
RMSE 0.0966183 0.0862328 0.433105 0.438811 
Radar 22.036 2.70046 -3.40066 1477010465250000 
ground_truth -20.3006 8.74206 4.48582 2.31358 
estimate -20.3516 8.72321 4.42847 2.70157 
RMSE 0.0965402 0.0861409 0.432628 0.438704 
Lidar -20.21 8.68914 0 1477010465300000 
ground_truth -20.0753 8.85583 4.52884 2.23919 
estimate -20.1412 8.86353 4.35636 2.73624 
RMSE 0.0964826 0.0860454 0.432222 0.438843 
Radar 22.0803 2.72903 -2.81105 1477010465350000 
ground_truth -19.848 8.96589 4.57001 2.16524 
estimate -19.9637 8.93997 4.25415 2.57401 
RMSE 0.0965297 0.0859583 0.431998 0.438778 
Lidar -20.0633 8.86724 0 1477010465400000 
ground_truth -19.6186 9.07227 4.60937 2.09179 
estimate -19.756 9.06098 4.2443 2.55148 
RMSE 0.0966397 0.0858644 0.431861 0.438826 
Radar 21.7757 2.72649 -2.79998 1477010465450000 
ground_truth -19.3873 9.17499 4.64694 2.01891 
estimate -19.5526 9.11509 4.19765 2.36478 
RMSE 0.0968456 0.0858155 0.4319 0.438642 
Lidar -19.4861 8.96665 0 1477010465500000 
ground_truth -19.1542 9.27409 4.68278 1.94666 
estimate -19.2937 9.24257 4.48114 2.31175 
RMSE 0.0969607 0.0857333 0.431526 0.438493 
Radar 21.1919 2.63907 -3.30678 1477010465550000 
ground_truth -18.9193 9.36959 4.71692 1.8751 
estimate -19.0039 9.33684 4.6017 2.27603 
RMSE 0.0969352 0.0856525 0.431084 0.438413 
Lidar -18.6786 9.19191 0 1477010465600000 
ground_truth -18.6827 9.46154 4.7494 1.80429 
estimate -18.7782 9.42862 4.68846 2.16425 
RMSE 0.096932 0.085572 0.430618 0.438256 
Radar 21.2718 2.70567 -3.3833 1477010465650000 
ground_truth -18.4446 9.54996 4.78028 1.73429 
estimate -18.5251 9.52473 4.7204 2.13934 
RMSE 0.0968989 0.0854861 0.430154 0.438186 
Lidar -18.4242 9.46852 0 1477010465700000 
ground_truth -18.2049 9.63492 4.80959 1.66514 
estimate -18.2452 9.57461 5.04207 1.86768 
RMSE 0.0968109 0.085439 0.42982 0.437808 
Radar 20.15 2.6938 -3.97127 1477010465750000 
ground_truth -17.9639 9.71643 4.83737 1.59691 
estimate -17.9401 9.70944 5.16591 1.98552 
RMSE 0.0967113 0.0853461 0.429624 0.437706 
Lidar -17.7736 9.72478 0 1477010465800000 
ground_truth -17.7214 9.79457 4.86368 1.52964 
estimate -17.6761 9.82233 5.0925 2.07378 
RMSE 0.0966289 0.0852628 0.429288 0.437967 
Radar 19.9101 2.61668 -3.29532 1477010465850000 
ground_truth -17.4777 9.86936 4.88856 1.46338 
estimate -17.409 9.91875 5.11452 2.05965 
RMSE 0.0965769 0.085201 0.42895 0.438374 
Lidar -17.3436 9.88109 0 1477010465900000 
ground_truth -17.2328 9.94087 4.91205 1.39818 
estimate -17.142 10.0172 5.23175 1.99351 
RMSE 0.0965648 0.0851828 0.428743 0.438776 
Radar 19.9648 2.60466 -3.6641 1477010465950000 
ground_truth -16.9868 10.0091 4.93421 1.33408 
estimate -16.879 10.1255 5.23843 2.01499 
RMSE 0.0965904 0.0852628 0.428512 0.439445 
Lidar -16.8876 10.145 0 1477010466000000 
ground_truth -16.7396 10.0743 4.95507 1.27113 
estimate -16.6057 10.2124 5.33389 1.93423 
RMSE 0.0966868 0.0854126 0.42841 0.440052 
Radar 19.4316 2.59454 -3.65134 1477010466050000 
ground_truth -16.4915 10.1362 4.97469 1.20937 
estimate -16.3794 10.2903 5.24199 1.87593 
RMSE 0.0967227 0.08562 0.428128 0.440667 
Lidar -16.5153 10.3091 0 1477010466100000 
ground_truth -16.2424 10.1952 4.99311 1.14883 
estimate -16.1036 10.378 5.37329 1.79475 
RMSE 0.0968328 0.0859479 0.42803 0.441212 
Radar 19.2581 2.55982 -3.71646 1477010466150000 
ground_truth -15.9924 10.2511 5.01039 1.08956 
estimate -15.9058 10.3575 5.1734 1.50659 
RMSE 0.096812 0.0859971 0.427637 0.441161 
Lidar -16.006 10.1843 0 1477010466200000 
ground_truth -15.7416 10.3041 5.02655 1.03159 
estimate -15.6475 10.4297 5.19158 1.48447 
RMSE 0.096806 0.0861015 0.427246 0.441187 
Radar 18.8573 2.55678 -3.53147 1477010466250000 
ground_truth -15.4899 10.3543 5.04166 0.974957 
estimate -15.4658 10.3839 4.97112 1.17113 
RMSE 0.0967088 0.0860202 0.426801 0.440808 
Lidar -15.5699 10.1904 0 1477010466300000 
ground_truth -15.2376 10.4016 5.05576 0.919692 
estimate -15.1465 10.4296 5.35418 0.9938 
RMSE 0.0966971 0.085938 0.426567 0.44035 
Radar 17.9383 2.48774 -4.22288 1477010466350000 
ground_truth -14.9846 10.4462 5.06889 0.865828 
estimate -14.8935 10.4706 5.31925 0.96825 
RMSE 0.0966855 0.0858537 0.426269 0.439906 
Lidar -14.9365 10.4722 0 1477010466400000 
ground_truth -14.7309 10.4882 5.0811 0.813394 
estimate -14.6482 10.5029 5.12557 1.02754 
RMSE 0.0966579 0.085765 0.42582 0.439548 
Radar 17.5963 2.56215 -3.31788 1477010466450000 
ground_truth -14.4766 10.5276 5.09243 0.762418 
estimate -14.4333 10.4492 4.98611 0.763619 
RMSE 0.0965758 0.08575 0.425396 0.439081 
Lidar -14.4088 10.222 0 1477010466500000 
ground_truth -14.2218 10.5645 5.10293 0.712926 
estimate -14.1624 10.479 5.10091 0.695509 
RMSE 0.0965122 0.0857495 0.424946 0.438617 
Radar 17.4348 2.49358 -3.80261 1477010466550000 
ground_truth -13.9665 10.5989 5.11263 0.664944 
estimate -13.834 10.6555 5.32707 1.05657 
RMSE 0.0966024 0.0856983 0.424611 0.438523 
Lidar -13.8049 10.9383 0 1477010466600000 
ground_truth -13.7107 10.631 5.12159 0.618496 
estimate -13.5681 10.7213 5.26837 1.13993 
RMSE 0.0967225 0.0857082 0.424216 0.438714 
Radar 17.1981 2.46371 -3.3139 1477010466650000 
ground_truth -13.4545 10.6608 5.12983 0.573603 
estimate -13.3433 10.7044 5.14745 0.953771 
RMSE 0.0967553 0.0856413 0.42377 0.438599 
Lidar -13.3556 10.5517 0 1477010466700000 
ground_truth -13.1979 10.6884 5.13741 0.530288 
estimate -13.0663 10.7383 5.29136 0.836446 
RMSE 0.0968417 0.085582 0.423383 0.438363 
Radar 16.8616 2.44537 -3.74352 1477010466750000 
ground_truth -12.9409 10.7138 5.14436 0.48857 
estimate -12.8162 10.8299 5.28597 0.946994 
RMSE 0.0969087 0.0856573 0.422989 0.438406 
Lidar -12.9591 11.0099 0 1477010466800000 
ground_truth -12.6836 10.7373 5.15071 0.448467 
estimate -12.5359 10.8901 5.3523 0.960974 
RMSE 0.0970428 0.0858526 0.422647 0.438574 
Radar 16.633 2.39881 -3.4553 1477010466850000 
ground_truth -12.426 10.7587 5.15651 0.409997 
estimate -12.3331 10.8314 5.15355 0.693028 
RMSE 0.0970343 0.0858273 0.422206 0.438307 
Lidar -12.3713 10.6091 0 1477010466900000 
ground_truth -12.1681 10.7783 5.16179 0.373177 
estimate -12.0693 10.869 5.16631 0.704338 
RMSE 0.0970381 0.0858376 0.421766 0.438111 
Radar 16.1744 2.40076 -3.36125 1477010466950000 
ground_truth -11.91 10.7961 5.16658 0.338022 
estimate -11.8302 10.9305 5.13793 0.757695 
RMSE 0.0970054 0.0859671 0.421329 0.438073 
Lidar -11.9451 11.0515 0 1477010467000000 
ground_truth -11.6516 10.8121 5.17092 0.304546 
estimate -11.5379 10.9594 5.2758 0.687828 
RMSE 0.0970429 0.0861394 0.420919 0.437967 
Radar 15.5125 2.35632 -3.45673 1477010467050000 
ground_truth -11.393 10.8265 5.17484 0.272761 
estimate -11.3297 10.9584 5.13258 0.588182 
RMSE 0.0969852 0.0862591 0.420487 0.437748 
Lidar -11.4548 10.9407 0 1477010467100000 
ground_truth -11.1342 10.8394 5.17836 0.242681 
estimate -11.0505 10.9066 5.46427 0.0765967 
RMSE 0.0969597 0.086224 0.420254 0.437361 
Radar 15.4675 2.39443 -4.4497 1477010467150000 
ground_truth -10.8753 10.8509 5.18153 0.214317 
estimate -10.754 10.8687 5.49422 -0.00883977 
RMSE 0.0970161 0.0861388 0.42006 0.437028 
Lidar -10.6009 10.6823 0 1477010467200000 
ground_truth -10.6161 10.8609 5.18435 0.187679 
estimate -10.4907 10.8702 5.446 0.0162197 
RMSE 0.0970831 0.0860512 0.419796 0.436647 
Radar 15.1985 2.34779 -3.72809 1477010467250000 
ground_truth -10.3569 10.8697 5.18687 0.162776 
estimate -10.2736 10.8499 5.30885 -0.0503054 
RMSE 0.0970568 0.0859675 0.419401 0.436305 
Lidar -10.4142 10.8747 0 1477010467300000 
ground_truth -10.0976 10.8772 5.1891 0.139618 
estimate -10.0219 10.9014 5.12388 0.271819 
RMSE 0.0970177 0.0858864 0.418981 0.435899 
Radar 14.9701 2.29374 -2.90921 1477010467350000 
ground_truth -9.83809 10.8837 5.19106 0.118212 
estimate -9.76447 10.9561 5.14906 0.363092 
RMSE 0.0969756 0.085861 0.418557 0.435594 
Lidar -9.83445 11.1032 0 1477010467400000 
ground_truth -9.57852 10.8891 5.19278 0.0985664 
estimate -9.54092 10.9275 5.10388 0.174572 
RMSE 0.0968915 0.0857909 0.418149 0.435163 
Radar 14.5278 2.34866 -3.34851 1477010467450000 
ground_truth -9.31887 10.8936 5.19428 0.0806865 
estimate -9.281 10.9588 5.12723 0.225467 
RMSE 0.0968079 0.085754 0.417734 0.434768 
Lidar -9.3066 11.0348 0 1477010467500000 
ground_truth -9.05915 10.8972 5.19557 0.0645787 
estimate -9.03807 10.9328 5.09844 0.10885 
RMSE 0.0967141 0.0856819 0.417332 0.434331 
Radar 13.8648 2.29853 -3.20344 1477010467550000 
ground_truth -8.79937 10.9001 5.19667 0.050248 
estimate -8.77053 10.9702 5.14558 0.182093 
RMSE 0.0966247 0.0856531 0.416915 0.433931 
Lidar -8.78899 11.0707 0 1477010467600000 
ground_truth -8.53953 10.9023 5.19759 0.0376992 
estimate -8.53738 10.9196 5.09464 -0.00933644 
RMSE 0.0965269 0.0855699 0.416519 0.433497 
Radar 13.3705 2.29307 -3.21572 1477010467650000 
ground_truth -8.27965 10.9039 5.19835 0.0269359 
estimate -8.41345 10.8207 4.72935 -0.26252 
RMSE 0.0966167 0.0855651 0.416631 0.433254 
Lidar -8.62045 10.6577 0 1477010467700000 
ground_truth -8.01974 10.905 5.19896 0.0179617 
estimate -8.16108 10.8292 4.76408 -0.189205 
RMSE 0.0967277 0.0855466 0.416669 0.432917 
Radar 13.646 2.18959 -2.98721 1477010467750000 
ground_truth -7.75979 10.9057 5.19942 0.0107791 
estimate -7.77955 10.9042 5.15254 0.0386998 
RMSE 0.0966344 0.0854606 0.416255 0.432483 
Lidar -7.51971 11.0005 0 1477010467800000 
ground_truth -7.49981 10.9061 5.19975 0.00539029 
estimate -7.51129 10.9031 5.14932 0.0779048 
RMSE 0.0965387 0.0853748 0.415843 0.432061 
Radar 12.8856 2.1693 -2.77937 1477010467850000 
ground_truth -7.23983 10.9063 5.19994 0.00179692 
estimate -7.23246 10.8959 5.19534 0.0613839 
RMSE 0.0964425 0.0852905 0.415426 0.431636 
Lidar -7.15631 10.815 0 1477010467900000 
